<?xml version="1.0" encoding="UTF-8"?>
<testsuite xmlns:xsi="http://www.w3.org/2001/XMLSchema-instance" xsi:noNamespaceSchemaLocation="https://maven.apache.org/surefire/maven-surefire-plugin/xsd/surefire-test-report-3.0.xsd" version="3.0" name="org.angnysa.autodb.metadata.jdbc.loader.db.TestJdbcMetadataLoader_H2" time="1.537" tests="43" errors="11" skipped="0" failures="7">
  <properties>
    <property name="java.specification.version" value="15"/>
    <property name="sun.jnu.encoding" value="UTF-8"/>
    <property name="java.class.path" value="/home/sylvain/Development/github/crud/autodb-data-access-jdbc/target/test-classes:/home/sylvain/Development/github/crud/autodb-data-access-jdbc/target/classes:/home/sylvain/Development/github/crud/autodb-data-access-api/target/classes:/home/sylvain/.m2/repository/org/projectlombok/lombok/1.18.20/lombok-1.18.20.jar:/home/sylvain/.m2/repository/org/apache/logging/log4j/log4j-api/2.14.1/log4j-api-2.14.1.jar:/home/sylvain/.m2/repository/org/junit/jupiter/junit-jupiter/5.7.2/junit-jupiter-5.7.2.jar:/home/sylvain/.m2/repository/org/junit/jupiter/junit-jupiter-api/5.7.2/junit-jupiter-api-5.7.2.jar:/home/sylvain/.m2/repository/org/apiguardian/apiguardian-api/1.1.0/apiguardian-api-1.1.0.jar:/home/sylvain/.m2/repository/org/opentest4j/opentest4j/1.2.0/opentest4j-1.2.0.jar:/home/sylvain/.m2/repository/org/junit/platform/junit-platform-commons/1.7.2/junit-platform-commons-1.7.2.jar:/home/sylvain/.m2/repository/org/junit/jupiter/junit-jupiter-params/5.7.2/junit-jupiter-params-5.7.2.jar:/home/sylvain/.m2/repository/org/junit/jupiter/junit-jupiter-engine/5.7.2/junit-jupiter-engine-5.7.2.jar:/home/sylvain/.m2/repository/org/junit/platform/junit-platform-engine/1.7.2/junit-platform-engine-1.7.2.jar:/home/sylvain/.m2/repository/org/apache/logging/log4j/log4j-core/2.14.1/log4j-core-2.14.1.jar:/home/sylvain/.m2/repository/com/fasterxml/jackson/core/jackson-databind/2.12.2/jackson-databind-2.12.2.jar:/home/sylvain/.m2/repository/com/fasterxml/jackson/core/jackson-annotations/2.12.2/jackson-annotations-2.12.2.jar:/home/sylvain/.m2/repository/com/fasterxml/jackson/core/jackson-core/2.12.2/jackson-core-2.12.2.jar:/home/sylvain/.m2/repository/com/fasterxml/jackson/dataformat/jackson-dataformat-yaml/2.12.2/jackson-dataformat-yaml-2.12.2.jar:/home/sylvain/.m2/repository/org/yaml/snakeyaml/1.27/snakeyaml-1.27.jar:/home/sylvain/.m2/repository/org/apache/logging/log4j/log4j-slf4j-impl/2.14.1/log4j-slf4j-impl-2.14.1.jar:/home/sylvain/.m2/repository/org/slf4j/slf4j-api/1.7.25/slf4j-api-1.7.25.jar:/home/sylvain/.m2/repository/com/h2database/h2/1.4.200/h2-1.4.200.jar:/home/sylvain/.m2/repository/org/hsqldb/hsqldb/2.5.2/hsqldb-2.5.2.jar:/home/sylvain/.m2/repository/com/ibm/db2/jcc/11.5.5.0/jcc-11.5.5.0.jar:/home/sylvain/.m2/repository/org/mariadb/jdbc/mariadb-java-client/2.7.3/mariadb-java-client-2.7.3.jar:/home/sylvain/.m2/repository/com/microsoft/sqlserver/mssql-jdbc/9.2.1.jre11/mssql-jdbc-9.2.1.jre11.jar:/home/sylvain/.m2/repository/mysql/mysql-connector-java/8.0.24/mysql-connector-java-8.0.24.jar:/home/sylvain/.m2/repository/com/google/protobuf/protobuf-java/3.11.4/protobuf-java-3.11.4.jar:/home/sylvain/.m2/repository/com/oracle/database/jdbc/ojdbc11/21.1.0.0/ojdbc11-21.1.0.0.jar:/home/sylvain/.m2/repository/org/postgresql/postgresql/42.2.20/postgresql-42.2.20.jar:/home/sylvain/.m2/repository/org/checkerframework/checker-qual/3.5.0/checker-qual-3.5.0.jar:/home/sylvain/.m2/repository/org/testcontainers/testcontainers/1.15.3/testcontainers-1.15.3.jar:/home/sylvain/.m2/repository/org/apache/commons/commons-compress/1.20/commons-compress-1.20.jar:/home/sylvain/.m2/repository/org/rnorth/duct-tape/duct-tape/1.0.8/duct-tape-1.0.8.jar:/home/sylvain/.m2/repository/org/rnorth/visible-assertions/visible-assertions/2.1.2/visible-assertions-2.1.2.jar:/home/sylvain/.m2/repository/net/java/dev/jna/jna/5.2.0/jna-5.2.0.jar:/home/sylvain/.m2/repository/com/github/docker-java/docker-java-api/3.2.8/docker-java-api-3.2.8.jar:/home/sylvain/.m2/repository/com/github/docker-java/docker-java-transport-zerodep/3.2.8/docker-java-transport-zerodep-3.2.8.jar:/home/sylvain/.m2/repository/com/github/docker-java/docker-java-transport/3.2.8/docker-java-transport-3.2.8.jar:/home/sylvain/Development/github/crud/testcontainers-junit4-stub/target/classes:/home/sylvain/.m2/repository/org/testcontainers/junit-jupiter/1.15.3/junit-jupiter-1.15.3.jar:/home/sylvain/.m2/repository/org/testcontainers/db2/1.15.3/db2-1.15.3.jar:/home/sylvain/.m2/repository/org/testcontainers/jdbc/1.15.3/jdbc-1.15.3.jar:/home/sylvain/.m2/repository/org/testcontainers/database-commons/1.15.3/database-commons-1.15.3.jar:/home/sylvain/.m2/repository/org/testcontainers/mariadb/1.15.3/mariadb-1.15.3.jar:/home/sylvain/.m2/repository/org/testcontainers/mssqlserver/1.15.3/mssqlserver-1.15.3.jar:/home/sylvain/.m2/repository/org/testcontainers/mysql/1.15.3/mysql-1.15.3.jar:/home/sylvain/.m2/repository/org/testcontainers/oracle-xe/1.15.3/oracle-xe-1.15.3.jar:/home/sylvain/.m2/repository/org/testcontainers/postgresql/1.15.3/postgresql-1.15.3.jar:"/>
    <property name="java.vm.vendor" value="Oracle Corporation"/>
    <property name="sun.arch.data.model" value="64"/>
    <property name="java.vendor.url" value="https://openjdk.java.net/"/>
    <property name="user.timezone" value="America/Montreal"/>
    <property name="os.name" value="Linux"/>
    <property name="java.vm.specification.version" value="15"/>
    <property name="sun.java.launcher" value="SUN_STANDARD"/>
    <property name="user.country" value="CA"/>
    <property name="sun.boot.library.path" value="/usr/lib/jvm/java-15-openjdk/lib"/>
    <property name="sun.java.command" value="/home/sylvain/Development/github/crud/autodb-data-access-jdbc/target/surefire/surefirebooter2451683235282261279.jar /home/sylvain/Development/github/crud/autodb-data-access-jdbc/target/surefire 2021-06-15T23-57-59_880-jvmRun1 surefire6185111387943339334tmp surefire_08523499816863968026tmp"/>
    <property name="jdk.debug" value="release"/>
    <property name="surefire.test.class.path" value="/home/sylvain/Development/github/crud/autodb-data-access-jdbc/target/test-classes:/home/sylvain/Development/github/crud/autodb-data-access-jdbc/target/classes:/home/sylvain/Development/github/crud/autodb-data-access-api/target/classes:/home/sylvain/.m2/repository/org/projectlombok/lombok/1.18.20/lombok-1.18.20.jar:/home/sylvain/.m2/repository/org/apache/logging/log4j/log4j-api/2.14.1/log4j-api-2.14.1.jar:/home/sylvain/.m2/repository/org/junit/jupiter/junit-jupiter/5.7.2/junit-jupiter-5.7.2.jar:/home/sylvain/.m2/repository/org/junit/jupiter/junit-jupiter-api/5.7.2/junit-jupiter-api-5.7.2.jar:/home/sylvain/.m2/repository/org/apiguardian/apiguardian-api/1.1.0/apiguardian-api-1.1.0.jar:/home/sylvain/.m2/repository/org/opentest4j/opentest4j/1.2.0/opentest4j-1.2.0.jar:/home/sylvain/.m2/repository/org/junit/platform/junit-platform-commons/1.7.2/junit-platform-commons-1.7.2.jar:/home/sylvain/.m2/repository/org/junit/jupiter/junit-jupiter-params/5.7.2/junit-jupiter-params-5.7.2.jar:/home/sylvain/.m2/repository/org/junit/jupiter/junit-jupiter-engine/5.7.2/junit-jupiter-engine-5.7.2.jar:/home/sylvain/.m2/repository/org/junit/platform/junit-platform-engine/1.7.2/junit-platform-engine-1.7.2.jar:/home/sylvain/.m2/repository/org/apache/logging/log4j/log4j-core/2.14.1/log4j-core-2.14.1.jar:/home/sylvain/.m2/repository/com/fasterxml/jackson/core/jackson-databind/2.12.2/jackson-databind-2.12.2.jar:/home/sylvain/.m2/repository/com/fasterxml/jackson/core/jackson-annotations/2.12.2/jackson-annotations-2.12.2.jar:/home/sylvain/.m2/repository/com/fasterxml/jackson/core/jackson-core/2.12.2/jackson-core-2.12.2.jar:/home/sylvain/.m2/repository/com/fasterxml/jackson/dataformat/jackson-dataformat-yaml/2.12.2/jackson-dataformat-yaml-2.12.2.jar:/home/sylvain/.m2/repository/org/yaml/snakeyaml/1.27/snakeyaml-1.27.jar:/home/sylvain/.m2/repository/org/apache/logging/log4j/log4j-slf4j-impl/2.14.1/log4j-slf4j-impl-2.14.1.jar:/home/sylvain/.m2/repository/org/slf4j/slf4j-api/1.7.25/slf4j-api-1.7.25.jar:/home/sylvain/.m2/repository/com/h2database/h2/1.4.200/h2-1.4.200.jar:/home/sylvain/.m2/repository/org/hsqldb/hsqldb/2.5.2/hsqldb-2.5.2.jar:/home/sylvain/.m2/repository/com/ibm/db2/jcc/11.5.5.0/jcc-11.5.5.0.jar:/home/sylvain/.m2/repository/org/mariadb/jdbc/mariadb-java-client/2.7.3/mariadb-java-client-2.7.3.jar:/home/sylvain/.m2/repository/com/microsoft/sqlserver/mssql-jdbc/9.2.1.jre11/mssql-jdbc-9.2.1.jre11.jar:/home/sylvain/.m2/repository/mysql/mysql-connector-java/8.0.24/mysql-connector-java-8.0.24.jar:/home/sylvain/.m2/repository/com/google/protobuf/protobuf-java/3.11.4/protobuf-java-3.11.4.jar:/home/sylvain/.m2/repository/com/oracle/database/jdbc/ojdbc11/21.1.0.0/ojdbc11-21.1.0.0.jar:/home/sylvain/.m2/repository/org/postgresql/postgresql/42.2.20/postgresql-42.2.20.jar:/home/sylvain/.m2/repository/org/checkerframework/checker-qual/3.5.0/checker-qual-3.5.0.jar:/home/sylvain/.m2/repository/org/testcontainers/testcontainers/1.15.3/testcontainers-1.15.3.jar:/home/sylvain/.m2/repository/org/apache/commons/commons-compress/1.20/commons-compress-1.20.jar:/home/sylvain/.m2/repository/org/rnorth/duct-tape/duct-tape/1.0.8/duct-tape-1.0.8.jar:/home/sylvain/.m2/repository/org/rnorth/visible-assertions/visible-assertions/2.1.2/visible-assertions-2.1.2.jar:/home/sylvain/.m2/repository/net/java/dev/jna/jna/5.2.0/jna-5.2.0.jar:/home/sylvain/.m2/repository/com/github/docker-java/docker-java-api/3.2.8/docker-java-api-3.2.8.jar:/home/sylvain/.m2/repository/com/github/docker-java/docker-java-transport-zerodep/3.2.8/docker-java-transport-zerodep-3.2.8.jar:/home/sylvain/.m2/repository/com/github/docker-java/docker-java-transport/3.2.8/docker-java-transport-3.2.8.jar:/home/sylvain/Development/github/crud/testcontainers-junit4-stub/target/classes:/home/sylvain/.m2/repository/org/testcontainers/junit-jupiter/1.15.3/junit-jupiter-1.15.3.jar:/home/sylvain/.m2/repository/org/testcontainers/db2/1.15.3/db2-1.15.3.jar:/home/sylvain/.m2/repository/org/testcontainers/jdbc/1.15.3/jdbc-1.15.3.jar:/home/sylvain/.m2/repository/org/testcontainers/database-commons/1.15.3/database-commons-1.15.3.jar:/home/sylvain/.m2/repository/org/testcontainers/mariadb/1.15.3/mariadb-1.15.3.jar:/home/sylvain/.m2/repository/org/testcontainers/mssqlserver/1.15.3/mssqlserver-1.15.3.jar:/home/sylvain/.m2/repository/org/testcontainers/mysql/1.15.3/mysql-1.15.3.jar:/home/sylvain/.m2/repository/org/testcontainers/oracle-xe/1.15.3/oracle-xe-1.15.3.jar:/home/sylvain/.m2/repository/org/testcontainers/postgresql/1.15.3/postgresql-1.15.3.jar:"/>
    <property name="sun.cpu.endian" value="little"/>
    <property name="user.home" value="/home/sylvain"/>
    <property name="user.language" value="en"/>
    <property name="java.specification.vendor" value="Oracle Corporation"/>
    <property name="java.version.date" value="2021-04-20"/>
    <property name="java.home" value="/usr/lib/jvm/java-15-openjdk"/>
    <property name="org.testcontainers.shaded.io.netty.packagePrefix" value="org.testcontainers.shaded."/>
    <property name="file.separator" value="/"/>
    <property name="basedir" value="/home/sylvain/Development/github/crud/autodb-data-access-jdbc"/>
    <property name="java.vm.compressedOopsMode" value="Zero based"/>
    <property name="line.separator" value="&#10;"/>
    <property name="java.vm.specification.vendor" value="Oracle Corporation"/>
    <property name="java.specification.name" value="Java Platform API Specification"/>
    <property name="surefire.real.class.path" value="/home/sylvain/Development/github/crud/autodb-data-access-jdbc/target/surefire/surefirebooter2451683235282261279.jar"/>
    <property name="sun.management.compiler" value="HotSpot 64-Bit Tiered Compilers"/>
    <property name="java.runtime.version" value="15.0.3+3"/>
    <property name="user.name" value="sylvain"/>
    <property name="path.separator" value=":"/>
    <property name="os.version" value="5.12.10-arch1-1"/>
    <property name="java.runtime.name" value="OpenJDK Runtime Environment"/>
    <property name="file.encoding" value="UTF-8"/>
    <property name="jnidispatch.path" value="/home/sylvain/.cache/JNA/temp/jna12934703425971136003.tmp"/>
    <property name="java.vm.name" value="OpenJDK 64-Bit Server VM"/>
    <property name="jna.platform.library.path" value="/usr/lib64:/lib64:/usr/lib:/lib:/usr/lib32:/usr/lib/openmpi:/usr/lib/libfakeroot"/>
    <property name="localRepository" value="/home/sylvain/.m2/repository"/>
    <property name="jna.loaded" value="true"/>
    <property name="java.vendor.url.bug" value="https://bugreport.java.com/bugreport/"/>
    <property name="java.io.tmpdir" value="/tmp"/>
    <property name="idea.version" value="2021.1.2"/>
    <property name="java.version" value="15.0.3"/>
    <property name="user.dir" value="/home/sylvain/Development/github/crud/autodb-data-access-jdbc"/>
    <property name="os.arch" value="amd64"/>
    <property name="java.vm.specification.name" value="Java Virtual Machine Specification"/>
    <property name="java.library.path" value="/usr/java/packages/lib:/usr/lib64:/lib64:/lib:/usr/lib"/>
    <property name="java.vm.info" value="mixed mode"/>
    <property name="java.vendor" value="N/A"/>
    <property name="java.vm.version" value="15.0.3+3"/>
    <property name="sun.io.unicode.encoding" value="UnicodeLittle"/>
    <property name="java.class.version" value="59.0"/>
  </properties>
  <testcase name="testLoadPrimaryKey" classname="org.angnysa.autodb.metadata.jdbc.loader.db.TestJdbcMetadataLoader_H2" time="0.068">
    <system-out><![CDATA[23:58:11.560 [main] DEBUG org.angnysa.autodb.query.jdbc.JdbcScriptRunner - Using database: H2 1.4.200 (2019-10-14), driver: H2 JDBC Driver 1.4.200 (2019-10-14), default catalog: 'TESTDB', default schema: 'PUBLIC'
23:58:11.560 [main] DEBUG org.angnysa.autodb.query.jdbc.JdbcScriptRunner - create table TEST_121_A (
  id1 int not null,
  id2 int not null,
  constraint PK_TEST_121_A primary key (id1, id2)
)

23:58:11.571 [main] DEBUG org.angnysa.autodb.query.jdbc.JdbcScriptRunner - create table TEST_121_B (
  id1 int not null,
  id2 int not null,
  a_id1 int not null,
  a_id2 int not null,
  constraint PK_TEST_121_B primary key (id1, id2),
  constraint UK_TEST_121_B unique (a_id1, a_id2),
  constraint FK_TEST_121_B_A foreign key (a_id1, a_id2) references TEST_121_A (id1, id2) on update cascade on delete restrict
)

23:58:11.587 [main] DEBUG org.angnysa.autodb.query.jdbc.JdbcScriptRunner - create table TEST_M21_A (
  id1 int not null,
  id2 int not null,
  constraint PK_TEST_M21_A primary key (id1, id2)
)

23:58:11.588 [main] DEBUG org.angnysa.autodb.query.jdbc.JdbcScriptRunner - create table TEST_M21_B (
  id1 int not null,
  id2 int not null,
  a_id1 int not null,
  a_id2 int not null,
  constraint PK_TEST_M21_B primary key (id1, id2),
  constraint FK_TEST_M21_B_A foreign key (a_id1, a_id2) references TEST_M21_A (id1, id2) on update cascade on delete restrict
)

23:58:11.592 [main] DEBUG org.angnysa.autodb.query.jdbc.JdbcScriptRunner - create index ID_TEST_M21_B_A on TEST_M21_B (a_id1, a_id2)

23:58:11.593 [main] DEBUG org.angnysa.autodb.query.jdbc.JdbcScriptRunner - create table TEST_M2M_A (
  id1 int not null,
  id2 int not null,
  constraint PK_TEST_M2M_A primary key (id1, id2)
)

23:58:11.594 [main] DEBUG org.angnysa.autodb.query.jdbc.JdbcScriptRunner - create table TEST_M2M_B (
  id1 int not null,
  id2 int not null,
  constraint PK_TEST_M2M_B primary key (id1, id2)
)

23:58:11.595 [main] DEBUG org.angnysa.autodb.query.jdbc.JdbcScriptRunner - create table TEST_M2M_REL (
  ab_id1 int not null,
  a_id2 int not null,
  b_id2 int not null,
  constraint PK_TEST_M2M_REL primary key (ab_id1, a_id2, b_id2),
  constraint FK_TEST_M2M_REL_A foreign key (ab_id1, a_id2) references TEST_M2M_A (id1, id2) on update cascade on delete restrict,
  constraint FK_TEST_M2M_REL_B foreign key (ab_id1, b_id2) references TEST_M2M_B (id1, id2) on update cascade on delete restrict
)

23:58:11.601 [main] DEBUG org.angnysa.autodb.metadata.jdbc.loader.AbstractJdbcMetadataLoaderTester - Using database: H2 1.4.200 (2019-10-14), driver: H2 JDBC Driver 1.4.200 (2019-10-14), default catalog: 'TESTDB', default schema: 'PUBLIC'
23:58:11.602 [main] DEBUG org.angnysa.autodb.metadata.jdbc.loader.AbstractJdbcMetadataLoaderTester - Target table: TEST_121_A
23:58:11.602 [main] DEBUG org.angnysa.autodb.metadata.jdbc.loader.AbstractJdbcMetadataLoaderTester - Expected Primary Key: ExpectedIndex(unique=true, columns=[ID1, ID2])
23:58:11.668 [main] TRACE org.angnysa.autodb.metadata.jdbc.loader.JdbcMetadataLoader - Column loaded: TESTDB.PUBLIC.TEST_121_A :: JdbcColumn ID1 INTEGER(mandatory, len < 10) 
23:58:11.668 [main] TRACE org.angnysa.autodb.metadata.jdbc.loader.JdbcMetadataLoader - Column loaded: TESTDB.PUBLIC.TEST_121_A :: JdbcColumn ID2 INTEGER(mandatory, len < 10) 
23:58:11.669 [main] TRACE org.angnysa.autodb.metadata.jdbc.loader.JdbcMetadataLoader - Primary Key loaded: TESTDB.PUBLIC.TEST_121_A :: JdbcUniqueIndex [unique] name: 'PK_TEST_121_A', columns: ('ID1', 'ID2')
]]></system-out>
  </testcase>
  <testcase name="testLoadPrimaryKey" classname="org.angnysa.autodb.metadata.jdbc.loader.db.TestJdbcMetadataLoader_H2" time="0.018">
    <system-out><![CDATA[23:58:11.670 [main] DEBUG org.angnysa.autodb.metadata.jdbc.loader.AbstractJdbcMetadataLoaderTester - Target table: TEST_121_B
23:58:11.670 [main] DEBUG org.angnysa.autodb.metadata.jdbc.loader.AbstractJdbcMetadataLoaderTester - Expected Primary Key: ExpectedIndex(unique=true, columns=[ID1, ID2])
23:58:11.687 [main] TRACE org.angnysa.autodb.metadata.jdbc.loader.JdbcMetadataLoader - Column loaded: TESTDB.PUBLIC.TEST_121_B :: JdbcColumn ID1 INTEGER(mandatory, len < 10) 
23:58:11.687 [main] TRACE org.angnysa.autodb.metadata.jdbc.loader.JdbcMetadataLoader - Column loaded: TESTDB.PUBLIC.TEST_121_B :: JdbcColumn ID2 INTEGER(mandatory, len < 10) 
23:58:11.687 [main] TRACE org.angnysa.autodb.metadata.jdbc.loader.JdbcMetadataLoader - Column loaded: TESTDB.PUBLIC.TEST_121_B :: JdbcColumn A_ID1 INTEGER(mandatory, len < 10) 
23:58:11.687 [main] TRACE org.angnysa.autodb.metadata.jdbc.loader.JdbcMetadataLoader - Column loaded: TESTDB.PUBLIC.TEST_121_B :: JdbcColumn A_ID2 INTEGER(mandatory, len < 10) 
23:58:11.688 [main] TRACE org.angnysa.autodb.metadata.jdbc.loader.JdbcMetadataLoader - Primary Key loaded: TESTDB.PUBLIC.TEST_121_B :: JdbcUniqueIndex [unique] name: 'PK_TEST_121_B', columns: ('ID1', 'ID2')
]]></system-out>
  </testcase>
  <testcase name="testLoadPrimaryKey" classname="org.angnysa.autodb.metadata.jdbc.loader.db.TestJdbcMetadataLoader_H2" time="0.015">
    <system-out><![CDATA[23:58:11.689 [main] DEBUG org.angnysa.autodb.metadata.jdbc.loader.AbstractJdbcMetadataLoaderTester - Target table: TEST_M21_A
23:58:11.689 [main] DEBUG org.angnysa.autodb.metadata.jdbc.loader.AbstractJdbcMetadataLoaderTester - Expected Primary Key: ExpectedIndex(unique=true, columns=[ID1, ID2])
23:58:11.702 [main] TRACE org.angnysa.autodb.metadata.jdbc.loader.JdbcMetadataLoader - Column loaded: TESTDB.PUBLIC.TEST_M21_A :: JdbcColumn ID1 INTEGER(mandatory, len < 10) 
23:58:11.702 [main] TRACE org.angnysa.autodb.metadata.jdbc.loader.JdbcMetadataLoader - Column loaded: TESTDB.PUBLIC.TEST_M21_A :: JdbcColumn ID2 INTEGER(mandatory, len < 10) 
23:58:11.703 [main] TRACE org.angnysa.autodb.metadata.jdbc.loader.JdbcMetadataLoader - Primary Key loaded: TESTDB.PUBLIC.TEST_M21_A :: JdbcUniqueIndex [unique] name: 'PK_TEST_M21_A', columns: ('ID1', 'ID2')
]]></system-out>
  </testcase>
  <testcase name="testLoadPrimaryKey" classname="org.angnysa.autodb.metadata.jdbc.loader.db.TestJdbcMetadataLoader_H2" time="0.013">
    <system-out><![CDATA[23:58:11.704 [main] DEBUG org.angnysa.autodb.metadata.jdbc.loader.AbstractJdbcMetadataLoaderTester - Target table: TEST_M21_B
23:58:11.704 [main] DEBUG org.angnysa.autodb.metadata.jdbc.loader.AbstractJdbcMetadataLoaderTester - Expected Primary Key: ExpectedIndex(unique=true, columns=[ID1, ID2])
23:58:11.715 [main] TRACE org.angnysa.autodb.metadata.jdbc.loader.JdbcMetadataLoader - Column loaded: TESTDB.PUBLIC.TEST_M21_B :: JdbcColumn ID1 INTEGER(mandatory, len < 10) 
23:58:11.715 [main] TRACE org.angnysa.autodb.metadata.jdbc.loader.JdbcMetadataLoader - Column loaded: TESTDB.PUBLIC.TEST_M21_B :: JdbcColumn ID2 INTEGER(mandatory, len < 10) 
23:58:11.715 [main] TRACE org.angnysa.autodb.metadata.jdbc.loader.JdbcMetadataLoader - Column loaded: TESTDB.PUBLIC.TEST_M21_B :: JdbcColumn A_ID1 INTEGER(mandatory, len < 10) 
23:58:11.715 [main] TRACE org.angnysa.autodb.metadata.jdbc.loader.JdbcMetadataLoader - Column loaded: TESTDB.PUBLIC.TEST_M21_B :: JdbcColumn A_ID2 INTEGER(mandatory, len < 10) 
23:58:11.716 [main] TRACE org.angnysa.autodb.metadata.jdbc.loader.JdbcMetadataLoader - Primary Key loaded: TESTDB.PUBLIC.TEST_M21_B :: JdbcUniqueIndex [unique] name: 'PK_TEST_M21_B', columns: ('ID1', 'ID2')
]]></system-out>
  </testcase>
  <testcase name="testLoadPrimaryKey" classname="org.angnysa.autodb.metadata.jdbc.loader.db.TestJdbcMetadataLoader_H2" time="0.012">
    <system-out><![CDATA[23:58:11.716 [main] DEBUG org.angnysa.autodb.metadata.jdbc.loader.AbstractJdbcMetadataLoaderTester - Target table: TEST_M2M_A
23:58:11.716 [main] DEBUG org.angnysa.autodb.metadata.jdbc.loader.AbstractJdbcMetadataLoaderTester - Expected Primary Key: ExpectedIndex(unique=true, columns=[ID1, ID2])
23:58:11.727 [main] TRACE org.angnysa.autodb.metadata.jdbc.loader.JdbcMetadataLoader - Column loaded: TESTDB.PUBLIC.TEST_M2M_A :: JdbcColumn ID1 INTEGER(mandatory, len < 10) 
23:58:11.727 [main] TRACE org.angnysa.autodb.metadata.jdbc.loader.JdbcMetadataLoader - Column loaded: TESTDB.PUBLIC.TEST_M2M_A :: JdbcColumn ID2 INTEGER(mandatory, len < 10) 
23:58:11.728 [main] TRACE org.angnysa.autodb.metadata.jdbc.loader.JdbcMetadataLoader - Primary Key loaded: TESTDB.PUBLIC.TEST_M2M_A :: JdbcUniqueIndex [unique] name: 'PK_TEST_M2M_A', columns: ('ID1', 'ID2')
]]></system-out>
  </testcase>
  <testcase name="testLoadPrimaryKey" classname="org.angnysa.autodb.metadata.jdbc.loader.db.TestJdbcMetadataLoader_H2" time="0.01">
    <system-out><![CDATA[23:58:11.729 [main] DEBUG org.angnysa.autodb.metadata.jdbc.loader.AbstractJdbcMetadataLoaderTester - Target table: TEST_M2M_B
23:58:11.729 [main] DEBUG org.angnysa.autodb.metadata.jdbc.loader.AbstractJdbcMetadataLoaderTester - Expected Primary Key: ExpectedIndex(unique=true, columns=[ID1, ID2])
23:58:11.738 [main] TRACE org.angnysa.autodb.metadata.jdbc.loader.JdbcMetadataLoader - Column loaded: TESTDB.PUBLIC.TEST_M2M_B :: JdbcColumn ID1 INTEGER(mandatory, len < 10) 
23:58:11.738 [main] TRACE org.angnysa.autodb.metadata.jdbc.loader.JdbcMetadataLoader - Column loaded: TESTDB.PUBLIC.TEST_M2M_B :: JdbcColumn ID2 INTEGER(mandatory, len < 10) 
23:58:11.739 [main] TRACE org.angnysa.autodb.metadata.jdbc.loader.JdbcMetadataLoader - Primary Key loaded: TESTDB.PUBLIC.TEST_M2M_B :: JdbcUniqueIndex [unique] name: 'PK_TEST_M2M_B', columns: ('ID1', 'ID2')
]]></system-out>
  </testcase>
  <testcase name="testLoadPrimaryKey" classname="org.angnysa.autodb.metadata.jdbc.loader.db.TestJdbcMetadataLoader_H2" time="0.011">
    <system-out><![CDATA[23:58:11.739 [main] DEBUG org.angnysa.autodb.metadata.jdbc.loader.AbstractJdbcMetadataLoaderTester - Target table: TEST_M2M_REL
23:58:11.739 [main] DEBUG org.angnysa.autodb.metadata.jdbc.loader.AbstractJdbcMetadataLoaderTester - Expected Primary Key: ExpectedIndex(unique=true, columns=[AB_ID1, A_ID2, B_ID2])
23:58:11.749 [main] TRACE org.angnysa.autodb.metadata.jdbc.loader.JdbcMetadataLoader - Column loaded: TESTDB.PUBLIC.TEST_M2M_REL :: JdbcColumn AB_ID1 INTEGER(mandatory, len < 10) 
23:58:11.749 [main] TRACE org.angnysa.autodb.metadata.jdbc.loader.JdbcMetadataLoader - Column loaded: TESTDB.PUBLIC.TEST_M2M_REL :: JdbcColumn A_ID2 INTEGER(mandatory, len < 10) 
23:58:11.749 [main] TRACE org.angnysa.autodb.metadata.jdbc.loader.JdbcMetadataLoader - Column loaded: TESTDB.PUBLIC.TEST_M2M_REL :: JdbcColumn B_ID2 INTEGER(mandatory, len < 10) 
23:58:11.750 [main] TRACE org.angnysa.autodb.metadata.jdbc.loader.JdbcMetadataLoader - Primary Key loaded: TESTDB.PUBLIC.TEST_M2M_REL :: JdbcUniqueIndex [unique] name: 'PK_TEST_M2M_REL', columns: ('AB_ID1', 'A_ID2', 'B_ID2')
]]></system-out>
  </testcase>
  <testcase name="testLoadRelations" classname="org.angnysa.autodb.metadata.jdbc.loader.db.TestJdbcMetadataLoader_H2" time="0.053">
    <error type="java.lang.IllegalStateException"><![CDATA[java.lang.IllegalStateException: No table named 'TESTDB.PUBLIC.TEST_121_B'
]]></error>
    <system-out><![CDATA[23:58:11.751 [main] DEBUG org.angnysa.autodb.metadata.jdbc.loader.AbstractJdbcMetadataLoaderTester - Using database: H2 1.4.200 (2019-10-14), driver: H2 JDBC Driver 1.4.200 (2019-10-14), default catalog: 'TESTDB', default schema: 'PUBLIC'
23:58:11.751 [main] DEBUG org.angnysa.autodb.metadata.jdbc.loader.AbstractJdbcMetadataLoaderTester - Target table: TEST_121_A
23:58:11.751 [main] DEBUG org.angnysa.autodb.metadata.jdbc.loader.AbstractJdbcMetadataLoaderTester - Expected Relations: [ExpectedRelation(name=FK_TEST_121_B_A, type=OneToOne, mandatory=false, referencingColumns=[ID1, ID2], referencedTable=TEST_121_B, referencedColumns=[A_ID1, A_ID2])]
23:58:11.762 [main] TRACE org.angnysa.autodb.metadata.jdbc.loader.JdbcMetadataLoader - Column loaded: TESTDB.PUBLIC.TEST_121_A :: JdbcColumn ID1 INTEGER(mandatory, len < 10) 
23:58:11.762 [main] TRACE org.angnysa.autodb.metadata.jdbc.loader.JdbcMetadataLoader - Column loaded: TESTDB.PUBLIC.TEST_121_A :: JdbcColumn ID2 INTEGER(mandatory, len < 10) 
23:58:11.764 [main] TRACE org.angnysa.autodb.metadata.jdbc.loader.JdbcMetadataLoader - Index loaded: TESTDB.PUBLIC.TEST_121_A :: JdbcUniqueIndex [unique] name: 'PRIMARY_KEY_C', columns: ('ID1', 'ID2')
23:58:11.764 [main] TRACE org.angnysa.autodb.metadata.jdbc.loader.JdbcMetadataLoader - Primary Key loaded: TESTDB.PUBLIC.TEST_121_A :: JdbcUniqueIndex [unique] name: 'PK_TEST_121_A', columns: ('ID1', 'ID2')
23:58:11.764 [main] TRACE org.angnysa.autodb.metadata.jdbc.loader.JdbcMetadataLoader - Table loaded:
[!!!org.angnysa.autodb.metadata.jdbc.JdbcTable@51622450=>java.lang.NullPointerException:Cannot invoke "org.angnysa.autodb.metadata.jdbc.JdbcDatabase.getRelations(org.angnysa.autodb.metadata.jdbc.JdbcTable)" because "this.database" is null!!!]
23:58:11.769 [main] TRACE org.angnysa.autodb.metadata.jdbc.loader.JdbcMetadataLoader - Column loaded: TESTDB.PUBLIC.TEST_121_B :: JdbcColumn ID1 INTEGER(mandatory, len < 10) 
23:58:11.770 [main] TRACE org.angnysa.autodb.metadata.jdbc.loader.JdbcMetadataLoader - Column loaded: TESTDB.PUBLIC.TEST_121_B :: JdbcColumn ID2 INTEGER(mandatory, len < 10) 
23:58:11.770 [main] TRACE org.angnysa.autodb.metadata.jdbc.loader.JdbcMetadataLoader - Column loaded: TESTDB.PUBLIC.TEST_121_B :: JdbcColumn A_ID1 INTEGER(mandatory, len < 10) 
23:58:11.770 [main] TRACE org.angnysa.autodb.metadata.jdbc.loader.JdbcMetadataLoader - Column loaded: TESTDB.PUBLIC.TEST_121_B :: JdbcColumn A_ID2 INTEGER(mandatory, len < 10) 
23:58:11.770 [main] TRACE org.angnysa.autodb.metadata.jdbc.loader.JdbcMetadataLoader - Index loaded: TESTDB.PUBLIC.TEST_121_B :: JdbcUniqueIndex [unique] name: 'UK_TEST_121_B_INDEX_C', columns: ('A_ID1', 'A_ID2')
23:58:11.770 [main] TRACE org.angnysa.autodb.metadata.jdbc.loader.JdbcMetadataLoader - Index loaded: TESTDB.PUBLIC.TEST_121_B :: JdbcUniqueIndex [unique] name: 'PRIMARY_KEY_CC', columns: ('ID1', 'ID2')
23:58:11.771 [main] TRACE org.angnysa.autodb.metadata.jdbc.loader.JdbcMetadataLoader - Primary Key loaded: TESTDB.PUBLIC.TEST_121_B :: JdbcUniqueIndex [unique] name: 'PK_TEST_121_B', columns: ('ID1', 'ID2')
23:58:11.771 [main] TRACE org.angnysa.autodb.metadata.jdbc.loader.JdbcMetadataLoader - Table loaded:
[!!!org.angnysa.autodb.metadata.jdbc.JdbcTable@11e0a164=>java.lang.NullPointerException:Cannot invoke "org.angnysa.autodb.metadata.jdbc.JdbcDatabase.getRelations(org.angnysa.autodb.metadata.jdbc.JdbcTable)" because "this.database" is null!!!]
23:58:11.776 [main] TRACE org.angnysa.autodb.metadata.jdbc.loader.JdbcMetadataLoader - Column loaded: TESTDB.PUBLIC.TEST_M21_A :: JdbcColumn ID1 INTEGER(mandatory, len < 10) 
23:58:11.776 [main] TRACE org.angnysa.autodb.metadata.jdbc.loader.JdbcMetadataLoader - Column loaded: TESTDB.PUBLIC.TEST_M21_A :: JdbcColumn ID2 INTEGER(mandatory, len < 10) 
23:58:11.777 [main] TRACE org.angnysa.autodb.metadata.jdbc.loader.JdbcMetadataLoader - Index loaded: TESTDB.PUBLIC.TEST_M21_A :: JdbcUniqueIndex [unique] name: 'PRIMARY_KEY_CE', columns: ('ID1', 'ID2')
23:58:11.777 [main] TRACE org.angnysa.autodb.metadata.jdbc.loader.JdbcMetadataLoader - Primary Key loaded: TESTDB.PUBLIC.TEST_M21_A :: JdbcUniqueIndex [unique] name: 'PK_TEST_M21_A', columns: ('ID1', 'ID2')
23:58:11.777 [main] TRACE org.angnysa.autodb.metadata.jdbc.loader.JdbcMetadataLoader - Table loaded:
[!!!org.angnysa.autodb.metadata.jdbc.JdbcTable@6ef0e08f=>java.lang.NullPointerException:Cannot invoke "org.angnysa.autodb.metadata.jdbc.JdbcDatabase.getRelations(org.angnysa.autodb.metadata.jdbc.JdbcTable)" because "this.database" is null!!!]
23:58:11.782 [main] TRACE org.angnysa.autodb.metadata.jdbc.loader.JdbcMetadataLoader - Column loaded: TESTDB.PUBLIC.TEST_M21_B :: JdbcColumn ID1 INTEGER(mandatory, len < 10) 
23:58:11.782 [main] TRACE org.angnysa.autodb.metadata.jdbc.loader.JdbcMetadataLoader - Column loaded: TESTDB.PUBLIC.TEST_M21_B :: JdbcColumn ID2 INTEGER(mandatory, len < 10) 
23:58:11.782 [main] TRACE org.angnysa.autodb.metadata.jdbc.loader.JdbcMetadataLoader - Column loaded: TESTDB.PUBLIC.TEST_M21_B :: JdbcColumn A_ID1 INTEGER(mandatory, len < 10) 
23:58:11.782 [main] TRACE org.angnysa.autodb.metadata.jdbc.loader.JdbcMetadataLoader - Column loaded: TESTDB.PUBLIC.TEST_M21_B :: JdbcColumn A_ID2 INTEGER(mandatory, len < 10) 
23:58:11.783 [main] TRACE org.angnysa.autodb.metadata.jdbc.loader.JdbcMetadataLoader - Index loaded: TESTDB.PUBLIC.TEST_M21_B :: JdbcIndex [index] name: 'FK_TEST_M21_B_A_INDEX_C', columns: ('A_ID1', 'A_ID2')
23:58:11.783 [main] TRACE org.angnysa.autodb.metadata.jdbc.loader.JdbcMetadataLoader - Index loaded: TESTDB.PUBLIC.TEST_M21_B :: JdbcIndex [index] name: 'ID_TEST_M21_B_A', columns: ('A_ID1', 'A_ID2')
23:58:11.783 [main] TRACE org.angnysa.autodb.metadata.jdbc.loader.JdbcMetadataLoader - Index loaded: TESTDB.PUBLIC.TEST_M21_B :: JdbcUniqueIndex [unique] name: 'PRIMARY_KEY_CE8', columns: ('ID1', 'ID2')
23:58:11.784 [main] TRACE org.angnysa.autodb.metadata.jdbc.loader.JdbcMetadataLoader - Primary Key loaded: TESTDB.PUBLIC.TEST_M21_B :: JdbcUniqueIndex [unique] name: 'PK_TEST_M21_B', columns: ('ID1', 'ID2')
23:58:11.784 [main] TRACE org.angnysa.autodb.metadata.jdbc.loader.JdbcMetadataLoader - Table loaded:
[!!!org.angnysa.autodb.metadata.jdbc.JdbcTable@44243d32=>java.lang.NullPointerException:Cannot invoke "org.angnysa.autodb.metadata.jdbc.JdbcDatabase.getRelations(org.angnysa.autodb.metadata.jdbc.JdbcTable)" because "this.database" is null!!!]
23:58:11.788 [main] TRACE org.angnysa.autodb.metadata.jdbc.loader.JdbcMetadataLoader - Column loaded: TESTDB.PUBLIC.TEST_M2M_A :: JdbcColumn ID1 INTEGER(mandatory, len < 10) 
23:58:11.788 [main] TRACE org.angnysa.autodb.metadata.jdbc.loader.JdbcMetadataLoader - Column loaded: TESTDB.PUBLIC.TEST_M2M_A :: JdbcColumn ID2 INTEGER(mandatory, len < 10) 
23:58:11.789 [main] TRACE org.angnysa.autodb.metadata.jdbc.loader.JdbcMetadataLoader - Index loaded: TESTDB.PUBLIC.TEST_M2M_A :: JdbcUniqueIndex [unique] name: 'PRIMARY_KEY_CE89', columns: ('ID1', 'ID2')
23:58:11.789 [main] TRACE org.angnysa.autodb.metadata.jdbc.loader.JdbcMetadataLoader - Primary Key loaded: TESTDB.PUBLIC.TEST_M2M_A :: JdbcUniqueIndex [unique] name: 'PK_TEST_M2M_A', columns: ('ID1', 'ID2')
23:58:11.789 [main] TRACE org.angnysa.autodb.metadata.jdbc.loader.JdbcMetadataLoader - Table loaded:
[!!!org.angnysa.autodb.metadata.jdbc.JdbcTable@3ea10f3=>java.lang.NullPointerException:Cannot invoke "org.angnysa.autodb.metadata.jdbc.JdbcDatabase.getRelations(org.angnysa.autodb.metadata.jdbc.JdbcTable)" because "this.database" is null!!!]
23:58:11.794 [main] TRACE org.angnysa.autodb.metadata.jdbc.loader.JdbcMetadataLoader - Column loaded: TESTDB.PUBLIC.TEST_M2M_B :: JdbcColumn ID1 INTEGER(mandatory, len < 10) 
23:58:11.794 [main] TRACE org.angnysa.autodb.metadata.jdbc.loader.JdbcMetadataLoader - Column loaded: TESTDB.PUBLIC.TEST_M2M_B :: JdbcColumn ID2 INTEGER(mandatory, len < 10) 
23:58:11.795 [main] TRACE org.angnysa.autodb.metadata.jdbc.loader.JdbcMetadataLoader - Index loaded: TESTDB.PUBLIC.TEST_M2M_B :: JdbcUniqueIndex [unique] name: 'PRIMARY_KEY_CE896', columns: ('ID1', 'ID2')
23:58:11.796 [main] TRACE org.angnysa.autodb.metadata.jdbc.loader.JdbcMetadataLoader - Primary Key loaded: TESTDB.PUBLIC.TEST_M2M_B :: JdbcUniqueIndex [unique] name: 'PK_TEST_M2M_B', columns: ('ID1', 'ID2')
23:58:11.796 [main] TRACE org.angnysa.autodb.metadata.jdbc.loader.JdbcMetadataLoader - Table loaded:
[!!!org.angnysa.autodb.metadata.jdbc.JdbcTable@6cfd694a=>java.lang.NullPointerException:Cannot invoke "org.angnysa.autodb.metadata.jdbc.JdbcDatabase.getRelations(org.angnysa.autodb.metadata.jdbc.JdbcTable)" because "this.database" is null!!!]
23:58:11.801 [main] TRACE org.angnysa.autodb.metadata.jdbc.loader.JdbcMetadataLoader - Column loaded: TESTDB.PUBLIC.TEST_M2M_REL :: JdbcColumn AB_ID1 INTEGER(mandatory, len < 10) 
23:58:11.801 [main] TRACE org.angnysa.autodb.metadata.jdbc.loader.JdbcMetadataLoader - Column loaded: TESTDB.PUBLIC.TEST_M2M_REL :: JdbcColumn A_ID2 INTEGER(mandatory, len < 10) 
23:58:11.801 [main] TRACE org.angnysa.autodb.metadata.jdbc.loader.JdbcMetadataLoader - Column loaded: TESTDB.PUBLIC.TEST_M2M_REL :: JdbcColumn B_ID2 INTEGER(mandatory, len < 10) 
23:58:11.801 [main] TRACE org.angnysa.autodb.metadata.jdbc.loader.JdbcMetadataLoader - Index loaded: TESTDB.PUBLIC.TEST_M2M_REL :: JdbcUniqueIndex [unique] name: 'PRIMARY_KEY_5', columns: ('AB_ID1', 'A_ID2', 'B_ID2')
23:58:11.801 [main] TRACE org.angnysa.autodb.metadata.jdbc.loader.JdbcMetadataLoader - Index loaded: TESTDB.PUBLIC.TEST_M2M_REL :: JdbcIndex [index] name: 'FK_TEST_M2M_REL_B_INDEX_5', columns: ('AB_ID1', 'B_ID2')
23:58:11.801 [main] TRACE org.angnysa.autodb.metadata.jdbc.loader.JdbcMetadataLoader - Index loaded: TESTDB.PUBLIC.TEST_M2M_REL :: JdbcIndex [index] name: 'FK_TEST_M2M_REL_A_INDEX_5', columns: ('AB_ID1', 'A_ID2')
23:58:11.802 [main] TRACE org.angnysa.autodb.metadata.jdbc.loader.JdbcMetadataLoader - Primary Key loaded: TESTDB.PUBLIC.TEST_M2M_REL :: JdbcUniqueIndex [unique] name: 'PK_TEST_M2M_REL', columns: ('AB_ID1', 'A_ID2', 'B_ID2')
23:58:11.802 [main] TRACE org.angnysa.autodb.metadata.jdbc.loader.JdbcMetadataLoader - Table loaded:
[!!!org.angnysa.autodb.metadata.jdbc.JdbcTable@6e68cd0f=>java.lang.NullPointerException:Cannot invoke "org.angnysa.autodb.metadata.jdbc.JdbcDatabase.getRelations(org.angnysa.autodb.metadata.jdbc.JdbcTable)" because "this.database" is null!!!]
]]></system-out>
  </testcase>
  <testcase name="testLoadRelations" classname="org.angnysa.autodb.metadata.jdbc.loader.db.TestJdbcMetadataLoader_H2" time="0.036">
    <error type="java.lang.IllegalStateException"><![CDATA[java.lang.IllegalStateException: No table named 'TESTDB.PUBLIC.TEST_121_B'
]]></error>
    <system-out><![CDATA[23:58:11.804 [main] DEBUG org.angnysa.autodb.metadata.jdbc.loader.AbstractJdbcMetadataLoaderTester - Target table: TEST_121_B
23:58:11.804 [main] DEBUG org.angnysa.autodb.metadata.jdbc.loader.AbstractJdbcMetadataLoaderTester - Expected Relations: [ExpectedRelation(name=FK_TEST_121_B_A, type=OneToOne, mandatory=true, referencingColumns=[A_ID1, A_ID2], referencedTable=TEST_121_A, referencedColumns=[ID1, ID2])]
23:58:11.811 [main] TRACE org.angnysa.autodb.metadata.jdbc.loader.JdbcMetadataLoader - Column loaded: TESTDB.PUBLIC.TEST_121_A :: JdbcColumn ID1 INTEGER(mandatory, len < 10) 
23:58:11.811 [main] TRACE org.angnysa.autodb.metadata.jdbc.loader.JdbcMetadataLoader - Column loaded: TESTDB.PUBLIC.TEST_121_A :: JdbcColumn ID2 INTEGER(mandatory, len < 10) 
23:58:11.812 [main] TRACE org.angnysa.autodb.metadata.jdbc.loader.JdbcMetadataLoader - Index loaded: TESTDB.PUBLIC.TEST_121_A :: JdbcUniqueIndex [unique] name: 'PRIMARY_KEY_C', columns: ('ID1', 'ID2')
23:58:11.812 [main] TRACE org.angnysa.autodb.metadata.jdbc.loader.JdbcMetadataLoader - Primary Key loaded: TESTDB.PUBLIC.TEST_121_A :: JdbcUniqueIndex [unique] name: 'PK_TEST_121_A', columns: ('ID1', 'ID2')
23:58:11.812 [main] TRACE org.angnysa.autodb.metadata.jdbc.loader.JdbcMetadataLoader - Table loaded:
[!!!org.angnysa.autodb.metadata.jdbc.JdbcTable@5a68d4d6=>java.lang.NullPointerException:Cannot invoke "org.angnysa.autodb.metadata.jdbc.JdbcDatabase.getRelations(org.angnysa.autodb.metadata.jdbc.JdbcTable)" because "this.database" is null!!!]
23:58:11.816 [main] TRACE org.angnysa.autodb.metadata.jdbc.loader.JdbcMetadataLoader - Column loaded: TESTDB.PUBLIC.TEST_121_B :: JdbcColumn ID1 INTEGER(mandatory, len < 10) 
23:58:11.816 [main] TRACE org.angnysa.autodb.metadata.jdbc.loader.JdbcMetadataLoader - Column loaded: TESTDB.PUBLIC.TEST_121_B :: JdbcColumn ID2 INTEGER(mandatory, len < 10) 
23:58:11.816 [main] TRACE org.angnysa.autodb.metadata.jdbc.loader.JdbcMetadataLoader - Column loaded: TESTDB.PUBLIC.TEST_121_B :: JdbcColumn A_ID1 INTEGER(mandatory, len < 10) 
23:58:11.816 [main] TRACE org.angnysa.autodb.metadata.jdbc.loader.JdbcMetadataLoader - Column loaded: TESTDB.PUBLIC.TEST_121_B :: JdbcColumn A_ID2 INTEGER(mandatory, len < 10) 
23:58:11.816 [main] TRACE org.angnysa.autodb.metadata.jdbc.loader.JdbcMetadataLoader - Index loaded: TESTDB.PUBLIC.TEST_121_B :: JdbcUniqueIndex [unique] name: 'UK_TEST_121_B_INDEX_C', columns: ('A_ID1', 'A_ID2')
23:58:11.816 [main] TRACE org.angnysa.autodb.metadata.jdbc.loader.JdbcMetadataLoader - Index loaded: TESTDB.PUBLIC.TEST_121_B :: JdbcUniqueIndex [unique] name: 'PRIMARY_KEY_CC', columns: ('ID1', 'ID2')
23:58:11.817 [main] TRACE org.angnysa.autodb.metadata.jdbc.loader.JdbcMetadataLoader - Primary Key loaded: TESTDB.PUBLIC.TEST_121_B :: JdbcUniqueIndex [unique] name: 'PK_TEST_121_B', columns: ('ID1', 'ID2')
23:58:11.817 [main] TRACE org.angnysa.autodb.metadata.jdbc.loader.JdbcMetadataLoader - Table loaded:
[!!!org.angnysa.autodb.metadata.jdbc.JdbcTable@fe9681d=>java.lang.NullPointerException:Cannot invoke "org.angnysa.autodb.metadata.jdbc.JdbcDatabase.getRelations(org.angnysa.autodb.metadata.jdbc.JdbcTable)" because "this.database" is null!!!]
23:58:11.820 [main] TRACE org.angnysa.autodb.metadata.jdbc.loader.JdbcMetadataLoader - Column loaded: TESTDB.PUBLIC.TEST_M21_A :: JdbcColumn ID1 INTEGER(mandatory, len < 10) 
23:58:11.820 [main] TRACE org.angnysa.autodb.metadata.jdbc.loader.JdbcMetadataLoader - Column loaded: TESTDB.PUBLIC.TEST_M21_A :: JdbcColumn ID2 INTEGER(mandatory, len < 10) 
23:58:11.821 [main] TRACE org.angnysa.autodb.metadata.jdbc.loader.JdbcMetadataLoader - Index loaded: TESTDB.PUBLIC.TEST_M21_A :: JdbcUniqueIndex [unique] name: 'PRIMARY_KEY_CE', columns: ('ID1', 'ID2')
23:58:11.821 [main] TRACE org.angnysa.autodb.metadata.jdbc.loader.JdbcMetadataLoader - Primary Key loaded: TESTDB.PUBLIC.TEST_M21_A :: JdbcUniqueIndex [unique] name: 'PK_TEST_M21_A', columns: ('ID1', 'ID2')
23:58:11.821 [main] TRACE org.angnysa.autodb.metadata.jdbc.loader.JdbcMetadataLoader - Table loaded:
[!!!org.angnysa.autodb.metadata.jdbc.JdbcTable@6ac4da08=>java.lang.NullPointerException:Cannot invoke "org.angnysa.autodb.metadata.jdbc.JdbcDatabase.getRelations(org.angnysa.autodb.metadata.jdbc.JdbcTable)" because "this.database" is null!!!]
23:58:11.825 [main] TRACE org.angnysa.autodb.metadata.jdbc.loader.JdbcMetadataLoader - Column loaded: TESTDB.PUBLIC.TEST_M21_B :: JdbcColumn ID1 INTEGER(mandatory, len < 10) 
23:58:11.825 [main] TRACE org.angnysa.autodb.metadata.jdbc.loader.JdbcMetadataLoader - Column loaded: TESTDB.PUBLIC.TEST_M21_B :: JdbcColumn ID2 INTEGER(mandatory, len < 10) 
23:58:11.825 [main] TRACE org.angnysa.autodb.metadata.jdbc.loader.JdbcMetadataLoader - Column loaded: TESTDB.PUBLIC.TEST_M21_B :: JdbcColumn A_ID1 INTEGER(mandatory, len < 10) 
23:58:11.825 [main] TRACE org.angnysa.autodb.metadata.jdbc.loader.JdbcMetadataLoader - Column loaded: TESTDB.PUBLIC.TEST_M21_B :: JdbcColumn A_ID2 INTEGER(mandatory, len < 10) 
23:58:11.825 [main] TRACE org.angnysa.autodb.metadata.jdbc.loader.JdbcMetadataLoader - Index loaded: TESTDB.PUBLIC.TEST_M21_B :: JdbcIndex [index] name: 'FK_TEST_M21_B_A_INDEX_C', columns: ('A_ID1', 'A_ID2')
23:58:11.825 [main] TRACE org.angnysa.autodb.metadata.jdbc.loader.JdbcMetadataLoader - Index loaded: TESTDB.PUBLIC.TEST_M21_B :: JdbcIndex [index] name: 'ID_TEST_M21_B_A', columns: ('A_ID1', 'A_ID2')
23:58:11.825 [main] TRACE org.angnysa.autodb.metadata.jdbc.loader.JdbcMetadataLoader - Index loaded: TESTDB.PUBLIC.TEST_M21_B :: JdbcUniqueIndex [unique] name: 'PRIMARY_KEY_CE8', columns: ('ID1', 'ID2')
23:58:11.826 [main] TRACE org.angnysa.autodb.metadata.jdbc.loader.JdbcMetadataLoader - Primary Key loaded: TESTDB.PUBLIC.TEST_M21_B :: JdbcUniqueIndex [unique] name: 'PK_TEST_M21_B', columns: ('ID1', 'ID2')
23:58:11.826 [main] TRACE org.angnysa.autodb.metadata.jdbc.loader.JdbcMetadataLoader - Table loaded:
[!!!org.angnysa.autodb.metadata.jdbc.JdbcTable@50629a46=>java.lang.NullPointerException:Cannot invoke "org.angnysa.autodb.metadata.jdbc.JdbcDatabase.getRelations(org.angnysa.autodb.metadata.jdbc.JdbcTable)" because "this.database" is null!!!]
23:58:11.829 [main] TRACE org.angnysa.autodb.metadata.jdbc.loader.JdbcMetadataLoader - Column loaded: TESTDB.PUBLIC.TEST_M2M_A :: JdbcColumn ID1 INTEGER(mandatory, len < 10) 
23:58:11.829 [main] TRACE org.angnysa.autodb.metadata.jdbc.loader.JdbcMetadataLoader - Column loaded: TESTDB.PUBLIC.TEST_M2M_A :: JdbcColumn ID2 INTEGER(mandatory, len < 10) 
23:58:11.830 [main] TRACE org.angnysa.autodb.metadata.jdbc.loader.JdbcMetadataLoader - Index loaded: TESTDB.PUBLIC.TEST_M2M_A :: JdbcUniqueIndex [unique] name: 'PRIMARY_KEY_CE89', columns: ('ID1', 'ID2')
23:58:11.830 [main] TRACE org.angnysa.autodb.metadata.jdbc.loader.JdbcMetadataLoader - Primary Key loaded: TESTDB.PUBLIC.TEST_M2M_A :: JdbcUniqueIndex [unique] name: 'PK_TEST_M2M_A', columns: ('ID1', 'ID2')
23:58:11.830 [main] TRACE org.angnysa.autodb.metadata.jdbc.loader.JdbcMetadataLoader - Table loaded:
[!!!org.angnysa.autodb.metadata.jdbc.JdbcTable@599ad726=>java.lang.NullPointerException:Cannot invoke "org.angnysa.autodb.metadata.jdbc.JdbcDatabase.getRelations(org.angnysa.autodb.metadata.jdbc.JdbcTable)" because "this.database" is null!!!]
23:58:11.834 [main] TRACE org.angnysa.autodb.metadata.jdbc.loader.JdbcMetadataLoader - Column loaded: TESTDB.PUBLIC.TEST_M2M_B :: JdbcColumn ID1 INTEGER(mandatory, len < 10) 
23:58:11.834 [main] TRACE org.angnysa.autodb.metadata.jdbc.loader.JdbcMetadataLoader - Column loaded: TESTDB.PUBLIC.TEST_M2M_B :: JdbcColumn ID2 INTEGER(mandatory, len < 10) 
23:58:11.834 [main] TRACE org.angnysa.autodb.metadata.jdbc.loader.JdbcMetadataLoader - Index loaded: TESTDB.PUBLIC.TEST_M2M_B :: JdbcUniqueIndex [unique] name: 'PRIMARY_KEY_CE896', columns: ('ID1', 'ID2')
23:58:11.834 [main] TRACE org.angnysa.autodb.metadata.jdbc.loader.JdbcMetadataLoader - Primary Key loaded: TESTDB.PUBLIC.TEST_M2M_B :: JdbcUniqueIndex [unique] name: 'PK_TEST_M2M_B', columns: ('ID1', 'ID2')
23:58:11.835 [main] TRACE org.angnysa.autodb.metadata.jdbc.loader.JdbcMetadataLoader - Table loaded:
[!!!org.angnysa.autodb.metadata.jdbc.JdbcTable@740224cc=>java.lang.NullPointerException:Cannot invoke "org.angnysa.autodb.metadata.jdbc.JdbcDatabase.getRelations(org.angnysa.autodb.metadata.jdbc.JdbcTable)" because "this.database" is null!!!]
23:58:11.838 [main] TRACE org.angnysa.autodb.metadata.jdbc.loader.JdbcMetadataLoader - Column loaded: TESTDB.PUBLIC.TEST_M2M_REL :: JdbcColumn AB_ID1 INTEGER(mandatory, len < 10) 
23:58:11.838 [main] TRACE org.angnysa.autodb.metadata.jdbc.loader.JdbcMetadataLoader - Column loaded: TESTDB.PUBLIC.TEST_M2M_REL :: JdbcColumn A_ID2 INTEGER(mandatory, len < 10) 
23:58:11.838 [main] TRACE org.angnysa.autodb.metadata.jdbc.loader.JdbcMetadataLoader - Column loaded: TESTDB.PUBLIC.TEST_M2M_REL :: JdbcColumn B_ID2 INTEGER(mandatory, len < 10) 
23:58:11.838 [main] TRACE org.angnysa.autodb.metadata.jdbc.loader.JdbcMetadataLoader - Index loaded: TESTDB.PUBLIC.TEST_M2M_REL :: JdbcUniqueIndex [unique] name: 'PRIMARY_KEY_5', columns: ('AB_ID1', 'A_ID2', 'B_ID2')
23:58:11.838 [main] TRACE org.angnysa.autodb.metadata.jdbc.loader.JdbcMetadataLoader - Index loaded: TESTDB.PUBLIC.TEST_M2M_REL :: JdbcIndex [index] name: 'FK_TEST_M2M_REL_B_INDEX_5', columns: ('AB_ID1', 'B_ID2')
23:58:11.838 [main] TRACE org.angnysa.autodb.metadata.jdbc.loader.JdbcMetadataLoader - Index loaded: TESTDB.PUBLIC.TEST_M2M_REL :: JdbcIndex [index] name: 'FK_TEST_M2M_REL_A_INDEX_5', columns: ('AB_ID1', 'A_ID2')
23:58:11.839 [main] TRACE org.angnysa.autodb.metadata.jdbc.loader.JdbcMetadataLoader - Primary Key loaded: TESTDB.PUBLIC.TEST_M2M_REL :: JdbcUniqueIndex [unique] name: 'PK_TEST_M2M_REL', columns: ('AB_ID1', 'A_ID2', 'B_ID2')
23:58:11.839 [main] TRACE org.angnysa.autodb.metadata.jdbc.loader.JdbcMetadataLoader - Table loaded:
[!!!org.angnysa.autodb.metadata.jdbc.JdbcTable@7c3341c9=>java.lang.NullPointerException:Cannot invoke "org.angnysa.autodb.metadata.jdbc.JdbcDatabase.getRelations(org.angnysa.autodb.metadata.jdbc.JdbcTable)" because "this.database" is null!!!]
]]></system-out>
  </testcase>
  <testcase name="testLoadRelations" classname="org.angnysa.autodb.metadata.jdbc.loader.db.TestJdbcMetadataLoader_H2" time="0.037">
    <error type="java.lang.IllegalStateException"><![CDATA[java.lang.IllegalStateException: No table named 'TESTDB.PUBLIC.TEST_121_B'
]]></error>
    <system-out><![CDATA[23:58:11.840 [main] DEBUG org.angnysa.autodb.metadata.jdbc.loader.AbstractJdbcMetadataLoaderTester - Target table: TEST_M21_A
23:58:11.840 [main] DEBUG org.angnysa.autodb.metadata.jdbc.loader.AbstractJdbcMetadataLoaderTester - Expected Relations: [ExpectedRelation(name=FK_TEST_M21_B_A, type=OneToMany, mandatory=false, referencingColumns=[ID1, ID2], referencedTable=TEST_M21_B, referencedColumns=[A_ID1, A_ID2])]
23:58:11.847 [main] TRACE org.angnysa.autodb.metadata.jdbc.loader.JdbcMetadataLoader - Column loaded: TESTDB.PUBLIC.TEST_121_A :: JdbcColumn ID1 INTEGER(mandatory, len < 10) 
23:58:11.847 [main] TRACE org.angnysa.autodb.metadata.jdbc.loader.JdbcMetadataLoader - Column loaded: TESTDB.PUBLIC.TEST_121_A :: JdbcColumn ID2 INTEGER(mandatory, len < 10) 
23:58:11.848 [main] TRACE org.angnysa.autodb.metadata.jdbc.loader.JdbcMetadataLoader - Index loaded: TESTDB.PUBLIC.TEST_121_A :: JdbcUniqueIndex [unique] name: 'PRIMARY_KEY_C', columns: ('ID1', 'ID2')
23:58:11.849 [main] TRACE org.angnysa.autodb.metadata.jdbc.loader.JdbcMetadataLoader - Primary Key loaded: TESTDB.PUBLIC.TEST_121_A :: JdbcUniqueIndex [unique] name: 'PK_TEST_121_A', columns: ('ID1', 'ID2')
23:58:11.849 [main] TRACE org.angnysa.autodb.metadata.jdbc.loader.JdbcMetadataLoader - Table loaded:
[!!!org.angnysa.autodb.metadata.jdbc.JdbcTable@72b57a9f=>java.lang.NullPointerException:Cannot invoke "org.angnysa.autodb.metadata.jdbc.JdbcDatabase.getRelations(org.angnysa.autodb.metadata.jdbc.JdbcTable)" because "this.database" is null!!!]
23:58:11.852 [main] TRACE org.angnysa.autodb.metadata.jdbc.loader.JdbcMetadataLoader - Column loaded: TESTDB.PUBLIC.TEST_121_B :: JdbcColumn ID1 INTEGER(mandatory, len < 10) 
23:58:11.853 [main] TRACE org.angnysa.autodb.metadata.jdbc.loader.JdbcMetadataLoader - Column loaded: TESTDB.PUBLIC.TEST_121_B :: JdbcColumn ID2 INTEGER(mandatory, len < 10) 
23:58:11.853 [main] TRACE org.angnysa.autodb.metadata.jdbc.loader.JdbcMetadataLoader - Column loaded: TESTDB.PUBLIC.TEST_121_B :: JdbcColumn A_ID1 INTEGER(mandatory, len < 10) 
23:58:11.853 [main] TRACE org.angnysa.autodb.metadata.jdbc.loader.JdbcMetadataLoader - Column loaded: TESTDB.PUBLIC.TEST_121_B :: JdbcColumn A_ID2 INTEGER(mandatory, len < 10) 
23:58:11.854 [main] TRACE org.angnysa.autodb.metadata.jdbc.loader.JdbcMetadataLoader - Index loaded: TESTDB.PUBLIC.TEST_121_B :: JdbcUniqueIndex [unique] name: 'UK_TEST_121_B_INDEX_C', columns: ('A_ID1', 'A_ID2')
23:58:11.854 [main] TRACE org.angnysa.autodb.metadata.jdbc.loader.JdbcMetadataLoader - Index loaded: TESTDB.PUBLIC.TEST_121_B :: JdbcUniqueIndex [unique] name: 'PRIMARY_KEY_CC', columns: ('ID1', 'ID2')
23:58:11.854 [main] TRACE org.angnysa.autodb.metadata.jdbc.loader.JdbcMetadataLoader - Primary Key loaded: TESTDB.PUBLIC.TEST_121_B :: JdbcUniqueIndex [unique] name: 'PK_TEST_121_B', columns: ('ID1', 'ID2')
23:58:11.855 [main] TRACE org.angnysa.autodb.metadata.jdbc.loader.JdbcMetadataLoader - Table loaded:
[!!!org.angnysa.autodb.metadata.jdbc.JdbcTable@65a5cc92=>java.lang.NullPointerException:Cannot invoke "org.angnysa.autodb.metadata.jdbc.JdbcDatabase.getRelations(org.angnysa.autodb.metadata.jdbc.JdbcTable)" because "this.database" is null!!!]
23:58:11.858 [main] TRACE org.angnysa.autodb.metadata.jdbc.loader.JdbcMetadataLoader - Column loaded: TESTDB.PUBLIC.TEST_M21_A :: JdbcColumn ID1 INTEGER(mandatory, len < 10) 
23:58:11.858 [main] TRACE org.angnysa.autodb.metadata.jdbc.loader.JdbcMetadataLoader - Column loaded: TESTDB.PUBLIC.TEST_M21_A :: JdbcColumn ID2 INTEGER(mandatory, len < 10) 
23:58:11.858 [main] TRACE org.angnysa.autodb.metadata.jdbc.loader.JdbcMetadataLoader - Index loaded: TESTDB.PUBLIC.TEST_M21_A :: JdbcUniqueIndex [unique] name: 'PRIMARY_KEY_CE', columns: ('ID1', 'ID2')
23:58:11.858 [main] TRACE org.angnysa.autodb.metadata.jdbc.loader.JdbcMetadataLoader - Primary Key loaded: TESTDB.PUBLIC.TEST_M21_A :: JdbcUniqueIndex [unique] name: 'PK_TEST_M21_A', columns: ('ID1', 'ID2')
23:58:11.859 [main] TRACE org.angnysa.autodb.metadata.jdbc.loader.JdbcMetadataLoader - Table loaded:
[!!!org.angnysa.autodb.metadata.jdbc.JdbcTable@349f3582=>java.lang.NullPointerException:Cannot invoke "org.angnysa.autodb.metadata.jdbc.JdbcDatabase.getRelations(org.angnysa.autodb.metadata.jdbc.JdbcTable)" because "this.database" is null!!!]
23:58:11.862 [main] TRACE org.angnysa.autodb.metadata.jdbc.loader.JdbcMetadataLoader - Column loaded: TESTDB.PUBLIC.TEST_M21_B :: JdbcColumn ID1 INTEGER(mandatory, len < 10) 
23:58:11.862 [main] TRACE org.angnysa.autodb.metadata.jdbc.loader.JdbcMetadataLoader - Column loaded: TESTDB.PUBLIC.TEST_M21_B :: JdbcColumn ID2 INTEGER(mandatory, len < 10) 
23:58:11.862 [main] TRACE org.angnysa.autodb.metadata.jdbc.loader.JdbcMetadataLoader - Column loaded: TESTDB.PUBLIC.TEST_M21_B :: JdbcColumn A_ID1 INTEGER(mandatory, len < 10) 
23:58:11.862 [main] TRACE org.angnysa.autodb.metadata.jdbc.loader.JdbcMetadataLoader - Column loaded: TESTDB.PUBLIC.TEST_M21_B :: JdbcColumn A_ID2 INTEGER(mandatory, len < 10) 
23:58:11.862 [main] TRACE org.angnysa.autodb.metadata.jdbc.loader.JdbcMetadataLoader - Index loaded: TESTDB.PUBLIC.TEST_M21_B :: JdbcIndex [index] name: 'FK_TEST_M21_B_A_INDEX_C', columns: ('A_ID1', 'A_ID2')
23:58:11.862 [main] TRACE org.angnysa.autodb.metadata.jdbc.loader.JdbcMetadataLoader - Index loaded: TESTDB.PUBLIC.TEST_M21_B :: JdbcIndex [index] name: 'ID_TEST_M21_B_A', columns: ('A_ID1', 'A_ID2')
23:58:11.862 [main] TRACE org.angnysa.autodb.metadata.jdbc.loader.JdbcMetadataLoader - Index loaded: TESTDB.PUBLIC.TEST_M21_B :: JdbcUniqueIndex [unique] name: 'PRIMARY_KEY_CE8', columns: ('ID1', 'ID2')
23:58:11.863 [main] TRACE org.angnysa.autodb.metadata.jdbc.loader.JdbcMetadataLoader - Primary Key loaded: TESTDB.PUBLIC.TEST_M21_B :: JdbcUniqueIndex [unique] name: 'PK_TEST_M21_B', columns: ('ID1', 'ID2')
23:58:11.863 [main] TRACE org.angnysa.autodb.metadata.jdbc.loader.JdbcMetadataLoader - Table loaded:
[!!!org.angnysa.autodb.metadata.jdbc.JdbcTable@669a3dd8=>java.lang.NullPointerException:Cannot invoke "org.angnysa.autodb.metadata.jdbc.JdbcDatabase.getRelations(org.angnysa.autodb.metadata.jdbc.JdbcTable)" because "this.database" is null!!!]
23:58:11.866 [main] TRACE org.angnysa.autodb.metadata.jdbc.loader.JdbcMetadataLoader - Column loaded: TESTDB.PUBLIC.TEST_M2M_A :: JdbcColumn ID1 INTEGER(mandatory, len < 10) 
23:58:11.866 [main] TRACE org.angnysa.autodb.metadata.jdbc.loader.JdbcMetadataLoader - Column loaded: TESTDB.PUBLIC.TEST_M2M_A :: JdbcColumn ID2 INTEGER(mandatory, len < 10) 
23:58:11.867 [main] TRACE org.angnysa.autodb.metadata.jdbc.loader.JdbcMetadataLoader - Index loaded: TESTDB.PUBLIC.TEST_M2M_A :: JdbcUniqueIndex [unique] name: 'PRIMARY_KEY_CE89', columns: ('ID1', 'ID2')
23:58:11.867 [main] TRACE org.angnysa.autodb.metadata.jdbc.loader.JdbcMetadataLoader - Primary Key loaded: TESTDB.PUBLIC.TEST_M2M_A :: JdbcUniqueIndex [unique] name: 'PK_TEST_M2M_A', columns: ('ID1', 'ID2')
23:58:11.867 [main] TRACE org.angnysa.autodb.metadata.jdbc.loader.JdbcMetadataLoader - Table loaded:
[!!!org.angnysa.autodb.metadata.jdbc.JdbcTable@78c95c22=>java.lang.NullPointerException:Cannot invoke "org.angnysa.autodb.metadata.jdbc.JdbcDatabase.getRelations(org.angnysa.autodb.metadata.jdbc.JdbcTable)" because "this.database" is null!!!]
23:58:11.871 [main] TRACE org.angnysa.autodb.metadata.jdbc.loader.JdbcMetadataLoader - Column loaded: TESTDB.PUBLIC.TEST_M2M_B :: JdbcColumn ID1 INTEGER(mandatory, len < 10) 
23:58:11.871 [main] TRACE org.angnysa.autodb.metadata.jdbc.loader.JdbcMetadataLoader - Column loaded: TESTDB.PUBLIC.TEST_M2M_B :: JdbcColumn ID2 INTEGER(mandatory, len < 10) 
23:58:11.871 [main] TRACE org.angnysa.autodb.metadata.jdbc.loader.JdbcMetadataLoader - Index loaded: TESTDB.PUBLIC.TEST_M2M_B :: JdbcUniqueIndex [unique] name: 'PRIMARY_KEY_CE896', columns: ('ID1', 'ID2')
23:58:11.871 [main] TRACE org.angnysa.autodb.metadata.jdbc.loader.JdbcMetadataLoader - Primary Key loaded: TESTDB.PUBLIC.TEST_M2M_B :: JdbcUniqueIndex [unique] name: 'PK_TEST_M2M_B', columns: ('ID1', 'ID2')
23:58:11.872 [main] TRACE org.angnysa.autodb.metadata.jdbc.loader.JdbcMetadataLoader - Table loaded:
[!!!org.angnysa.autodb.metadata.jdbc.JdbcTable@671f78b4=>java.lang.NullPointerException:Cannot invoke "org.angnysa.autodb.metadata.jdbc.JdbcDatabase.getRelations(org.angnysa.autodb.metadata.jdbc.JdbcTable)" because "this.database" is null!!!]
23:58:11.875 [main] TRACE org.angnysa.autodb.metadata.jdbc.loader.JdbcMetadataLoader - Column loaded: TESTDB.PUBLIC.TEST_M2M_REL :: JdbcColumn AB_ID1 INTEGER(mandatory, len < 10) 
23:58:11.875 [main] TRACE org.angnysa.autodb.metadata.jdbc.loader.JdbcMetadataLoader - Column loaded: TESTDB.PUBLIC.TEST_M2M_REL :: JdbcColumn A_ID2 INTEGER(mandatory, len < 10) 
23:58:11.875 [main] TRACE org.angnysa.autodb.metadata.jdbc.loader.JdbcMetadataLoader - Column loaded: TESTDB.PUBLIC.TEST_M2M_REL :: JdbcColumn B_ID2 INTEGER(mandatory, len < 10) 
23:58:11.875 [main] TRACE org.angnysa.autodb.metadata.jdbc.loader.JdbcMetadataLoader - Index loaded: TESTDB.PUBLIC.TEST_M2M_REL :: JdbcUniqueIndex [unique] name: 'PRIMARY_KEY_5', columns: ('AB_ID1', 'A_ID2', 'B_ID2')
23:58:11.875 [main] TRACE org.angnysa.autodb.metadata.jdbc.loader.JdbcMetadataLoader - Index loaded: TESTDB.PUBLIC.TEST_M2M_REL :: JdbcIndex [index] name: 'FK_TEST_M2M_REL_B_INDEX_5', columns: ('AB_ID1', 'B_ID2')
23:58:11.875 [main] TRACE org.angnysa.autodb.metadata.jdbc.loader.JdbcMetadataLoader - Index loaded: TESTDB.PUBLIC.TEST_M2M_REL :: JdbcIndex [index] name: 'FK_TEST_M2M_REL_A_INDEX_5', columns: ('AB_ID1', 'A_ID2')
23:58:11.875 [main] TRACE org.angnysa.autodb.metadata.jdbc.loader.JdbcMetadataLoader - Primary Key loaded: TESTDB.PUBLIC.TEST_M2M_REL :: JdbcUniqueIndex [unique] name: 'PK_TEST_M2M_REL', columns: ('AB_ID1', 'A_ID2', 'B_ID2')
23:58:11.876 [main] TRACE org.angnysa.autodb.metadata.jdbc.loader.JdbcMetadataLoader - Table loaded:
[!!!org.angnysa.autodb.metadata.jdbc.JdbcTable@5a5c0f56=>java.lang.NullPointerException:Cannot invoke "org.angnysa.autodb.metadata.jdbc.JdbcDatabase.getRelations(org.angnysa.autodb.metadata.jdbc.JdbcTable)" because "this.database" is null!!!]
]]></system-out>
  </testcase>
  <testcase name="testLoadRelations" classname="org.angnysa.autodb.metadata.jdbc.loader.db.TestJdbcMetadataLoader_H2" time="0.032">
    <error type="java.lang.IllegalStateException"><![CDATA[java.lang.IllegalStateException: No table named 'TESTDB.PUBLIC.TEST_121_B'
]]></error>
    <system-out><![CDATA[23:58:11.877 [main] DEBUG org.angnysa.autodb.metadata.jdbc.loader.AbstractJdbcMetadataLoaderTester - Target table: TEST_M21_B
23:58:11.877 [main] DEBUG org.angnysa.autodb.metadata.jdbc.loader.AbstractJdbcMetadataLoaderTester - Expected Relations: [ExpectedRelation(name=FK_TEST_M21_B_A, type=ManyToOne, mandatory=true, referencingColumns=[A_ID1, A_ID2], referencedTable=TEST_M21_A, referencedColumns=[ID1, ID2])]
23:58:11.883 [main] TRACE org.angnysa.autodb.metadata.jdbc.loader.JdbcMetadataLoader - Column loaded: TESTDB.PUBLIC.TEST_121_A :: JdbcColumn ID1 INTEGER(mandatory, len < 10) 
23:58:11.883 [main] TRACE org.angnysa.autodb.metadata.jdbc.loader.JdbcMetadataLoader - Column loaded: TESTDB.PUBLIC.TEST_121_A :: JdbcColumn ID2 INTEGER(mandatory, len < 10) 
23:58:11.884 [main] TRACE org.angnysa.autodb.metadata.jdbc.loader.JdbcMetadataLoader - Index loaded: TESTDB.PUBLIC.TEST_121_A :: JdbcUniqueIndex [unique] name: 'PRIMARY_KEY_C', columns: ('ID1', 'ID2')
23:58:11.884 [main] TRACE org.angnysa.autodb.metadata.jdbc.loader.JdbcMetadataLoader - Primary Key loaded: TESTDB.PUBLIC.TEST_121_A :: JdbcUniqueIndex [unique] name: 'PK_TEST_121_A', columns: ('ID1', 'ID2')
23:58:11.884 [main] TRACE org.angnysa.autodb.metadata.jdbc.loader.JdbcMetadataLoader - Table loaded:
[!!!org.angnysa.autodb.metadata.jdbc.JdbcTable@1b572ba5=>java.lang.NullPointerException:Cannot invoke "org.angnysa.autodb.metadata.jdbc.JdbcDatabase.getRelations(org.angnysa.autodb.metadata.jdbc.JdbcTable)" because "this.database" is null!!!]
23:58:11.887 [main] TRACE org.angnysa.autodb.metadata.jdbc.loader.JdbcMetadataLoader - Column loaded: TESTDB.PUBLIC.TEST_121_B :: JdbcColumn ID1 INTEGER(mandatory, len < 10) 
23:58:11.887 [main] TRACE org.angnysa.autodb.metadata.jdbc.loader.JdbcMetadataLoader - Column loaded: TESTDB.PUBLIC.TEST_121_B :: JdbcColumn ID2 INTEGER(mandatory, len < 10) 
23:58:11.887 [main] TRACE org.angnysa.autodb.metadata.jdbc.loader.JdbcMetadataLoader - Column loaded: TESTDB.PUBLIC.TEST_121_B :: JdbcColumn A_ID1 INTEGER(mandatory, len < 10) 
23:58:11.887 [main] TRACE org.angnysa.autodb.metadata.jdbc.loader.JdbcMetadataLoader - Column loaded: TESTDB.PUBLIC.TEST_121_B :: JdbcColumn A_ID2 INTEGER(mandatory, len < 10) 
23:58:11.887 [main] TRACE org.angnysa.autodb.metadata.jdbc.loader.JdbcMetadataLoader - Index loaded: TESTDB.PUBLIC.TEST_121_B :: JdbcUniqueIndex [unique] name: 'UK_TEST_121_B_INDEX_C', columns: ('A_ID1', 'A_ID2')
23:58:11.887 [main] TRACE org.angnysa.autodb.metadata.jdbc.loader.JdbcMetadataLoader - Index loaded: TESTDB.PUBLIC.TEST_121_B :: JdbcUniqueIndex [unique] name: 'PRIMARY_KEY_CC', columns: ('ID1', 'ID2')
23:58:11.888 [main] TRACE org.angnysa.autodb.metadata.jdbc.loader.JdbcMetadataLoader - Primary Key loaded: TESTDB.PUBLIC.TEST_121_B :: JdbcUniqueIndex [unique] name: 'PK_TEST_121_B', columns: ('ID1', 'ID2')
23:58:11.888 [main] TRACE org.angnysa.autodb.metadata.jdbc.loader.JdbcMetadataLoader - Table loaded:
[!!!org.angnysa.autodb.metadata.jdbc.JdbcTable@390c96a1=>java.lang.NullPointerException:Cannot invoke "org.angnysa.autodb.metadata.jdbc.JdbcDatabase.getRelations(org.angnysa.autodb.metadata.jdbc.JdbcTable)" because "this.database" is null!!!]
23:58:11.891 [main] TRACE org.angnysa.autodb.metadata.jdbc.loader.JdbcMetadataLoader - Column loaded: TESTDB.PUBLIC.TEST_M21_A :: JdbcColumn ID1 INTEGER(mandatory, len < 10) 
23:58:11.891 [main] TRACE org.angnysa.autodb.metadata.jdbc.loader.JdbcMetadataLoader - Column loaded: TESTDB.PUBLIC.TEST_M21_A :: JdbcColumn ID2 INTEGER(mandatory, len < 10) 
23:58:11.892 [main] TRACE org.angnysa.autodb.metadata.jdbc.loader.JdbcMetadataLoader - Index loaded: TESTDB.PUBLIC.TEST_M21_A :: JdbcUniqueIndex [unique] name: 'PRIMARY_KEY_CE', columns: ('ID1', 'ID2')
23:58:11.892 [main] TRACE org.angnysa.autodb.metadata.jdbc.loader.JdbcMetadataLoader - Primary Key loaded: TESTDB.PUBLIC.TEST_M21_A :: JdbcUniqueIndex [unique] name: 'PK_TEST_M21_A', columns: ('ID1', 'ID2')
23:58:11.892 [main] TRACE org.angnysa.autodb.metadata.jdbc.loader.JdbcMetadataLoader - Table loaded:
[!!!org.angnysa.autodb.metadata.jdbc.JdbcTable@6f0efd55=>java.lang.NullPointerException:Cannot invoke "org.angnysa.autodb.metadata.jdbc.JdbcDatabase.getRelations(org.angnysa.autodb.metadata.jdbc.JdbcTable)" because "this.database" is null!!!]
23:58:11.895 [main] TRACE org.angnysa.autodb.metadata.jdbc.loader.JdbcMetadataLoader - Column loaded: TESTDB.PUBLIC.TEST_M21_B :: JdbcColumn ID1 INTEGER(mandatory, len < 10) 
23:58:11.895 [main] TRACE org.angnysa.autodb.metadata.jdbc.loader.JdbcMetadataLoader - Column loaded: TESTDB.PUBLIC.TEST_M21_B :: JdbcColumn ID2 INTEGER(mandatory, len < 10) 
23:58:11.895 [main] TRACE org.angnysa.autodb.metadata.jdbc.loader.JdbcMetadataLoader - Column loaded: TESTDB.PUBLIC.TEST_M21_B :: JdbcColumn A_ID1 INTEGER(mandatory, len < 10) 
23:58:11.895 [main] TRACE org.angnysa.autodb.metadata.jdbc.loader.JdbcMetadataLoader - Column loaded: TESTDB.PUBLIC.TEST_M21_B :: JdbcColumn A_ID2 INTEGER(mandatory, len < 10) 
23:58:11.895 [main] TRACE org.angnysa.autodb.metadata.jdbc.loader.JdbcMetadataLoader - Index loaded: TESTDB.PUBLIC.TEST_M21_B :: JdbcIndex [index] name: 'FK_TEST_M21_B_A_INDEX_C', columns: ('A_ID1', 'A_ID2')
23:58:11.895 [main] TRACE org.angnysa.autodb.metadata.jdbc.loader.JdbcMetadataLoader - Index loaded: TESTDB.PUBLIC.TEST_M21_B :: JdbcIndex [index] name: 'ID_TEST_M21_B_A', columns: ('A_ID1', 'A_ID2')
23:58:11.895 [main] TRACE org.angnysa.autodb.metadata.jdbc.loader.JdbcMetadataLoader - Index loaded: TESTDB.PUBLIC.TEST_M21_B :: JdbcUniqueIndex [unique] name: 'PRIMARY_KEY_CE8', columns: ('ID1', 'ID2')
23:58:11.895 [main] TRACE org.angnysa.autodb.metadata.jdbc.loader.JdbcMetadataLoader - Primary Key loaded: TESTDB.PUBLIC.TEST_M21_B :: JdbcUniqueIndex [unique] name: 'PK_TEST_M21_B', columns: ('ID1', 'ID2')
23:58:11.896 [main] TRACE org.angnysa.autodb.metadata.jdbc.loader.JdbcMetadataLoader - Table loaded:
[!!!org.angnysa.autodb.metadata.jdbc.JdbcTable@25c8d646=>java.lang.NullPointerException:Cannot invoke "org.angnysa.autodb.metadata.jdbc.JdbcDatabase.getRelations(org.angnysa.autodb.metadata.jdbc.JdbcTable)" because "this.database" is null!!!]
23:58:11.899 [main] TRACE org.angnysa.autodb.metadata.jdbc.loader.JdbcMetadataLoader - Column loaded: TESTDB.PUBLIC.TEST_M2M_A :: JdbcColumn ID1 INTEGER(mandatory, len < 10) 
23:58:11.899 [main] TRACE org.angnysa.autodb.metadata.jdbc.loader.JdbcMetadataLoader - Column loaded: TESTDB.PUBLIC.TEST_M2M_A :: JdbcColumn ID2 INTEGER(mandatory, len < 10) 
23:58:11.899 [main] TRACE org.angnysa.autodb.metadata.jdbc.loader.JdbcMetadataLoader - Index loaded: TESTDB.PUBLIC.TEST_M2M_A :: JdbcUniqueIndex [unique] name: 'PRIMARY_KEY_CE89', columns: ('ID1', 'ID2')
23:58:11.900 [main] TRACE org.angnysa.autodb.metadata.jdbc.loader.JdbcMetadataLoader - Primary Key loaded: TESTDB.PUBLIC.TEST_M2M_A :: JdbcUniqueIndex [unique] name: 'PK_TEST_M2M_A', columns: ('ID1', 'ID2')
23:58:11.900 [main] TRACE org.angnysa.autodb.metadata.jdbc.loader.JdbcMetadataLoader - Table loaded:
[!!!org.angnysa.autodb.metadata.jdbc.JdbcTable@4782e182=>java.lang.NullPointerException:Cannot invoke "org.angnysa.autodb.metadata.jdbc.JdbcDatabase.getRelations(org.angnysa.autodb.metadata.jdbc.JdbcTable)" because "this.database" is null!!!]
23:58:11.903 [main] TRACE org.angnysa.autodb.metadata.jdbc.loader.JdbcMetadataLoader - Column loaded: TESTDB.PUBLIC.TEST_M2M_B :: JdbcColumn ID1 INTEGER(mandatory, len < 10) 
23:58:11.903 [main] TRACE org.angnysa.autodb.metadata.jdbc.loader.JdbcMetadataLoader - Column loaded: TESTDB.PUBLIC.TEST_M2M_B :: JdbcColumn ID2 INTEGER(mandatory, len < 10) 
23:58:11.904 [main] TRACE org.angnysa.autodb.metadata.jdbc.loader.JdbcMetadataLoader - Index loaded: TESTDB.PUBLIC.TEST_M2M_B :: JdbcUniqueIndex [unique] name: 'PRIMARY_KEY_CE896', columns: ('ID1', 'ID2')
23:58:11.904 [main] TRACE org.angnysa.autodb.metadata.jdbc.loader.JdbcMetadataLoader - Primary Key loaded: TESTDB.PUBLIC.TEST_M2M_B :: JdbcUniqueIndex [unique] name: 'PK_TEST_M2M_B', columns: ('ID1', 'ID2')
23:58:11.904 [main] TRACE org.angnysa.autodb.metadata.jdbc.loader.JdbcMetadataLoader - Table loaded:
[!!!org.angnysa.autodb.metadata.jdbc.JdbcTable@3bdb3f28=>java.lang.NullPointerException:Cannot invoke "org.angnysa.autodb.metadata.jdbc.JdbcDatabase.getRelations(org.angnysa.autodb.metadata.jdbc.JdbcTable)" because "this.database" is null!!!]
23:58:11.907 [main] TRACE org.angnysa.autodb.metadata.jdbc.loader.JdbcMetadataLoader - Column loaded: TESTDB.PUBLIC.TEST_M2M_REL :: JdbcColumn AB_ID1 INTEGER(mandatory, len < 10) 
23:58:11.907 [main] TRACE org.angnysa.autodb.metadata.jdbc.loader.JdbcMetadataLoader - Column loaded: TESTDB.PUBLIC.TEST_M2M_REL :: JdbcColumn A_ID2 INTEGER(mandatory, len < 10) 
23:58:11.907 [main] TRACE org.angnysa.autodb.metadata.jdbc.loader.JdbcMetadataLoader - Column loaded: TESTDB.PUBLIC.TEST_M2M_REL :: JdbcColumn B_ID2 INTEGER(mandatory, len < 10) 
23:58:11.908 [main] TRACE org.angnysa.autodb.metadata.jdbc.loader.JdbcMetadataLoader - Index loaded: TESTDB.PUBLIC.TEST_M2M_REL :: JdbcUniqueIndex [unique] name: 'PRIMARY_KEY_5', columns: ('AB_ID1', 'A_ID2', 'B_ID2')
23:58:11.908 [main] TRACE org.angnysa.autodb.metadata.jdbc.loader.JdbcMetadataLoader - Index loaded: TESTDB.PUBLIC.TEST_M2M_REL :: JdbcIndex [index] name: 'FK_TEST_M2M_REL_B_INDEX_5', columns: ('AB_ID1', 'B_ID2')
23:58:11.908 [main] TRACE org.angnysa.autodb.metadata.jdbc.loader.JdbcMetadataLoader - Index loaded: TESTDB.PUBLIC.TEST_M2M_REL :: JdbcIndex [index] name: 'FK_TEST_M2M_REL_A_INDEX_5', columns: ('AB_ID1', 'A_ID2')
23:58:11.908 [main] TRACE org.angnysa.autodb.metadata.jdbc.loader.JdbcMetadataLoader - Primary Key loaded: TESTDB.PUBLIC.TEST_M2M_REL :: JdbcUniqueIndex [unique] name: 'PK_TEST_M2M_REL', columns: ('AB_ID1', 'A_ID2', 'B_ID2')
23:58:11.908 [main] TRACE org.angnysa.autodb.metadata.jdbc.loader.JdbcMetadataLoader - Table loaded:
[!!!org.angnysa.autodb.metadata.jdbc.JdbcTable@460dc324=>java.lang.NullPointerException:Cannot invoke "org.angnysa.autodb.metadata.jdbc.JdbcDatabase.getRelations(org.angnysa.autodb.metadata.jdbc.JdbcTable)" because "this.database" is null!!!]
]]></system-out>
  </testcase>
  <testcase name="testLoadRelations" classname="org.angnysa.autodb.metadata.jdbc.loader.db.TestJdbcMetadataLoader_H2" time="0.036">
    <error type="java.lang.IllegalStateException"><![CDATA[java.lang.IllegalStateException: No table named 'TESTDB.PUBLIC.TEST_121_B'
]]></error>
    <system-out><![CDATA[23:58:11.910 [main] DEBUG org.angnysa.autodb.metadata.jdbc.loader.AbstractJdbcMetadataLoaderTester - Target table: TEST_M2M_A
23:58:11.910 [main] DEBUG org.angnysa.autodb.metadata.jdbc.loader.AbstractJdbcMetadataLoaderTester - Expected Relations: [ExpectedRelation(name=FK_TEST_M2M_REL_A, type=ManyToMany, mandatory=false, referencingColumns=[ID1, ID2], referencedTable=TEST_M2M_B, referencedColumns=[ID1, ID2])]
23:58:11.916 [main] TRACE org.angnysa.autodb.metadata.jdbc.loader.JdbcMetadataLoader - Column loaded: TESTDB.PUBLIC.TEST_121_A :: JdbcColumn ID1 INTEGER(mandatory, len < 10) 
23:58:11.916 [main] TRACE org.angnysa.autodb.metadata.jdbc.loader.JdbcMetadataLoader - Column loaded: TESTDB.PUBLIC.TEST_121_A :: JdbcColumn ID2 INTEGER(mandatory, len < 10) 
23:58:11.917 [main] TRACE org.angnysa.autodb.metadata.jdbc.loader.JdbcMetadataLoader - Index loaded: TESTDB.PUBLIC.TEST_121_A :: JdbcUniqueIndex [unique] name: 'PRIMARY_KEY_C', columns: ('ID1', 'ID2')
23:58:11.917 [main] TRACE org.angnysa.autodb.metadata.jdbc.loader.JdbcMetadataLoader - Primary Key loaded: TESTDB.PUBLIC.TEST_121_A :: JdbcUniqueIndex [unique] name: 'PK_TEST_121_A', columns: ('ID1', 'ID2')
23:58:11.917 [main] TRACE org.angnysa.autodb.metadata.jdbc.loader.JdbcMetadataLoader - Table loaded:
[!!!org.angnysa.autodb.metadata.jdbc.JdbcTable@1a61a2c4=>java.lang.NullPointerException:Cannot invoke "org.angnysa.autodb.metadata.jdbc.JdbcDatabase.getRelations(org.angnysa.autodb.metadata.jdbc.JdbcTable)" because "this.database" is null!!!]
23:58:11.921 [main] TRACE org.angnysa.autodb.metadata.jdbc.loader.JdbcMetadataLoader - Column loaded: TESTDB.PUBLIC.TEST_121_B :: JdbcColumn ID1 INTEGER(mandatory, len < 10) 
23:58:11.921 [main] TRACE org.angnysa.autodb.metadata.jdbc.loader.JdbcMetadataLoader - Column loaded: TESTDB.PUBLIC.TEST_121_B :: JdbcColumn ID2 INTEGER(mandatory, len < 10) 
23:58:11.921 [main] TRACE org.angnysa.autodb.metadata.jdbc.loader.JdbcMetadataLoader - Column loaded: TESTDB.PUBLIC.TEST_121_B :: JdbcColumn A_ID1 INTEGER(mandatory, len < 10) 
23:58:11.921 [main] TRACE org.angnysa.autodb.metadata.jdbc.loader.JdbcMetadataLoader - Column loaded: TESTDB.PUBLIC.TEST_121_B :: JdbcColumn A_ID2 INTEGER(mandatory, len < 10) 
23:58:11.922 [main] TRACE org.angnysa.autodb.metadata.jdbc.loader.JdbcMetadataLoader - Index loaded: TESTDB.PUBLIC.TEST_121_B :: JdbcUniqueIndex [unique] name: 'UK_TEST_121_B_INDEX_C', columns: ('A_ID1', 'A_ID2')
23:58:11.922 [main] TRACE org.angnysa.autodb.metadata.jdbc.loader.JdbcMetadataLoader - Index loaded: TESTDB.PUBLIC.TEST_121_B :: JdbcUniqueIndex [unique] name: 'PRIMARY_KEY_CC', columns: ('ID1', 'ID2')
23:58:11.922 [main] TRACE org.angnysa.autodb.metadata.jdbc.loader.JdbcMetadataLoader - Primary Key loaded: TESTDB.PUBLIC.TEST_121_B :: JdbcUniqueIndex [unique] name: 'PK_TEST_121_B', columns: ('ID1', 'ID2')
23:58:11.922 [main] TRACE org.angnysa.autodb.metadata.jdbc.loader.JdbcMetadataLoader - Table loaded:
[!!!org.angnysa.autodb.metadata.jdbc.JdbcTable@1ea555d=>java.lang.NullPointerException:Cannot invoke "org.angnysa.autodb.metadata.jdbc.JdbcDatabase.getRelations(org.angnysa.autodb.metadata.jdbc.JdbcTable)" because "this.database" is null!!!]
23:58:11.925 [main] TRACE org.angnysa.autodb.metadata.jdbc.loader.JdbcMetadataLoader - Column loaded: TESTDB.PUBLIC.TEST_M21_A :: JdbcColumn ID1 INTEGER(mandatory, len < 10) 
23:58:11.925 [main] TRACE org.angnysa.autodb.metadata.jdbc.loader.JdbcMetadataLoader - Column loaded: TESTDB.PUBLIC.TEST_M21_A :: JdbcColumn ID2 INTEGER(mandatory, len < 10) 
23:58:11.926 [main] TRACE org.angnysa.autodb.metadata.jdbc.loader.JdbcMetadataLoader - Index loaded: TESTDB.PUBLIC.TEST_M21_A :: JdbcUniqueIndex [unique] name: 'PRIMARY_KEY_CE', columns: ('ID1', 'ID2')
23:58:11.926 [main] TRACE org.angnysa.autodb.metadata.jdbc.loader.JdbcMetadataLoader - Primary Key loaded: TESTDB.PUBLIC.TEST_M21_A :: JdbcUniqueIndex [unique] name: 'PK_TEST_M21_A', columns: ('ID1', 'ID2')
23:58:11.926 [main] TRACE org.angnysa.autodb.metadata.jdbc.loader.JdbcMetadataLoader - Table loaded:
[!!!org.angnysa.autodb.metadata.jdbc.JdbcTable@12a7999=>java.lang.NullPointerException:Cannot invoke "org.angnysa.autodb.metadata.jdbc.JdbcDatabase.getRelations(org.angnysa.autodb.metadata.jdbc.JdbcTable)" because "this.database" is null!!!]
23:58:11.929 [main] TRACE org.angnysa.autodb.metadata.jdbc.loader.JdbcMetadataLoader - Column loaded: TESTDB.PUBLIC.TEST_M21_B :: JdbcColumn ID1 INTEGER(mandatory, len < 10) 
23:58:11.930 [main] TRACE org.angnysa.autodb.metadata.jdbc.loader.JdbcMetadataLoader - Column loaded: TESTDB.PUBLIC.TEST_M21_B :: JdbcColumn ID2 INTEGER(mandatory, len < 10) 
23:58:11.930 [main] TRACE org.angnysa.autodb.metadata.jdbc.loader.JdbcMetadataLoader - Column loaded: TESTDB.PUBLIC.TEST_M21_B :: JdbcColumn A_ID1 INTEGER(mandatory, len < 10) 
23:58:11.930 [main] TRACE org.angnysa.autodb.metadata.jdbc.loader.JdbcMetadataLoader - Column loaded: TESTDB.PUBLIC.TEST_M21_B :: JdbcColumn A_ID2 INTEGER(mandatory, len < 10) 
23:58:11.930 [main] TRACE org.angnysa.autodb.metadata.jdbc.loader.JdbcMetadataLoader - Index loaded: TESTDB.PUBLIC.TEST_M21_B :: JdbcIndex [index] name: 'FK_TEST_M21_B_A_INDEX_C', columns: ('A_ID1', 'A_ID2')
23:58:11.930 [main] TRACE org.angnysa.autodb.metadata.jdbc.loader.JdbcMetadataLoader - Index loaded: TESTDB.PUBLIC.TEST_M21_B :: JdbcIndex [index] name: 'ID_TEST_M21_B_A', columns: ('A_ID1', 'A_ID2')
23:58:11.930 [main] TRACE org.angnysa.autodb.metadata.jdbc.loader.JdbcMetadataLoader - Index loaded: TESTDB.PUBLIC.TEST_M21_B :: JdbcUniqueIndex [unique] name: 'PRIMARY_KEY_CE8', columns: ('ID1', 'ID2')
23:58:11.931 [main] TRACE org.angnysa.autodb.metadata.jdbc.loader.JdbcMetadataLoader - Primary Key loaded: TESTDB.PUBLIC.TEST_M21_B :: JdbcUniqueIndex [unique] name: 'PK_TEST_M21_B', columns: ('ID1', 'ID2')
23:58:11.931 [main] TRACE org.angnysa.autodb.metadata.jdbc.loader.JdbcMetadataLoader - Table loaded:
[!!!org.angnysa.autodb.metadata.jdbc.JdbcTable@766e7a0f=>java.lang.NullPointerException:Cannot invoke "org.angnysa.autodb.metadata.jdbc.JdbcDatabase.getRelations(org.angnysa.autodb.metadata.jdbc.JdbcTable)" because "this.database" is null!!!]
23:58:11.934 [main] TRACE org.angnysa.autodb.metadata.jdbc.loader.JdbcMetadataLoader - Column loaded: TESTDB.PUBLIC.TEST_M2M_A :: JdbcColumn ID1 INTEGER(mandatory, len < 10) 
23:58:11.934 [main] TRACE org.angnysa.autodb.metadata.jdbc.loader.JdbcMetadataLoader - Column loaded: TESTDB.PUBLIC.TEST_M2M_A :: JdbcColumn ID2 INTEGER(mandatory, len < 10) 
23:58:11.935 [main] TRACE org.angnysa.autodb.metadata.jdbc.loader.JdbcMetadataLoader - Index loaded: TESTDB.PUBLIC.TEST_M2M_A :: JdbcUniqueIndex [unique] name: 'PRIMARY_KEY_CE89', columns: ('ID1', 'ID2')
23:58:11.935 [main] TRACE org.angnysa.autodb.metadata.jdbc.loader.JdbcMetadataLoader - Primary Key loaded: TESTDB.PUBLIC.TEST_M2M_A :: JdbcUniqueIndex [unique] name: 'PK_TEST_M2M_A', columns: ('ID1', 'ID2')
23:58:11.935 [main] TRACE org.angnysa.autodb.metadata.jdbc.loader.JdbcMetadataLoader - Table loaded:
[!!!org.angnysa.autodb.metadata.jdbc.JdbcTable@6622a1d0=>java.lang.NullPointerException:Cannot invoke "org.angnysa.autodb.metadata.jdbc.JdbcDatabase.getRelations(org.angnysa.autodb.metadata.jdbc.JdbcTable)" because "this.database" is null!!!]
23:58:11.939 [main] TRACE org.angnysa.autodb.metadata.jdbc.loader.JdbcMetadataLoader - Column loaded: TESTDB.PUBLIC.TEST_M2M_B :: JdbcColumn ID1 INTEGER(mandatory, len < 10) 
23:58:11.939 [main] TRACE org.angnysa.autodb.metadata.jdbc.loader.JdbcMetadataLoader - Column loaded: TESTDB.PUBLIC.TEST_M2M_B :: JdbcColumn ID2 INTEGER(mandatory, len < 10) 
23:58:11.940 [main] TRACE org.angnysa.autodb.metadata.jdbc.loader.JdbcMetadataLoader - Index loaded: TESTDB.PUBLIC.TEST_M2M_B :: JdbcUniqueIndex [unique] name: 'PRIMARY_KEY_CE896', columns: ('ID1', 'ID2')
23:58:11.940 [main] TRACE org.angnysa.autodb.metadata.jdbc.loader.JdbcMetadataLoader - Primary Key loaded: TESTDB.PUBLIC.TEST_M2M_B :: JdbcUniqueIndex [unique] name: 'PK_TEST_M2M_B', columns: ('ID1', 'ID2')
23:58:11.940 [main] TRACE org.angnysa.autodb.metadata.jdbc.loader.JdbcMetadataLoader - Table loaded:
[!!!org.angnysa.autodb.metadata.jdbc.JdbcTable@2a37e02b=>java.lang.NullPointerException:Cannot invoke "org.angnysa.autodb.metadata.jdbc.JdbcDatabase.getRelations(org.angnysa.autodb.metadata.jdbc.JdbcTable)" because "this.database" is null!!!]
23:58:11.944 [main] TRACE org.angnysa.autodb.metadata.jdbc.loader.JdbcMetadataLoader - Column loaded: TESTDB.PUBLIC.TEST_M2M_REL :: JdbcColumn AB_ID1 INTEGER(mandatory, len < 10) 
23:58:11.944 [main] TRACE org.angnysa.autodb.metadata.jdbc.loader.JdbcMetadataLoader - Column loaded: TESTDB.PUBLIC.TEST_M2M_REL :: JdbcColumn A_ID2 INTEGER(mandatory, len < 10) 
23:58:11.944 [main] TRACE org.angnysa.autodb.metadata.jdbc.loader.JdbcMetadataLoader - Column loaded: TESTDB.PUBLIC.TEST_M2M_REL :: JdbcColumn B_ID2 INTEGER(mandatory, len < 10) 
23:58:11.945 [main] TRACE org.angnysa.autodb.metadata.jdbc.loader.JdbcMetadataLoader - Index loaded: TESTDB.PUBLIC.TEST_M2M_REL :: JdbcUniqueIndex [unique] name: 'PRIMARY_KEY_5', columns: ('AB_ID1', 'A_ID2', 'B_ID2')
23:58:11.945 [main] TRACE org.angnysa.autodb.metadata.jdbc.loader.JdbcMetadataLoader - Index loaded: TESTDB.PUBLIC.TEST_M2M_REL :: JdbcIndex [index] name: 'FK_TEST_M2M_REL_B_INDEX_5', columns: ('AB_ID1', 'B_ID2')
23:58:11.945 [main] TRACE org.angnysa.autodb.metadata.jdbc.loader.JdbcMetadataLoader - Index loaded: TESTDB.PUBLIC.TEST_M2M_REL :: JdbcIndex [index] name: 'FK_TEST_M2M_REL_A_INDEX_5', columns: ('AB_ID1', 'A_ID2')
23:58:11.945 [main] TRACE org.angnysa.autodb.metadata.jdbc.loader.JdbcMetadataLoader - Primary Key loaded: TESTDB.PUBLIC.TEST_M2M_REL :: JdbcUniqueIndex [unique] name: 'PK_TEST_M2M_REL', columns: ('AB_ID1', 'A_ID2', 'B_ID2')
23:58:11.945 [main] TRACE org.angnysa.autodb.metadata.jdbc.loader.JdbcMetadataLoader - Table loaded:
[!!!org.angnysa.autodb.metadata.jdbc.JdbcTable@5a7ec872=>java.lang.NullPointerException:Cannot invoke "org.angnysa.autodb.metadata.jdbc.JdbcDatabase.getRelations(org.angnysa.autodb.metadata.jdbc.JdbcTable)" because "this.database" is null!!!]
]]></system-out>
  </testcase>
  <testcase name="testLoadRelations" classname="org.angnysa.autodb.metadata.jdbc.loader.db.TestJdbcMetadataLoader_H2" time="0.036">
    <error type="java.lang.IllegalStateException"><![CDATA[java.lang.IllegalStateException: No table named 'TESTDB.PUBLIC.TEST_121_B'
]]></error>
    <system-out><![CDATA[23:58:11.947 [main] DEBUG org.angnysa.autodb.metadata.jdbc.loader.AbstractJdbcMetadataLoaderTester - Target table: TEST_M2M_B
23:58:11.947 [main] DEBUG org.angnysa.autodb.metadata.jdbc.loader.AbstractJdbcMetadataLoaderTester - Expected Relations: [ExpectedRelation(name=FK_TEST_M2M_REL_B, type=ManyToMany, mandatory=false, referencingColumns=[ID1, ID2], referencedTable=TEST_M2M_A, referencedColumns=[ID1, ID2])]
23:58:11.955 [main] TRACE org.angnysa.autodb.metadata.jdbc.loader.JdbcMetadataLoader - Column loaded: TESTDB.PUBLIC.TEST_121_A :: JdbcColumn ID1 INTEGER(mandatory, len < 10) 
23:58:11.955 [main] TRACE org.angnysa.autodb.metadata.jdbc.loader.JdbcMetadataLoader - Column loaded: TESTDB.PUBLIC.TEST_121_A :: JdbcColumn ID2 INTEGER(mandatory, len < 10) 
23:58:11.955 [main] TRACE org.angnysa.autodb.metadata.jdbc.loader.JdbcMetadataLoader - Index loaded: TESTDB.PUBLIC.TEST_121_A :: JdbcUniqueIndex [unique] name: 'PRIMARY_KEY_C', columns: ('ID1', 'ID2')
23:58:11.956 [main] TRACE org.angnysa.autodb.metadata.jdbc.loader.JdbcMetadataLoader - Primary Key loaded: TESTDB.PUBLIC.TEST_121_A :: JdbcUniqueIndex [unique] name: 'PK_TEST_121_A', columns: ('ID1', 'ID2')
23:58:11.956 [main] TRACE org.angnysa.autodb.metadata.jdbc.loader.JdbcMetadataLoader - Table loaded:
[!!!org.angnysa.autodb.metadata.jdbc.JdbcTable@69a4249=>java.lang.NullPointerException:Cannot invoke "org.angnysa.autodb.metadata.jdbc.JdbcDatabase.getRelations(org.angnysa.autodb.metadata.jdbc.JdbcTable)" because "this.database" is null!!!]
23:58:11.959 [main] TRACE org.angnysa.autodb.metadata.jdbc.loader.JdbcMetadataLoader - Column loaded: TESTDB.PUBLIC.TEST_121_B :: JdbcColumn ID1 INTEGER(mandatory, len < 10) 
23:58:11.959 [main] TRACE org.angnysa.autodb.metadata.jdbc.loader.JdbcMetadataLoader - Column loaded: TESTDB.PUBLIC.TEST_121_B :: JdbcColumn ID2 INTEGER(mandatory, len < 10) 
23:58:11.959 [main] TRACE org.angnysa.autodb.metadata.jdbc.loader.JdbcMetadataLoader - Column loaded: TESTDB.PUBLIC.TEST_121_B :: JdbcColumn A_ID1 INTEGER(mandatory, len < 10) 
23:58:11.959 [main] TRACE org.angnysa.autodb.metadata.jdbc.loader.JdbcMetadataLoader - Column loaded: TESTDB.PUBLIC.TEST_121_B :: JdbcColumn A_ID2 INTEGER(mandatory, len < 10) 
23:58:11.960 [main] TRACE org.angnysa.autodb.metadata.jdbc.loader.JdbcMetadataLoader - Index loaded: TESTDB.PUBLIC.TEST_121_B :: JdbcUniqueIndex [unique] name: 'UK_TEST_121_B_INDEX_C', columns: ('A_ID1', 'A_ID2')
23:58:11.960 [main] TRACE org.angnysa.autodb.metadata.jdbc.loader.JdbcMetadataLoader - Index loaded: TESTDB.PUBLIC.TEST_121_B :: JdbcUniqueIndex [unique] name: 'PRIMARY_KEY_CC', columns: ('ID1', 'ID2')
23:58:11.960 [main] TRACE org.angnysa.autodb.metadata.jdbc.loader.JdbcMetadataLoader - Primary Key loaded: TESTDB.PUBLIC.TEST_121_B :: JdbcUniqueIndex [unique] name: 'PK_TEST_121_B', columns: ('ID1', 'ID2')
23:58:11.960 [main] TRACE org.angnysa.autodb.metadata.jdbc.loader.JdbcMetadataLoader - Table loaded:
[!!!org.angnysa.autodb.metadata.jdbc.JdbcTable@95d3dc8=>java.lang.NullPointerException:Cannot invoke "org.angnysa.autodb.metadata.jdbc.JdbcDatabase.getRelations(org.angnysa.autodb.metadata.jdbc.JdbcTable)" because "this.database" is null!!!]
23:58:11.964 [main] TRACE org.angnysa.autodb.metadata.jdbc.loader.JdbcMetadataLoader - Column loaded: TESTDB.PUBLIC.TEST_M21_A :: JdbcColumn ID1 INTEGER(mandatory, len < 10) 
23:58:11.964 [main] TRACE org.angnysa.autodb.metadata.jdbc.loader.JdbcMetadataLoader - Column loaded: TESTDB.PUBLIC.TEST_M21_A :: JdbcColumn ID2 INTEGER(mandatory, len < 10) 
23:58:11.964 [main] TRACE org.angnysa.autodb.metadata.jdbc.loader.JdbcMetadataLoader - Index loaded: TESTDB.PUBLIC.TEST_M21_A :: JdbcUniqueIndex [unique] name: 'PRIMARY_KEY_CE', columns: ('ID1', 'ID2')
23:58:11.965 [main] TRACE org.angnysa.autodb.metadata.jdbc.loader.JdbcMetadataLoader - Primary Key loaded: TESTDB.PUBLIC.TEST_M21_A :: JdbcUniqueIndex [unique] name: 'PK_TEST_M21_A', columns: ('ID1', 'ID2')
23:58:11.965 [main] TRACE org.angnysa.autodb.metadata.jdbc.loader.JdbcMetadataLoader - Table loaded:
[!!!org.angnysa.autodb.metadata.jdbc.JdbcTable@2da788b=>java.lang.NullPointerException:Cannot invoke "org.angnysa.autodb.metadata.jdbc.JdbcDatabase.getRelations(org.angnysa.autodb.metadata.jdbc.JdbcTable)" because "this.database" is null!!!]
23:58:11.968 [main] TRACE org.angnysa.autodb.metadata.jdbc.loader.JdbcMetadataLoader - Column loaded: TESTDB.PUBLIC.TEST_M21_B :: JdbcColumn ID1 INTEGER(mandatory, len < 10) 
23:58:11.968 [main] TRACE org.angnysa.autodb.metadata.jdbc.loader.JdbcMetadataLoader - Column loaded: TESTDB.PUBLIC.TEST_M21_B :: JdbcColumn ID2 INTEGER(mandatory, len < 10) 
23:58:11.968 [main] TRACE org.angnysa.autodb.metadata.jdbc.loader.JdbcMetadataLoader - Column loaded: TESTDB.PUBLIC.TEST_M21_B :: JdbcColumn A_ID1 INTEGER(mandatory, len < 10) 
23:58:11.968 [main] TRACE org.angnysa.autodb.metadata.jdbc.loader.JdbcMetadataLoader - Column loaded: TESTDB.PUBLIC.TEST_M21_B :: JdbcColumn A_ID2 INTEGER(mandatory, len < 10) 
23:58:11.969 [main] TRACE org.angnysa.autodb.metadata.jdbc.loader.JdbcMetadataLoader - Index loaded: TESTDB.PUBLIC.TEST_M21_B :: JdbcIndex [index] name: 'FK_TEST_M21_B_A_INDEX_C', columns: ('A_ID1', 'A_ID2')
23:58:11.969 [main] TRACE org.angnysa.autodb.metadata.jdbc.loader.JdbcMetadataLoader - Index loaded: TESTDB.PUBLIC.TEST_M21_B :: JdbcIndex [index] name: 'ID_TEST_M21_B_A', columns: ('A_ID1', 'A_ID2')
23:58:11.969 [main] TRACE org.angnysa.autodb.metadata.jdbc.loader.JdbcMetadataLoader - Index loaded: TESTDB.PUBLIC.TEST_M21_B :: JdbcUniqueIndex [unique] name: 'PRIMARY_KEY_CE8', columns: ('ID1', 'ID2')
23:58:11.969 [main] TRACE org.angnysa.autodb.metadata.jdbc.loader.JdbcMetadataLoader - Primary Key loaded: TESTDB.PUBLIC.TEST_M21_B :: JdbcUniqueIndex [unique] name: 'PK_TEST_M21_B', columns: ('ID1', 'ID2')
23:58:11.969 [main] TRACE org.angnysa.autodb.metadata.jdbc.loader.JdbcMetadataLoader - Table loaded:
[!!!org.angnysa.autodb.metadata.jdbc.JdbcTable@418a5228=>java.lang.NullPointerException:Cannot invoke "org.angnysa.autodb.metadata.jdbc.JdbcDatabase.getRelations(org.angnysa.autodb.metadata.jdbc.JdbcTable)" because "this.database" is null!!!]
23:58:11.973 [main] TRACE org.angnysa.autodb.metadata.jdbc.loader.JdbcMetadataLoader - Column loaded: TESTDB.PUBLIC.TEST_M2M_A :: JdbcColumn ID1 INTEGER(mandatory, len < 10) 
23:58:11.973 [main] TRACE org.angnysa.autodb.metadata.jdbc.loader.JdbcMetadataLoader - Column loaded: TESTDB.PUBLIC.TEST_M2M_A :: JdbcColumn ID2 INTEGER(mandatory, len < 10) 
23:58:11.973 [main] TRACE org.angnysa.autodb.metadata.jdbc.loader.JdbcMetadataLoader - Index loaded: TESTDB.PUBLIC.TEST_M2M_A :: JdbcUniqueIndex [unique] name: 'PRIMARY_KEY_CE89', columns: ('ID1', 'ID2')
23:58:11.974 [main] TRACE org.angnysa.autodb.metadata.jdbc.loader.JdbcMetadataLoader - Primary Key loaded: TESTDB.PUBLIC.TEST_M2M_A :: JdbcUniqueIndex [unique] name: 'PK_TEST_M2M_A', columns: ('ID1', 'ID2')
23:58:11.974 [main] TRACE org.angnysa.autodb.metadata.jdbc.loader.JdbcMetadataLoader - Table loaded:
[!!!org.angnysa.autodb.metadata.jdbc.JdbcTable@71a25687=>java.lang.NullPointerException:Cannot invoke "org.angnysa.autodb.metadata.jdbc.JdbcDatabase.getRelations(org.angnysa.autodb.metadata.jdbc.JdbcTable)" because "this.database" is null!!!]
23:58:11.977 [main] TRACE org.angnysa.autodb.metadata.jdbc.loader.JdbcMetadataLoader - Column loaded: TESTDB.PUBLIC.TEST_M2M_B :: JdbcColumn ID1 INTEGER(mandatory, len < 10) 
23:58:11.977 [main] TRACE org.angnysa.autodb.metadata.jdbc.loader.JdbcMetadataLoader - Column loaded: TESTDB.PUBLIC.TEST_M2M_B :: JdbcColumn ID2 INTEGER(mandatory, len < 10) 
23:58:11.977 [main] TRACE org.angnysa.autodb.metadata.jdbc.loader.JdbcMetadataLoader - Index loaded: TESTDB.PUBLIC.TEST_M2M_B :: JdbcUniqueIndex [unique] name: 'PRIMARY_KEY_CE896', columns: ('ID1', 'ID2')
23:58:11.978 [main] TRACE org.angnysa.autodb.metadata.jdbc.loader.JdbcMetadataLoader - Primary Key loaded: TESTDB.PUBLIC.TEST_M2M_B :: JdbcUniqueIndex [unique] name: 'PK_TEST_M2M_B', columns: ('ID1', 'ID2')
23:58:11.978 [main] TRACE org.angnysa.autodb.metadata.jdbc.loader.JdbcMetadataLoader - Table loaded:
[!!!org.angnysa.autodb.metadata.jdbc.JdbcTable@fdbf68d=>java.lang.NullPointerException:Cannot invoke "org.angnysa.autodb.metadata.jdbc.JdbcDatabase.getRelations(org.angnysa.autodb.metadata.jdbc.JdbcTable)" because "this.database" is null!!!]
23:58:11.981 [main] TRACE org.angnysa.autodb.metadata.jdbc.loader.JdbcMetadataLoader - Column loaded: TESTDB.PUBLIC.TEST_M2M_REL :: JdbcColumn AB_ID1 INTEGER(mandatory, len < 10) 
23:58:11.981 [main] TRACE org.angnysa.autodb.metadata.jdbc.loader.JdbcMetadataLoader - Column loaded: TESTDB.PUBLIC.TEST_M2M_REL :: JdbcColumn A_ID2 INTEGER(mandatory, len < 10) 
23:58:11.981 [main] TRACE org.angnysa.autodb.metadata.jdbc.loader.JdbcMetadataLoader - Column loaded: TESTDB.PUBLIC.TEST_M2M_REL :: JdbcColumn B_ID2 INTEGER(mandatory, len < 10) 
23:58:11.982 [main] TRACE org.angnysa.autodb.metadata.jdbc.loader.JdbcMetadataLoader - Index loaded: TESTDB.PUBLIC.TEST_M2M_REL :: JdbcUniqueIndex [unique] name: 'PRIMARY_KEY_5', columns: ('AB_ID1', 'A_ID2', 'B_ID2')
23:58:11.982 [main] TRACE org.angnysa.autodb.metadata.jdbc.loader.JdbcMetadataLoader - Index loaded: TESTDB.PUBLIC.TEST_M2M_REL :: JdbcIndex [index] name: 'FK_TEST_M2M_REL_B_INDEX_5', columns: ('AB_ID1', 'B_ID2')
23:58:11.982 [main] TRACE org.angnysa.autodb.metadata.jdbc.loader.JdbcMetadataLoader - Index loaded: TESTDB.PUBLIC.TEST_M2M_REL :: JdbcIndex [index] name: 'FK_TEST_M2M_REL_A_INDEX_5', columns: ('AB_ID1', 'A_ID2')
23:58:11.982 [main] TRACE org.angnysa.autodb.metadata.jdbc.loader.JdbcMetadataLoader - Primary Key loaded: TESTDB.PUBLIC.TEST_M2M_REL :: JdbcUniqueIndex [unique] name: 'PK_TEST_M2M_REL', columns: ('AB_ID1', 'A_ID2', 'B_ID2')
23:58:11.982 [main] TRACE org.angnysa.autodb.metadata.jdbc.loader.JdbcMetadataLoader - Table loaded:
[!!!org.angnysa.autodb.metadata.jdbc.JdbcTable@2769efc9=>java.lang.NullPointerException:Cannot invoke "org.angnysa.autodb.metadata.jdbc.JdbcDatabase.getRelations(org.angnysa.autodb.metadata.jdbc.JdbcTable)" because "this.database" is null!!!]
]]></system-out>
  </testcase>
  <testcase name="testLoadRelations" classname="org.angnysa.autodb.metadata.jdbc.loader.db.TestJdbcMetadataLoader_H2" time="0.042">
    <error type="java.lang.IllegalStateException"><![CDATA[java.lang.IllegalStateException: No table named 'TESTDB.PUBLIC.TEST_121_B'
]]></error>
    <system-out><![CDATA[23:58:11.984 [main] DEBUG org.angnysa.autodb.metadata.jdbc.loader.AbstractJdbcMetadataLoaderTester - Target table: TEST_M2M_REL
23:58:11.984 [main] DEBUG org.angnysa.autodb.metadata.jdbc.loader.AbstractJdbcMetadataLoaderTester - Expected Relations: []
23:58:11.989 [main] TRACE org.angnysa.autodb.metadata.jdbc.loader.JdbcMetadataLoader - Column loaded: TESTDB.PUBLIC.TEST_121_A :: JdbcColumn ID1 INTEGER(mandatory, len < 10) 
23:58:11.989 [main] TRACE org.angnysa.autodb.metadata.jdbc.loader.JdbcMetadataLoader - Column loaded: TESTDB.PUBLIC.TEST_121_A :: JdbcColumn ID2 INTEGER(mandatory, len < 10) 
23:58:11.989 [main] TRACE org.angnysa.autodb.metadata.jdbc.loader.JdbcMetadataLoader - Index loaded: TESTDB.PUBLIC.TEST_121_A :: JdbcUniqueIndex [unique] name: 'PRIMARY_KEY_C', columns: ('ID1', 'ID2')
23:58:11.990 [main] TRACE org.angnysa.autodb.metadata.jdbc.loader.JdbcMetadataLoader - Primary Key loaded: TESTDB.PUBLIC.TEST_121_A :: JdbcUniqueIndex [unique] name: 'PK_TEST_121_A', columns: ('ID1', 'ID2')
23:58:11.990 [main] TRACE org.angnysa.autodb.metadata.jdbc.loader.JdbcMetadataLoader - Table loaded:
[!!!org.angnysa.autodb.metadata.jdbc.JdbcTable@5e8f7cf4=>java.lang.NullPointerException:Cannot invoke "org.angnysa.autodb.metadata.jdbc.JdbcDatabase.getRelations(org.angnysa.autodb.metadata.jdbc.JdbcTable)" because "this.database" is null!!!]
23:58:11.993 [main] TRACE org.angnysa.autodb.metadata.jdbc.loader.JdbcMetadataLoader - Column loaded: TESTDB.PUBLIC.TEST_121_B :: JdbcColumn ID1 INTEGER(mandatory, len < 10) 
23:58:11.993 [main] TRACE org.angnysa.autodb.metadata.jdbc.loader.JdbcMetadataLoader - Column loaded: TESTDB.PUBLIC.TEST_121_B :: JdbcColumn ID2 INTEGER(mandatory, len < 10) 
23:58:11.993 [main] TRACE org.angnysa.autodb.metadata.jdbc.loader.JdbcMetadataLoader - Column loaded: TESTDB.PUBLIC.TEST_121_B :: JdbcColumn A_ID1 INTEGER(mandatory, len < 10) 
23:58:11.993 [main] TRACE org.angnysa.autodb.metadata.jdbc.loader.JdbcMetadataLoader - Column loaded: TESTDB.PUBLIC.TEST_121_B :: JdbcColumn A_ID2 INTEGER(mandatory, len < 10) 
23:58:11.994 [main] TRACE org.angnysa.autodb.metadata.jdbc.loader.JdbcMetadataLoader - Index loaded: TESTDB.PUBLIC.TEST_121_B :: JdbcUniqueIndex [unique] name: 'UK_TEST_121_B_INDEX_C', columns: ('A_ID1', 'A_ID2')
23:58:11.994 [main] TRACE org.angnysa.autodb.metadata.jdbc.loader.JdbcMetadataLoader - Index loaded: TESTDB.PUBLIC.TEST_121_B :: JdbcUniqueIndex [unique] name: 'PRIMARY_KEY_CC', columns: ('ID1', 'ID2')
23:58:11.994 [main] TRACE org.angnysa.autodb.metadata.jdbc.loader.JdbcMetadataLoader - Primary Key loaded: TESTDB.PUBLIC.TEST_121_B :: JdbcUniqueIndex [unique] name: 'PK_TEST_121_B', columns: ('ID1', 'ID2')
23:58:11.994 [main] TRACE org.angnysa.autodb.metadata.jdbc.loader.JdbcMetadataLoader - Table loaded:
[!!!org.angnysa.autodb.metadata.jdbc.JdbcTable@71a4c959=>java.lang.NullPointerException:Cannot invoke "org.angnysa.autodb.metadata.jdbc.JdbcDatabase.getRelations(org.angnysa.autodb.metadata.jdbc.JdbcTable)" because "this.database" is null!!!]
23:58:11.997 [main] TRACE org.angnysa.autodb.metadata.jdbc.loader.JdbcMetadataLoader - Column loaded: TESTDB.PUBLIC.TEST_M21_A :: JdbcColumn ID1 INTEGER(mandatory, len < 10) 
23:58:11.997 [main] TRACE org.angnysa.autodb.metadata.jdbc.loader.JdbcMetadataLoader - Column loaded: TESTDB.PUBLIC.TEST_M21_A :: JdbcColumn ID2 INTEGER(mandatory, len < 10) 
23:58:11.998 [main] TRACE org.angnysa.autodb.metadata.jdbc.loader.JdbcMetadataLoader - Index loaded: TESTDB.PUBLIC.TEST_M21_A :: JdbcUniqueIndex [unique] name: 'PRIMARY_KEY_CE', columns: ('ID1', 'ID2')
23:58:11.998 [main] TRACE org.angnysa.autodb.metadata.jdbc.loader.JdbcMetadataLoader - Primary Key loaded: TESTDB.PUBLIC.TEST_M21_A :: JdbcUniqueIndex [unique] name: 'PK_TEST_M21_A', columns: ('ID1', 'ID2')
23:58:11.998 [main] TRACE org.angnysa.autodb.metadata.jdbc.loader.JdbcMetadataLoader - Table loaded:
[!!!org.angnysa.autodb.metadata.jdbc.JdbcTable@2315ba0b=>java.lang.NullPointerException:Cannot invoke "org.angnysa.autodb.metadata.jdbc.JdbcDatabase.getRelations(org.angnysa.autodb.metadata.jdbc.JdbcTable)" because "this.database" is null!!!]
23:58:12.001 [main] TRACE org.angnysa.autodb.metadata.jdbc.loader.JdbcMetadataLoader - Column loaded: TESTDB.PUBLIC.TEST_M21_B :: JdbcColumn ID1 INTEGER(mandatory, len < 10) 
23:58:12.001 [main] TRACE org.angnysa.autodb.metadata.jdbc.loader.JdbcMetadataLoader - Column loaded: TESTDB.PUBLIC.TEST_M21_B :: JdbcColumn ID2 INTEGER(mandatory, len < 10) 
23:58:12.002 [main] TRACE org.angnysa.autodb.metadata.jdbc.loader.JdbcMetadataLoader - Column loaded: TESTDB.PUBLIC.TEST_M21_B :: JdbcColumn A_ID1 INTEGER(mandatory, len < 10) 
23:58:12.002 [main] TRACE org.angnysa.autodb.metadata.jdbc.loader.JdbcMetadataLoader - Column loaded: TESTDB.PUBLIC.TEST_M21_B :: JdbcColumn A_ID2 INTEGER(mandatory, len < 10) 
23:58:12.002 [main] TRACE org.angnysa.autodb.metadata.jdbc.loader.JdbcMetadataLoader - Index loaded: TESTDB.PUBLIC.TEST_M21_B :: JdbcIndex [index] name: 'FK_TEST_M21_B_A_INDEX_C', columns: ('A_ID1', 'A_ID2')
23:58:12.002 [main] TRACE org.angnysa.autodb.metadata.jdbc.loader.JdbcMetadataLoader - Index loaded: TESTDB.PUBLIC.TEST_M21_B :: JdbcIndex [index] name: 'ID_TEST_M21_B_A', columns: ('A_ID1', 'A_ID2')
23:58:12.002 [main] TRACE org.angnysa.autodb.metadata.jdbc.loader.JdbcMetadataLoader - Index loaded: TESTDB.PUBLIC.TEST_M21_B :: JdbcUniqueIndex [unique] name: 'PRIMARY_KEY_CE8', columns: ('ID1', 'ID2')
23:58:12.002 [main] TRACE org.angnysa.autodb.metadata.jdbc.loader.JdbcMetadataLoader - Primary Key loaded: TESTDB.PUBLIC.TEST_M21_B :: JdbcUniqueIndex [unique] name: 'PK_TEST_M21_B', columns: ('ID1', 'ID2')
23:58:12.003 [main] TRACE org.angnysa.autodb.metadata.jdbc.loader.JdbcMetadataLoader - Table loaded:
[!!!org.angnysa.autodb.metadata.jdbc.JdbcTable@4975f618=>java.lang.NullPointerException:Cannot invoke "org.angnysa.autodb.metadata.jdbc.JdbcDatabase.getRelations(org.angnysa.autodb.metadata.jdbc.JdbcTable)" because "this.database" is null!!!]
23:58:12.006 [main] TRACE org.angnysa.autodb.metadata.jdbc.loader.JdbcMetadataLoader - Column loaded: TESTDB.PUBLIC.TEST_M2M_A :: JdbcColumn ID1 INTEGER(mandatory, len < 10) 
23:58:12.006 [main] TRACE org.angnysa.autodb.metadata.jdbc.loader.JdbcMetadataLoader - Column loaded: TESTDB.PUBLIC.TEST_M2M_A :: JdbcColumn ID2 INTEGER(mandatory, len < 10) 
23:58:12.006 [main] TRACE org.angnysa.autodb.metadata.jdbc.loader.JdbcMetadataLoader - Index loaded: TESTDB.PUBLIC.TEST_M2M_A :: JdbcUniqueIndex [unique] name: 'PRIMARY_KEY_CE89', columns: ('ID1', 'ID2')
23:58:12.007 [main] TRACE org.angnysa.autodb.metadata.jdbc.loader.JdbcMetadataLoader - Primary Key loaded: TESTDB.PUBLIC.TEST_M2M_A :: JdbcUniqueIndex [unique] name: 'PK_TEST_M2M_A', columns: ('ID1', 'ID2')
23:58:12.007 [main] TRACE org.angnysa.autodb.metadata.jdbc.loader.JdbcMetadataLoader - Table loaded:
[!!!org.angnysa.autodb.metadata.jdbc.JdbcTable@157289a=>java.lang.NullPointerException:Cannot invoke "org.angnysa.autodb.metadata.jdbc.JdbcDatabase.getRelations(org.angnysa.autodb.metadata.jdbc.JdbcTable)" because "this.database" is null!!!]
23:58:12.017 [main] TRACE org.angnysa.autodb.metadata.jdbc.loader.JdbcMetadataLoader - Column loaded: TESTDB.PUBLIC.TEST_M2M_B :: JdbcColumn ID1 INTEGER(mandatory, len < 10) 
23:58:12.017 [main] TRACE org.angnysa.autodb.metadata.jdbc.loader.JdbcMetadataLoader - Column loaded: TESTDB.PUBLIC.TEST_M2M_B :: JdbcColumn ID2 INTEGER(mandatory, len < 10) 
23:58:12.018 [main] TRACE org.angnysa.autodb.metadata.jdbc.loader.JdbcMetadataLoader - Index loaded: TESTDB.PUBLIC.TEST_M2M_B :: JdbcUniqueIndex [unique] name: 'PRIMARY_KEY_CE896', columns: ('ID1', 'ID2')
23:58:12.018 [main] TRACE org.angnysa.autodb.metadata.jdbc.loader.JdbcMetadataLoader - Primary Key loaded: TESTDB.PUBLIC.TEST_M2M_B :: JdbcUniqueIndex [unique] name: 'PK_TEST_M2M_B', columns: ('ID1', 'ID2')
23:58:12.018 [main] TRACE org.angnysa.autodb.metadata.jdbc.loader.JdbcMetadataLoader - Table loaded:
[!!!org.angnysa.autodb.metadata.jdbc.JdbcTable@19121e33=>java.lang.NullPointerException:Cannot invoke "org.angnysa.autodb.metadata.jdbc.JdbcDatabase.getRelations(org.angnysa.autodb.metadata.jdbc.JdbcTable)" because "this.database" is null!!!]
23:58:12.024 [main] TRACE org.angnysa.autodb.metadata.jdbc.loader.JdbcMetadataLoader - Column loaded: TESTDB.PUBLIC.TEST_M2M_REL :: JdbcColumn AB_ID1 INTEGER(mandatory, len < 10) 
23:58:12.024 [main] TRACE org.angnysa.autodb.metadata.jdbc.loader.JdbcMetadataLoader - Column loaded: TESTDB.PUBLIC.TEST_M2M_REL :: JdbcColumn A_ID2 INTEGER(mandatory, len < 10) 
23:58:12.024 [main] TRACE org.angnysa.autodb.metadata.jdbc.loader.JdbcMetadataLoader - Column loaded: TESTDB.PUBLIC.TEST_M2M_REL :: JdbcColumn B_ID2 INTEGER(mandatory, len < 10) 
23:58:12.025 [main] TRACE org.angnysa.autodb.metadata.jdbc.loader.JdbcMetadataLoader - Index loaded: TESTDB.PUBLIC.TEST_M2M_REL :: JdbcUniqueIndex [unique] name: 'PRIMARY_KEY_5', columns: ('AB_ID1', 'A_ID2', 'B_ID2')
23:58:12.025 [main] TRACE org.angnysa.autodb.metadata.jdbc.loader.JdbcMetadataLoader - Index loaded: TESTDB.PUBLIC.TEST_M2M_REL :: JdbcIndex [index] name: 'FK_TEST_M2M_REL_B_INDEX_5', columns: ('AB_ID1', 'B_ID2')
23:58:12.025 [main] TRACE org.angnysa.autodb.metadata.jdbc.loader.JdbcMetadataLoader - Index loaded: TESTDB.PUBLIC.TEST_M2M_REL :: JdbcIndex [index] name: 'FK_TEST_M2M_REL_A_INDEX_5', columns: ('AB_ID1', 'A_ID2')
23:58:12.025 [main] TRACE org.angnysa.autodb.metadata.jdbc.loader.JdbcMetadataLoader - Primary Key loaded: TESTDB.PUBLIC.TEST_M2M_REL :: JdbcUniqueIndex [unique] name: 'PK_TEST_M2M_REL', columns: ('AB_ID1', 'A_ID2', 'B_ID2')
23:58:12.025 [main] TRACE org.angnysa.autodb.metadata.jdbc.loader.JdbcMetadataLoader - Table loaded:
[!!!org.angnysa.autodb.metadata.jdbc.JdbcTable@4ebe0e3f=>java.lang.NullPointerException:Cannot invoke "org.angnysa.autodb.metadata.jdbc.JdbcDatabase.getRelations(org.angnysa.autodb.metadata.jdbc.JdbcTable)" because "this.database" is null!!!]
]]></system-out>
  </testcase>
  <testcase name="testLoadTables" classname="org.angnysa.autodb.metadata.jdbc.loader.db.TestJdbcMetadataLoader_H2" time="0.039">
    <failure type="org.opentest4j.AssertionFailedError"><![CDATA[org.opentest4j.AssertionFailedError: Expected the key 'ID1' to be present ==> expected: <true> but was: <false>
]]></failure>
    <system-out><![CDATA[23:58:12.027 [main] DEBUG org.angnysa.autodb.metadata.jdbc.loader.AbstractJdbcMetadataLoaderTester - Using database: H2 1.4.200 (2019-10-14), driver: H2 JDBC Driver 1.4.200 (2019-10-14), default catalog: 'TESTDB', default schema: 'PUBLIC'
23:58:12.036 [main] TRACE org.angnysa.autodb.metadata.jdbc.loader.JdbcMetadataLoader - Column loaded: TESTDB.PUBLIC.TEST_121_A :: JdbcColumn ID1 INTEGER(mandatory, len < 10) 
23:58:12.036 [main] TRACE org.angnysa.autodb.metadata.jdbc.loader.JdbcMetadataLoader - Column loaded: TESTDB.PUBLIC.TEST_121_A :: JdbcColumn ID2 INTEGER(mandatory, len < 10) 
23:58:12.037 [main] TRACE org.angnysa.autodb.metadata.jdbc.loader.JdbcMetadataLoader - Index loaded: TESTDB.PUBLIC.TEST_121_A :: JdbcUniqueIndex [unique] name: 'PRIMARY_KEY_C', columns: ('ID1', 'ID2')
23:58:12.037 [main] TRACE org.angnysa.autodb.metadata.jdbc.loader.JdbcMetadataLoader - Primary Key loaded: TESTDB.PUBLIC.TEST_121_A :: JdbcUniqueIndex [unique] name: 'PK_TEST_121_A', columns: ('ID1', 'ID2')
23:58:12.038 [main] TRACE org.angnysa.autodb.metadata.jdbc.loader.JdbcMetadataLoader - Table loaded:
[!!!org.angnysa.autodb.metadata.jdbc.JdbcTable@2eac7950=>java.lang.NullPointerException:Cannot invoke "org.angnysa.autodb.metadata.jdbc.JdbcDatabase.getRelations(org.angnysa.autodb.metadata.jdbc.JdbcTable)" because "this.database" is null!!!]
23:58:12.041 [main] TRACE org.angnysa.autodb.metadata.jdbc.loader.JdbcMetadataLoader - Column loaded: TESTDB.PUBLIC.TEST_121_B :: JdbcColumn ID1 INTEGER(mandatory, len < 10) 
23:58:12.041 [main] TRACE org.angnysa.autodb.metadata.jdbc.loader.JdbcMetadataLoader - Column loaded: TESTDB.PUBLIC.TEST_121_B :: JdbcColumn ID2 INTEGER(mandatory, len < 10) 
23:58:12.041 [main] TRACE org.angnysa.autodb.metadata.jdbc.loader.JdbcMetadataLoader - Column loaded: TESTDB.PUBLIC.TEST_121_B :: JdbcColumn A_ID1 INTEGER(mandatory, len < 10) 
23:58:12.041 [main] TRACE org.angnysa.autodb.metadata.jdbc.loader.JdbcMetadataLoader - Column loaded: TESTDB.PUBLIC.TEST_121_B :: JdbcColumn A_ID2 INTEGER(mandatory, len < 10) 
23:58:12.041 [main] TRACE org.angnysa.autodb.metadata.jdbc.loader.JdbcMetadataLoader - Index loaded: TESTDB.PUBLIC.TEST_121_B :: JdbcUniqueIndex [unique] name: 'UK_TEST_121_B_INDEX_C', columns: ('A_ID1', 'A_ID2')
23:58:12.041 [main] TRACE org.angnysa.autodb.metadata.jdbc.loader.JdbcMetadataLoader - Index loaded: TESTDB.PUBLIC.TEST_121_B :: JdbcUniqueIndex [unique] name: 'PRIMARY_KEY_CC', columns: ('ID1', 'ID2')
23:58:12.041 [main] TRACE org.angnysa.autodb.metadata.jdbc.loader.JdbcMetadataLoader - Primary Key loaded: TESTDB.PUBLIC.TEST_121_B :: JdbcUniqueIndex [unique] name: 'PK_TEST_121_B', columns: ('ID1', 'ID2')
23:58:12.042 [main] TRACE org.angnysa.autodb.metadata.jdbc.loader.JdbcMetadataLoader - Table loaded:
[!!!org.angnysa.autodb.metadata.jdbc.JdbcTable@7584b20d=>java.lang.NullPointerException:Cannot invoke "org.angnysa.autodb.metadata.jdbc.JdbcDatabase.getRelations(org.angnysa.autodb.metadata.jdbc.JdbcTable)" because "this.database" is null!!!]
23:58:12.045 [main] TRACE org.angnysa.autodb.metadata.jdbc.loader.JdbcMetadataLoader - Column loaded: TESTDB.PUBLIC.TEST_M21_A :: JdbcColumn ID1 INTEGER(mandatory, len < 10) 
23:58:12.045 [main] TRACE org.angnysa.autodb.metadata.jdbc.loader.JdbcMetadataLoader - Column loaded: TESTDB.PUBLIC.TEST_M21_A :: JdbcColumn ID2 INTEGER(mandatory, len < 10) 
23:58:12.050 [main] TRACE org.angnysa.autodb.metadata.jdbc.loader.JdbcMetadataLoader - Index loaded: TESTDB.PUBLIC.TEST_M21_A :: JdbcUniqueIndex [unique] name: 'PRIMARY_KEY_CE', columns: ('ID1', 'ID2')
23:58:12.050 [main] TRACE org.angnysa.autodb.metadata.jdbc.loader.JdbcMetadataLoader - Primary Key loaded: TESTDB.PUBLIC.TEST_M21_A :: JdbcUniqueIndex [unique] name: 'PK_TEST_M21_A', columns: ('ID1', 'ID2')
23:58:12.050 [main] TRACE org.angnysa.autodb.metadata.jdbc.loader.JdbcMetadataLoader - Table loaded:
[!!!org.angnysa.autodb.metadata.jdbc.JdbcTable@708d7fb7=>java.lang.NullPointerException:Cannot invoke "org.angnysa.autodb.metadata.jdbc.JdbcDatabase.getRelations(org.angnysa.autodb.metadata.jdbc.JdbcTable)" because "this.database" is null!!!]
23:58:12.053 [main] TRACE org.angnysa.autodb.metadata.jdbc.loader.JdbcMetadataLoader - Column loaded: TESTDB.PUBLIC.TEST_M21_B :: JdbcColumn ID1 INTEGER(mandatory, len < 10) 
23:58:12.054 [main] TRACE org.angnysa.autodb.metadata.jdbc.loader.JdbcMetadataLoader - Column loaded: TESTDB.PUBLIC.TEST_M21_B :: JdbcColumn ID2 INTEGER(mandatory, len < 10) 
23:58:12.054 [main] TRACE org.angnysa.autodb.metadata.jdbc.loader.JdbcMetadataLoader - Column loaded: TESTDB.PUBLIC.TEST_M21_B :: JdbcColumn A_ID1 INTEGER(mandatory, len < 10) 
23:58:12.054 [main] TRACE org.angnysa.autodb.metadata.jdbc.loader.JdbcMetadataLoader - Column loaded: TESTDB.PUBLIC.TEST_M21_B :: JdbcColumn A_ID2 INTEGER(mandatory, len < 10) 
23:58:12.054 [main] TRACE org.angnysa.autodb.metadata.jdbc.loader.JdbcMetadataLoader - Index loaded: TESTDB.PUBLIC.TEST_M21_B :: JdbcIndex [index] name: 'FK_TEST_M21_B_A_INDEX_C', columns: ('A_ID1', 'A_ID2')
23:58:12.054 [main] TRACE org.angnysa.autodb.metadata.jdbc.loader.JdbcMetadataLoader - Index loaded: TESTDB.PUBLIC.TEST_M21_B :: JdbcIndex [index] name: 'ID_TEST_M21_B_A', columns: ('A_ID1', 'A_ID2')
23:58:12.054 [main] TRACE org.angnysa.autodb.metadata.jdbc.loader.JdbcMetadataLoader - Index loaded: TESTDB.PUBLIC.TEST_M21_B :: JdbcUniqueIndex [unique] name: 'PRIMARY_KEY_CE8', columns: ('ID1', 'ID2')
23:58:12.054 [main] TRACE org.angnysa.autodb.metadata.jdbc.loader.JdbcMetadataLoader - Primary Key loaded: TESTDB.PUBLIC.TEST_M21_B :: JdbcUniqueIndex [unique] name: 'PK_TEST_M21_B', columns: ('ID1', 'ID2')
23:58:12.055 [main] TRACE org.angnysa.autodb.metadata.jdbc.loader.JdbcMetadataLoader - Table loaded:
[!!!org.angnysa.autodb.metadata.jdbc.JdbcTable@28a824a4=>java.lang.NullPointerException:Cannot invoke "org.angnysa.autodb.metadata.jdbc.JdbcDatabase.getRelations(org.angnysa.autodb.metadata.jdbc.JdbcTable)" because "this.database" is null!!!]
23:58:12.058 [main] TRACE org.angnysa.autodb.metadata.jdbc.loader.JdbcMetadataLoader - Column loaded: TESTDB.PUBLIC.TEST_M2M_A :: JdbcColumn ID1 INTEGER(mandatory, len < 10) 
23:58:12.058 [main] TRACE org.angnysa.autodb.metadata.jdbc.loader.JdbcMetadataLoader - Column loaded: TESTDB.PUBLIC.TEST_M2M_A :: JdbcColumn ID2 INTEGER(mandatory, len < 10) 
23:58:12.058 [main] TRACE org.angnysa.autodb.metadata.jdbc.loader.JdbcMetadataLoader - Index loaded: TESTDB.PUBLIC.TEST_M2M_A :: JdbcUniqueIndex [unique] name: 'PRIMARY_KEY_CE89', columns: ('ID1', 'ID2')
23:58:12.058 [main] TRACE org.angnysa.autodb.metadata.jdbc.loader.JdbcMetadataLoader - Primary Key loaded: TESTDB.PUBLIC.TEST_M2M_A :: JdbcUniqueIndex [unique] name: 'PK_TEST_M2M_A', columns: ('ID1', 'ID2')
23:58:12.059 [main] TRACE org.angnysa.autodb.metadata.jdbc.loader.JdbcMetadataLoader - Table loaded:
[!!!org.angnysa.autodb.metadata.jdbc.JdbcTable@3952be1b=>java.lang.NullPointerException:Cannot invoke "org.angnysa.autodb.metadata.jdbc.JdbcDatabase.getRelations(org.angnysa.autodb.metadata.jdbc.JdbcTable)" because "this.database" is null!!!]
23:58:12.061 [main] TRACE org.angnysa.autodb.metadata.jdbc.loader.JdbcMetadataLoader - Column loaded: TESTDB.PUBLIC.TEST_M2M_B :: JdbcColumn ID1 INTEGER(mandatory, len < 10) 
23:58:12.061 [main] TRACE org.angnysa.autodb.metadata.jdbc.loader.JdbcMetadataLoader - Column loaded: TESTDB.PUBLIC.TEST_M2M_B :: JdbcColumn ID2 INTEGER(mandatory, len < 10) 
23:58:12.062 [main] TRACE org.angnysa.autodb.metadata.jdbc.loader.JdbcMetadataLoader - Index loaded: TESTDB.PUBLIC.TEST_M2M_B :: JdbcUniqueIndex [unique] name: 'PRIMARY_KEY_CE896', columns: ('ID1', 'ID2')
23:58:12.062 [main] TRACE org.angnysa.autodb.metadata.jdbc.loader.JdbcMetadataLoader - Primary Key loaded: TESTDB.PUBLIC.TEST_M2M_B :: JdbcUniqueIndex [unique] name: 'PK_TEST_M2M_B', columns: ('ID1', 'ID2')
23:58:12.062 [main] TRACE org.angnysa.autodb.metadata.jdbc.loader.JdbcMetadataLoader - Table loaded:
[!!!org.angnysa.autodb.metadata.jdbc.JdbcTable@4f6e663b=>java.lang.NullPointerException:Cannot invoke "org.angnysa.autodb.metadata.jdbc.JdbcDatabase.getRelations(org.angnysa.autodb.metadata.jdbc.JdbcTable)" because "this.database" is null!!!]
23:58:12.065 [main] TRACE org.angnysa.autodb.metadata.jdbc.loader.JdbcMetadataLoader - Column loaded: TESTDB.PUBLIC.TEST_M2M_REL :: JdbcColumn AB_ID1 INTEGER(mandatory, len < 10) 
23:58:12.065 [main] TRACE org.angnysa.autodb.metadata.jdbc.loader.JdbcMetadataLoader - Column loaded: TESTDB.PUBLIC.TEST_M2M_REL :: JdbcColumn A_ID2 INTEGER(mandatory, len < 10) 
23:58:12.065 [main] TRACE org.angnysa.autodb.metadata.jdbc.loader.JdbcMetadataLoader - Column loaded: TESTDB.PUBLIC.TEST_M2M_REL :: JdbcColumn B_ID2 INTEGER(mandatory, len < 10) 
23:58:12.066 [main] TRACE org.angnysa.autodb.metadata.jdbc.loader.JdbcMetadataLoader - Index loaded: TESTDB.PUBLIC.TEST_M2M_REL :: JdbcUniqueIndex [unique] name: 'PRIMARY_KEY_5', columns: ('AB_ID1', 'A_ID2', 'B_ID2')
23:58:12.066 [main] TRACE org.angnysa.autodb.metadata.jdbc.loader.JdbcMetadataLoader - Index loaded: TESTDB.PUBLIC.TEST_M2M_REL :: JdbcIndex [index] name: 'FK_TEST_M2M_REL_B_INDEX_5', columns: ('AB_ID1', 'B_ID2')
23:58:12.066 [main] TRACE org.angnysa.autodb.metadata.jdbc.loader.JdbcMetadataLoader - Index loaded: TESTDB.PUBLIC.TEST_M2M_REL :: JdbcIndex [index] name: 'FK_TEST_M2M_REL_A_INDEX_5', columns: ('AB_ID1', 'A_ID2')
23:58:12.066 [main] TRACE org.angnysa.autodb.metadata.jdbc.loader.JdbcMetadataLoader - Primary Key loaded: TESTDB.PUBLIC.TEST_M2M_REL :: JdbcUniqueIndex [unique] name: 'PK_TEST_M2M_REL', columns: ('AB_ID1', 'A_ID2', 'B_ID2')
23:58:12.066 [main] TRACE org.angnysa.autodb.metadata.jdbc.loader.JdbcMetadataLoader - Table loaded:
[!!!org.angnysa.autodb.metadata.jdbc.JdbcTable@95a02c0=>java.lang.NullPointerException:Cannot invoke "org.angnysa.autodb.metadata.jdbc.JdbcDatabase.getRelations(org.angnysa.autodb.metadata.jdbc.JdbcTable)" because "this.database" is null!!!]
23:58:12.066 [main] DEBUG org.angnysa.autodb.metadata.jdbc.loader.AbstractJdbcMetadataLoaderTester - Verifying column: TEST_121_A :: ID1
23:58:12.066 [main] DEBUG org.angnysa.autodb.metadata.jdbc.loader.AbstractJdbcMetadataLoaderTester - Verifying column: TEST_121_A :: ID2
]]></system-out>
  </testcase>
  <testcase name="testLoadTables" classname="org.angnysa.autodb.metadata.jdbc.loader.db.TestJdbcMetadataLoader_H2" time="0.04">
    <failure type="org.opentest4j.AssertionFailedError"><![CDATA[org.opentest4j.AssertionFailedError: Expected the key 'ID1' to be present ==> expected: <true> but was: <false>
]]></failure>
    <system-out><![CDATA[23:58:12.072 [main] TRACE org.angnysa.autodb.metadata.jdbc.loader.JdbcMetadataLoader - Column loaded: TESTDB.PUBLIC.TEST_121_A :: JdbcColumn ID1 INTEGER(mandatory, len < 10) 
23:58:12.072 [main] TRACE org.angnysa.autodb.metadata.jdbc.loader.JdbcMetadataLoader - Column loaded: TESTDB.PUBLIC.TEST_121_A :: JdbcColumn ID2 INTEGER(mandatory, len < 10) 
23:58:12.073 [main] TRACE org.angnysa.autodb.metadata.jdbc.loader.JdbcMetadataLoader - Index loaded: TESTDB.PUBLIC.TEST_121_A :: JdbcUniqueIndex [unique] name: 'PRIMARY_KEY_C', columns: ('ID1', 'ID2')
23:58:12.073 [main] TRACE org.angnysa.autodb.metadata.jdbc.loader.JdbcMetadataLoader - Primary Key loaded: TESTDB.PUBLIC.TEST_121_A :: JdbcUniqueIndex [unique] name: 'PK_TEST_121_A', columns: ('ID1', 'ID2')
23:58:12.073 [main] TRACE org.angnysa.autodb.metadata.jdbc.loader.JdbcMetadataLoader - Table loaded:
[!!!org.angnysa.autodb.metadata.jdbc.JdbcTable@3dfe5b80=>java.lang.NullPointerException:Cannot invoke "org.angnysa.autodb.metadata.jdbc.JdbcDatabase.getRelations(org.angnysa.autodb.metadata.jdbc.JdbcTable)" because "this.database" is null!!!]
23:58:12.076 [main] TRACE org.angnysa.autodb.metadata.jdbc.loader.JdbcMetadataLoader - Column loaded: TESTDB.PUBLIC.TEST_121_B :: JdbcColumn ID1 INTEGER(mandatory, len < 10) 
23:58:12.077 [main] TRACE org.angnysa.autodb.metadata.jdbc.loader.JdbcMetadataLoader - Column loaded: TESTDB.PUBLIC.TEST_121_B :: JdbcColumn ID2 INTEGER(mandatory, len < 10) 
23:58:12.077 [main] TRACE org.angnysa.autodb.metadata.jdbc.loader.JdbcMetadataLoader - Column loaded: TESTDB.PUBLIC.TEST_121_B :: JdbcColumn A_ID1 INTEGER(mandatory, len < 10) 
23:58:12.077 [main] TRACE org.angnysa.autodb.metadata.jdbc.loader.JdbcMetadataLoader - Column loaded: TESTDB.PUBLIC.TEST_121_B :: JdbcColumn A_ID2 INTEGER(mandatory, len < 10) 
23:58:12.077 [main] TRACE org.angnysa.autodb.metadata.jdbc.loader.JdbcMetadataLoader - Index loaded: TESTDB.PUBLIC.TEST_121_B :: JdbcUniqueIndex [unique] name: 'UK_TEST_121_B_INDEX_C', columns: ('A_ID1', 'A_ID2')
23:58:12.077 [main] TRACE org.angnysa.autodb.metadata.jdbc.loader.JdbcMetadataLoader - Index loaded: TESTDB.PUBLIC.TEST_121_B :: JdbcUniqueIndex [unique] name: 'PRIMARY_KEY_CC', columns: ('ID1', 'ID2')
23:58:12.083 [main] TRACE org.angnysa.autodb.metadata.jdbc.loader.JdbcMetadataLoader - Primary Key loaded: TESTDB.PUBLIC.TEST_121_B :: JdbcUniqueIndex [unique] name: 'PK_TEST_121_B', columns: ('ID1', 'ID2')
23:58:12.083 [main] TRACE org.angnysa.autodb.metadata.jdbc.loader.JdbcMetadataLoader - Table loaded:
[!!!org.angnysa.autodb.metadata.jdbc.JdbcTable@4ea9666b=>java.lang.NullPointerException:Cannot invoke "org.angnysa.autodb.metadata.jdbc.JdbcDatabase.getRelations(org.angnysa.autodb.metadata.jdbc.JdbcTable)" because "this.database" is null!!!]
23:58:12.087 [main] TRACE org.angnysa.autodb.metadata.jdbc.loader.JdbcMetadataLoader - Column loaded: TESTDB.PUBLIC.TEST_M21_A :: JdbcColumn ID1 INTEGER(mandatory, len < 10) 
23:58:12.087 [main] TRACE org.angnysa.autodb.metadata.jdbc.loader.JdbcMetadataLoader - Column loaded: TESTDB.PUBLIC.TEST_M21_A :: JdbcColumn ID2 INTEGER(mandatory, len < 10) 
23:58:12.087 [main] TRACE org.angnysa.autodb.metadata.jdbc.loader.JdbcMetadataLoader - Index loaded: TESTDB.PUBLIC.TEST_M21_A :: JdbcUniqueIndex [unique] name: 'PRIMARY_KEY_CE', columns: ('ID1', 'ID2')
23:58:12.087 [main] TRACE org.angnysa.autodb.metadata.jdbc.loader.JdbcMetadataLoader - Primary Key loaded: TESTDB.PUBLIC.TEST_M21_A :: JdbcUniqueIndex [unique] name: 'PK_TEST_M21_A', columns: ('ID1', 'ID2')
23:58:12.090 [main] TRACE org.angnysa.autodb.metadata.jdbc.loader.JdbcMetadataLoader - Table loaded:
[!!!org.angnysa.autodb.metadata.jdbc.JdbcTable@f895fd7=>java.lang.NullPointerException:Cannot invoke "org.angnysa.autodb.metadata.jdbc.JdbcDatabase.getRelations(org.angnysa.autodb.metadata.jdbc.JdbcTable)" because "this.database" is null!!!]
23:58:12.093 [main] TRACE org.angnysa.autodb.metadata.jdbc.loader.JdbcMetadataLoader - Column loaded: TESTDB.PUBLIC.TEST_M21_B :: JdbcColumn ID1 INTEGER(mandatory, len < 10) 
23:58:12.093 [main] TRACE org.angnysa.autodb.metadata.jdbc.loader.JdbcMetadataLoader - Column loaded: TESTDB.PUBLIC.TEST_M21_B :: JdbcColumn ID2 INTEGER(mandatory, len < 10) 
23:58:12.093 [main] TRACE org.angnysa.autodb.metadata.jdbc.loader.JdbcMetadataLoader - Column loaded: TESTDB.PUBLIC.TEST_M21_B :: JdbcColumn A_ID1 INTEGER(mandatory, len < 10) 
23:58:12.093 [main] TRACE org.angnysa.autodb.metadata.jdbc.loader.JdbcMetadataLoader - Column loaded: TESTDB.PUBLIC.TEST_M21_B :: JdbcColumn A_ID2 INTEGER(mandatory, len < 10) 
23:58:12.094 [main] TRACE org.angnysa.autodb.metadata.jdbc.loader.JdbcMetadataLoader - Index loaded: TESTDB.PUBLIC.TEST_M21_B :: JdbcIndex [index] name: 'FK_TEST_M21_B_A_INDEX_C', columns: ('A_ID1', 'A_ID2')
23:58:12.094 [main] TRACE org.angnysa.autodb.metadata.jdbc.loader.JdbcMetadataLoader - Index loaded: TESTDB.PUBLIC.TEST_M21_B :: JdbcIndex [index] name: 'ID_TEST_M21_B_A', columns: ('A_ID1', 'A_ID2')
23:58:12.094 [main] TRACE org.angnysa.autodb.metadata.jdbc.loader.JdbcMetadataLoader - Index loaded: TESTDB.PUBLIC.TEST_M21_B :: JdbcUniqueIndex [unique] name: 'PRIMARY_KEY_CE8', columns: ('ID1', 'ID2')
23:58:12.094 [main] TRACE org.angnysa.autodb.metadata.jdbc.loader.JdbcMetadataLoader - Primary Key loaded: TESTDB.PUBLIC.TEST_M21_B :: JdbcUniqueIndex [unique] name: 'PK_TEST_M21_B', columns: ('ID1', 'ID2')
23:58:12.094 [main] TRACE org.angnysa.autodb.metadata.jdbc.loader.JdbcMetadataLoader - Table loaded:
[!!!org.angnysa.autodb.metadata.jdbc.JdbcTable@4f6f13f0=>java.lang.NullPointerException:Cannot invoke "org.angnysa.autodb.metadata.jdbc.JdbcDatabase.getRelations(org.angnysa.autodb.metadata.jdbc.JdbcTable)" because "this.database" is null!!!]
23:58:12.097 [main] TRACE org.angnysa.autodb.metadata.jdbc.loader.JdbcMetadataLoader - Column loaded: TESTDB.PUBLIC.TEST_M2M_A :: JdbcColumn ID1 INTEGER(mandatory, len < 10) 
23:58:12.097 [main] TRACE org.angnysa.autodb.metadata.jdbc.loader.JdbcMetadataLoader - Column loaded: TESTDB.PUBLIC.TEST_M2M_A :: JdbcColumn ID2 INTEGER(mandatory, len < 10) 
23:58:12.098 [main] TRACE org.angnysa.autodb.metadata.jdbc.loader.JdbcMetadataLoader - Index loaded: TESTDB.PUBLIC.TEST_M2M_A :: JdbcUniqueIndex [unique] name: 'PRIMARY_KEY_CE89', columns: ('ID1', 'ID2')
23:58:12.098 [main] TRACE org.angnysa.autodb.metadata.jdbc.loader.JdbcMetadataLoader - Primary Key loaded: TESTDB.PUBLIC.TEST_M2M_A :: JdbcUniqueIndex [unique] name: 'PK_TEST_M2M_A', columns: ('ID1', 'ID2')
23:58:12.098 [main] TRACE org.angnysa.autodb.metadata.jdbc.loader.JdbcMetadataLoader - Table loaded:
[!!!org.angnysa.autodb.metadata.jdbc.JdbcTable@6b283550=>java.lang.NullPointerException:Cannot invoke "org.angnysa.autodb.metadata.jdbc.JdbcDatabase.getRelations(org.angnysa.autodb.metadata.jdbc.JdbcTable)" because "this.database" is null!!!]
23:58:12.101 [main] TRACE org.angnysa.autodb.metadata.jdbc.loader.JdbcMetadataLoader - Column loaded: TESTDB.PUBLIC.TEST_M2M_B :: JdbcColumn ID1 INTEGER(mandatory, len < 10) 
23:58:12.101 [main] TRACE org.angnysa.autodb.metadata.jdbc.loader.JdbcMetadataLoader - Column loaded: TESTDB.PUBLIC.TEST_M2M_B :: JdbcColumn ID2 INTEGER(mandatory, len < 10) 
23:58:12.102 [main] TRACE org.angnysa.autodb.metadata.jdbc.loader.JdbcMetadataLoader - Index loaded: TESTDB.PUBLIC.TEST_M2M_B :: JdbcUniqueIndex [unique] name: 'PRIMARY_KEY_CE896', columns: ('ID1', 'ID2')
23:58:12.102 [main] TRACE org.angnysa.autodb.metadata.jdbc.loader.JdbcMetadataLoader - Primary Key loaded: TESTDB.PUBLIC.TEST_M2M_B :: JdbcUniqueIndex [unique] name: 'PK_TEST_M2M_B', columns: ('ID1', 'ID2')
23:58:12.102 [main] TRACE org.angnysa.autodb.metadata.jdbc.loader.JdbcMetadataLoader - Table loaded:
[!!!org.angnysa.autodb.metadata.jdbc.JdbcTable@13a7aec7=>java.lang.NullPointerException:Cannot invoke "org.angnysa.autodb.metadata.jdbc.JdbcDatabase.getRelations(org.angnysa.autodb.metadata.jdbc.JdbcTable)" because "this.database" is null!!!]
23:58:12.105 [main] TRACE org.angnysa.autodb.metadata.jdbc.loader.JdbcMetadataLoader - Column loaded: TESTDB.PUBLIC.TEST_M2M_REL :: JdbcColumn AB_ID1 INTEGER(mandatory, len < 10) 
23:58:12.105 [main] TRACE org.angnysa.autodb.metadata.jdbc.loader.JdbcMetadataLoader - Column loaded: TESTDB.PUBLIC.TEST_M2M_REL :: JdbcColumn A_ID2 INTEGER(mandatory, len < 10) 
23:58:12.105 [main] TRACE org.angnysa.autodb.metadata.jdbc.loader.JdbcMetadataLoader - Column loaded: TESTDB.PUBLIC.TEST_M2M_REL :: JdbcColumn B_ID2 INTEGER(mandatory, len < 10) 
23:58:12.106 [main] TRACE org.angnysa.autodb.metadata.jdbc.loader.JdbcMetadataLoader - Index loaded: TESTDB.PUBLIC.TEST_M2M_REL :: JdbcUniqueIndex [unique] name: 'PRIMARY_KEY_5', columns: ('AB_ID1', 'A_ID2', 'B_ID2')
23:58:12.106 [main] TRACE org.angnysa.autodb.metadata.jdbc.loader.JdbcMetadataLoader - Index loaded: TESTDB.PUBLIC.TEST_M2M_REL :: JdbcIndex [index] name: 'FK_TEST_M2M_REL_B_INDEX_5', columns: ('AB_ID1', 'B_ID2')
23:58:12.106 [main] TRACE org.angnysa.autodb.metadata.jdbc.loader.JdbcMetadataLoader - Index loaded: TESTDB.PUBLIC.TEST_M2M_REL :: JdbcIndex [index] name: 'FK_TEST_M2M_REL_A_INDEX_5', columns: ('AB_ID1', 'A_ID2')
23:58:12.106 [main] TRACE org.angnysa.autodb.metadata.jdbc.loader.JdbcMetadataLoader - Primary Key loaded: TESTDB.PUBLIC.TEST_M2M_REL :: JdbcUniqueIndex [unique] name: 'PK_TEST_M2M_REL', columns: ('AB_ID1', 'A_ID2', 'B_ID2')
23:58:12.106 [main] TRACE org.angnysa.autodb.metadata.jdbc.loader.JdbcMetadataLoader - Table loaded:
[!!!org.angnysa.autodb.metadata.jdbc.JdbcTable@426ba1d5=>java.lang.NullPointerException:Cannot invoke "org.angnysa.autodb.metadata.jdbc.JdbcDatabase.getRelations(org.angnysa.autodb.metadata.jdbc.JdbcTable)" because "this.database" is null!!!]
23:58:12.106 [main] DEBUG org.angnysa.autodb.metadata.jdbc.loader.AbstractJdbcMetadataLoaderTester - Verifying column: TEST_121_B :: ID1
23:58:12.106 [main] DEBUG org.angnysa.autodb.metadata.jdbc.loader.AbstractJdbcMetadataLoaderTester - Verifying column: TEST_121_B :: ID2
23:58:12.106 [main] DEBUG org.angnysa.autodb.metadata.jdbc.loader.AbstractJdbcMetadataLoaderTester - Verifying column: TEST_121_B :: A_ID1
23:58:12.106 [main] DEBUG org.angnysa.autodb.metadata.jdbc.loader.AbstractJdbcMetadataLoaderTester - Verifying column: TEST_121_B :: A_ID2
]]></system-out>
  </testcase>
  <testcase name="testLoadTables" classname="org.angnysa.autodb.metadata.jdbc.loader.db.TestJdbcMetadataLoader_H2" time="0.043">
    <failure type="org.opentest4j.AssertionFailedError"><![CDATA[org.opentest4j.AssertionFailedError: Expected the key 'ID1' to be present ==> expected: <true> but was: <false>
]]></failure>
    <system-out><![CDATA[23:58:12.116 [main] TRACE org.angnysa.autodb.metadata.jdbc.loader.JdbcMetadataLoader - Column loaded: TESTDB.PUBLIC.TEST_121_A :: JdbcColumn ID1 INTEGER(mandatory, len < 10) 
23:58:12.116 [main] TRACE org.angnysa.autodb.metadata.jdbc.loader.JdbcMetadataLoader - Column loaded: TESTDB.PUBLIC.TEST_121_A :: JdbcColumn ID2 INTEGER(mandatory, len < 10) 
23:58:12.117 [main] TRACE org.angnysa.autodb.metadata.jdbc.loader.JdbcMetadataLoader - Index loaded: TESTDB.PUBLIC.TEST_121_A :: JdbcUniqueIndex [unique] name: 'PRIMARY_KEY_C', columns: ('ID1', 'ID2')
23:58:12.120 [main] TRACE org.angnysa.autodb.metadata.jdbc.loader.JdbcMetadataLoader - Primary Key loaded: TESTDB.PUBLIC.TEST_121_A :: JdbcUniqueIndex [unique] name: 'PK_TEST_121_A', columns: ('ID1', 'ID2')
23:58:12.121 [main] TRACE org.angnysa.autodb.metadata.jdbc.loader.JdbcMetadataLoader - Table loaded:
[!!!org.angnysa.autodb.metadata.jdbc.JdbcTable@258be1c6=>java.lang.NullPointerException:Cannot invoke "org.angnysa.autodb.metadata.jdbc.JdbcDatabase.getRelations(org.angnysa.autodb.metadata.jdbc.JdbcTable)" because "this.database" is null!!!]
23:58:12.130 [main] TRACE org.angnysa.autodb.metadata.jdbc.loader.JdbcMetadataLoader - Column loaded: TESTDB.PUBLIC.TEST_121_B :: JdbcColumn ID1 INTEGER(mandatory, len < 10) 
23:58:12.130 [main] TRACE org.angnysa.autodb.metadata.jdbc.loader.JdbcMetadataLoader - Column loaded: TESTDB.PUBLIC.TEST_121_B :: JdbcColumn ID2 INTEGER(mandatory, len < 10) 
23:58:12.130 [main] TRACE org.angnysa.autodb.metadata.jdbc.loader.JdbcMetadataLoader - Column loaded: TESTDB.PUBLIC.TEST_121_B :: JdbcColumn A_ID1 INTEGER(mandatory, len < 10) 
23:58:12.130 [main] TRACE org.angnysa.autodb.metadata.jdbc.loader.JdbcMetadataLoader - Column loaded: TESTDB.PUBLIC.TEST_121_B :: JdbcColumn A_ID2 INTEGER(mandatory, len < 10) 
23:58:12.130 [main] TRACE org.angnysa.autodb.metadata.jdbc.loader.JdbcMetadataLoader - Index loaded: TESTDB.PUBLIC.TEST_121_B :: JdbcUniqueIndex [unique] name: 'UK_TEST_121_B_INDEX_C', columns: ('A_ID1', 'A_ID2')
23:58:12.131 [main] TRACE org.angnysa.autodb.metadata.jdbc.loader.JdbcMetadataLoader - Index loaded: TESTDB.PUBLIC.TEST_121_B :: JdbcUniqueIndex [unique] name: 'PRIMARY_KEY_CC', columns: ('ID1', 'ID2')
23:58:12.131 [main] TRACE org.angnysa.autodb.metadata.jdbc.loader.JdbcMetadataLoader - Primary Key loaded: TESTDB.PUBLIC.TEST_121_B :: JdbcUniqueIndex [unique] name: 'PK_TEST_121_B', columns: ('ID1', 'ID2')
23:58:12.131 [main] TRACE org.angnysa.autodb.metadata.jdbc.loader.JdbcMetadataLoader - Table loaded:
[!!!org.angnysa.autodb.metadata.jdbc.JdbcTable@71faeb31=>java.lang.NullPointerException:Cannot invoke "org.angnysa.autodb.metadata.jdbc.JdbcDatabase.getRelations(org.angnysa.autodb.metadata.jdbc.JdbcTable)" because "this.database" is null!!!]
23:58:12.134 [main] TRACE org.angnysa.autodb.metadata.jdbc.loader.JdbcMetadataLoader - Column loaded: TESTDB.PUBLIC.TEST_M21_A :: JdbcColumn ID1 INTEGER(mandatory, len < 10) 
23:58:12.134 [main] TRACE org.angnysa.autodb.metadata.jdbc.loader.JdbcMetadataLoader - Column loaded: TESTDB.PUBLIC.TEST_M21_A :: JdbcColumn ID2 INTEGER(mandatory, len < 10) 
23:58:12.134 [main] TRACE org.angnysa.autodb.metadata.jdbc.loader.JdbcMetadataLoader - Index loaded: TESTDB.PUBLIC.TEST_M21_A :: JdbcUniqueIndex [unique] name: 'PRIMARY_KEY_CE', columns: ('ID1', 'ID2')
23:58:12.134 [main] TRACE org.angnysa.autodb.metadata.jdbc.loader.JdbcMetadataLoader - Primary Key loaded: TESTDB.PUBLIC.TEST_M21_A :: JdbcUniqueIndex [unique] name: 'PK_TEST_M21_A', columns: ('ID1', 'ID2')
23:58:12.135 [main] TRACE org.angnysa.autodb.metadata.jdbc.loader.JdbcMetadataLoader - Table loaded:
[!!!org.angnysa.autodb.metadata.jdbc.JdbcTable@3d10a00a=>java.lang.NullPointerException:Cannot invoke "org.angnysa.autodb.metadata.jdbc.JdbcDatabase.getRelations(org.angnysa.autodb.metadata.jdbc.JdbcTable)" because "this.database" is null!!!]
23:58:12.137 [main] TRACE org.angnysa.autodb.metadata.jdbc.loader.JdbcMetadataLoader - Column loaded: TESTDB.PUBLIC.TEST_M21_B :: JdbcColumn ID1 INTEGER(mandatory, len < 10) 
23:58:12.137 [main] TRACE org.angnysa.autodb.metadata.jdbc.loader.JdbcMetadataLoader - Column loaded: TESTDB.PUBLIC.TEST_M21_B :: JdbcColumn ID2 INTEGER(mandatory, len < 10) 
23:58:12.137 [main] TRACE org.angnysa.autodb.metadata.jdbc.loader.JdbcMetadataLoader - Column loaded: TESTDB.PUBLIC.TEST_M21_B :: JdbcColumn A_ID1 INTEGER(mandatory, len < 10) 
23:58:12.137 [main] TRACE org.angnysa.autodb.metadata.jdbc.loader.JdbcMetadataLoader - Column loaded: TESTDB.PUBLIC.TEST_M21_B :: JdbcColumn A_ID2 INTEGER(mandatory, len < 10) 
23:58:12.138 [main] TRACE org.angnysa.autodb.metadata.jdbc.loader.JdbcMetadataLoader - Index loaded: TESTDB.PUBLIC.TEST_M21_B :: JdbcIndex [index] name: 'FK_TEST_M21_B_A_INDEX_C', columns: ('A_ID1', 'A_ID2')
23:58:12.138 [main] TRACE org.angnysa.autodb.metadata.jdbc.loader.JdbcMetadataLoader - Index loaded: TESTDB.PUBLIC.TEST_M21_B :: JdbcIndex [index] name: 'ID_TEST_M21_B_A', columns: ('A_ID1', 'A_ID2')
23:58:12.138 [main] TRACE org.angnysa.autodb.metadata.jdbc.loader.JdbcMetadataLoader - Index loaded: TESTDB.PUBLIC.TEST_M21_B :: JdbcUniqueIndex [unique] name: 'PRIMARY_KEY_CE8', columns: ('ID1', 'ID2')
23:58:12.138 [main] TRACE org.angnysa.autodb.metadata.jdbc.loader.JdbcMetadataLoader - Primary Key loaded: TESTDB.PUBLIC.TEST_M21_B :: JdbcUniqueIndex [unique] name: 'PK_TEST_M21_B', columns: ('ID1', 'ID2')
23:58:12.138 [main] TRACE org.angnysa.autodb.metadata.jdbc.loader.JdbcMetadataLoader - Table loaded:
[!!!org.angnysa.autodb.metadata.jdbc.JdbcTable@4e6eb11d=>java.lang.NullPointerException:Cannot invoke "org.angnysa.autodb.metadata.jdbc.JdbcDatabase.getRelations(org.angnysa.autodb.metadata.jdbc.JdbcTable)" because "this.database" is null!!!]
23:58:12.141 [main] TRACE org.angnysa.autodb.metadata.jdbc.loader.JdbcMetadataLoader - Column loaded: TESTDB.PUBLIC.TEST_M2M_A :: JdbcColumn ID1 INTEGER(mandatory, len < 10) 
23:58:12.141 [main] TRACE org.angnysa.autodb.metadata.jdbc.loader.JdbcMetadataLoader - Column loaded: TESTDB.PUBLIC.TEST_M2M_A :: JdbcColumn ID2 INTEGER(mandatory, len < 10) 
23:58:12.141 [main] TRACE org.angnysa.autodb.metadata.jdbc.loader.JdbcMetadataLoader - Index loaded: TESTDB.PUBLIC.TEST_M2M_A :: JdbcUniqueIndex [unique] name: 'PRIMARY_KEY_CE89', columns: ('ID1', 'ID2')
23:58:12.142 [main] TRACE org.angnysa.autodb.metadata.jdbc.loader.JdbcMetadataLoader - Primary Key loaded: TESTDB.PUBLIC.TEST_M2M_A :: JdbcUniqueIndex [unique] name: 'PK_TEST_M2M_A', columns: ('ID1', 'ID2')
23:58:12.142 [main] TRACE org.angnysa.autodb.metadata.jdbc.loader.JdbcMetadataLoader - Table loaded:
[!!!org.angnysa.autodb.metadata.jdbc.JdbcTable@4ef6a2fd=>java.lang.NullPointerException:Cannot invoke "org.angnysa.autodb.metadata.jdbc.JdbcDatabase.getRelations(org.angnysa.autodb.metadata.jdbc.JdbcTable)" because "this.database" is null!!!]
23:58:12.145 [main] TRACE org.angnysa.autodb.metadata.jdbc.loader.JdbcMetadataLoader - Column loaded: TESTDB.PUBLIC.TEST_M2M_B :: JdbcColumn ID1 INTEGER(mandatory, len < 10) 
23:58:12.145 [main] TRACE org.angnysa.autodb.metadata.jdbc.loader.JdbcMetadataLoader - Column loaded: TESTDB.PUBLIC.TEST_M2M_B :: JdbcColumn ID2 INTEGER(mandatory, len < 10) 
23:58:12.145 [main] TRACE org.angnysa.autodb.metadata.jdbc.loader.JdbcMetadataLoader - Index loaded: TESTDB.PUBLIC.TEST_M2M_B :: JdbcUniqueIndex [unique] name: 'PRIMARY_KEY_CE896', columns: ('ID1', 'ID2')
23:58:12.145 [main] TRACE org.angnysa.autodb.metadata.jdbc.loader.JdbcMetadataLoader - Primary Key loaded: TESTDB.PUBLIC.TEST_M2M_B :: JdbcUniqueIndex [unique] name: 'PK_TEST_M2M_B', columns: ('ID1', 'ID2')
23:58:12.146 [main] TRACE org.angnysa.autodb.metadata.jdbc.loader.JdbcMetadataLoader - Table loaded:
[!!!org.angnysa.autodb.metadata.jdbc.JdbcTable@4611fe60=>java.lang.NullPointerException:Cannot invoke "org.angnysa.autodb.metadata.jdbc.JdbcDatabase.getRelations(org.angnysa.autodb.metadata.jdbc.JdbcTable)" because "this.database" is null!!!]
23:58:12.148 [main] TRACE org.angnysa.autodb.metadata.jdbc.loader.JdbcMetadataLoader - Column loaded: TESTDB.PUBLIC.TEST_M2M_REL :: JdbcColumn AB_ID1 INTEGER(mandatory, len < 10) 
23:58:12.148 [main] TRACE org.angnysa.autodb.metadata.jdbc.loader.JdbcMetadataLoader - Column loaded: TESTDB.PUBLIC.TEST_M2M_REL :: JdbcColumn A_ID2 INTEGER(mandatory, len < 10) 
23:58:12.148 [main] TRACE org.angnysa.autodb.metadata.jdbc.loader.JdbcMetadataLoader - Column loaded: TESTDB.PUBLIC.TEST_M2M_REL :: JdbcColumn B_ID2 INTEGER(mandatory, len < 10) 
23:58:12.149 [main] TRACE org.angnysa.autodb.metadata.jdbc.loader.JdbcMetadataLoader - Index loaded: TESTDB.PUBLIC.TEST_M2M_REL :: JdbcUniqueIndex [unique] name: 'PRIMARY_KEY_5', columns: ('AB_ID1', 'A_ID2', 'B_ID2')
23:58:12.149 [main] TRACE org.angnysa.autodb.metadata.jdbc.loader.JdbcMetadataLoader - Index loaded: TESTDB.PUBLIC.TEST_M2M_REL :: JdbcIndex [index] name: 'FK_TEST_M2M_REL_B_INDEX_5', columns: ('AB_ID1', 'B_ID2')
23:58:12.149 [main] TRACE org.angnysa.autodb.metadata.jdbc.loader.JdbcMetadataLoader - Index loaded: TESTDB.PUBLIC.TEST_M2M_REL :: JdbcIndex [index] name: 'FK_TEST_M2M_REL_A_INDEX_5', columns: ('AB_ID1', 'A_ID2')
23:58:12.149 [main] TRACE org.angnysa.autodb.metadata.jdbc.loader.JdbcMetadataLoader - Primary Key loaded: TESTDB.PUBLIC.TEST_M2M_REL :: JdbcUniqueIndex [unique] name: 'PK_TEST_M2M_REL', columns: ('AB_ID1', 'A_ID2', 'B_ID2')
23:58:12.149 [main] TRACE org.angnysa.autodb.metadata.jdbc.loader.JdbcMetadataLoader - Table loaded:
[!!!org.angnysa.autodb.metadata.jdbc.JdbcTable@393751a0=>java.lang.NullPointerException:Cannot invoke "org.angnysa.autodb.metadata.jdbc.JdbcDatabase.getRelations(org.angnysa.autodb.metadata.jdbc.JdbcTable)" because "this.database" is null!!!]
23:58:12.149 [main] DEBUG org.angnysa.autodb.metadata.jdbc.loader.AbstractJdbcMetadataLoaderTester - Verifying column: TEST_M21_A :: ID1
23:58:12.150 [main] DEBUG org.angnysa.autodb.metadata.jdbc.loader.AbstractJdbcMetadataLoaderTester - Verifying column: TEST_M21_A :: ID2
]]></system-out>
  </testcase>
  <testcase name="testLoadTables" classname="org.angnysa.autodb.metadata.jdbc.loader.db.TestJdbcMetadataLoader_H2" time="0.04">
    <failure type="org.opentest4j.AssertionFailedError"><![CDATA[org.opentest4j.AssertionFailedError: Expected the key 'ID1' to be present ==> expected: <true> but was: <false>
]]></failure>
    <system-out><![CDATA[23:58:12.155 [main] TRACE org.angnysa.autodb.metadata.jdbc.loader.JdbcMetadataLoader - Column loaded: TESTDB.PUBLIC.TEST_121_A :: JdbcColumn ID1 INTEGER(mandatory, len < 10) 
23:58:12.155 [main] TRACE org.angnysa.autodb.metadata.jdbc.loader.JdbcMetadataLoader - Column loaded: TESTDB.PUBLIC.TEST_121_A :: JdbcColumn ID2 INTEGER(mandatory, len < 10) 
23:58:12.155 [main] TRACE org.angnysa.autodb.metadata.jdbc.loader.JdbcMetadataLoader - Index loaded: TESTDB.PUBLIC.TEST_121_A :: JdbcUniqueIndex [unique] name: 'PRIMARY_KEY_C', columns: ('ID1', 'ID2')
23:58:12.155 [main] TRACE org.angnysa.autodb.metadata.jdbc.loader.JdbcMetadataLoader - Primary Key loaded: TESTDB.PUBLIC.TEST_121_A :: JdbcUniqueIndex [unique] name: 'PK_TEST_121_A', columns: ('ID1', 'ID2')
23:58:12.156 [main] TRACE org.angnysa.autodb.metadata.jdbc.loader.JdbcMetadataLoader - Table loaded:
[!!!org.angnysa.autodb.metadata.jdbc.JdbcTable@4110e312=>java.lang.NullPointerException:Cannot invoke "org.angnysa.autodb.metadata.jdbc.JdbcDatabase.getRelations(org.angnysa.autodb.metadata.jdbc.JdbcTable)" because "this.database" is null!!!]
23:58:12.158 [main] TRACE org.angnysa.autodb.metadata.jdbc.loader.JdbcMetadataLoader - Column loaded: TESTDB.PUBLIC.TEST_121_B :: JdbcColumn ID1 INTEGER(mandatory, len < 10) 
23:58:12.158 [main] TRACE org.angnysa.autodb.metadata.jdbc.loader.JdbcMetadataLoader - Column loaded: TESTDB.PUBLIC.TEST_121_B :: JdbcColumn ID2 INTEGER(mandatory, len < 10) 
23:58:12.158 [main] TRACE org.angnysa.autodb.metadata.jdbc.loader.JdbcMetadataLoader - Column loaded: TESTDB.PUBLIC.TEST_121_B :: JdbcColumn A_ID1 INTEGER(mandatory, len < 10) 
23:58:12.158 [main] TRACE org.angnysa.autodb.metadata.jdbc.loader.JdbcMetadataLoader - Column loaded: TESTDB.PUBLIC.TEST_121_B :: JdbcColumn A_ID2 INTEGER(mandatory, len < 10) 
23:58:12.159 [main] TRACE org.angnysa.autodb.metadata.jdbc.loader.JdbcMetadataLoader - Index loaded: TESTDB.PUBLIC.TEST_121_B :: JdbcUniqueIndex [unique] name: 'UK_TEST_121_B_INDEX_C', columns: ('A_ID1', 'A_ID2')
23:58:12.159 [main] TRACE org.angnysa.autodb.metadata.jdbc.loader.JdbcMetadataLoader - Index loaded: TESTDB.PUBLIC.TEST_121_B :: JdbcUniqueIndex [unique] name: 'PRIMARY_KEY_CC', columns: ('ID1', 'ID2')
23:58:12.159 [main] TRACE org.angnysa.autodb.metadata.jdbc.loader.JdbcMetadataLoader - Primary Key loaded: TESTDB.PUBLIC.TEST_121_B :: JdbcUniqueIndex [unique] name: 'PK_TEST_121_B', columns: ('ID1', 'ID2')
23:58:12.159 [main] TRACE org.angnysa.autodb.metadata.jdbc.loader.JdbcMetadataLoader - Table loaded:
[!!!org.angnysa.autodb.metadata.jdbc.JdbcTable@50e86638=>java.lang.NullPointerException:Cannot invoke "org.angnysa.autodb.metadata.jdbc.JdbcDatabase.getRelations(org.angnysa.autodb.metadata.jdbc.JdbcTable)" because "this.database" is null!!!]
23:58:12.162 [main] TRACE org.angnysa.autodb.metadata.jdbc.loader.JdbcMetadataLoader - Column loaded: TESTDB.PUBLIC.TEST_M21_A :: JdbcColumn ID1 INTEGER(mandatory, len < 10) 
23:58:12.162 [main] TRACE org.angnysa.autodb.metadata.jdbc.loader.JdbcMetadataLoader - Column loaded: TESTDB.PUBLIC.TEST_M21_A :: JdbcColumn ID2 INTEGER(mandatory, len < 10) 
23:58:12.162 [main] TRACE org.angnysa.autodb.metadata.jdbc.loader.JdbcMetadataLoader - Index loaded: TESTDB.PUBLIC.TEST_M21_A :: JdbcUniqueIndex [unique] name: 'PRIMARY_KEY_CE', columns: ('ID1', 'ID2')
23:58:12.163 [main] TRACE org.angnysa.autodb.metadata.jdbc.loader.JdbcMetadataLoader - Primary Key loaded: TESTDB.PUBLIC.TEST_M21_A :: JdbcUniqueIndex [unique] name: 'PK_TEST_M21_A', columns: ('ID1', 'ID2')
23:58:12.163 [main] TRACE org.angnysa.autodb.metadata.jdbc.loader.JdbcMetadataLoader - Table loaded:
[!!!org.angnysa.autodb.metadata.jdbc.JdbcTable@1c00809b=>java.lang.NullPointerException:Cannot invoke "org.angnysa.autodb.metadata.jdbc.JdbcDatabase.getRelations(org.angnysa.autodb.metadata.jdbc.JdbcTable)" because "this.database" is null!!!]
23:58:12.165 [main] TRACE org.angnysa.autodb.metadata.jdbc.loader.JdbcMetadataLoader - Column loaded: TESTDB.PUBLIC.TEST_M21_B :: JdbcColumn ID1 INTEGER(mandatory, len < 10) 
23:58:12.166 [main] TRACE org.angnysa.autodb.metadata.jdbc.loader.JdbcMetadataLoader - Column loaded: TESTDB.PUBLIC.TEST_M21_B :: JdbcColumn ID2 INTEGER(mandatory, len < 10) 
23:58:12.166 [main] TRACE org.angnysa.autodb.metadata.jdbc.loader.JdbcMetadataLoader - Column loaded: TESTDB.PUBLIC.TEST_M21_B :: JdbcColumn A_ID1 INTEGER(mandatory, len < 10) 
23:58:12.166 [main] TRACE org.angnysa.autodb.metadata.jdbc.loader.JdbcMetadataLoader - Column loaded: TESTDB.PUBLIC.TEST_M21_B :: JdbcColumn A_ID2 INTEGER(mandatory, len < 10) 
23:58:12.166 [main] TRACE org.angnysa.autodb.metadata.jdbc.loader.JdbcMetadataLoader - Index loaded: TESTDB.PUBLIC.TEST_M21_B :: JdbcIndex [index] name: 'FK_TEST_M21_B_A_INDEX_C', columns: ('A_ID1', 'A_ID2')
23:58:12.166 [main] TRACE org.angnysa.autodb.metadata.jdbc.loader.JdbcMetadataLoader - Index loaded: TESTDB.PUBLIC.TEST_M21_B :: JdbcIndex [index] name: 'ID_TEST_M21_B_A', columns: ('A_ID1', 'A_ID2')
23:58:12.166 [main] TRACE org.angnysa.autodb.metadata.jdbc.loader.JdbcMetadataLoader - Index loaded: TESTDB.PUBLIC.TEST_M21_B :: JdbcUniqueIndex [unique] name: 'PRIMARY_KEY_CE8', columns: ('ID1', 'ID2')
23:58:12.167 [main] TRACE org.angnysa.autodb.metadata.jdbc.loader.JdbcMetadataLoader - Primary Key loaded: TESTDB.PUBLIC.TEST_M21_B :: JdbcUniqueIndex [unique] name: 'PK_TEST_M21_B', columns: ('ID1', 'ID2')
23:58:12.167 [main] TRACE org.angnysa.autodb.metadata.jdbc.loader.JdbcMetadataLoader - Table loaded:
[!!!org.angnysa.autodb.metadata.jdbc.JdbcTable@46978465=>java.lang.NullPointerException:Cannot invoke "org.angnysa.autodb.metadata.jdbc.JdbcDatabase.getRelations(org.angnysa.autodb.metadata.jdbc.JdbcTable)" because "this.database" is null!!!]
23:58:12.170 [main] TRACE org.angnysa.autodb.metadata.jdbc.loader.JdbcMetadataLoader - Column loaded: TESTDB.PUBLIC.TEST_M2M_A :: JdbcColumn ID1 INTEGER(mandatory, len < 10) 
23:58:12.170 [main] TRACE org.angnysa.autodb.metadata.jdbc.loader.JdbcMetadataLoader - Column loaded: TESTDB.PUBLIC.TEST_M2M_A :: JdbcColumn ID2 INTEGER(mandatory, len < 10) 
23:58:12.170 [main] TRACE org.angnysa.autodb.metadata.jdbc.loader.JdbcMetadataLoader - Index loaded: TESTDB.PUBLIC.TEST_M2M_A :: JdbcUniqueIndex [unique] name: 'PRIMARY_KEY_CE89', columns: ('ID1', 'ID2')
23:58:12.171 [main] TRACE org.angnysa.autodb.metadata.jdbc.loader.JdbcMetadataLoader - Primary Key loaded: TESTDB.PUBLIC.TEST_M2M_A :: JdbcUniqueIndex [unique] name: 'PK_TEST_M2M_A', columns: ('ID1', 'ID2')
23:58:12.171 [main] TRACE org.angnysa.autodb.metadata.jdbc.loader.JdbcMetadataLoader - Table loaded:
[!!!org.angnysa.autodb.metadata.jdbc.JdbcTable@73edfe51=>java.lang.NullPointerException:Cannot invoke "org.angnysa.autodb.metadata.jdbc.JdbcDatabase.getRelations(org.angnysa.autodb.metadata.jdbc.JdbcTable)" because "this.database" is null!!!]
23:58:12.176 [main] TRACE org.angnysa.autodb.metadata.jdbc.loader.JdbcMetadataLoader - Column loaded: TESTDB.PUBLIC.TEST_M2M_B :: JdbcColumn ID1 INTEGER(mandatory, len < 10) 
23:58:12.176 [main] TRACE org.angnysa.autodb.metadata.jdbc.loader.JdbcMetadataLoader - Column loaded: TESTDB.PUBLIC.TEST_M2M_B :: JdbcColumn ID2 INTEGER(mandatory, len < 10) 
23:58:12.177 [main] TRACE org.angnysa.autodb.metadata.jdbc.loader.JdbcMetadataLoader - Index loaded: TESTDB.PUBLIC.TEST_M2M_B :: JdbcUniqueIndex [unique] name: 'PRIMARY_KEY_CE896', columns: ('ID1', 'ID2')
23:58:12.177 [main] TRACE org.angnysa.autodb.metadata.jdbc.loader.JdbcMetadataLoader - Primary Key loaded: TESTDB.PUBLIC.TEST_M2M_B :: JdbcUniqueIndex [unique] name: 'PK_TEST_M2M_B', columns: ('ID1', 'ID2')
23:58:12.178 [main] TRACE org.angnysa.autodb.metadata.jdbc.loader.JdbcMetadataLoader - Table loaded:
[!!!org.angnysa.autodb.metadata.jdbc.JdbcTable@33ce57f4=>java.lang.NullPointerException:Cannot invoke "org.angnysa.autodb.metadata.jdbc.JdbcDatabase.getRelations(org.angnysa.autodb.metadata.jdbc.JdbcTable)" because "this.database" is null!!!]
23:58:12.180 [main] TRACE org.angnysa.autodb.metadata.jdbc.loader.JdbcMetadataLoader - Column loaded: TESTDB.PUBLIC.TEST_M2M_REL :: JdbcColumn AB_ID1 INTEGER(mandatory, len < 10) 
23:58:12.180 [main] TRACE org.angnysa.autodb.metadata.jdbc.loader.JdbcMetadataLoader - Column loaded: TESTDB.PUBLIC.TEST_M2M_REL :: JdbcColumn A_ID2 INTEGER(mandatory, len < 10) 
23:58:12.181 [main] TRACE org.angnysa.autodb.metadata.jdbc.loader.JdbcMetadataLoader - Column loaded: TESTDB.PUBLIC.TEST_M2M_REL :: JdbcColumn B_ID2 INTEGER(mandatory, len < 10) 
23:58:12.181 [main] TRACE org.angnysa.autodb.metadata.jdbc.loader.JdbcMetadataLoader - Index loaded: TESTDB.PUBLIC.TEST_M2M_REL :: JdbcUniqueIndex [unique] name: 'PRIMARY_KEY_5', columns: ('AB_ID1', 'A_ID2', 'B_ID2')
23:58:12.186 [main] TRACE org.angnysa.autodb.metadata.jdbc.loader.JdbcMetadataLoader - Index loaded: TESTDB.PUBLIC.TEST_M2M_REL :: JdbcIndex [index] name: 'FK_TEST_M2M_REL_B_INDEX_5', columns: ('AB_ID1', 'B_ID2')
23:58:12.186 [main] TRACE org.angnysa.autodb.metadata.jdbc.loader.JdbcMetadataLoader - Index loaded: TESTDB.PUBLIC.TEST_M2M_REL :: JdbcIndex [index] name: 'FK_TEST_M2M_REL_A_INDEX_5', columns: ('AB_ID1', 'A_ID2')
23:58:12.187 [main] TRACE org.angnysa.autodb.metadata.jdbc.loader.JdbcMetadataLoader - Primary Key loaded: TESTDB.PUBLIC.TEST_M2M_REL :: JdbcUniqueIndex [unique] name: 'PK_TEST_M2M_REL', columns: ('AB_ID1', 'A_ID2', 'B_ID2')
23:58:12.190 [main] TRACE org.angnysa.autodb.metadata.jdbc.loader.JdbcMetadataLoader - Table loaded:
[!!!org.angnysa.autodb.metadata.jdbc.JdbcTable@4925e32d=>java.lang.NullPointerException:Cannot invoke "org.angnysa.autodb.metadata.jdbc.JdbcDatabase.getRelations(org.angnysa.autodb.metadata.jdbc.JdbcTable)" because "this.database" is null!!!]
23:58:12.190 [main] DEBUG org.angnysa.autodb.metadata.jdbc.loader.AbstractJdbcMetadataLoaderTester - Verifying column: TEST_M21_B :: ID1
23:58:12.190 [main] DEBUG org.angnysa.autodb.metadata.jdbc.loader.AbstractJdbcMetadataLoaderTester - Verifying column: TEST_M21_B :: ID2
23:58:12.190 [main] DEBUG org.angnysa.autodb.metadata.jdbc.loader.AbstractJdbcMetadataLoaderTester - Verifying column: TEST_M21_B :: A_ID1
23:58:12.190 [main] DEBUG org.angnysa.autodb.metadata.jdbc.loader.AbstractJdbcMetadataLoaderTester - Verifying column: TEST_M21_B :: A_ID2
]]></system-out>
  </testcase>
  <testcase name="testLoadTables" classname="org.angnysa.autodb.metadata.jdbc.loader.db.TestJdbcMetadataLoader_H2" time="0.043">
    <failure type="org.opentest4j.AssertionFailedError"><![CDATA[org.opentest4j.AssertionFailedError: Expected the key 'ID1' to be present ==> expected: <true> but was: <false>
]]></failure>
    <system-out><![CDATA[23:58:12.198 [main] TRACE org.angnysa.autodb.metadata.jdbc.loader.JdbcMetadataLoader - Column loaded: TESTDB.PUBLIC.TEST_121_A :: JdbcColumn ID1 INTEGER(mandatory, len < 10) 
23:58:12.198 [main] TRACE org.angnysa.autodb.metadata.jdbc.loader.JdbcMetadataLoader - Column loaded: TESTDB.PUBLIC.TEST_121_A :: JdbcColumn ID2 INTEGER(mandatory, len < 10) 
23:58:12.199 [main] TRACE org.angnysa.autodb.metadata.jdbc.loader.JdbcMetadataLoader - Index loaded: TESTDB.PUBLIC.TEST_121_A :: JdbcUniqueIndex [unique] name: 'PRIMARY_KEY_C', columns: ('ID1', 'ID2')
23:58:12.199 [main] TRACE org.angnysa.autodb.metadata.jdbc.loader.JdbcMetadataLoader - Primary Key loaded: TESTDB.PUBLIC.TEST_121_A :: JdbcUniqueIndex [unique] name: 'PK_TEST_121_A', columns: ('ID1', 'ID2')
23:58:12.199 [main] TRACE org.angnysa.autodb.metadata.jdbc.loader.JdbcMetadataLoader - Table loaded:
[!!!org.angnysa.autodb.metadata.jdbc.JdbcTable@44f61a32=>java.lang.NullPointerException:Cannot invoke "org.angnysa.autodb.metadata.jdbc.JdbcDatabase.getRelations(org.angnysa.autodb.metadata.jdbc.JdbcTable)" because "this.database" is null!!!]
23:58:12.202 [main] TRACE org.angnysa.autodb.metadata.jdbc.loader.JdbcMetadataLoader - Column loaded: TESTDB.PUBLIC.TEST_121_B :: JdbcColumn ID1 INTEGER(mandatory, len < 10) 
23:58:12.202 [main] TRACE org.angnysa.autodb.metadata.jdbc.loader.JdbcMetadataLoader - Column loaded: TESTDB.PUBLIC.TEST_121_B :: JdbcColumn ID2 INTEGER(mandatory, len < 10) 
23:58:12.202 [main] TRACE org.angnysa.autodb.metadata.jdbc.loader.JdbcMetadataLoader - Column loaded: TESTDB.PUBLIC.TEST_121_B :: JdbcColumn A_ID1 INTEGER(mandatory, len < 10) 
23:58:12.202 [main] TRACE org.angnysa.autodb.metadata.jdbc.loader.JdbcMetadataLoader - Column loaded: TESTDB.PUBLIC.TEST_121_B :: JdbcColumn A_ID2 INTEGER(mandatory, len < 10) 
23:58:12.202 [main] TRACE org.angnysa.autodb.metadata.jdbc.loader.JdbcMetadataLoader - Index loaded: TESTDB.PUBLIC.TEST_121_B :: JdbcUniqueIndex [unique] name: 'UK_TEST_121_B_INDEX_C', columns: ('A_ID1', 'A_ID2')
23:58:12.203 [main] TRACE org.angnysa.autodb.metadata.jdbc.loader.JdbcMetadataLoader - Index loaded: TESTDB.PUBLIC.TEST_121_B :: JdbcUniqueIndex [unique] name: 'PRIMARY_KEY_CC', columns: ('ID1', 'ID2')
23:58:12.203 [main] TRACE org.angnysa.autodb.metadata.jdbc.loader.JdbcMetadataLoader - Primary Key loaded: TESTDB.PUBLIC.TEST_121_B :: JdbcUniqueIndex [unique] name: 'PK_TEST_121_B', columns: ('ID1', 'ID2')
23:58:12.203 [main] TRACE org.angnysa.autodb.metadata.jdbc.loader.JdbcMetadataLoader - Table loaded:
[!!!org.angnysa.autodb.metadata.jdbc.JdbcTable@131c01d=>java.lang.NullPointerException:Cannot invoke "org.angnysa.autodb.metadata.jdbc.JdbcDatabase.getRelations(org.angnysa.autodb.metadata.jdbc.JdbcTable)" because "this.database" is null!!!]
23:58:12.206 [main] TRACE org.angnysa.autodb.metadata.jdbc.loader.JdbcMetadataLoader - Column loaded: TESTDB.PUBLIC.TEST_M21_A :: JdbcColumn ID1 INTEGER(mandatory, len < 10) 
23:58:12.206 [main] TRACE org.angnysa.autodb.metadata.jdbc.loader.JdbcMetadataLoader - Column loaded: TESTDB.PUBLIC.TEST_M21_A :: JdbcColumn ID2 INTEGER(mandatory, len < 10) 
23:58:12.206 [main] TRACE org.angnysa.autodb.metadata.jdbc.loader.JdbcMetadataLoader - Index loaded: TESTDB.PUBLIC.TEST_M21_A :: JdbcUniqueIndex [unique] name: 'PRIMARY_KEY_CE', columns: ('ID1', 'ID2')
23:58:12.206 [main] TRACE org.angnysa.autodb.metadata.jdbc.loader.JdbcMetadataLoader - Primary Key loaded: TESTDB.PUBLIC.TEST_M21_A :: JdbcUniqueIndex [unique] name: 'PK_TEST_M21_A', columns: ('ID1', 'ID2')
23:58:12.207 [main] TRACE org.angnysa.autodb.metadata.jdbc.loader.JdbcMetadataLoader - Table loaded:
[!!!org.angnysa.autodb.metadata.jdbc.JdbcTable@32472631=>java.lang.NullPointerException:Cannot invoke "org.angnysa.autodb.metadata.jdbc.JdbcDatabase.getRelations(org.angnysa.autodb.metadata.jdbc.JdbcTable)" because "this.database" is null!!!]
23:58:12.213 [main] TRACE org.angnysa.autodb.metadata.jdbc.loader.JdbcMetadataLoader - Column loaded: TESTDB.PUBLIC.TEST_M21_B :: JdbcColumn ID1 INTEGER(mandatory, len < 10) 
23:58:12.213 [main] TRACE org.angnysa.autodb.metadata.jdbc.loader.JdbcMetadataLoader - Column loaded: TESTDB.PUBLIC.TEST_M21_B :: JdbcColumn ID2 INTEGER(mandatory, len < 10) 
23:58:12.213 [main] TRACE org.angnysa.autodb.metadata.jdbc.loader.JdbcMetadataLoader - Column loaded: TESTDB.PUBLIC.TEST_M21_B :: JdbcColumn A_ID1 INTEGER(mandatory, len < 10) 
23:58:12.213 [main] TRACE org.angnysa.autodb.metadata.jdbc.loader.JdbcMetadataLoader - Column loaded: TESTDB.PUBLIC.TEST_M21_B :: JdbcColumn A_ID2 INTEGER(mandatory, len < 10) 
23:58:12.214 [main] TRACE org.angnysa.autodb.metadata.jdbc.loader.JdbcMetadataLoader - Index loaded: TESTDB.PUBLIC.TEST_M21_B :: JdbcIndex [index] name: 'FK_TEST_M21_B_A_INDEX_C', columns: ('A_ID1', 'A_ID2')
23:58:12.214 [main] TRACE org.angnysa.autodb.metadata.jdbc.loader.JdbcMetadataLoader - Index loaded: TESTDB.PUBLIC.TEST_M21_B :: JdbcIndex [index] name: 'ID_TEST_M21_B_A', columns: ('A_ID1', 'A_ID2')
23:58:12.214 [main] TRACE org.angnysa.autodb.metadata.jdbc.loader.JdbcMetadataLoader - Index loaded: TESTDB.PUBLIC.TEST_M21_B :: JdbcUniqueIndex [unique] name: 'PRIMARY_KEY_CE8', columns: ('ID1', 'ID2')
23:58:12.214 [main] TRACE org.angnysa.autodb.metadata.jdbc.loader.JdbcMetadataLoader - Primary Key loaded: TESTDB.PUBLIC.TEST_M21_B :: JdbcUniqueIndex [unique] name: 'PK_TEST_M21_B', columns: ('ID1', 'ID2')
23:58:12.214 [main] TRACE org.angnysa.autodb.metadata.jdbc.loader.JdbcMetadataLoader - Table loaded:
[!!!org.angnysa.autodb.metadata.jdbc.JdbcTable@4abb5d17=>java.lang.NullPointerException:Cannot invoke "org.angnysa.autodb.metadata.jdbc.JdbcDatabase.getRelations(org.angnysa.autodb.metadata.jdbc.JdbcTable)" because "this.database" is null!!!]
23:58:12.224 [main] TRACE org.angnysa.autodb.metadata.jdbc.loader.JdbcMetadataLoader - Column loaded: TESTDB.PUBLIC.TEST_M2M_A :: JdbcColumn ID1 INTEGER(mandatory, len < 10) 
23:58:12.224 [main] TRACE org.angnysa.autodb.metadata.jdbc.loader.JdbcMetadataLoader - Column loaded: TESTDB.PUBLIC.TEST_M2M_A :: JdbcColumn ID2 INTEGER(mandatory, len < 10) 
23:58:12.224 [main] TRACE org.angnysa.autodb.metadata.jdbc.loader.JdbcMetadataLoader - Index loaded: TESTDB.PUBLIC.TEST_M2M_A :: JdbcUniqueIndex [unique] name: 'PRIMARY_KEY_CE89', columns: ('ID1', 'ID2')
23:58:12.225 [main] TRACE org.angnysa.autodb.metadata.jdbc.loader.JdbcMetadataLoader - Primary Key loaded: TESTDB.PUBLIC.TEST_M2M_A :: JdbcUniqueIndex [unique] name: 'PK_TEST_M2M_A', columns: ('ID1', 'ID2')
23:58:12.225 [main] TRACE org.angnysa.autodb.metadata.jdbc.loader.JdbcMetadataLoader - Table loaded:
[!!!org.angnysa.autodb.metadata.jdbc.JdbcTable@232a4cc5=>java.lang.NullPointerException:Cannot invoke "org.angnysa.autodb.metadata.jdbc.JdbcDatabase.getRelations(org.angnysa.autodb.metadata.jdbc.JdbcTable)" because "this.database" is null!!!]
23:58:12.228 [main] TRACE org.angnysa.autodb.metadata.jdbc.loader.JdbcMetadataLoader - Column loaded: TESTDB.PUBLIC.TEST_M2M_B :: JdbcColumn ID1 INTEGER(mandatory, len < 10) 
23:58:12.228 [main] TRACE org.angnysa.autodb.metadata.jdbc.loader.JdbcMetadataLoader - Column loaded: TESTDB.PUBLIC.TEST_M2M_B :: JdbcColumn ID2 INTEGER(mandatory, len < 10) 
23:58:12.228 [main] TRACE org.angnysa.autodb.metadata.jdbc.loader.JdbcMetadataLoader - Index loaded: TESTDB.PUBLIC.TEST_M2M_B :: JdbcUniqueIndex [unique] name: 'PRIMARY_KEY_CE896', columns: ('ID1', 'ID2')
23:58:12.228 [main] TRACE org.angnysa.autodb.metadata.jdbc.loader.JdbcMetadataLoader - Primary Key loaded: TESTDB.PUBLIC.TEST_M2M_B :: JdbcUniqueIndex [unique] name: 'PK_TEST_M2M_B', columns: ('ID1', 'ID2')
23:58:12.229 [main] TRACE org.angnysa.autodb.metadata.jdbc.loader.JdbcMetadataLoader - Table loaded:
[!!!org.angnysa.autodb.metadata.jdbc.JdbcTable@5ce74a18=>java.lang.NullPointerException:Cannot invoke "org.angnysa.autodb.metadata.jdbc.JdbcDatabase.getRelations(org.angnysa.autodb.metadata.jdbc.JdbcTable)" because "this.database" is null!!!]
23:58:12.231 [main] TRACE org.angnysa.autodb.metadata.jdbc.loader.JdbcMetadataLoader - Column loaded: TESTDB.PUBLIC.TEST_M2M_REL :: JdbcColumn AB_ID1 INTEGER(mandatory, len < 10) 
23:58:12.232 [main] TRACE org.angnysa.autodb.metadata.jdbc.loader.JdbcMetadataLoader - Column loaded: TESTDB.PUBLIC.TEST_M2M_REL :: JdbcColumn A_ID2 INTEGER(mandatory, len < 10) 
23:58:12.232 [main] TRACE org.angnysa.autodb.metadata.jdbc.loader.JdbcMetadataLoader - Column loaded: TESTDB.PUBLIC.TEST_M2M_REL :: JdbcColumn B_ID2 INTEGER(mandatory, len < 10) 
23:58:12.232 [main] TRACE org.angnysa.autodb.metadata.jdbc.loader.JdbcMetadataLoader - Index loaded: TESTDB.PUBLIC.TEST_M2M_REL :: JdbcUniqueIndex [unique] name: 'PRIMARY_KEY_5', columns: ('AB_ID1', 'A_ID2', 'B_ID2')
23:58:12.232 [main] TRACE org.angnysa.autodb.metadata.jdbc.loader.JdbcMetadataLoader - Index loaded: TESTDB.PUBLIC.TEST_M2M_REL :: JdbcIndex [index] name: 'FK_TEST_M2M_REL_B_INDEX_5', columns: ('AB_ID1', 'B_ID2')
23:58:12.232 [main] TRACE org.angnysa.autodb.metadata.jdbc.loader.JdbcMetadataLoader - Index loaded: TESTDB.PUBLIC.TEST_M2M_REL :: JdbcIndex [index] name: 'FK_TEST_M2M_REL_A_INDEX_5', columns: ('AB_ID1', 'A_ID2')
23:58:12.232 [main] TRACE org.angnysa.autodb.metadata.jdbc.loader.JdbcMetadataLoader - Primary Key loaded: TESTDB.PUBLIC.TEST_M2M_REL :: JdbcUniqueIndex [unique] name: 'PK_TEST_M2M_REL', columns: ('AB_ID1', 'A_ID2', 'B_ID2')
23:58:12.233 [main] TRACE org.angnysa.autodb.metadata.jdbc.loader.JdbcMetadataLoader - Table loaded:
[!!!org.angnysa.autodb.metadata.jdbc.JdbcTable@39133ce1=>java.lang.NullPointerException:Cannot invoke "org.angnysa.autodb.metadata.jdbc.JdbcDatabase.getRelations(org.angnysa.autodb.metadata.jdbc.JdbcTable)" because "this.database" is null!!!]
23:58:12.233 [main] DEBUG org.angnysa.autodb.metadata.jdbc.loader.AbstractJdbcMetadataLoaderTester - Verifying column: TEST_M2M_A :: ID1
23:58:12.233 [main] DEBUG org.angnysa.autodb.metadata.jdbc.loader.AbstractJdbcMetadataLoaderTester - Verifying column: TEST_M2M_A :: ID2
]]></system-out>
  </testcase>
  <testcase name="testLoadTables" classname="org.angnysa.autodb.metadata.jdbc.loader.db.TestJdbcMetadataLoader_H2" time="0.043">
    <failure type="org.opentest4j.AssertionFailedError"><![CDATA[org.opentest4j.AssertionFailedError: Expected the key 'ID1' to be present ==> expected: <true> but was: <false>
]]></failure>
    <system-out><![CDATA[23:58:12.244 [main] TRACE org.angnysa.autodb.metadata.jdbc.loader.JdbcMetadataLoader - Column loaded: TESTDB.PUBLIC.TEST_121_A :: JdbcColumn ID1 INTEGER(mandatory, len < 10) 
23:58:12.244 [main] TRACE org.angnysa.autodb.metadata.jdbc.loader.JdbcMetadataLoader - Column loaded: TESTDB.PUBLIC.TEST_121_A :: JdbcColumn ID2 INTEGER(mandatory, len < 10) 
23:58:12.245 [main] TRACE org.angnysa.autodb.metadata.jdbc.loader.JdbcMetadataLoader - Index loaded: TESTDB.PUBLIC.TEST_121_A :: JdbcUniqueIndex [unique] name: 'PRIMARY_KEY_C', columns: ('ID1', 'ID2')
23:58:12.245 [main] TRACE org.angnysa.autodb.metadata.jdbc.loader.JdbcMetadataLoader - Primary Key loaded: TESTDB.PUBLIC.TEST_121_A :: JdbcUniqueIndex [unique] name: 'PK_TEST_121_A', columns: ('ID1', 'ID2')
23:58:12.245 [main] TRACE org.angnysa.autodb.metadata.jdbc.loader.JdbcMetadataLoader - Table loaded:
[!!!org.angnysa.autodb.metadata.jdbc.JdbcTable@2c8eb04e=>java.lang.NullPointerException:Cannot invoke "org.angnysa.autodb.metadata.jdbc.JdbcDatabase.getRelations(org.angnysa.autodb.metadata.jdbc.JdbcTable)" because "this.database" is null!!!]
23:58:12.248 [main] TRACE org.angnysa.autodb.metadata.jdbc.loader.JdbcMetadataLoader - Column loaded: TESTDB.PUBLIC.TEST_121_B :: JdbcColumn ID1 INTEGER(mandatory, len < 10) 
23:58:12.248 [main] TRACE org.angnysa.autodb.metadata.jdbc.loader.JdbcMetadataLoader - Column loaded: TESTDB.PUBLIC.TEST_121_B :: JdbcColumn ID2 INTEGER(mandatory, len < 10) 
23:58:12.248 [main] TRACE org.angnysa.autodb.metadata.jdbc.loader.JdbcMetadataLoader - Column loaded: TESTDB.PUBLIC.TEST_121_B :: JdbcColumn A_ID1 INTEGER(mandatory, len < 10) 
23:58:12.248 [main] TRACE org.angnysa.autodb.metadata.jdbc.loader.JdbcMetadataLoader - Column loaded: TESTDB.PUBLIC.TEST_121_B :: JdbcColumn A_ID2 INTEGER(mandatory, len < 10) 
23:58:12.252 [main] TRACE org.angnysa.autodb.metadata.jdbc.loader.JdbcMetadataLoader - Index loaded: TESTDB.PUBLIC.TEST_121_B :: JdbcUniqueIndex [unique] name: 'UK_TEST_121_B_INDEX_C', columns: ('A_ID1', 'A_ID2')
23:58:12.252 [main] TRACE org.angnysa.autodb.metadata.jdbc.loader.JdbcMetadataLoader - Index loaded: TESTDB.PUBLIC.TEST_121_B :: JdbcUniqueIndex [unique] name: 'PRIMARY_KEY_CC', columns: ('ID1', 'ID2')
23:58:12.252 [main] TRACE org.angnysa.autodb.metadata.jdbc.loader.JdbcMetadataLoader - Primary Key loaded: TESTDB.PUBLIC.TEST_121_B :: JdbcUniqueIndex [unique] name: 'PK_TEST_121_B', columns: ('ID1', 'ID2')
23:58:12.252 [main] TRACE org.angnysa.autodb.metadata.jdbc.loader.JdbcMetadataLoader - Table loaded:
[!!!org.angnysa.autodb.metadata.jdbc.JdbcTable@438e1537=>java.lang.NullPointerException:Cannot invoke "org.angnysa.autodb.metadata.jdbc.JdbcDatabase.getRelations(org.angnysa.autodb.metadata.jdbc.JdbcTable)" because "this.database" is null!!!]
23:58:12.255 [main] TRACE org.angnysa.autodb.metadata.jdbc.loader.JdbcMetadataLoader - Column loaded: TESTDB.PUBLIC.TEST_M21_A :: JdbcColumn ID1 INTEGER(mandatory, len < 10) 
23:58:12.255 [main] TRACE org.angnysa.autodb.metadata.jdbc.loader.JdbcMetadataLoader - Column loaded: TESTDB.PUBLIC.TEST_M21_A :: JdbcColumn ID2 INTEGER(mandatory, len < 10) 
23:58:12.256 [main] TRACE org.angnysa.autodb.metadata.jdbc.loader.JdbcMetadataLoader - Index loaded: TESTDB.PUBLIC.TEST_M21_A :: JdbcUniqueIndex [unique] name: 'PRIMARY_KEY_CE', columns: ('ID1', 'ID2')
23:58:12.256 [main] TRACE org.angnysa.autodb.metadata.jdbc.loader.JdbcMetadataLoader - Primary Key loaded: TESTDB.PUBLIC.TEST_M21_A :: JdbcUniqueIndex [unique] name: 'PK_TEST_M21_A', columns: ('ID1', 'ID2')
23:58:12.256 [main] TRACE org.angnysa.autodb.metadata.jdbc.loader.JdbcMetadataLoader - Table loaded:
[!!!org.angnysa.autodb.metadata.jdbc.JdbcTable@45566129=>java.lang.NullPointerException:Cannot invoke "org.angnysa.autodb.metadata.jdbc.JdbcDatabase.getRelations(org.angnysa.autodb.metadata.jdbc.JdbcTable)" because "this.database" is null!!!]
23:58:12.259 [main] TRACE org.angnysa.autodb.metadata.jdbc.loader.JdbcMetadataLoader - Column loaded: TESTDB.PUBLIC.TEST_M21_B :: JdbcColumn ID1 INTEGER(mandatory, len < 10) 
23:58:12.259 [main] TRACE org.angnysa.autodb.metadata.jdbc.loader.JdbcMetadataLoader - Column loaded: TESTDB.PUBLIC.TEST_M21_B :: JdbcColumn ID2 INTEGER(mandatory, len < 10) 
23:58:12.259 [main] TRACE org.angnysa.autodb.metadata.jdbc.loader.JdbcMetadataLoader - Column loaded: TESTDB.PUBLIC.TEST_M21_B :: JdbcColumn A_ID1 INTEGER(mandatory, len < 10) 
23:58:12.259 [main] TRACE org.angnysa.autodb.metadata.jdbc.loader.JdbcMetadataLoader - Column loaded: TESTDB.PUBLIC.TEST_M21_B :: JdbcColumn A_ID2 INTEGER(mandatory, len < 10) 
23:58:12.259 [main] TRACE org.angnysa.autodb.metadata.jdbc.loader.JdbcMetadataLoader - Index loaded: TESTDB.PUBLIC.TEST_M21_B :: JdbcIndex [index] name: 'FK_TEST_M21_B_A_INDEX_C', columns: ('A_ID1', 'A_ID2')
23:58:12.259 [main] TRACE org.angnysa.autodb.metadata.jdbc.loader.JdbcMetadataLoader - Index loaded: TESTDB.PUBLIC.TEST_M21_B :: JdbcIndex [index] name: 'ID_TEST_M21_B_A', columns: ('A_ID1', 'A_ID2')
23:58:12.259 [main] TRACE org.angnysa.autodb.metadata.jdbc.loader.JdbcMetadataLoader - Index loaded: TESTDB.PUBLIC.TEST_M21_B :: JdbcUniqueIndex [unique] name: 'PRIMARY_KEY_CE8', columns: ('ID1', 'ID2')
23:58:12.263 [main] TRACE org.angnysa.autodb.metadata.jdbc.loader.JdbcMetadataLoader - Primary Key loaded: TESTDB.PUBLIC.TEST_M21_B :: JdbcUniqueIndex [unique] name: 'PK_TEST_M21_B', columns: ('ID1', 'ID2')
23:58:12.263 [main] TRACE org.angnysa.autodb.metadata.jdbc.loader.JdbcMetadataLoader - Table loaded:
[!!!org.angnysa.autodb.metadata.jdbc.JdbcTable@4c33ad71=>java.lang.NullPointerException:Cannot invoke "org.angnysa.autodb.metadata.jdbc.JdbcDatabase.getRelations(org.angnysa.autodb.metadata.jdbc.JdbcTable)" because "this.database" is null!!!]
23:58:12.266 [main] TRACE org.angnysa.autodb.metadata.jdbc.loader.JdbcMetadataLoader - Column loaded: TESTDB.PUBLIC.TEST_M2M_A :: JdbcColumn ID1 INTEGER(mandatory, len < 10) 
23:58:12.267 [main] TRACE org.angnysa.autodb.metadata.jdbc.loader.JdbcMetadataLoader - Column loaded: TESTDB.PUBLIC.TEST_M2M_A :: JdbcColumn ID2 INTEGER(mandatory, len < 10) 
23:58:12.267 [main] TRACE org.angnysa.autodb.metadata.jdbc.loader.JdbcMetadataLoader - Index loaded: TESTDB.PUBLIC.TEST_M2M_A :: JdbcUniqueIndex [unique] name: 'PRIMARY_KEY_CE89', columns: ('ID1', 'ID2')
23:58:12.267 [main] TRACE org.angnysa.autodb.metadata.jdbc.loader.JdbcMetadataLoader - Primary Key loaded: TESTDB.PUBLIC.TEST_M2M_A :: JdbcUniqueIndex [unique] name: 'PK_TEST_M2M_A', columns: ('ID1', 'ID2')
23:58:12.267 [main] TRACE org.angnysa.autodb.metadata.jdbc.loader.JdbcMetadataLoader - Table loaded:
[!!!org.angnysa.autodb.metadata.jdbc.JdbcTable@3b69bffe=>java.lang.NullPointerException:Cannot invoke "org.angnysa.autodb.metadata.jdbc.JdbcDatabase.getRelations(org.angnysa.autodb.metadata.jdbc.JdbcTable)" because "this.database" is null!!!]
23:58:12.270 [main] TRACE org.angnysa.autodb.metadata.jdbc.loader.JdbcMetadataLoader - Column loaded: TESTDB.PUBLIC.TEST_M2M_B :: JdbcColumn ID1 INTEGER(mandatory, len < 10) 
23:58:12.270 [main] TRACE org.angnysa.autodb.metadata.jdbc.loader.JdbcMetadataLoader - Column loaded: TESTDB.PUBLIC.TEST_M2M_B :: JdbcColumn ID2 INTEGER(mandatory, len < 10) 
23:58:12.271 [main] TRACE org.angnysa.autodb.metadata.jdbc.loader.JdbcMetadataLoader - Index loaded: TESTDB.PUBLIC.TEST_M2M_B :: JdbcUniqueIndex [unique] name: 'PRIMARY_KEY_CE896', columns: ('ID1', 'ID2')
23:58:12.271 [main] TRACE org.angnysa.autodb.metadata.jdbc.loader.JdbcMetadataLoader - Primary Key loaded: TESTDB.PUBLIC.TEST_M2M_B :: JdbcUniqueIndex [unique] name: 'PK_TEST_M2M_B', columns: ('ID1', 'ID2')
23:58:12.271 [main] TRACE org.angnysa.autodb.metadata.jdbc.loader.JdbcMetadataLoader - Table loaded:
[!!!org.angnysa.autodb.metadata.jdbc.JdbcTable@2cc1fdb1=>java.lang.NullPointerException:Cannot invoke "org.angnysa.autodb.metadata.jdbc.JdbcDatabase.getRelations(org.angnysa.autodb.metadata.jdbc.JdbcTable)" because "this.database" is null!!!]
23:58:12.275 [main] TRACE org.angnysa.autodb.metadata.jdbc.loader.JdbcMetadataLoader - Column loaded: TESTDB.PUBLIC.TEST_M2M_REL :: JdbcColumn AB_ID1 INTEGER(mandatory, len < 10) 
23:58:12.275 [main] TRACE org.angnysa.autodb.metadata.jdbc.loader.JdbcMetadataLoader - Column loaded: TESTDB.PUBLIC.TEST_M2M_REL :: JdbcColumn A_ID2 INTEGER(mandatory, len < 10) 
23:58:12.275 [main] TRACE org.angnysa.autodb.metadata.jdbc.loader.JdbcMetadataLoader - Column loaded: TESTDB.PUBLIC.TEST_M2M_REL :: JdbcColumn B_ID2 INTEGER(mandatory, len < 10) 
23:58:12.275 [main] TRACE org.angnysa.autodb.metadata.jdbc.loader.JdbcMetadataLoader - Index loaded: TESTDB.PUBLIC.TEST_M2M_REL :: JdbcUniqueIndex [unique] name: 'PRIMARY_KEY_5', columns: ('AB_ID1', 'A_ID2', 'B_ID2')
23:58:12.275 [main] TRACE org.angnysa.autodb.metadata.jdbc.loader.JdbcMetadataLoader - Index loaded: TESTDB.PUBLIC.TEST_M2M_REL :: JdbcIndex [index] name: 'FK_TEST_M2M_REL_B_INDEX_5', columns: ('AB_ID1', 'B_ID2')
23:58:12.275 [main] TRACE org.angnysa.autodb.metadata.jdbc.loader.JdbcMetadataLoader - Index loaded: TESTDB.PUBLIC.TEST_M2M_REL :: JdbcIndex [index] name: 'FK_TEST_M2M_REL_A_INDEX_5', columns: ('AB_ID1', 'A_ID2')
23:58:12.276 [main] TRACE org.angnysa.autodb.metadata.jdbc.loader.JdbcMetadataLoader - Primary Key loaded: TESTDB.PUBLIC.TEST_M2M_REL :: JdbcUniqueIndex [unique] name: 'PK_TEST_M2M_REL', columns: ('AB_ID1', 'A_ID2', 'B_ID2')
23:58:12.276 [main] TRACE org.angnysa.autodb.metadata.jdbc.loader.JdbcMetadataLoader - Table loaded:
[!!!org.angnysa.autodb.metadata.jdbc.JdbcTable@7b96476b=>java.lang.NullPointerException:Cannot invoke "org.angnysa.autodb.metadata.jdbc.JdbcDatabase.getRelations(org.angnysa.autodb.metadata.jdbc.JdbcTable)" because "this.database" is null!!!]
23:58:12.276 [main] DEBUG org.angnysa.autodb.metadata.jdbc.loader.AbstractJdbcMetadataLoaderTester - Verifying column: TEST_M2M_B :: ID1
23:58:12.276 [main] DEBUG org.angnysa.autodb.metadata.jdbc.loader.AbstractJdbcMetadataLoaderTester - Verifying column: TEST_M2M_B :: ID2
]]></system-out>
  </testcase>
  <testcase name="testLoadTables" classname="org.angnysa.autodb.metadata.jdbc.loader.db.TestJdbcMetadataLoader_H2" time="0.039">
    <failure type="org.opentest4j.AssertionFailedError"><![CDATA[org.opentest4j.AssertionFailedError: Expected the key 'AB_ID1' to be present ==> expected: <true> but was: <false>
]]></failure>
    <system-out><![CDATA[23:58:12.288 [main] TRACE org.angnysa.autodb.metadata.jdbc.loader.JdbcMetadataLoader - Column loaded: TESTDB.PUBLIC.TEST_121_A :: JdbcColumn ID1 INTEGER(mandatory, len < 10) 
23:58:12.288 [main] TRACE org.angnysa.autodb.metadata.jdbc.loader.JdbcMetadataLoader - Column loaded: TESTDB.PUBLIC.TEST_121_A :: JdbcColumn ID2 INTEGER(mandatory, len < 10) 
23:58:12.294 [main] TRACE org.angnysa.autodb.metadata.jdbc.loader.JdbcMetadataLoader - Index loaded: TESTDB.PUBLIC.TEST_121_A :: JdbcUniqueIndex [unique] name: 'PRIMARY_KEY_C', columns: ('ID1', 'ID2')
23:58:12.297 [main] TRACE org.angnysa.autodb.metadata.jdbc.loader.JdbcMetadataLoader - Primary Key loaded: TESTDB.PUBLIC.TEST_121_A :: JdbcUniqueIndex [unique] name: 'PK_TEST_121_A', columns: ('ID1', 'ID2')
23:58:12.297 [main] TRACE org.angnysa.autodb.metadata.jdbc.loader.JdbcMetadataLoader - Table loaded:
[!!!org.angnysa.autodb.metadata.jdbc.JdbcTable@6c6a8692=>java.lang.NullPointerException:Cannot invoke "org.angnysa.autodb.metadata.jdbc.JdbcDatabase.getRelations(org.angnysa.autodb.metadata.jdbc.JdbcTable)" because "this.database" is null!!!]
23:58:12.300 [main] TRACE org.angnysa.autodb.metadata.jdbc.loader.JdbcMetadataLoader - Column loaded: TESTDB.PUBLIC.TEST_121_B :: JdbcColumn ID1 INTEGER(mandatory, len < 10) 
23:58:12.300 [main] TRACE org.angnysa.autodb.metadata.jdbc.loader.JdbcMetadataLoader - Column loaded: TESTDB.PUBLIC.TEST_121_B :: JdbcColumn ID2 INTEGER(mandatory, len < 10) 
23:58:12.300 [main] TRACE org.angnysa.autodb.metadata.jdbc.loader.JdbcMetadataLoader - Column loaded: TESTDB.PUBLIC.TEST_121_B :: JdbcColumn A_ID1 INTEGER(mandatory, len < 10) 
23:58:12.300 [main] TRACE org.angnysa.autodb.metadata.jdbc.loader.JdbcMetadataLoader - Column loaded: TESTDB.PUBLIC.TEST_121_B :: JdbcColumn A_ID2 INTEGER(mandatory, len < 10) 
23:58:12.301 [main] TRACE org.angnysa.autodb.metadata.jdbc.loader.JdbcMetadataLoader - Index loaded: TESTDB.PUBLIC.TEST_121_B :: JdbcUniqueIndex [unique] name: 'UK_TEST_121_B_INDEX_C', columns: ('A_ID1', 'A_ID2')
23:58:12.301 [main] TRACE org.angnysa.autodb.metadata.jdbc.loader.JdbcMetadataLoader - Index loaded: TESTDB.PUBLIC.TEST_121_B :: JdbcUniqueIndex [unique] name: 'PRIMARY_KEY_CC', columns: ('ID1', 'ID2')
23:58:12.301 [main] TRACE org.angnysa.autodb.metadata.jdbc.loader.JdbcMetadataLoader - Primary Key loaded: TESTDB.PUBLIC.TEST_121_B :: JdbcUniqueIndex [unique] name: 'PK_TEST_121_B', columns: ('ID1', 'ID2')
23:58:12.301 [main] TRACE org.angnysa.autodb.metadata.jdbc.loader.JdbcMetadataLoader - Table loaded:
[!!!org.angnysa.autodb.metadata.jdbc.JdbcTable@3db17953=>java.lang.NullPointerException:Cannot invoke "org.angnysa.autodb.metadata.jdbc.JdbcDatabase.getRelations(org.angnysa.autodb.metadata.jdbc.JdbcTable)" because "this.database" is null!!!]
23:58:12.304 [main] TRACE org.angnysa.autodb.metadata.jdbc.loader.JdbcMetadataLoader - Column loaded: TESTDB.PUBLIC.TEST_M21_A :: JdbcColumn ID1 INTEGER(mandatory, len < 10) 
23:58:12.304 [main] TRACE org.angnysa.autodb.metadata.jdbc.loader.JdbcMetadataLoader - Column loaded: TESTDB.PUBLIC.TEST_M21_A :: JdbcColumn ID2 INTEGER(mandatory, len < 10) 
23:58:12.304 [main] TRACE org.angnysa.autodb.metadata.jdbc.loader.JdbcMetadataLoader - Index loaded: TESTDB.PUBLIC.TEST_M21_A :: JdbcUniqueIndex [unique] name: 'PRIMARY_KEY_CE', columns: ('ID1', 'ID2')
23:58:12.305 [main] TRACE org.angnysa.autodb.metadata.jdbc.loader.JdbcMetadataLoader - Primary Key loaded: TESTDB.PUBLIC.TEST_M21_A :: JdbcUniqueIndex [unique] name: 'PK_TEST_M21_A', columns: ('ID1', 'ID2')
23:58:12.305 [main] TRACE org.angnysa.autodb.metadata.jdbc.loader.JdbcMetadataLoader - Table loaded:
[!!!org.angnysa.autodb.metadata.jdbc.JdbcTable@510f3f13=>java.lang.NullPointerException:Cannot invoke "org.angnysa.autodb.metadata.jdbc.JdbcDatabase.getRelations(org.angnysa.autodb.metadata.jdbc.JdbcTable)" because "this.database" is null!!!]
23:58:12.308 [main] TRACE org.angnysa.autodb.metadata.jdbc.loader.JdbcMetadataLoader - Column loaded: TESTDB.PUBLIC.TEST_M21_B :: JdbcColumn ID1 INTEGER(mandatory, len < 10) 
23:58:12.308 [main] TRACE org.angnysa.autodb.metadata.jdbc.loader.JdbcMetadataLoader - Column loaded: TESTDB.PUBLIC.TEST_M21_B :: JdbcColumn ID2 INTEGER(mandatory, len < 10) 
23:58:12.308 [main] TRACE org.angnysa.autodb.metadata.jdbc.loader.JdbcMetadataLoader - Column loaded: TESTDB.PUBLIC.TEST_M21_B :: JdbcColumn A_ID1 INTEGER(mandatory, len < 10) 
23:58:12.308 [main] TRACE org.angnysa.autodb.metadata.jdbc.loader.JdbcMetadataLoader - Column loaded: TESTDB.PUBLIC.TEST_M21_B :: JdbcColumn A_ID2 INTEGER(mandatory, len < 10) 
23:58:12.308 [main] TRACE org.angnysa.autodb.metadata.jdbc.loader.JdbcMetadataLoader - Index loaded: TESTDB.PUBLIC.TEST_M21_B :: JdbcIndex [index] name: 'FK_TEST_M21_B_A_INDEX_C', columns: ('A_ID1', 'A_ID2')
23:58:12.308 [main] TRACE org.angnysa.autodb.metadata.jdbc.loader.JdbcMetadataLoader - Index loaded: TESTDB.PUBLIC.TEST_M21_B :: JdbcIndex [index] name: 'ID_TEST_M21_B_A', columns: ('A_ID1', 'A_ID2')
23:58:12.308 [main] TRACE org.angnysa.autodb.metadata.jdbc.loader.JdbcMetadataLoader - Index loaded: TESTDB.PUBLIC.TEST_M21_B :: JdbcUniqueIndex [unique] name: 'PRIMARY_KEY_CE8', columns: ('ID1', 'ID2')
23:58:12.309 [main] TRACE org.angnysa.autodb.metadata.jdbc.loader.JdbcMetadataLoader - Primary Key loaded: TESTDB.PUBLIC.TEST_M21_B :: JdbcUniqueIndex [unique] name: 'PK_TEST_M21_B', columns: ('ID1', 'ID2')
23:58:12.309 [main] TRACE org.angnysa.autodb.metadata.jdbc.loader.JdbcMetadataLoader - Table loaded:
[!!!org.angnysa.autodb.metadata.jdbc.JdbcTable@52c94e6d=>java.lang.NullPointerException:Cannot invoke "org.angnysa.autodb.metadata.jdbc.JdbcDatabase.getRelations(org.angnysa.autodb.metadata.jdbc.JdbcTable)" because "this.database" is null!!!]
23:58:12.314 [main] TRACE org.angnysa.autodb.metadata.jdbc.loader.JdbcMetadataLoader - Column loaded: TESTDB.PUBLIC.TEST_M2M_A :: JdbcColumn ID1 INTEGER(mandatory, len < 10) 
23:58:12.314 [main] TRACE org.angnysa.autodb.metadata.jdbc.loader.JdbcMetadataLoader - Column loaded: TESTDB.PUBLIC.TEST_M2M_A :: JdbcColumn ID2 INTEGER(mandatory, len < 10) 
23:58:12.314 [main] TRACE org.angnysa.autodb.metadata.jdbc.loader.JdbcMetadataLoader - Index loaded: TESTDB.PUBLIC.TEST_M2M_A :: JdbcUniqueIndex [unique] name: 'PRIMARY_KEY_CE89', columns: ('ID1', 'ID2')
23:58:12.315 [main] TRACE org.angnysa.autodb.metadata.jdbc.loader.JdbcMetadataLoader - Primary Key loaded: TESTDB.PUBLIC.TEST_M2M_A :: JdbcUniqueIndex [unique] name: 'PK_TEST_M2M_A', columns: ('ID1', 'ID2')
23:58:12.315 [main] TRACE org.angnysa.autodb.metadata.jdbc.loader.JdbcMetadataLoader - Table loaded:
[!!!org.angnysa.autodb.metadata.jdbc.JdbcTable@58088c8a=>java.lang.NullPointerException:Cannot invoke "org.angnysa.autodb.metadata.jdbc.JdbcDatabase.getRelations(org.angnysa.autodb.metadata.jdbc.JdbcTable)" because "this.database" is null!!!]
23:58:12.318 [main] TRACE org.angnysa.autodb.metadata.jdbc.loader.JdbcMetadataLoader - Column loaded: TESTDB.PUBLIC.TEST_M2M_B :: JdbcColumn ID1 INTEGER(mandatory, len < 10) 
23:58:12.318 [main] TRACE org.angnysa.autodb.metadata.jdbc.loader.JdbcMetadataLoader - Column loaded: TESTDB.PUBLIC.TEST_M2M_B :: JdbcColumn ID2 INTEGER(mandatory, len < 10) 
23:58:12.318 [main] TRACE org.angnysa.autodb.metadata.jdbc.loader.JdbcMetadataLoader - Index loaded: TESTDB.PUBLIC.TEST_M2M_B :: JdbcUniqueIndex [unique] name: 'PRIMARY_KEY_CE896', columns: ('ID1', 'ID2')
23:58:12.318 [main] TRACE org.angnysa.autodb.metadata.jdbc.loader.JdbcMetadataLoader - Primary Key loaded: TESTDB.PUBLIC.TEST_M2M_B :: JdbcUniqueIndex [unique] name: 'PK_TEST_M2M_B', columns: ('ID1', 'ID2')
23:58:12.319 [main] TRACE org.angnysa.autodb.metadata.jdbc.loader.JdbcMetadataLoader - Table loaded:
[!!!org.angnysa.autodb.metadata.jdbc.JdbcTable@22e7efe=>java.lang.NullPointerException:Cannot invoke "org.angnysa.autodb.metadata.jdbc.JdbcDatabase.getRelations(org.angnysa.autodb.metadata.jdbc.JdbcTable)" because "this.database" is null!!!]
23:58:12.321 [main] TRACE org.angnysa.autodb.metadata.jdbc.loader.JdbcMetadataLoader - Column loaded: TESTDB.PUBLIC.TEST_M2M_REL :: JdbcColumn AB_ID1 INTEGER(mandatory, len < 10) 
23:58:12.321 [main] TRACE org.angnysa.autodb.metadata.jdbc.loader.JdbcMetadataLoader - Column loaded: TESTDB.PUBLIC.TEST_M2M_REL :: JdbcColumn A_ID2 INTEGER(mandatory, len < 10) 
23:58:12.321 [main] TRACE org.angnysa.autodb.metadata.jdbc.loader.JdbcMetadataLoader - Column loaded: TESTDB.PUBLIC.TEST_M2M_REL :: JdbcColumn B_ID2 INTEGER(mandatory, len < 10) 
23:58:12.322 [main] TRACE org.angnysa.autodb.metadata.jdbc.loader.JdbcMetadataLoader - Index loaded: TESTDB.PUBLIC.TEST_M2M_REL :: JdbcUniqueIndex [unique] name: 'PRIMARY_KEY_5', columns: ('AB_ID1', 'A_ID2', 'B_ID2')
23:58:12.322 [main] TRACE org.angnysa.autodb.metadata.jdbc.loader.JdbcMetadataLoader - Index loaded: TESTDB.PUBLIC.TEST_M2M_REL :: JdbcIndex [index] name: 'FK_TEST_M2M_REL_B_INDEX_5', columns: ('AB_ID1', 'B_ID2')
23:58:12.322 [main] TRACE org.angnysa.autodb.metadata.jdbc.loader.JdbcMetadataLoader - Index loaded: TESTDB.PUBLIC.TEST_M2M_REL :: JdbcIndex [index] name: 'FK_TEST_M2M_REL_A_INDEX_5', columns: ('AB_ID1', 'A_ID2')
23:58:12.322 [main] TRACE org.angnysa.autodb.metadata.jdbc.loader.JdbcMetadataLoader - Primary Key loaded: TESTDB.PUBLIC.TEST_M2M_REL :: JdbcUniqueIndex [unique] name: 'PK_TEST_M2M_REL', columns: ('AB_ID1', 'A_ID2', 'B_ID2')
23:58:12.322 [main] TRACE org.angnysa.autodb.metadata.jdbc.loader.JdbcMetadataLoader - Table loaded:
[!!!org.angnysa.autodb.metadata.jdbc.JdbcTable@5056e33f=>java.lang.NullPointerException:Cannot invoke "org.angnysa.autodb.metadata.jdbc.JdbcDatabase.getRelations(org.angnysa.autodb.metadata.jdbc.JdbcTable)" because "this.database" is null!!!]
23:58:12.322 [main] DEBUG org.angnysa.autodb.metadata.jdbc.loader.AbstractJdbcMetadataLoaderTester - Verifying column: TEST_M2M_REL :: AB_ID1
23:58:12.322 [main] DEBUG org.angnysa.autodb.metadata.jdbc.loader.AbstractJdbcMetadataLoaderTester - Verifying column: TEST_M2M_REL :: A_ID2
23:58:12.322 [main] DEBUG org.angnysa.autodb.metadata.jdbc.loader.AbstractJdbcMetadataLoaderTester - Verifying column: TEST_M2M_REL :: B_ID2
]]></system-out>
  </testcase>
  <testcase name="testLoadColumns" classname="org.angnysa.autodb.metadata.jdbc.loader.db.TestJdbcMetadataLoader_H2" time="0.008">
    <system-out><![CDATA[23:58:12.323 [main] DEBUG org.angnysa.autodb.metadata.jdbc.loader.AbstractJdbcMetadataLoaderTester - Using database: H2 1.4.200 (2019-10-14), driver: H2 JDBC Driver 1.4.200 (2019-10-14), default catalog: 'TESTDB', default schema: 'PUBLIC'
23:58:12.324 [main] DEBUG org.angnysa.autodb.metadata.jdbc.loader.AbstractJdbcMetadataLoaderTester - Target table: TEST_121_A
23:58:12.324 [main] DEBUG org.angnysa.autodb.metadata.jdbc.loader.AbstractJdbcMetadataLoaderTester - Expected columns: [ExpectedColumn(name=ID1, type=INTEGER, mandatory=true), ExpectedColumn(name=ID2, type=INTEGER, mandatory=true)]
23:58:12.332 [main] TRACE org.angnysa.autodb.metadata.jdbc.loader.JdbcMetadataLoader - Column loaded: TESTDB.PUBLIC.TEST_121_A :: JdbcColumn ID1 INTEGER(mandatory, len < 10) 
23:58:12.332 [main] TRACE org.angnysa.autodb.metadata.jdbc.loader.JdbcMetadataLoader - Column loaded: TESTDB.PUBLIC.TEST_121_A :: JdbcColumn ID2 INTEGER(mandatory, len < 10) 
23:58:12.332 [main] DEBUG org.angnysa.autodb.metadata.jdbc.loader.AbstractJdbcMetadataLoaderTester - Verifying column: null :: ID1
23:58:12.332 [main] DEBUG org.angnysa.autodb.metadata.jdbc.loader.AbstractJdbcMetadataLoaderTester - Verifying column: null :: ID2
]]></system-out>
  </testcase>
  <testcase name="testLoadColumns" classname="org.angnysa.autodb.metadata.jdbc.loader.db.TestJdbcMetadataLoader_H2" time="0.005">
    <system-out><![CDATA[23:58:12.332 [main] DEBUG org.angnysa.autodb.metadata.jdbc.loader.AbstractJdbcMetadataLoaderTester - Target table: TEST_121_B
23:58:12.332 [main] DEBUG org.angnysa.autodb.metadata.jdbc.loader.AbstractJdbcMetadataLoaderTester - Expected columns: [ExpectedColumn(name=ID1, type=INTEGER, mandatory=true), ExpectedColumn(name=ID2, type=INTEGER, mandatory=true), ExpectedColumn(name=A_ID1, type=INTEGER, mandatory=true), ExpectedColumn(name=A_ID2, type=INTEGER, mandatory=true)]
23:58:12.336 [main] TRACE org.angnysa.autodb.metadata.jdbc.loader.JdbcMetadataLoader - Column loaded: TESTDB.PUBLIC.TEST_121_B :: JdbcColumn ID1 INTEGER(mandatory, len < 10) 
23:58:12.336 [main] TRACE org.angnysa.autodb.metadata.jdbc.loader.JdbcMetadataLoader - Column loaded: TESTDB.PUBLIC.TEST_121_B :: JdbcColumn ID2 INTEGER(mandatory, len < 10) 
23:58:12.337 [main] TRACE org.angnysa.autodb.metadata.jdbc.loader.JdbcMetadataLoader - Column loaded: TESTDB.PUBLIC.TEST_121_B :: JdbcColumn A_ID1 INTEGER(mandatory, len < 10) 
23:58:12.337 [main] TRACE org.angnysa.autodb.metadata.jdbc.loader.JdbcMetadataLoader - Column loaded: TESTDB.PUBLIC.TEST_121_B :: JdbcColumn A_ID2 INTEGER(mandatory, len < 10) 
23:58:12.337 [main] DEBUG org.angnysa.autodb.metadata.jdbc.loader.AbstractJdbcMetadataLoaderTester - Verifying column: null :: ID1
23:58:12.337 [main] DEBUG org.angnysa.autodb.metadata.jdbc.loader.AbstractJdbcMetadataLoaderTester - Verifying column: null :: ID2
23:58:12.337 [main] DEBUG org.angnysa.autodb.metadata.jdbc.loader.AbstractJdbcMetadataLoaderTester - Verifying column: null :: A_ID1
23:58:12.337 [main] DEBUG org.angnysa.autodb.metadata.jdbc.loader.AbstractJdbcMetadataLoaderTester - Verifying column: null :: A_ID2
]]></system-out>
  </testcase>
  <testcase name="testLoadColumns" classname="org.angnysa.autodb.metadata.jdbc.loader.db.TestJdbcMetadataLoader_H2" time="0.005">
    <system-out><![CDATA[23:58:12.338 [main] DEBUG org.angnysa.autodb.metadata.jdbc.loader.AbstractJdbcMetadataLoaderTester - Target table: TEST_M21_A
23:58:12.338 [main] DEBUG org.angnysa.autodb.metadata.jdbc.loader.AbstractJdbcMetadataLoaderTester - Expected columns: [ExpectedColumn(name=ID1, type=INTEGER, mandatory=true), ExpectedColumn(name=ID2, type=INTEGER, mandatory=true)]
23:58:12.343 [main] TRACE org.angnysa.autodb.metadata.jdbc.loader.JdbcMetadataLoader - Column loaded: TESTDB.PUBLIC.TEST_M21_A :: JdbcColumn ID1 INTEGER(mandatory, len < 10) 
23:58:12.343 [main] TRACE org.angnysa.autodb.metadata.jdbc.loader.JdbcMetadataLoader - Column loaded: TESTDB.PUBLIC.TEST_M21_A :: JdbcColumn ID2 INTEGER(mandatory, len < 10) 
23:58:12.343 [main] DEBUG org.angnysa.autodb.metadata.jdbc.loader.AbstractJdbcMetadataLoaderTester - Verifying column: null :: ID1
23:58:12.343 [main] DEBUG org.angnysa.autodb.metadata.jdbc.loader.AbstractJdbcMetadataLoaderTester - Verifying column: null :: ID2
]]></system-out>
  </testcase>
  <testcase name="testLoadColumns" classname="org.angnysa.autodb.metadata.jdbc.loader.db.TestJdbcMetadataLoader_H2" time="0.004">
    <system-out><![CDATA[23:58:12.344 [main] DEBUG org.angnysa.autodb.metadata.jdbc.loader.AbstractJdbcMetadataLoaderTester - Target table: TEST_M21_B
23:58:12.344 [main] DEBUG org.angnysa.autodb.metadata.jdbc.loader.AbstractJdbcMetadataLoaderTester - Expected columns: [ExpectedColumn(name=ID1, type=INTEGER, mandatory=true), ExpectedColumn(name=ID2, type=INTEGER, mandatory=true), ExpectedColumn(name=A_ID1, type=INTEGER, mandatory=true), ExpectedColumn(name=A_ID2, type=INTEGER, mandatory=true)]
23:58:12.348 [main] TRACE org.angnysa.autodb.metadata.jdbc.loader.JdbcMetadataLoader - Column loaded: TESTDB.PUBLIC.TEST_M21_B :: JdbcColumn ID1 INTEGER(mandatory, len < 10) 
23:58:12.348 [main] TRACE org.angnysa.autodb.metadata.jdbc.loader.JdbcMetadataLoader - Column loaded: TESTDB.PUBLIC.TEST_M21_B :: JdbcColumn ID2 INTEGER(mandatory, len < 10) 
23:58:12.348 [main] TRACE org.angnysa.autodb.metadata.jdbc.loader.JdbcMetadataLoader - Column loaded: TESTDB.PUBLIC.TEST_M21_B :: JdbcColumn A_ID1 INTEGER(mandatory, len < 10) 
23:58:12.348 [main] TRACE org.angnysa.autodb.metadata.jdbc.loader.JdbcMetadataLoader - Column loaded: TESTDB.PUBLIC.TEST_M21_B :: JdbcColumn A_ID2 INTEGER(mandatory, len < 10) 
23:58:12.348 [main] DEBUG org.angnysa.autodb.metadata.jdbc.loader.AbstractJdbcMetadataLoaderTester - Verifying column: null :: ID1
23:58:12.348 [main] DEBUG org.angnysa.autodb.metadata.jdbc.loader.AbstractJdbcMetadataLoaderTester - Verifying column: null :: ID2
23:58:12.348 [main] DEBUG org.angnysa.autodb.metadata.jdbc.loader.AbstractJdbcMetadataLoaderTester - Verifying column: null :: A_ID1
23:58:12.348 [main] DEBUG org.angnysa.autodb.metadata.jdbc.loader.AbstractJdbcMetadataLoaderTester - Verifying column: null :: A_ID2
]]></system-out>
  </testcase>
  <testcase name="testLoadColumns" classname="org.angnysa.autodb.metadata.jdbc.loader.db.TestJdbcMetadataLoader_H2" time="0.005">
    <system-out><![CDATA[23:58:12.348 [main] DEBUG org.angnysa.autodb.metadata.jdbc.loader.AbstractJdbcMetadataLoaderTester - Target table: TEST_M2M_A
23:58:12.349 [main] DEBUG org.angnysa.autodb.metadata.jdbc.loader.AbstractJdbcMetadataLoaderTester - Expected columns: [ExpectedColumn(name=ID1, type=INTEGER, mandatory=true), ExpectedColumn(name=ID2, type=INTEGER, mandatory=true)]
23:58:12.352 [main] TRACE org.angnysa.autodb.metadata.jdbc.loader.JdbcMetadataLoader - Column loaded: TESTDB.PUBLIC.TEST_M2M_A :: JdbcColumn ID1 INTEGER(mandatory, len < 10) 
23:58:12.352 [main] TRACE org.angnysa.autodb.metadata.jdbc.loader.JdbcMetadataLoader - Column loaded: TESTDB.PUBLIC.TEST_M2M_A :: JdbcColumn ID2 INTEGER(mandatory, len < 10) 
23:58:12.352 [main] DEBUG org.angnysa.autodb.metadata.jdbc.loader.AbstractJdbcMetadataLoaderTester - Verifying column: null :: ID1
23:58:12.352 [main] DEBUG org.angnysa.autodb.metadata.jdbc.loader.AbstractJdbcMetadataLoaderTester - Verifying column: null :: ID2
]]></system-out>
  </testcase>
  <testcase name="testLoadColumns" classname="org.angnysa.autodb.metadata.jdbc.loader.db.TestJdbcMetadataLoader_H2" time="0.004">
    <system-out><![CDATA[23:58:12.353 [main] DEBUG org.angnysa.autodb.metadata.jdbc.loader.AbstractJdbcMetadataLoaderTester - Target table: TEST_M2M_B
23:58:12.353 [main] DEBUG org.angnysa.autodb.metadata.jdbc.loader.AbstractJdbcMetadataLoaderTester - Expected columns: [ExpectedColumn(name=ID1, type=INTEGER, mandatory=true), ExpectedColumn(name=ID2, type=INTEGER, mandatory=true)]
23:58:12.357 [main] TRACE org.angnysa.autodb.metadata.jdbc.loader.JdbcMetadataLoader - Column loaded: TESTDB.PUBLIC.TEST_M2M_B :: JdbcColumn ID1 INTEGER(mandatory, len < 10) 
23:58:12.357 [main] TRACE org.angnysa.autodb.metadata.jdbc.loader.JdbcMetadataLoader - Column loaded: TESTDB.PUBLIC.TEST_M2M_B :: JdbcColumn ID2 INTEGER(mandatory, len < 10) 
23:58:12.357 [main] DEBUG org.angnysa.autodb.metadata.jdbc.loader.AbstractJdbcMetadataLoaderTester - Verifying column: null :: ID1
23:58:12.357 [main] DEBUG org.angnysa.autodb.metadata.jdbc.loader.AbstractJdbcMetadataLoaderTester - Verifying column: null :: ID2
]]></system-out>
  </testcase>
  <testcase name="testLoadColumns" classname="org.angnysa.autodb.metadata.jdbc.loader.db.TestJdbcMetadataLoader_H2" time="0.004">
    <system-out><![CDATA[23:58:12.357 [main] DEBUG org.angnysa.autodb.metadata.jdbc.loader.AbstractJdbcMetadataLoaderTester - Target table: TEST_M2M_REL
23:58:12.357 [main] DEBUG org.angnysa.autodb.metadata.jdbc.loader.AbstractJdbcMetadataLoaderTester - Expected columns: [ExpectedColumn(name=AB_ID1, type=INTEGER, mandatory=true), ExpectedColumn(name=A_ID2, type=INTEGER, mandatory=true), ExpectedColumn(name=B_ID2, type=INTEGER, mandatory=true)]
23:58:12.361 [main] TRACE org.angnysa.autodb.metadata.jdbc.loader.JdbcMetadataLoader - Column loaded: TESTDB.PUBLIC.TEST_M2M_REL :: JdbcColumn AB_ID1 INTEGER(mandatory, len < 10) 
23:58:12.361 [main] TRACE org.angnysa.autodb.metadata.jdbc.loader.JdbcMetadataLoader - Column loaded: TESTDB.PUBLIC.TEST_M2M_REL :: JdbcColumn A_ID2 INTEGER(mandatory, len < 10) 
23:58:12.361 [main] TRACE org.angnysa.autodb.metadata.jdbc.loader.JdbcMetadataLoader - Column loaded: TESTDB.PUBLIC.TEST_M2M_REL :: JdbcColumn B_ID2 INTEGER(mandatory, len < 10) 
23:58:12.361 [main] DEBUG org.angnysa.autodb.metadata.jdbc.loader.AbstractJdbcMetadataLoaderTester - Verifying column: null :: AB_ID1
23:58:12.361 [main] DEBUG org.angnysa.autodb.metadata.jdbc.loader.AbstractJdbcMetadataLoaderTester - Verifying column: null :: A_ID2
23:58:12.361 [main] DEBUG org.angnysa.autodb.metadata.jdbc.loader.AbstractJdbcMetadataLoaderTester - Verifying column: null :: B_ID2
]]></system-out>
  </testcase>
  <testcase name="testLoadDatabase" classname="org.angnysa.autodb.metadata.jdbc.loader.db.TestJdbcMetadataLoader_H2" time="0.036">
    <error type="java.lang.IllegalStateException"><![CDATA[java.lang.IllegalStateException: No table named 'TESTDB.PUBLIC.TEST_121_B'
]]></error>
    <system-out><![CDATA[23:58:12.363 [main] DEBUG org.angnysa.autodb.metadata.jdbc.loader.AbstractJdbcMetadataLoaderTester - Using database: H2 1.4.200 (2019-10-14), driver: H2 JDBC Driver 1.4.200 (2019-10-14), default catalog: 'TESTDB', default schema: 'PUBLIC'
23:58:12.372 [main] TRACE org.angnysa.autodb.metadata.jdbc.loader.JdbcMetadataLoader - Column loaded: TESTDB.PUBLIC.TEST_121_A :: JdbcColumn ID1 INTEGER(mandatory, len < 10) 
23:58:12.372 [main] TRACE org.angnysa.autodb.metadata.jdbc.loader.JdbcMetadataLoader - Column loaded: TESTDB.PUBLIC.TEST_121_A :: JdbcColumn ID2 INTEGER(mandatory, len < 10) 
23:58:12.373 [main] TRACE org.angnysa.autodb.metadata.jdbc.loader.JdbcMetadataLoader - Index loaded: TESTDB.PUBLIC.TEST_121_A :: JdbcUniqueIndex [unique] name: 'PRIMARY_KEY_C', columns: ('ID1', 'ID2')
23:58:12.373 [main] TRACE org.angnysa.autodb.metadata.jdbc.loader.JdbcMetadataLoader - Primary Key loaded: TESTDB.PUBLIC.TEST_121_A :: JdbcUniqueIndex [unique] name: 'PK_TEST_121_A', columns: ('ID1', 'ID2')
23:58:12.373 [main] TRACE org.angnysa.autodb.metadata.jdbc.loader.JdbcMetadataLoader - Table loaded:
[!!!org.angnysa.autodb.metadata.jdbc.JdbcTable@6368ed64=>java.lang.NullPointerException:Cannot invoke "org.angnysa.autodb.metadata.jdbc.JdbcDatabase.getRelations(org.angnysa.autodb.metadata.jdbc.JdbcTable)" because "this.database" is null!!!]
23:58:12.376 [main] TRACE org.angnysa.autodb.metadata.jdbc.loader.JdbcMetadataLoader - Column loaded: TESTDB.PUBLIC.TEST_121_B :: JdbcColumn ID1 INTEGER(mandatory, len < 10) 
23:58:12.377 [main] TRACE org.angnysa.autodb.metadata.jdbc.loader.JdbcMetadataLoader - Column loaded: TESTDB.PUBLIC.TEST_121_B :: JdbcColumn ID2 INTEGER(mandatory, len < 10) 
23:58:12.377 [main] TRACE org.angnysa.autodb.metadata.jdbc.loader.JdbcMetadataLoader - Column loaded: TESTDB.PUBLIC.TEST_121_B :: JdbcColumn A_ID1 INTEGER(mandatory, len < 10) 
23:58:12.377 [main] TRACE org.angnysa.autodb.metadata.jdbc.loader.JdbcMetadataLoader - Column loaded: TESTDB.PUBLIC.TEST_121_B :: JdbcColumn A_ID2 INTEGER(mandatory, len < 10) 
23:58:12.377 [main] TRACE org.angnysa.autodb.metadata.jdbc.loader.JdbcMetadataLoader - Index loaded: TESTDB.PUBLIC.TEST_121_B :: JdbcUniqueIndex [unique] name: 'UK_TEST_121_B_INDEX_C', columns: ('A_ID1', 'A_ID2')
23:58:12.377 [main] TRACE org.angnysa.autodb.metadata.jdbc.loader.JdbcMetadataLoader - Index loaded: TESTDB.PUBLIC.TEST_121_B :: JdbcUniqueIndex [unique] name: 'PRIMARY_KEY_CC', columns: ('ID1', 'ID2')
23:58:12.377 [main] TRACE org.angnysa.autodb.metadata.jdbc.loader.JdbcMetadataLoader - Primary Key loaded: TESTDB.PUBLIC.TEST_121_B :: JdbcUniqueIndex [unique] name: 'PK_TEST_121_B', columns: ('ID1', 'ID2')
23:58:12.377 [main] TRACE org.angnysa.autodb.metadata.jdbc.loader.JdbcMetadataLoader - Table loaded:
[!!!org.angnysa.autodb.metadata.jdbc.JdbcTable@61772cb7=>java.lang.NullPointerException:Cannot invoke "org.angnysa.autodb.metadata.jdbc.JdbcDatabase.getRelations(org.angnysa.autodb.metadata.jdbc.JdbcTable)" because "this.database" is null!!!]
23:58:12.381 [main] TRACE org.angnysa.autodb.metadata.jdbc.loader.JdbcMetadataLoader - Column loaded: TESTDB.PUBLIC.TEST_M21_A :: JdbcColumn ID1 INTEGER(mandatory, len < 10) 
23:58:12.381 [main] TRACE org.angnysa.autodb.metadata.jdbc.loader.JdbcMetadataLoader - Column loaded: TESTDB.PUBLIC.TEST_M21_A :: JdbcColumn ID2 INTEGER(mandatory, len < 10) 
23:58:12.381 [main] TRACE org.angnysa.autodb.metadata.jdbc.loader.JdbcMetadataLoader - Index loaded: TESTDB.PUBLIC.TEST_M21_A :: JdbcUniqueIndex [unique] name: 'PRIMARY_KEY_CE', columns: ('ID1', 'ID2')
23:58:12.381 [main] TRACE org.angnysa.autodb.metadata.jdbc.loader.JdbcMetadataLoader - Primary Key loaded: TESTDB.PUBLIC.TEST_M21_A :: JdbcUniqueIndex [unique] name: 'PK_TEST_M21_A', columns: ('ID1', 'ID2')
23:58:12.381 [main] TRACE org.angnysa.autodb.metadata.jdbc.loader.JdbcMetadataLoader - Table loaded:
[!!!org.angnysa.autodb.metadata.jdbc.JdbcTable@683721ce=>java.lang.NullPointerException:Cannot invoke "org.angnysa.autodb.metadata.jdbc.JdbcDatabase.getRelations(org.angnysa.autodb.metadata.jdbc.JdbcTable)" because "this.database" is null!!!]
23:58:12.384 [main] TRACE org.angnysa.autodb.metadata.jdbc.loader.JdbcMetadataLoader - Column loaded: TESTDB.PUBLIC.TEST_M21_B :: JdbcColumn ID1 INTEGER(mandatory, len < 10) 
23:58:12.385 [main] TRACE org.angnysa.autodb.metadata.jdbc.loader.JdbcMetadataLoader - Column loaded: TESTDB.PUBLIC.TEST_M21_B :: JdbcColumn ID2 INTEGER(mandatory, len < 10) 
23:58:12.385 [main] TRACE org.angnysa.autodb.metadata.jdbc.loader.JdbcMetadataLoader - Column loaded: TESTDB.PUBLIC.TEST_M21_B :: JdbcColumn A_ID1 INTEGER(mandatory, len < 10) 
23:58:12.385 [main] TRACE org.angnysa.autodb.metadata.jdbc.loader.JdbcMetadataLoader - Column loaded: TESTDB.PUBLIC.TEST_M21_B :: JdbcColumn A_ID2 INTEGER(mandatory, len < 10) 
23:58:12.385 [main] TRACE org.angnysa.autodb.metadata.jdbc.loader.JdbcMetadataLoader - Index loaded: TESTDB.PUBLIC.TEST_M21_B :: JdbcIndex [index] name: 'FK_TEST_M21_B_A_INDEX_C', columns: ('A_ID1', 'A_ID2')
23:58:12.385 [main] TRACE org.angnysa.autodb.metadata.jdbc.loader.JdbcMetadataLoader - Index loaded: TESTDB.PUBLIC.TEST_M21_B :: JdbcIndex [index] name: 'ID_TEST_M21_B_A', columns: ('A_ID1', 'A_ID2')
23:58:12.385 [main] TRACE org.angnysa.autodb.metadata.jdbc.loader.JdbcMetadataLoader - Index loaded: TESTDB.PUBLIC.TEST_M21_B :: JdbcUniqueIndex [unique] name: 'PRIMARY_KEY_CE8', columns: ('ID1', 'ID2')
23:58:12.385 [main] TRACE org.angnysa.autodb.metadata.jdbc.loader.JdbcMetadataLoader - Primary Key loaded: TESTDB.PUBLIC.TEST_M21_B :: JdbcUniqueIndex [unique] name: 'PK_TEST_M21_B', columns: ('ID1', 'ID2')
23:58:12.386 [main] TRACE org.angnysa.autodb.metadata.jdbc.loader.JdbcMetadataLoader - Table loaded:
[!!!org.angnysa.autodb.metadata.jdbc.JdbcTable@5341eab4=>java.lang.NullPointerException:Cannot invoke "org.angnysa.autodb.metadata.jdbc.JdbcDatabase.getRelations(org.angnysa.autodb.metadata.jdbc.JdbcTable)" because "this.database" is null!!!]
23:58:12.389 [main] TRACE org.angnysa.autodb.metadata.jdbc.loader.JdbcMetadataLoader - Column loaded: TESTDB.PUBLIC.TEST_M2M_A :: JdbcColumn ID1 INTEGER(mandatory, len < 10) 
23:58:12.389 [main] TRACE org.angnysa.autodb.metadata.jdbc.loader.JdbcMetadataLoader - Column loaded: TESTDB.PUBLIC.TEST_M2M_A :: JdbcColumn ID2 INTEGER(mandatory, len < 10) 
23:58:12.389 [main] TRACE org.angnysa.autodb.metadata.jdbc.loader.JdbcMetadataLoader - Index loaded: TESTDB.PUBLIC.TEST_M2M_A :: JdbcUniqueIndex [unique] name: 'PRIMARY_KEY_CE89', columns: ('ID1', 'ID2')
23:58:12.390 [main] TRACE org.angnysa.autodb.metadata.jdbc.loader.JdbcMetadataLoader - Primary Key loaded: TESTDB.PUBLIC.TEST_M2M_A :: JdbcUniqueIndex [unique] name: 'PK_TEST_M2M_A', columns: ('ID1', 'ID2')
23:58:12.390 [main] TRACE org.angnysa.autodb.metadata.jdbc.loader.JdbcMetadataLoader - Table loaded:
[!!!org.angnysa.autodb.metadata.jdbc.JdbcTable@494572fd=>java.lang.NullPointerException:Cannot invoke "org.angnysa.autodb.metadata.jdbc.JdbcDatabase.getRelations(org.angnysa.autodb.metadata.jdbc.JdbcTable)" because "this.database" is null!!!]
23:58:12.393 [main] TRACE org.angnysa.autodb.metadata.jdbc.loader.JdbcMetadataLoader - Column loaded: TESTDB.PUBLIC.TEST_M2M_B :: JdbcColumn ID1 INTEGER(mandatory, len < 10) 
23:58:12.393 [main] TRACE org.angnysa.autodb.metadata.jdbc.loader.JdbcMetadataLoader - Column loaded: TESTDB.PUBLIC.TEST_M2M_B :: JdbcColumn ID2 INTEGER(mandatory, len < 10) 
23:58:12.394 [main] TRACE org.angnysa.autodb.metadata.jdbc.loader.JdbcMetadataLoader - Index loaded: TESTDB.PUBLIC.TEST_M2M_B :: JdbcUniqueIndex [unique] name: 'PRIMARY_KEY_CE896', columns: ('ID1', 'ID2')
23:58:12.394 [main] TRACE org.angnysa.autodb.metadata.jdbc.loader.JdbcMetadataLoader - Primary Key loaded: TESTDB.PUBLIC.TEST_M2M_B :: JdbcUniqueIndex [unique] name: 'PK_TEST_M2M_B', columns: ('ID1', 'ID2')
23:58:12.394 [main] TRACE org.angnysa.autodb.metadata.jdbc.loader.JdbcMetadataLoader - Table loaded:
[!!!org.angnysa.autodb.metadata.jdbc.JdbcTable@45399fae=>java.lang.NullPointerException:Cannot invoke "org.angnysa.autodb.metadata.jdbc.JdbcDatabase.getRelations(org.angnysa.autodb.metadata.jdbc.JdbcTable)" because "this.database" is null!!!]
23:58:12.397 [main] TRACE org.angnysa.autodb.metadata.jdbc.loader.JdbcMetadataLoader - Column loaded: TESTDB.PUBLIC.TEST_M2M_REL :: JdbcColumn AB_ID1 INTEGER(mandatory, len < 10) 
23:58:12.397 [main] TRACE org.angnysa.autodb.metadata.jdbc.loader.JdbcMetadataLoader - Column loaded: TESTDB.PUBLIC.TEST_M2M_REL :: JdbcColumn A_ID2 INTEGER(mandatory, len < 10) 
23:58:12.397 [main] TRACE org.angnysa.autodb.metadata.jdbc.loader.JdbcMetadataLoader - Column loaded: TESTDB.PUBLIC.TEST_M2M_REL :: JdbcColumn B_ID2 INTEGER(mandatory, len < 10) 
23:58:12.398 [main] TRACE org.angnysa.autodb.metadata.jdbc.loader.JdbcMetadataLoader - Index loaded: TESTDB.PUBLIC.TEST_M2M_REL :: JdbcUniqueIndex [unique] name: 'PRIMARY_KEY_5', columns: ('AB_ID1', 'A_ID2', 'B_ID2')
23:58:12.398 [main] TRACE org.angnysa.autodb.metadata.jdbc.loader.JdbcMetadataLoader - Index loaded: TESTDB.PUBLIC.TEST_M2M_REL :: JdbcIndex [index] name: 'FK_TEST_M2M_REL_B_INDEX_5', columns: ('AB_ID1', 'B_ID2')
23:58:12.398 [main] TRACE org.angnysa.autodb.metadata.jdbc.loader.JdbcMetadataLoader - Index loaded: TESTDB.PUBLIC.TEST_M2M_REL :: JdbcIndex [index] name: 'FK_TEST_M2M_REL_A_INDEX_5', columns: ('AB_ID1', 'A_ID2')
23:58:12.398 [main] TRACE org.angnysa.autodb.metadata.jdbc.loader.JdbcMetadataLoader - Primary Key loaded: TESTDB.PUBLIC.TEST_M2M_REL :: JdbcUniqueIndex [unique] name: 'PK_TEST_M2M_REL', columns: ('AB_ID1', 'A_ID2', 'B_ID2')
23:58:12.398 [main] TRACE org.angnysa.autodb.metadata.jdbc.loader.JdbcMetadataLoader - Table loaded:
[!!!org.angnysa.autodb.metadata.jdbc.JdbcTable@571f1e9d=>java.lang.NullPointerException:Cannot invoke "org.angnysa.autodb.metadata.jdbc.JdbcDatabase.getRelations(org.angnysa.autodb.metadata.jdbc.JdbcTable)" because "this.database" is null!!!]
]]></system-out>
  </testcase>
  <testcase name="testLoadIndices" classname="org.angnysa.autodb.metadata.jdbc.loader.db.TestJdbcMetadataLoader_H2" time="0.005">
    <system-out><![CDATA[23:58:12.400 [main] DEBUG org.angnysa.autodb.metadata.jdbc.loader.AbstractJdbcMetadataLoaderTester - Using database: H2 1.4.200 (2019-10-14), driver: H2 JDBC Driver 1.4.200 (2019-10-14), default catalog: 'TESTDB', default schema: 'PUBLIC'
23:58:12.401 [main] DEBUG org.angnysa.autodb.metadata.jdbc.loader.AbstractJdbcMetadataLoaderTester - Target table: TEST_121_A
23:58:12.401 [main] DEBUG org.angnysa.autodb.metadata.jdbc.loader.AbstractJdbcMetadataLoaderTester - Expected Indices: []
23:58:12.406 [main] TRACE org.angnysa.autodb.metadata.jdbc.loader.JdbcMetadataLoader - Column loaded: TESTDB.PUBLIC.TEST_121_A :: JdbcColumn ID1 INTEGER(mandatory, len < 10) 
23:58:12.406 [main] TRACE org.angnysa.autodb.metadata.jdbc.loader.JdbcMetadataLoader - Column loaded: TESTDB.PUBLIC.TEST_121_A :: JdbcColumn ID2 INTEGER(mandatory, len < 10) 
23:58:12.406 [main] TRACE org.angnysa.autodb.metadata.jdbc.loader.JdbcMetadataLoader - Index loaded: TESTDB.PUBLIC.TEST_121_A :: JdbcUniqueIndex [unique] name: 'PRIMARY_KEY_C', columns: ('ID1', 'ID2')
]]></system-out>
  </testcase>
  <testcase name="testLoadIndices" classname="org.angnysa.autodb.metadata.jdbc.loader.db.TestJdbcMetadataLoader_H2" time="0.005">
    <system-out><![CDATA[23:58:12.407 [main] DEBUG org.angnysa.autodb.metadata.jdbc.loader.AbstractJdbcMetadataLoaderTester - Target table: TEST_121_B
23:58:12.407 [main] DEBUG org.angnysa.autodb.metadata.jdbc.loader.AbstractJdbcMetadataLoaderTester - Expected Indices: [ExpectedIndex(unique=true, columns=[A_ID2, A_ID2])]
23:58:12.412 [main] TRACE org.angnysa.autodb.metadata.jdbc.loader.JdbcMetadataLoader - Column loaded: TESTDB.PUBLIC.TEST_121_B :: JdbcColumn ID1 INTEGER(mandatory, len < 10) 
23:58:12.412 [main] TRACE org.angnysa.autodb.metadata.jdbc.loader.JdbcMetadataLoader - Column loaded: TESTDB.PUBLIC.TEST_121_B :: JdbcColumn ID2 INTEGER(mandatory, len < 10) 
23:58:12.412 [main] TRACE org.angnysa.autodb.metadata.jdbc.loader.JdbcMetadataLoader - Column loaded: TESTDB.PUBLIC.TEST_121_B :: JdbcColumn A_ID1 INTEGER(mandatory, len < 10) 
23:58:12.412 [main] TRACE org.angnysa.autodb.metadata.jdbc.loader.JdbcMetadataLoader - Column loaded: TESTDB.PUBLIC.TEST_121_B :: JdbcColumn A_ID2 INTEGER(mandatory, len < 10) 
23:58:12.412 [main] TRACE org.angnysa.autodb.metadata.jdbc.loader.JdbcMetadataLoader - Index loaded: TESTDB.PUBLIC.TEST_121_B :: JdbcUniqueIndex [unique] name: 'UK_TEST_121_B_INDEX_C', columns: ('A_ID1', 'A_ID2')
23:58:12.412 [main] TRACE org.angnysa.autodb.metadata.jdbc.loader.JdbcMetadataLoader - Index loaded: TESTDB.PUBLIC.TEST_121_B :: JdbcUniqueIndex [unique] name: 'PRIMARY_KEY_CC', columns: ('ID1', 'ID2')
23:58:12.412 [main] DEBUG org.angnysa.autodb.metadata.jdbc.loader.AbstractJdbcMetadataLoaderTester - Verifying index: null :: [A_ID2, A_ID2]
]]></system-out>
  </testcase>
  <testcase name="testLoadIndices" classname="org.angnysa.autodb.metadata.jdbc.loader.db.TestJdbcMetadataLoader_H2" time="0.005">
    <system-out><![CDATA[23:58:12.413 [main] DEBUG org.angnysa.autodb.metadata.jdbc.loader.AbstractJdbcMetadataLoaderTester - Target table: TEST_M21_A
23:58:12.413 [main] DEBUG org.angnysa.autodb.metadata.jdbc.loader.AbstractJdbcMetadataLoaderTester - Expected Indices: []
23:58:12.418 [main] TRACE org.angnysa.autodb.metadata.jdbc.loader.JdbcMetadataLoader - Column loaded: TESTDB.PUBLIC.TEST_M21_A :: JdbcColumn ID1 INTEGER(mandatory, len < 10) 
23:58:12.418 [main] TRACE org.angnysa.autodb.metadata.jdbc.loader.JdbcMetadataLoader - Column loaded: TESTDB.PUBLIC.TEST_M21_A :: JdbcColumn ID2 INTEGER(mandatory, len < 10) 
23:58:12.418 [main] TRACE org.angnysa.autodb.metadata.jdbc.loader.JdbcMetadataLoader - Index loaded: TESTDB.PUBLIC.TEST_M21_A :: JdbcUniqueIndex [unique] name: 'PRIMARY_KEY_CE', columns: ('ID1', 'ID2')
]]></system-out>
  </testcase>
  <testcase name="testLoadIndices" classname="org.angnysa.autodb.metadata.jdbc.loader.db.TestJdbcMetadataLoader_H2" time="0.006">
    <system-out><![CDATA[23:58:12.419 [main] DEBUG org.angnysa.autodb.metadata.jdbc.loader.AbstractJdbcMetadataLoaderTester - Target table: TEST_M21_B
23:58:12.419 [main] DEBUG org.angnysa.autodb.metadata.jdbc.loader.AbstractJdbcMetadataLoaderTester - Expected Indices: [ExpectedIndex(unique=false, columns=[A_ID2, A_ID2])]
23:58:12.424 [main] TRACE org.angnysa.autodb.metadata.jdbc.loader.JdbcMetadataLoader - Column loaded: TESTDB.PUBLIC.TEST_M21_B :: JdbcColumn ID1 INTEGER(mandatory, len < 10) 
23:58:12.424 [main] TRACE org.angnysa.autodb.metadata.jdbc.loader.JdbcMetadataLoader - Column loaded: TESTDB.PUBLIC.TEST_M21_B :: JdbcColumn ID2 INTEGER(mandatory, len < 10) 
23:58:12.424 [main] TRACE org.angnysa.autodb.metadata.jdbc.loader.JdbcMetadataLoader - Column loaded: TESTDB.PUBLIC.TEST_M21_B :: JdbcColumn A_ID1 INTEGER(mandatory, len < 10) 
23:58:12.424 [main] TRACE org.angnysa.autodb.metadata.jdbc.loader.JdbcMetadataLoader - Column loaded: TESTDB.PUBLIC.TEST_M21_B :: JdbcColumn A_ID2 INTEGER(mandatory, len < 10) 
23:58:12.424 [main] TRACE org.angnysa.autodb.metadata.jdbc.loader.JdbcMetadataLoader - Index loaded: TESTDB.PUBLIC.TEST_M21_B :: JdbcIndex [index] name: 'FK_TEST_M21_B_A_INDEX_C', columns: ('A_ID1', 'A_ID2')
23:58:12.424 [main] TRACE org.angnysa.autodb.metadata.jdbc.loader.JdbcMetadataLoader - Index loaded: TESTDB.PUBLIC.TEST_M21_B :: JdbcIndex [index] name: 'ID_TEST_M21_B_A', columns: ('A_ID1', 'A_ID2')
23:58:12.424 [main] TRACE org.angnysa.autodb.metadata.jdbc.loader.JdbcMetadataLoader - Index loaded: TESTDB.PUBLIC.TEST_M21_B :: JdbcUniqueIndex [unique] name: 'PRIMARY_KEY_CE8', columns: ('ID1', 'ID2')
23:58:12.425 [main] DEBUG org.angnysa.autodb.metadata.jdbc.loader.AbstractJdbcMetadataLoaderTester - Verifying index: null :: [A_ID2, A_ID2]
]]></system-out>
  </testcase>
  <testcase name="testLoadIndices" classname="org.angnysa.autodb.metadata.jdbc.loader.db.TestJdbcMetadataLoader_H2" time="0.006">
    <system-out><![CDATA[23:58:12.425 [main] DEBUG org.angnysa.autodb.metadata.jdbc.loader.AbstractJdbcMetadataLoaderTester - Target table: TEST_M2M_A
23:58:12.425 [main] DEBUG org.angnysa.autodb.metadata.jdbc.loader.AbstractJdbcMetadataLoaderTester - Expected Indices: []
23:58:12.430 [main] TRACE org.angnysa.autodb.metadata.jdbc.loader.JdbcMetadataLoader - Column loaded: TESTDB.PUBLIC.TEST_M2M_A :: JdbcColumn ID1 INTEGER(mandatory, len < 10) 
23:58:12.430 [main] TRACE org.angnysa.autodb.metadata.jdbc.loader.JdbcMetadataLoader - Column loaded: TESTDB.PUBLIC.TEST_M2M_A :: JdbcColumn ID2 INTEGER(mandatory, len < 10) 
23:58:12.430 [main] TRACE org.angnysa.autodb.metadata.jdbc.loader.JdbcMetadataLoader - Index loaded: TESTDB.PUBLIC.TEST_M2M_A :: JdbcUniqueIndex [unique] name: 'PRIMARY_KEY_CE89', columns: ('ID1', 'ID2')
]]></system-out>
  </testcase>
  <testcase name="testLoadIndices" classname="org.angnysa.autodb.metadata.jdbc.loader.db.TestJdbcMetadataLoader_H2" time="0.006">
    <system-out><![CDATA[23:58:12.431 [main] DEBUG org.angnysa.autodb.metadata.jdbc.loader.AbstractJdbcMetadataLoaderTester - Target table: TEST_M2M_B
23:58:12.431 [main] DEBUG org.angnysa.autodb.metadata.jdbc.loader.AbstractJdbcMetadataLoaderTester - Expected Indices: []
23:58:12.436 [main] TRACE org.angnysa.autodb.metadata.jdbc.loader.JdbcMetadataLoader - Column loaded: TESTDB.PUBLIC.TEST_M2M_B :: JdbcColumn ID1 INTEGER(mandatory, len < 10) 
23:58:12.436 [main] TRACE org.angnysa.autodb.metadata.jdbc.loader.JdbcMetadataLoader - Column loaded: TESTDB.PUBLIC.TEST_M2M_B :: JdbcColumn ID2 INTEGER(mandatory, len < 10) 
23:58:12.437 [main] TRACE org.angnysa.autodb.metadata.jdbc.loader.JdbcMetadataLoader - Index loaded: TESTDB.PUBLIC.TEST_M2M_B :: JdbcUniqueIndex [unique] name: 'PRIMARY_KEY_CE896', columns: ('ID1', 'ID2')
]]></system-out>
  </testcase>
  <testcase name="testLoadIndices" classname="org.angnysa.autodb.metadata.jdbc.loader.db.TestJdbcMetadataLoader_H2" time="0.006">
    <system-out><![CDATA[23:58:12.437 [main] DEBUG org.angnysa.autodb.metadata.jdbc.loader.AbstractJdbcMetadataLoaderTester - Target table: TEST_M2M_REL
23:58:12.437 [main] DEBUG org.angnysa.autodb.metadata.jdbc.loader.AbstractJdbcMetadataLoaderTester - Expected Indices: [ExpectedIndex(unique=false, columns=[AB_ID1, A_ID2]), ExpectedIndex(unique=false, columns=[AB_ID1, B_ID2])]
23:58:12.442 [main] TRACE org.angnysa.autodb.metadata.jdbc.loader.JdbcMetadataLoader - Column loaded: TESTDB.PUBLIC.TEST_M2M_REL :: JdbcColumn AB_ID1 INTEGER(mandatory, len < 10) 
23:58:12.442 [main] TRACE org.angnysa.autodb.metadata.jdbc.loader.JdbcMetadataLoader - Column loaded: TESTDB.PUBLIC.TEST_M2M_REL :: JdbcColumn A_ID2 INTEGER(mandatory, len < 10) 
23:58:12.442 [main] TRACE org.angnysa.autodb.metadata.jdbc.loader.JdbcMetadataLoader - Column loaded: TESTDB.PUBLIC.TEST_M2M_REL :: JdbcColumn B_ID2 INTEGER(mandatory, len < 10) 
23:58:12.443 [main] TRACE org.angnysa.autodb.metadata.jdbc.loader.JdbcMetadataLoader - Index loaded: TESTDB.PUBLIC.TEST_M2M_REL :: JdbcUniqueIndex [unique] name: 'PRIMARY_KEY_5', columns: ('AB_ID1', 'A_ID2', 'B_ID2')
23:58:12.443 [main] TRACE org.angnysa.autodb.metadata.jdbc.loader.JdbcMetadataLoader - Index loaded: TESTDB.PUBLIC.TEST_M2M_REL :: JdbcIndex [index] name: 'FK_TEST_M2M_REL_B_INDEX_5', columns: ('AB_ID1', 'B_ID2')
23:58:12.443 [main] TRACE org.angnysa.autodb.metadata.jdbc.loader.JdbcMetadataLoader - Index loaded: TESTDB.PUBLIC.TEST_M2M_REL :: JdbcIndex [index] name: 'FK_TEST_M2M_REL_A_INDEX_5', columns: ('AB_ID1', 'A_ID2')
23:58:12.443 [main] DEBUG org.angnysa.autodb.metadata.jdbc.loader.AbstractJdbcMetadataLoaderTester - Verifying index: null :: [AB_ID1, A_ID2]
23:58:12.443 [main] DEBUG org.angnysa.autodb.metadata.jdbc.loader.AbstractJdbcMetadataLoaderTester - Verifying index: null :: [AB_ID1, B_ID2]
]]></system-out>
  </testcase>
  <testcase name="testLoadForeignKeys" classname="org.angnysa.autodb.metadata.jdbc.loader.db.TestJdbcMetadataLoader_H2" time="0.033">
    <system-out><![CDATA[23:58:12.444 [main] DEBUG org.angnysa.autodb.metadata.jdbc.loader.AbstractJdbcMetadataLoaderTester - Using database: H2 1.4.200 (2019-10-14), driver: H2 JDBC Driver 1.4.200 (2019-10-14), default catalog: 'TESTDB', default schema: 'PUBLIC'
23:58:12.444 [main] DEBUG org.angnysa.autodb.metadata.jdbc.loader.AbstractJdbcMetadataLoaderTester - Target table: TEST_121_A
23:58:12.444 [main] DEBUG org.angnysa.autodb.metadata.jdbc.loader.AbstractJdbcMetadataLoaderTester - Expected Foreign Keys: []
23:58:12.450 [main] TRACE org.angnysa.autodb.metadata.jdbc.loader.JdbcMetadataLoader - Column loaded: TESTDB.PUBLIC.TEST_121_A :: JdbcColumn ID1 INTEGER(mandatory, len < 10) 
23:58:12.450 [main] TRACE org.angnysa.autodb.metadata.jdbc.loader.JdbcMetadataLoader - Column loaded: TESTDB.PUBLIC.TEST_121_A :: JdbcColumn ID2 INTEGER(mandatory, len < 10) 
23:58:12.450 [main] TRACE org.angnysa.autodb.metadata.jdbc.loader.JdbcMetadataLoader - Index loaded: TESTDB.PUBLIC.TEST_121_A :: JdbcUniqueIndex [unique] name: 'PRIMARY_KEY_C', columns: ('ID1', 'ID2')
23:58:12.450 [main] TRACE org.angnysa.autodb.metadata.jdbc.loader.JdbcMetadataLoader - Primary Key loaded: TESTDB.PUBLIC.TEST_121_A :: JdbcUniqueIndex [unique] name: 'PK_TEST_121_A', columns: ('ID1', 'ID2')
23:58:12.451 [main] TRACE org.angnysa.autodb.metadata.jdbc.loader.JdbcMetadataLoader - Table loaded:
[!!!org.angnysa.autodb.metadata.jdbc.JdbcTable@4f8cdeb4=>java.lang.NullPointerException:Cannot invoke "org.angnysa.autodb.metadata.jdbc.JdbcDatabase.getRelations(org.angnysa.autodb.metadata.jdbc.JdbcTable)" because "this.database" is null!!!]
23:58:12.454 [main] TRACE org.angnysa.autodb.metadata.jdbc.loader.JdbcMetadataLoader - Column loaded: TESTDB.PUBLIC.TEST_121_B :: JdbcColumn ID1 INTEGER(mandatory, len < 10) 
23:58:12.454 [main] TRACE org.angnysa.autodb.metadata.jdbc.loader.JdbcMetadataLoader - Column loaded: TESTDB.PUBLIC.TEST_121_B :: JdbcColumn ID2 INTEGER(mandatory, len < 10) 
23:58:12.454 [main] TRACE org.angnysa.autodb.metadata.jdbc.loader.JdbcMetadataLoader - Column loaded: TESTDB.PUBLIC.TEST_121_B :: JdbcColumn A_ID1 INTEGER(mandatory, len < 10) 
23:58:12.454 [main] TRACE org.angnysa.autodb.metadata.jdbc.loader.JdbcMetadataLoader - Column loaded: TESTDB.PUBLIC.TEST_121_B :: JdbcColumn A_ID2 INTEGER(mandatory, len < 10) 
23:58:12.455 [main] TRACE org.angnysa.autodb.metadata.jdbc.loader.JdbcMetadataLoader - Index loaded: TESTDB.PUBLIC.TEST_121_B :: JdbcUniqueIndex [unique] name: 'UK_TEST_121_B_INDEX_C', columns: ('A_ID1', 'A_ID2')
23:58:12.455 [main] TRACE org.angnysa.autodb.metadata.jdbc.loader.JdbcMetadataLoader - Index loaded: TESTDB.PUBLIC.TEST_121_B :: JdbcUniqueIndex [unique] name: 'PRIMARY_KEY_CC', columns: ('ID1', 'ID2')
23:58:12.455 [main] TRACE org.angnysa.autodb.metadata.jdbc.loader.JdbcMetadataLoader - Primary Key loaded: TESTDB.PUBLIC.TEST_121_B :: JdbcUniqueIndex [unique] name: 'PK_TEST_121_B', columns: ('ID1', 'ID2')
23:58:12.455 [main] TRACE org.angnysa.autodb.metadata.jdbc.loader.JdbcMetadataLoader - Table loaded:
[!!!org.angnysa.autodb.metadata.jdbc.JdbcTable@3ae47f4f=>java.lang.NullPointerException:Cannot invoke "org.angnysa.autodb.metadata.jdbc.JdbcDatabase.getRelations(org.angnysa.autodb.metadata.jdbc.JdbcTable)" because "this.database" is null!!!]
23:58:12.458 [main] TRACE org.angnysa.autodb.metadata.jdbc.loader.JdbcMetadataLoader - Column loaded: TESTDB.PUBLIC.TEST_M21_A :: JdbcColumn ID1 INTEGER(mandatory, len < 10) 
23:58:12.458 [main] TRACE org.angnysa.autodb.metadata.jdbc.loader.JdbcMetadataLoader - Column loaded: TESTDB.PUBLIC.TEST_M21_A :: JdbcColumn ID2 INTEGER(mandatory, len < 10) 
23:58:12.459 [main] TRACE org.angnysa.autodb.metadata.jdbc.loader.JdbcMetadataLoader - Index loaded: TESTDB.PUBLIC.TEST_M21_A :: JdbcUniqueIndex [unique] name: 'PRIMARY_KEY_CE', columns: ('ID1', 'ID2')
23:58:12.459 [main] TRACE org.angnysa.autodb.metadata.jdbc.loader.JdbcMetadataLoader - Primary Key loaded: TESTDB.PUBLIC.TEST_M21_A :: JdbcUniqueIndex [unique] name: 'PK_TEST_M21_A', columns: ('ID1', 'ID2')
23:58:12.459 [main] TRACE org.angnysa.autodb.metadata.jdbc.loader.JdbcMetadataLoader - Table loaded:
[!!!org.angnysa.autodb.metadata.jdbc.JdbcTable@116b7837=>java.lang.NullPointerException:Cannot invoke "org.angnysa.autodb.metadata.jdbc.JdbcDatabase.getRelations(org.angnysa.autodb.metadata.jdbc.JdbcTable)" because "this.database" is null!!!]
23:58:12.463 [main] TRACE org.angnysa.autodb.metadata.jdbc.loader.JdbcMetadataLoader - Column loaded: TESTDB.PUBLIC.TEST_M21_B :: JdbcColumn ID1 INTEGER(mandatory, len < 10) 
23:58:12.463 [main] TRACE org.angnysa.autodb.metadata.jdbc.loader.JdbcMetadataLoader - Column loaded: TESTDB.PUBLIC.TEST_M21_B :: JdbcColumn ID2 INTEGER(mandatory, len < 10) 
23:58:12.463 [main] TRACE org.angnysa.autodb.metadata.jdbc.loader.JdbcMetadataLoader - Column loaded: TESTDB.PUBLIC.TEST_M21_B :: JdbcColumn A_ID1 INTEGER(mandatory, len < 10) 
23:58:12.463 [main] TRACE org.angnysa.autodb.metadata.jdbc.loader.JdbcMetadataLoader - Column loaded: TESTDB.PUBLIC.TEST_M21_B :: JdbcColumn A_ID2 INTEGER(mandatory, len < 10) 
23:58:12.463 [main] TRACE org.angnysa.autodb.metadata.jdbc.loader.JdbcMetadataLoader - Index loaded: TESTDB.PUBLIC.TEST_M21_B :: JdbcIndex [index] name: 'FK_TEST_M21_B_A_INDEX_C', columns: ('A_ID1', 'A_ID2')
23:58:12.463 [main] TRACE org.angnysa.autodb.metadata.jdbc.loader.JdbcMetadataLoader - Index loaded: TESTDB.PUBLIC.TEST_M21_B :: JdbcIndex [index] name: 'ID_TEST_M21_B_A', columns: ('A_ID1', 'A_ID2')
23:58:12.463 [main] TRACE org.angnysa.autodb.metadata.jdbc.loader.JdbcMetadataLoader - Index loaded: TESTDB.PUBLIC.TEST_M21_B :: JdbcUniqueIndex [unique] name: 'PRIMARY_KEY_CE8', columns: ('ID1', 'ID2')
23:58:12.464 [main] TRACE org.angnysa.autodb.metadata.jdbc.loader.JdbcMetadataLoader - Primary Key loaded: TESTDB.PUBLIC.TEST_M21_B :: JdbcUniqueIndex [unique] name: 'PK_TEST_M21_B', columns: ('ID1', 'ID2')
23:58:12.464 [main] TRACE org.angnysa.autodb.metadata.jdbc.loader.JdbcMetadataLoader - Table loaded:
[!!!org.angnysa.autodb.metadata.jdbc.JdbcTable@2e92c6f3=>java.lang.NullPointerException:Cannot invoke "org.angnysa.autodb.metadata.jdbc.JdbcDatabase.getRelations(org.angnysa.autodb.metadata.jdbc.JdbcTable)" because "this.database" is null!!!]
23:58:12.467 [main] TRACE org.angnysa.autodb.metadata.jdbc.loader.JdbcMetadataLoader - Column loaded: TESTDB.PUBLIC.TEST_M2M_A :: JdbcColumn ID1 INTEGER(mandatory, len < 10) 
23:58:12.467 [main] TRACE org.angnysa.autodb.metadata.jdbc.loader.JdbcMetadataLoader - Column loaded: TESTDB.PUBLIC.TEST_M2M_A :: JdbcColumn ID2 INTEGER(mandatory, len < 10) 
23:58:12.468 [main] TRACE org.angnysa.autodb.metadata.jdbc.loader.JdbcMetadataLoader - Index loaded: TESTDB.PUBLIC.TEST_M2M_A :: JdbcUniqueIndex [unique] name: 'PRIMARY_KEY_CE89', columns: ('ID1', 'ID2')
23:58:12.468 [main] TRACE org.angnysa.autodb.metadata.jdbc.loader.JdbcMetadataLoader - Primary Key loaded: TESTDB.PUBLIC.TEST_M2M_A :: JdbcUniqueIndex [unique] name: 'PK_TEST_M2M_A', columns: ('ID1', 'ID2')
23:58:12.468 [main] TRACE org.angnysa.autodb.metadata.jdbc.loader.JdbcMetadataLoader - Table loaded:
[!!!org.angnysa.autodb.metadata.jdbc.JdbcTable@76de4b5=>java.lang.NullPointerException:Cannot invoke "org.angnysa.autodb.metadata.jdbc.JdbcDatabase.getRelations(org.angnysa.autodb.metadata.jdbc.JdbcTable)" because "this.database" is null!!!]
23:58:12.471 [main] TRACE org.angnysa.autodb.metadata.jdbc.loader.JdbcMetadataLoader - Column loaded: TESTDB.PUBLIC.TEST_M2M_B :: JdbcColumn ID1 INTEGER(mandatory, len < 10) 
23:58:12.471 [main] TRACE org.angnysa.autodb.metadata.jdbc.loader.JdbcMetadataLoader - Column loaded: TESTDB.PUBLIC.TEST_M2M_B :: JdbcColumn ID2 INTEGER(mandatory, len < 10) 
23:58:12.472 [main] TRACE org.angnysa.autodb.metadata.jdbc.loader.JdbcMetadataLoader - Index loaded: TESTDB.PUBLIC.TEST_M2M_B :: JdbcUniqueIndex [unique] name: 'PRIMARY_KEY_CE896', columns: ('ID1', 'ID2')
23:58:12.472 [main] TRACE org.angnysa.autodb.metadata.jdbc.loader.JdbcMetadataLoader - Primary Key loaded: TESTDB.PUBLIC.TEST_M2M_B :: JdbcUniqueIndex [unique] name: 'PK_TEST_M2M_B', columns: ('ID1', 'ID2')
23:58:12.472 [main] TRACE org.angnysa.autodb.metadata.jdbc.loader.JdbcMetadataLoader - Table loaded:
[!!!org.angnysa.autodb.metadata.jdbc.JdbcTable@26364268=>java.lang.NullPointerException:Cannot invoke "org.angnysa.autodb.metadata.jdbc.JdbcDatabase.getRelations(org.angnysa.autodb.metadata.jdbc.JdbcTable)" because "this.database" is null!!!]
23:58:12.475 [main] TRACE org.angnysa.autodb.metadata.jdbc.loader.JdbcMetadataLoader - Column loaded: TESTDB.PUBLIC.TEST_M2M_REL :: JdbcColumn AB_ID1 INTEGER(mandatory, len < 10) 
23:58:12.475 [main] TRACE org.angnysa.autodb.metadata.jdbc.loader.JdbcMetadataLoader - Column loaded: TESTDB.PUBLIC.TEST_M2M_REL :: JdbcColumn A_ID2 INTEGER(mandatory, len < 10) 
23:58:12.476 [main] TRACE org.angnysa.autodb.metadata.jdbc.loader.JdbcMetadataLoader - Column loaded: TESTDB.PUBLIC.TEST_M2M_REL :: JdbcColumn B_ID2 INTEGER(mandatory, len < 10) 
23:58:12.476 [main] TRACE org.angnysa.autodb.metadata.jdbc.loader.JdbcMetadataLoader - Index loaded: TESTDB.PUBLIC.TEST_M2M_REL :: JdbcUniqueIndex [unique] name: 'PRIMARY_KEY_5', columns: ('AB_ID1', 'A_ID2', 'B_ID2')
23:58:12.476 [main] TRACE org.angnysa.autodb.metadata.jdbc.loader.JdbcMetadataLoader - Index loaded: TESTDB.PUBLIC.TEST_M2M_REL :: JdbcIndex [index] name: 'FK_TEST_M2M_REL_B_INDEX_5', columns: ('AB_ID1', 'B_ID2')
23:58:12.476 [main] TRACE org.angnysa.autodb.metadata.jdbc.loader.JdbcMetadataLoader - Index loaded: TESTDB.PUBLIC.TEST_M2M_REL :: JdbcIndex [index] name: 'FK_TEST_M2M_REL_A_INDEX_5', columns: ('AB_ID1', 'A_ID2')
23:58:12.476 [main] TRACE org.angnysa.autodb.metadata.jdbc.loader.JdbcMetadataLoader - Primary Key loaded: TESTDB.PUBLIC.TEST_M2M_REL :: JdbcUniqueIndex [unique] name: 'PK_TEST_M2M_REL', columns: ('AB_ID1', 'A_ID2', 'B_ID2')
23:58:12.476 [main] TRACE org.angnysa.autodb.metadata.jdbc.loader.JdbcMetadataLoader - Table loaded:
[!!!org.angnysa.autodb.metadata.jdbc.JdbcTable@6f056fdf=>java.lang.NullPointerException:Cannot invoke "org.angnysa.autodb.metadata.jdbc.JdbcDatabase.getRelations(org.angnysa.autodb.metadata.jdbc.JdbcTable)" because "this.database" is null!!!]
]]></system-out>
  </testcase>
  <testcase name="testLoadForeignKeys" classname="org.angnysa.autodb.metadata.jdbc.loader.db.TestJdbcMetadataLoader_H2" time="0.035">
    <error type="java.lang.IllegalStateException"><![CDATA[java.lang.IllegalStateException: No table named 'TESTDB.PUBLIC.TEST_121_B'
]]></error>
    <system-out><![CDATA[23:58:12.477 [main] DEBUG org.angnysa.autodb.metadata.jdbc.loader.AbstractJdbcMetadataLoaderTester - Target table: TEST_121_B
23:58:12.477 [main] DEBUG org.angnysa.autodb.metadata.jdbc.loader.AbstractJdbcMetadataLoaderTester - Expected Foreign Keys: [ExpectedForeignKey(name=FK_TEST_121_B_A, mandatory=true, referencingColumns=[A_ID1, A_ID2], referencedTable=TEST_121_A, referencedColumns=[ID1, ID2])]
23:58:12.481 [main] TRACE org.angnysa.autodb.metadata.jdbc.loader.JdbcMetadataLoader - Column loaded: TESTDB.PUBLIC.TEST_121_A :: JdbcColumn ID1 INTEGER(mandatory, len < 10) 
23:58:12.481 [main] TRACE org.angnysa.autodb.metadata.jdbc.loader.JdbcMetadataLoader - Column loaded: TESTDB.PUBLIC.TEST_121_A :: JdbcColumn ID2 INTEGER(mandatory, len < 10) 
23:58:12.482 [main] TRACE org.angnysa.autodb.metadata.jdbc.loader.JdbcMetadataLoader - Index loaded: TESTDB.PUBLIC.TEST_121_A :: JdbcUniqueIndex [unique] name: 'PRIMARY_KEY_C', columns: ('ID1', 'ID2')
23:58:12.482 [main] TRACE org.angnysa.autodb.metadata.jdbc.loader.JdbcMetadataLoader - Primary Key loaded: TESTDB.PUBLIC.TEST_121_A :: JdbcUniqueIndex [unique] name: 'PK_TEST_121_A', columns: ('ID1', 'ID2')
23:58:12.482 [main] TRACE org.angnysa.autodb.metadata.jdbc.loader.JdbcMetadataLoader - Table loaded:
[!!!org.angnysa.autodb.metadata.jdbc.JdbcTable@17e6e65=>java.lang.NullPointerException:Cannot invoke "org.angnysa.autodb.metadata.jdbc.JdbcDatabase.getRelations(org.angnysa.autodb.metadata.jdbc.JdbcTable)" because "this.database" is null!!!]
23:58:12.485 [main] TRACE org.angnysa.autodb.metadata.jdbc.loader.JdbcMetadataLoader - Column loaded: TESTDB.PUBLIC.TEST_121_B :: JdbcColumn ID1 INTEGER(mandatory, len < 10) 
23:58:12.485 [main] TRACE org.angnysa.autodb.metadata.jdbc.loader.JdbcMetadataLoader - Column loaded: TESTDB.PUBLIC.TEST_121_B :: JdbcColumn ID2 INTEGER(mandatory, len < 10) 
23:58:12.485 [main] TRACE org.angnysa.autodb.metadata.jdbc.loader.JdbcMetadataLoader - Column loaded: TESTDB.PUBLIC.TEST_121_B :: JdbcColumn A_ID1 INTEGER(mandatory, len < 10) 
23:58:12.485 [main] TRACE org.angnysa.autodb.metadata.jdbc.loader.JdbcMetadataLoader - Column loaded: TESTDB.PUBLIC.TEST_121_B :: JdbcColumn A_ID2 INTEGER(mandatory, len < 10) 
23:58:12.485 [main] TRACE org.angnysa.autodb.metadata.jdbc.loader.JdbcMetadataLoader - Index loaded: TESTDB.PUBLIC.TEST_121_B :: JdbcUniqueIndex [unique] name: 'UK_TEST_121_B_INDEX_C', columns: ('A_ID1', 'A_ID2')
23:58:12.485 [main] TRACE org.angnysa.autodb.metadata.jdbc.loader.JdbcMetadataLoader - Index loaded: TESTDB.PUBLIC.TEST_121_B :: JdbcUniqueIndex [unique] name: 'PRIMARY_KEY_CC', columns: ('ID1', 'ID2')
23:58:12.486 [main] TRACE org.angnysa.autodb.metadata.jdbc.loader.JdbcMetadataLoader - Primary Key loaded: TESTDB.PUBLIC.TEST_121_B :: JdbcUniqueIndex [unique] name: 'PK_TEST_121_B', columns: ('ID1', 'ID2')
23:58:12.486 [main] TRACE org.angnysa.autodb.metadata.jdbc.loader.JdbcMetadataLoader - Table loaded:
[!!!org.angnysa.autodb.metadata.jdbc.JdbcTable@61fe303d=>java.lang.NullPointerException:Cannot invoke "org.angnysa.autodb.metadata.jdbc.JdbcDatabase.getRelations(org.angnysa.autodb.metadata.jdbc.JdbcTable)" because "this.database" is null!!!]
23:58:12.488 [main] TRACE org.angnysa.autodb.metadata.jdbc.loader.JdbcMetadataLoader - Column loaded: TESTDB.PUBLIC.TEST_M21_A :: JdbcColumn ID1 INTEGER(mandatory, len < 10) 
23:58:12.489 [main] TRACE org.angnysa.autodb.metadata.jdbc.loader.JdbcMetadataLoader - Column loaded: TESTDB.PUBLIC.TEST_M21_A :: JdbcColumn ID2 INTEGER(mandatory, len < 10) 
23:58:12.489 [main] TRACE org.angnysa.autodb.metadata.jdbc.loader.JdbcMetadataLoader - Index loaded: TESTDB.PUBLIC.TEST_M21_A :: JdbcUniqueIndex [unique] name: 'PRIMARY_KEY_CE', columns: ('ID1', 'ID2')
23:58:12.489 [main] TRACE org.angnysa.autodb.metadata.jdbc.loader.JdbcMetadataLoader - Primary Key loaded: TESTDB.PUBLIC.TEST_M21_A :: JdbcUniqueIndex [unique] name: 'PK_TEST_M21_A', columns: ('ID1', 'ID2')
23:58:12.489 [main] TRACE org.angnysa.autodb.metadata.jdbc.loader.JdbcMetadataLoader - Table loaded:
[!!!org.angnysa.autodb.metadata.jdbc.JdbcTable@268f1aeb=>java.lang.NullPointerException:Cannot invoke "org.angnysa.autodb.metadata.jdbc.JdbcDatabase.getRelations(org.angnysa.autodb.metadata.jdbc.JdbcTable)" because "this.database" is null!!!]
23:58:12.492 [main] TRACE org.angnysa.autodb.metadata.jdbc.loader.JdbcMetadataLoader - Column loaded: TESTDB.PUBLIC.TEST_M21_B :: JdbcColumn ID1 INTEGER(mandatory, len < 10) 
23:58:12.492 [main] TRACE org.angnysa.autodb.metadata.jdbc.loader.JdbcMetadataLoader - Column loaded: TESTDB.PUBLIC.TEST_M21_B :: JdbcColumn ID2 INTEGER(mandatory, len < 10) 
23:58:12.492 [main] TRACE org.angnysa.autodb.metadata.jdbc.loader.JdbcMetadataLoader - Column loaded: TESTDB.PUBLIC.TEST_M21_B :: JdbcColumn A_ID1 INTEGER(mandatory, len < 10) 
23:58:12.492 [main] TRACE org.angnysa.autodb.metadata.jdbc.loader.JdbcMetadataLoader - Column loaded: TESTDB.PUBLIC.TEST_M21_B :: JdbcColumn A_ID2 INTEGER(mandatory, len < 10) 
23:58:12.493 [main] TRACE org.angnysa.autodb.metadata.jdbc.loader.JdbcMetadataLoader - Index loaded: TESTDB.PUBLIC.TEST_M21_B :: JdbcIndex [index] name: 'FK_TEST_M21_B_A_INDEX_C', columns: ('A_ID1', 'A_ID2')
23:58:12.493 [main] TRACE org.angnysa.autodb.metadata.jdbc.loader.JdbcMetadataLoader - Index loaded: TESTDB.PUBLIC.TEST_M21_B :: JdbcIndex [index] name: 'ID_TEST_M21_B_A', columns: ('A_ID1', 'A_ID2')
23:58:12.493 [main] TRACE org.angnysa.autodb.metadata.jdbc.loader.JdbcMetadataLoader - Index loaded: TESTDB.PUBLIC.TEST_M21_B :: JdbcUniqueIndex [unique] name: 'PRIMARY_KEY_CE8', columns: ('ID1', 'ID2')
23:58:12.493 [main] TRACE org.angnysa.autodb.metadata.jdbc.loader.JdbcMetadataLoader - Primary Key loaded: TESTDB.PUBLIC.TEST_M21_B :: JdbcUniqueIndex [unique] name: 'PK_TEST_M21_B', columns: ('ID1', 'ID2')
23:58:12.493 [main] TRACE org.angnysa.autodb.metadata.jdbc.loader.JdbcMetadataLoader - Table loaded:
[!!!org.angnysa.autodb.metadata.jdbc.JdbcTable@298734a9=>java.lang.NullPointerException:Cannot invoke "org.angnysa.autodb.metadata.jdbc.JdbcDatabase.getRelations(org.angnysa.autodb.metadata.jdbc.JdbcTable)" because "this.database" is null!!!]
23:58:12.496 [main] TRACE org.angnysa.autodb.metadata.jdbc.loader.JdbcMetadataLoader - Column loaded: TESTDB.PUBLIC.TEST_M2M_A :: JdbcColumn ID1 INTEGER(mandatory, len < 10) 
23:58:12.496 [main] TRACE org.angnysa.autodb.metadata.jdbc.loader.JdbcMetadataLoader - Column loaded: TESTDB.PUBLIC.TEST_M2M_A :: JdbcColumn ID2 INTEGER(mandatory, len < 10) 
23:58:12.496 [main] TRACE org.angnysa.autodb.metadata.jdbc.loader.JdbcMetadataLoader - Index loaded: TESTDB.PUBLIC.TEST_M2M_A :: JdbcUniqueIndex [unique] name: 'PRIMARY_KEY_CE89', columns: ('ID1', 'ID2')
23:58:12.496 [main] TRACE org.angnysa.autodb.metadata.jdbc.loader.JdbcMetadataLoader - Primary Key loaded: TESTDB.PUBLIC.TEST_M2M_A :: JdbcUniqueIndex [unique] name: 'PK_TEST_M2M_A', columns: ('ID1', 'ID2')
23:58:12.496 [main] TRACE org.angnysa.autodb.metadata.jdbc.loader.JdbcMetadataLoader - Table loaded:
[!!!org.angnysa.autodb.metadata.jdbc.JdbcTable@21fd75f2=>java.lang.NullPointerException:Cannot invoke "org.angnysa.autodb.metadata.jdbc.JdbcDatabase.getRelations(org.angnysa.autodb.metadata.jdbc.JdbcTable)" because "this.database" is null!!!]
23:58:12.499 [main] TRACE org.angnysa.autodb.metadata.jdbc.loader.JdbcMetadataLoader - Column loaded: TESTDB.PUBLIC.TEST_M2M_B :: JdbcColumn ID1 INTEGER(mandatory, len < 10) 
23:58:12.499 [main] TRACE org.angnysa.autodb.metadata.jdbc.loader.JdbcMetadataLoader - Column loaded: TESTDB.PUBLIC.TEST_M2M_B :: JdbcColumn ID2 INTEGER(mandatory, len < 10) 
23:58:12.499 [main] TRACE org.angnysa.autodb.metadata.jdbc.loader.JdbcMetadataLoader - Index loaded: TESTDB.PUBLIC.TEST_M2M_B :: JdbcUniqueIndex [unique] name: 'PRIMARY_KEY_CE896', columns: ('ID1', 'ID2')
23:58:12.500 [main] TRACE org.angnysa.autodb.metadata.jdbc.loader.JdbcMetadataLoader - Primary Key loaded: TESTDB.PUBLIC.TEST_M2M_B :: JdbcUniqueIndex [unique] name: 'PK_TEST_M2M_B', columns: ('ID1', 'ID2')
23:58:12.500 [main] TRACE org.angnysa.autodb.metadata.jdbc.loader.JdbcMetadataLoader - Table loaded:
[!!!org.angnysa.autodb.metadata.jdbc.JdbcTable@4cf973ec=>java.lang.NullPointerException:Cannot invoke "org.angnysa.autodb.metadata.jdbc.JdbcDatabase.getRelations(org.angnysa.autodb.metadata.jdbc.JdbcTable)" because "this.database" is null!!!]
23:58:12.502 [main] TRACE org.angnysa.autodb.metadata.jdbc.loader.JdbcMetadataLoader - Column loaded: TESTDB.PUBLIC.TEST_M2M_REL :: JdbcColumn AB_ID1 INTEGER(mandatory, len < 10) 
23:58:12.502 [main] TRACE org.angnysa.autodb.metadata.jdbc.loader.JdbcMetadataLoader - Column loaded: TESTDB.PUBLIC.TEST_M2M_REL :: JdbcColumn A_ID2 INTEGER(mandatory, len < 10) 
23:58:12.502 [main] TRACE org.angnysa.autodb.metadata.jdbc.loader.JdbcMetadataLoader - Column loaded: TESTDB.PUBLIC.TEST_M2M_REL :: JdbcColumn B_ID2 INTEGER(mandatory, len < 10) 
23:58:12.503 [main] TRACE org.angnysa.autodb.metadata.jdbc.loader.JdbcMetadataLoader - Index loaded: TESTDB.PUBLIC.TEST_M2M_REL :: JdbcUniqueIndex [unique] name: 'PRIMARY_KEY_5', columns: ('AB_ID1', 'A_ID2', 'B_ID2')
23:58:12.503 [main] TRACE org.angnysa.autodb.metadata.jdbc.loader.JdbcMetadataLoader - Index loaded: TESTDB.PUBLIC.TEST_M2M_REL :: JdbcIndex [index] name: 'FK_TEST_M2M_REL_B_INDEX_5', columns: ('AB_ID1', 'B_ID2')
23:58:12.503 [main] TRACE org.angnysa.autodb.metadata.jdbc.loader.JdbcMetadataLoader - Index loaded: TESTDB.PUBLIC.TEST_M2M_REL :: JdbcIndex [index] name: 'FK_TEST_M2M_REL_A_INDEX_5', columns: ('AB_ID1', 'A_ID2')
23:58:12.503 [main] TRACE org.angnysa.autodb.metadata.jdbc.loader.JdbcMetadataLoader - Primary Key loaded: TESTDB.PUBLIC.TEST_M2M_REL :: JdbcUniqueIndex [unique] name: 'PK_TEST_M2M_REL', columns: ('AB_ID1', 'A_ID2', 'B_ID2')
23:58:12.511 [main] TRACE org.angnysa.autodb.metadata.jdbc.loader.JdbcMetadataLoader - Table loaded:
[!!!org.angnysa.autodb.metadata.jdbc.JdbcTable@223b6e94=>java.lang.NullPointerException:Cannot invoke "org.angnysa.autodb.metadata.jdbc.JdbcDatabase.getRelations(org.angnysa.autodb.metadata.jdbc.JdbcTable)" because "this.database" is null!!!]
]]></system-out>
  </testcase>
  <testcase name="testLoadForeignKeys" classname="org.angnysa.autodb.metadata.jdbc.loader.db.TestJdbcMetadataLoader_H2" time="0.029">
    <system-out><![CDATA[23:58:12.513 [main] DEBUG org.angnysa.autodb.metadata.jdbc.loader.AbstractJdbcMetadataLoaderTester - Target table: TEST_M21_A
23:58:12.513 [main] DEBUG org.angnysa.autodb.metadata.jdbc.loader.AbstractJdbcMetadataLoaderTester - Expected Foreign Keys: []
23:58:12.517 [main] TRACE org.angnysa.autodb.metadata.jdbc.loader.JdbcMetadataLoader - Column loaded: TESTDB.PUBLIC.TEST_121_A :: JdbcColumn ID1 INTEGER(mandatory, len < 10) 
23:58:12.517 [main] TRACE org.angnysa.autodb.metadata.jdbc.loader.JdbcMetadataLoader - Column loaded: TESTDB.PUBLIC.TEST_121_A :: JdbcColumn ID2 INTEGER(mandatory, len < 10) 
23:58:12.518 [main] TRACE org.angnysa.autodb.metadata.jdbc.loader.JdbcMetadataLoader - Index loaded: TESTDB.PUBLIC.TEST_121_A :: JdbcUniqueIndex [unique] name: 'PRIMARY_KEY_C', columns: ('ID1', 'ID2')
23:58:12.518 [main] TRACE org.angnysa.autodb.metadata.jdbc.loader.JdbcMetadataLoader - Primary Key loaded: TESTDB.PUBLIC.TEST_121_A :: JdbcUniqueIndex [unique] name: 'PK_TEST_121_A', columns: ('ID1', 'ID2')
23:58:12.519 [main] TRACE org.angnysa.autodb.metadata.jdbc.loader.JdbcMetadataLoader - Table loaded:
[!!!org.angnysa.autodb.metadata.jdbc.JdbcTable@d96fa9e=>java.lang.NullPointerException:Cannot invoke "org.angnysa.autodb.metadata.jdbc.JdbcDatabase.getRelations(org.angnysa.autodb.metadata.jdbc.JdbcTable)" because "this.database" is null!!!]
23:58:12.521 [main] TRACE org.angnysa.autodb.metadata.jdbc.loader.JdbcMetadataLoader - Column loaded: TESTDB.PUBLIC.TEST_121_B :: JdbcColumn ID1 INTEGER(mandatory, len < 10) 
23:58:12.522 [main] TRACE org.angnysa.autodb.metadata.jdbc.loader.JdbcMetadataLoader - Column loaded: TESTDB.PUBLIC.TEST_121_B :: JdbcColumn ID2 INTEGER(mandatory, len < 10) 
23:58:12.522 [main] TRACE org.angnysa.autodb.metadata.jdbc.loader.JdbcMetadataLoader - Column loaded: TESTDB.PUBLIC.TEST_121_B :: JdbcColumn A_ID1 INTEGER(mandatory, len < 10) 
23:58:12.522 [main] TRACE org.angnysa.autodb.metadata.jdbc.loader.JdbcMetadataLoader - Column loaded: TESTDB.PUBLIC.TEST_121_B :: JdbcColumn A_ID2 INTEGER(mandatory, len < 10) 
23:58:12.522 [main] TRACE org.angnysa.autodb.metadata.jdbc.loader.JdbcMetadataLoader - Index loaded: TESTDB.PUBLIC.TEST_121_B :: JdbcUniqueIndex [unique] name: 'UK_TEST_121_B_INDEX_C', columns: ('A_ID1', 'A_ID2')
23:58:12.522 [main] TRACE org.angnysa.autodb.metadata.jdbc.loader.JdbcMetadataLoader - Index loaded: TESTDB.PUBLIC.TEST_121_B :: JdbcUniqueIndex [unique] name: 'PRIMARY_KEY_CC', columns: ('ID1', 'ID2')
23:58:12.522 [main] TRACE org.angnysa.autodb.metadata.jdbc.loader.JdbcMetadataLoader - Primary Key loaded: TESTDB.PUBLIC.TEST_121_B :: JdbcUniqueIndex [unique] name: 'PK_TEST_121_B', columns: ('ID1', 'ID2')
23:58:12.523 [main] TRACE org.angnysa.autodb.metadata.jdbc.loader.JdbcMetadataLoader - Table loaded:
[!!!org.angnysa.autodb.metadata.jdbc.JdbcTable@74e17634=>java.lang.NullPointerException:Cannot invoke "org.angnysa.autodb.metadata.jdbc.JdbcDatabase.getRelations(org.angnysa.autodb.metadata.jdbc.JdbcTable)" because "this.database" is null!!!]
23:58:12.525 [main] TRACE org.angnysa.autodb.metadata.jdbc.loader.JdbcMetadataLoader - Column loaded: TESTDB.PUBLIC.TEST_M21_A :: JdbcColumn ID1 INTEGER(mandatory, len < 10) 
23:58:12.526 [main] TRACE org.angnysa.autodb.metadata.jdbc.loader.JdbcMetadataLoader - Column loaded: TESTDB.PUBLIC.TEST_M21_A :: JdbcColumn ID2 INTEGER(mandatory, len < 10) 
23:58:12.526 [main] TRACE org.angnysa.autodb.metadata.jdbc.loader.JdbcMetadataLoader - Index loaded: TESTDB.PUBLIC.TEST_M21_A :: JdbcUniqueIndex [unique] name: 'PRIMARY_KEY_CE', columns: ('ID1', 'ID2')
23:58:12.526 [main] TRACE org.angnysa.autodb.metadata.jdbc.loader.JdbcMetadataLoader - Primary Key loaded: TESTDB.PUBLIC.TEST_M21_A :: JdbcUniqueIndex [unique] name: 'PK_TEST_M21_A', columns: ('ID1', 'ID2')
23:58:12.526 [main] TRACE org.angnysa.autodb.metadata.jdbc.loader.JdbcMetadataLoader - Table loaded:
[!!!org.angnysa.autodb.metadata.jdbc.JdbcTable@54dc3d0a=>java.lang.NullPointerException:Cannot invoke "org.angnysa.autodb.metadata.jdbc.JdbcDatabase.getRelations(org.angnysa.autodb.metadata.jdbc.JdbcTable)" because "this.database" is null!!!]
23:58:12.529 [main] TRACE org.angnysa.autodb.metadata.jdbc.loader.JdbcMetadataLoader - Column loaded: TESTDB.PUBLIC.TEST_M21_B :: JdbcColumn ID1 INTEGER(mandatory, len < 10) 
23:58:12.529 [main] TRACE org.angnysa.autodb.metadata.jdbc.loader.JdbcMetadataLoader - Column loaded: TESTDB.PUBLIC.TEST_M21_B :: JdbcColumn ID2 INTEGER(mandatory, len < 10) 
23:58:12.529 [main] TRACE org.angnysa.autodb.metadata.jdbc.loader.JdbcMetadataLoader - Column loaded: TESTDB.PUBLIC.TEST_M21_B :: JdbcColumn A_ID1 INTEGER(mandatory, len < 10) 
23:58:12.529 [main] TRACE org.angnysa.autodb.metadata.jdbc.loader.JdbcMetadataLoader - Column loaded: TESTDB.PUBLIC.TEST_M21_B :: JdbcColumn A_ID2 INTEGER(mandatory, len < 10) 
23:58:12.530 [main] TRACE org.angnysa.autodb.metadata.jdbc.loader.JdbcMetadataLoader - Index loaded: TESTDB.PUBLIC.TEST_M21_B :: JdbcIndex [index] name: 'FK_TEST_M21_B_A_INDEX_C', columns: ('A_ID1', 'A_ID2')
23:58:12.530 [main] TRACE org.angnysa.autodb.metadata.jdbc.loader.JdbcMetadataLoader - Index loaded: TESTDB.PUBLIC.TEST_M21_B :: JdbcIndex [index] name: 'ID_TEST_M21_B_A', columns: ('A_ID1', 'A_ID2')
23:58:12.530 [main] TRACE org.angnysa.autodb.metadata.jdbc.loader.JdbcMetadataLoader - Index loaded: TESTDB.PUBLIC.TEST_M21_B :: JdbcUniqueIndex [unique] name: 'PRIMARY_KEY_CE8', columns: ('ID1', 'ID2')
23:58:12.530 [main] TRACE org.angnysa.autodb.metadata.jdbc.loader.JdbcMetadataLoader - Primary Key loaded: TESTDB.PUBLIC.TEST_M21_B :: JdbcUniqueIndex [unique] name: 'PK_TEST_M21_B', columns: ('ID1', 'ID2')
23:58:12.530 [main] TRACE org.angnysa.autodb.metadata.jdbc.loader.JdbcMetadataLoader - Table loaded:
[!!!org.angnysa.autodb.metadata.jdbc.JdbcTable@14564dca=>java.lang.NullPointerException:Cannot invoke "org.angnysa.autodb.metadata.jdbc.JdbcDatabase.getRelations(org.angnysa.autodb.metadata.jdbc.JdbcTable)" because "this.database" is null!!!]
23:58:12.533 [main] TRACE org.angnysa.autodb.metadata.jdbc.loader.JdbcMetadataLoader - Column loaded: TESTDB.PUBLIC.TEST_M2M_A :: JdbcColumn ID1 INTEGER(mandatory, len < 10) 
23:58:12.533 [main] TRACE org.angnysa.autodb.metadata.jdbc.loader.JdbcMetadataLoader - Column loaded: TESTDB.PUBLIC.TEST_M2M_A :: JdbcColumn ID2 INTEGER(mandatory, len < 10) 
23:58:12.534 [main] TRACE org.angnysa.autodb.metadata.jdbc.loader.JdbcMetadataLoader - Index loaded: TESTDB.PUBLIC.TEST_M2M_A :: JdbcUniqueIndex [unique] name: 'PRIMARY_KEY_CE89', columns: ('ID1', 'ID2')
23:58:12.534 [main] TRACE org.angnysa.autodb.metadata.jdbc.loader.JdbcMetadataLoader - Primary Key loaded: TESTDB.PUBLIC.TEST_M2M_A :: JdbcUniqueIndex [unique] name: 'PK_TEST_M2M_A', columns: ('ID1', 'ID2')
23:58:12.534 [main] TRACE org.angnysa.autodb.metadata.jdbc.loader.JdbcMetadataLoader - Table loaded:
[!!!org.angnysa.autodb.metadata.jdbc.JdbcTable@6cfc536a=>java.lang.NullPointerException:Cannot invoke "org.angnysa.autodb.metadata.jdbc.JdbcDatabase.getRelations(org.angnysa.autodb.metadata.jdbc.JdbcTable)" because "this.database" is null!!!]
23:58:12.537 [main] TRACE org.angnysa.autodb.metadata.jdbc.loader.JdbcMetadataLoader - Column loaded: TESTDB.PUBLIC.TEST_M2M_B :: JdbcColumn ID1 INTEGER(mandatory, len < 10) 
23:58:12.537 [main] TRACE org.angnysa.autodb.metadata.jdbc.loader.JdbcMetadataLoader - Column loaded: TESTDB.PUBLIC.TEST_M2M_B :: JdbcColumn ID2 INTEGER(mandatory, len < 10) 
23:58:12.537 [main] TRACE org.angnysa.autodb.metadata.jdbc.loader.JdbcMetadataLoader - Index loaded: TESTDB.PUBLIC.TEST_M2M_B :: JdbcUniqueIndex [unique] name: 'PRIMARY_KEY_CE896', columns: ('ID1', 'ID2')
23:58:12.537 [main] TRACE org.angnysa.autodb.metadata.jdbc.loader.JdbcMetadataLoader - Primary Key loaded: TESTDB.PUBLIC.TEST_M2M_B :: JdbcUniqueIndex [unique] name: 'PK_TEST_M2M_B', columns: ('ID1', 'ID2')
23:58:12.537 [main] TRACE org.angnysa.autodb.metadata.jdbc.loader.JdbcMetadataLoader - Table loaded:
[!!!org.angnysa.autodb.metadata.jdbc.JdbcTable@6f8cd739=>java.lang.NullPointerException:Cannot invoke "org.angnysa.autodb.metadata.jdbc.JdbcDatabase.getRelations(org.angnysa.autodb.metadata.jdbc.JdbcTable)" because "this.database" is null!!!]
23:58:12.540 [main] TRACE org.angnysa.autodb.metadata.jdbc.loader.JdbcMetadataLoader - Column loaded: TESTDB.PUBLIC.TEST_M2M_REL :: JdbcColumn AB_ID1 INTEGER(mandatory, len < 10) 
23:58:12.540 [main] TRACE org.angnysa.autodb.metadata.jdbc.loader.JdbcMetadataLoader - Column loaded: TESTDB.PUBLIC.TEST_M2M_REL :: JdbcColumn A_ID2 INTEGER(mandatory, len < 10) 
23:58:12.540 [main] TRACE org.angnysa.autodb.metadata.jdbc.loader.JdbcMetadataLoader - Column loaded: TESTDB.PUBLIC.TEST_M2M_REL :: JdbcColumn B_ID2 INTEGER(mandatory, len < 10) 
23:58:12.541 [main] TRACE org.angnysa.autodb.metadata.jdbc.loader.JdbcMetadataLoader - Index loaded: TESTDB.PUBLIC.TEST_M2M_REL :: JdbcUniqueIndex [unique] name: 'PRIMARY_KEY_5', columns: ('AB_ID1', 'A_ID2', 'B_ID2')
23:58:12.541 [main] TRACE org.angnysa.autodb.metadata.jdbc.loader.JdbcMetadataLoader - Index loaded: TESTDB.PUBLIC.TEST_M2M_REL :: JdbcIndex [index] name: 'FK_TEST_M2M_REL_B_INDEX_5', columns: ('AB_ID1', 'B_ID2')
23:58:12.541 [main] TRACE org.angnysa.autodb.metadata.jdbc.loader.JdbcMetadataLoader - Index loaded: TESTDB.PUBLIC.TEST_M2M_REL :: JdbcIndex [index] name: 'FK_TEST_M2M_REL_A_INDEX_5', columns: ('AB_ID1', 'A_ID2')
23:58:12.541 [main] TRACE org.angnysa.autodb.metadata.jdbc.loader.JdbcMetadataLoader - Primary Key loaded: TESTDB.PUBLIC.TEST_M2M_REL :: JdbcUniqueIndex [unique] name: 'PK_TEST_M2M_REL', columns: ('AB_ID1', 'A_ID2', 'B_ID2')
23:58:12.541 [main] TRACE org.angnysa.autodb.metadata.jdbc.loader.JdbcMetadataLoader - Table loaded:
[!!!org.angnysa.autodb.metadata.jdbc.JdbcTable@50a0404b=>java.lang.NullPointerException:Cannot invoke "org.angnysa.autodb.metadata.jdbc.JdbcDatabase.getRelations(org.angnysa.autodb.metadata.jdbc.JdbcTable)" because "this.database" is null!!!]
]]></system-out>
  </testcase>
  <testcase name="testLoadForeignKeys" classname="org.angnysa.autodb.metadata.jdbc.loader.db.TestJdbcMetadataLoader_H2" time="0.026">
    <error type="java.lang.IllegalStateException"><![CDATA[java.lang.IllegalStateException: No table named 'TESTDB.PUBLIC.TEST_M21_B'
]]></error>
    <system-out><![CDATA[23:58:12.542 [main] DEBUG org.angnysa.autodb.metadata.jdbc.loader.AbstractJdbcMetadataLoaderTester - Target table: TEST_M21_B
23:58:12.542 [main] DEBUG org.angnysa.autodb.metadata.jdbc.loader.AbstractJdbcMetadataLoaderTester - Expected Foreign Keys: [ExpectedForeignKey(name=FK_TEST_M21_B_A, mandatory=true, referencingColumns=[A_ID1, A_ID2], referencedTable=TEST_M21_A, referencedColumns=[ID1, ID2])]
23:58:12.546 [main] TRACE org.angnysa.autodb.metadata.jdbc.loader.JdbcMetadataLoader - Column loaded: TESTDB.PUBLIC.TEST_121_A :: JdbcColumn ID1 INTEGER(mandatory, len < 10) 
23:58:12.546 [main] TRACE org.angnysa.autodb.metadata.jdbc.loader.JdbcMetadataLoader - Column loaded: TESTDB.PUBLIC.TEST_121_A :: JdbcColumn ID2 INTEGER(mandatory, len < 10) 
23:58:12.547 [main] TRACE org.angnysa.autodb.metadata.jdbc.loader.JdbcMetadataLoader - Index loaded: TESTDB.PUBLIC.TEST_121_A :: JdbcUniqueIndex [unique] name: 'PRIMARY_KEY_C', columns: ('ID1', 'ID2')
23:58:12.547 [main] TRACE org.angnysa.autodb.metadata.jdbc.loader.JdbcMetadataLoader - Primary Key loaded: TESTDB.PUBLIC.TEST_121_A :: JdbcUniqueIndex [unique] name: 'PK_TEST_121_A', columns: ('ID1', 'ID2')
23:58:12.547 [main] TRACE org.angnysa.autodb.metadata.jdbc.loader.JdbcMetadataLoader - Table loaded:
[!!!org.angnysa.autodb.metadata.jdbc.JdbcTable@41285940=>java.lang.NullPointerException:Cannot invoke "org.angnysa.autodb.metadata.jdbc.JdbcDatabase.getRelations(org.angnysa.autodb.metadata.jdbc.JdbcTable)" because "this.database" is null!!!]
23:58:12.550 [main] TRACE org.angnysa.autodb.metadata.jdbc.loader.JdbcMetadataLoader - Column loaded: TESTDB.PUBLIC.TEST_121_B :: JdbcColumn ID1 INTEGER(mandatory, len < 10) 
23:58:12.550 [main] TRACE org.angnysa.autodb.metadata.jdbc.loader.JdbcMetadataLoader - Column loaded: TESTDB.PUBLIC.TEST_121_B :: JdbcColumn ID2 INTEGER(mandatory, len < 10) 
23:58:12.550 [main] TRACE org.angnysa.autodb.metadata.jdbc.loader.JdbcMetadataLoader - Column loaded: TESTDB.PUBLIC.TEST_121_B :: JdbcColumn A_ID1 INTEGER(mandatory, len < 10) 
23:58:12.550 [main] TRACE org.angnysa.autodb.metadata.jdbc.loader.JdbcMetadataLoader - Column loaded: TESTDB.PUBLIC.TEST_121_B :: JdbcColumn A_ID2 INTEGER(mandatory, len < 10) 
23:58:12.550 [main] TRACE org.angnysa.autodb.metadata.jdbc.loader.JdbcMetadataLoader - Index loaded: TESTDB.PUBLIC.TEST_121_B :: JdbcUniqueIndex [unique] name: 'UK_TEST_121_B_INDEX_C', columns: ('A_ID1', 'A_ID2')
23:58:12.550 [main] TRACE org.angnysa.autodb.metadata.jdbc.loader.JdbcMetadataLoader - Index loaded: TESTDB.PUBLIC.TEST_121_B :: JdbcUniqueIndex [unique] name: 'PRIMARY_KEY_CC', columns: ('ID1', 'ID2')
23:58:12.551 [main] TRACE org.angnysa.autodb.metadata.jdbc.loader.JdbcMetadataLoader - Primary Key loaded: TESTDB.PUBLIC.TEST_121_B :: JdbcUniqueIndex [unique] name: 'PK_TEST_121_B', columns: ('ID1', 'ID2')
23:58:12.551 [main] TRACE org.angnysa.autodb.metadata.jdbc.loader.JdbcMetadataLoader - Table loaded:
[!!!org.angnysa.autodb.metadata.jdbc.JdbcTable@7f8ab926=>java.lang.NullPointerException:Cannot invoke "org.angnysa.autodb.metadata.jdbc.JdbcDatabase.getRelations(org.angnysa.autodb.metadata.jdbc.JdbcTable)" because "this.database" is null!!!]
23:58:12.553 [main] TRACE org.angnysa.autodb.metadata.jdbc.loader.JdbcMetadataLoader - Column loaded: TESTDB.PUBLIC.TEST_M21_A :: JdbcColumn ID1 INTEGER(mandatory, len < 10) 
23:58:12.554 [main] TRACE org.angnysa.autodb.metadata.jdbc.loader.JdbcMetadataLoader - Column loaded: TESTDB.PUBLIC.TEST_M21_A :: JdbcColumn ID2 INTEGER(mandatory, len < 10) 
23:58:12.554 [main] TRACE org.angnysa.autodb.metadata.jdbc.loader.JdbcMetadataLoader - Index loaded: TESTDB.PUBLIC.TEST_M21_A :: JdbcUniqueIndex [unique] name: 'PRIMARY_KEY_CE', columns: ('ID1', 'ID2')
23:58:12.554 [main] TRACE org.angnysa.autodb.metadata.jdbc.loader.JdbcMetadataLoader - Primary Key loaded: TESTDB.PUBLIC.TEST_M21_A :: JdbcUniqueIndex [unique] name: 'PK_TEST_M21_A', columns: ('ID1', 'ID2')
23:58:12.554 [main] TRACE org.angnysa.autodb.metadata.jdbc.loader.JdbcMetadataLoader - Table loaded:
[!!!org.angnysa.autodb.metadata.jdbc.JdbcTable@7613e5b4=>java.lang.NullPointerException:Cannot invoke "org.angnysa.autodb.metadata.jdbc.JdbcDatabase.getRelations(org.angnysa.autodb.metadata.jdbc.JdbcTable)" because "this.database" is null!!!]
23:58:12.557 [main] TRACE org.angnysa.autodb.metadata.jdbc.loader.JdbcMetadataLoader - Column loaded: TESTDB.PUBLIC.TEST_M21_B :: JdbcColumn ID1 INTEGER(mandatory, len < 10) 
23:58:12.557 [main] TRACE org.angnysa.autodb.metadata.jdbc.loader.JdbcMetadataLoader - Column loaded: TESTDB.PUBLIC.TEST_M21_B :: JdbcColumn ID2 INTEGER(mandatory, len < 10) 
23:58:12.557 [main] TRACE org.angnysa.autodb.metadata.jdbc.loader.JdbcMetadataLoader - Column loaded: TESTDB.PUBLIC.TEST_M21_B :: JdbcColumn A_ID1 INTEGER(mandatory, len < 10) 
23:58:12.557 [main] TRACE org.angnysa.autodb.metadata.jdbc.loader.JdbcMetadataLoader - Column loaded: TESTDB.PUBLIC.TEST_M21_B :: JdbcColumn A_ID2 INTEGER(mandatory, len < 10) 
23:58:12.557 [main] TRACE org.angnysa.autodb.metadata.jdbc.loader.JdbcMetadataLoader - Index loaded: TESTDB.PUBLIC.TEST_M21_B :: JdbcIndex [index] name: 'FK_TEST_M21_B_A_INDEX_C', columns: ('A_ID1', 'A_ID2')
23:58:12.557 [main] TRACE org.angnysa.autodb.metadata.jdbc.loader.JdbcMetadataLoader - Index loaded: TESTDB.PUBLIC.TEST_M21_B :: JdbcIndex [index] name: 'ID_TEST_M21_B_A', columns: ('A_ID1', 'A_ID2')
23:58:12.557 [main] TRACE org.angnysa.autodb.metadata.jdbc.loader.JdbcMetadataLoader - Index loaded: TESTDB.PUBLIC.TEST_M21_B :: JdbcUniqueIndex [unique] name: 'PRIMARY_KEY_CE8', columns: ('ID1', 'ID2')
23:58:12.557 [main] TRACE org.angnysa.autodb.metadata.jdbc.loader.JdbcMetadataLoader - Primary Key loaded: TESTDB.PUBLIC.TEST_M21_B :: JdbcUniqueIndex [unique] name: 'PK_TEST_M21_B', columns: ('ID1', 'ID2')
23:58:12.558 [main] TRACE org.angnysa.autodb.metadata.jdbc.loader.JdbcMetadataLoader - Table loaded:
[!!!org.angnysa.autodb.metadata.jdbc.JdbcTable@2c20b04a=>java.lang.NullPointerException:Cannot invoke "org.angnysa.autodb.metadata.jdbc.JdbcDatabase.getRelations(org.angnysa.autodb.metadata.jdbc.JdbcTable)" because "this.database" is null!!!]
23:58:12.560 [main] TRACE org.angnysa.autodb.metadata.jdbc.loader.JdbcMetadataLoader - Column loaded: TESTDB.PUBLIC.TEST_M2M_A :: JdbcColumn ID1 INTEGER(mandatory, len < 10) 
23:58:12.560 [main] TRACE org.angnysa.autodb.metadata.jdbc.loader.JdbcMetadataLoader - Column loaded: TESTDB.PUBLIC.TEST_M2M_A :: JdbcColumn ID2 INTEGER(mandatory, len < 10) 
23:58:12.561 [main] TRACE org.angnysa.autodb.metadata.jdbc.loader.JdbcMetadataLoader - Index loaded: TESTDB.PUBLIC.TEST_M2M_A :: JdbcUniqueIndex [unique] name: 'PRIMARY_KEY_CE89', columns: ('ID1', 'ID2')
23:58:12.561 [main] TRACE org.angnysa.autodb.metadata.jdbc.loader.JdbcMetadataLoader - Primary Key loaded: TESTDB.PUBLIC.TEST_M2M_A :: JdbcUniqueIndex [unique] name: 'PK_TEST_M2M_A', columns: ('ID1', 'ID2')
23:58:12.561 [main] TRACE org.angnysa.autodb.metadata.jdbc.loader.JdbcMetadataLoader - Table loaded:
[!!!org.angnysa.autodb.metadata.jdbc.JdbcTable@22626d92=>java.lang.NullPointerException:Cannot invoke "org.angnysa.autodb.metadata.jdbc.JdbcDatabase.getRelations(org.angnysa.autodb.metadata.jdbc.JdbcTable)" because "this.database" is null!!!]
23:58:12.564 [main] TRACE org.angnysa.autodb.metadata.jdbc.loader.JdbcMetadataLoader - Column loaded: TESTDB.PUBLIC.TEST_M2M_B :: JdbcColumn ID1 INTEGER(mandatory, len < 10) 
23:58:12.564 [main] TRACE org.angnysa.autodb.metadata.jdbc.loader.JdbcMetadataLoader - Column loaded: TESTDB.PUBLIC.TEST_M2M_B :: JdbcColumn ID2 INTEGER(mandatory, len < 10) 
23:58:12.564 [main] TRACE org.angnysa.autodb.metadata.jdbc.loader.JdbcMetadataLoader - Index loaded: TESTDB.PUBLIC.TEST_M2M_B :: JdbcUniqueIndex [unique] name: 'PRIMARY_KEY_CE896', columns: ('ID1', 'ID2')
23:58:12.564 [main] TRACE org.angnysa.autodb.metadata.jdbc.loader.JdbcMetadataLoader - Primary Key loaded: TESTDB.PUBLIC.TEST_M2M_B :: JdbcUniqueIndex [unique] name: 'PK_TEST_M2M_B', columns: ('ID1', 'ID2')
23:58:12.564 [main] TRACE org.angnysa.autodb.metadata.jdbc.loader.JdbcMetadataLoader - Table loaded:
[!!!org.angnysa.autodb.metadata.jdbc.JdbcTable@463ca434=>java.lang.NullPointerException:Cannot invoke "org.angnysa.autodb.metadata.jdbc.JdbcDatabase.getRelations(org.angnysa.autodb.metadata.jdbc.JdbcTable)" because "this.database" is null!!!]
23:58:12.567 [main] TRACE org.angnysa.autodb.metadata.jdbc.loader.JdbcMetadataLoader - Column loaded: TESTDB.PUBLIC.TEST_M2M_REL :: JdbcColumn AB_ID1 INTEGER(mandatory, len < 10) 
23:58:12.567 [main] TRACE org.angnysa.autodb.metadata.jdbc.loader.JdbcMetadataLoader - Column loaded: TESTDB.PUBLIC.TEST_M2M_REL :: JdbcColumn A_ID2 INTEGER(mandatory, len < 10) 
23:58:12.567 [main] TRACE org.angnysa.autodb.metadata.jdbc.loader.JdbcMetadataLoader - Column loaded: TESTDB.PUBLIC.TEST_M2M_REL :: JdbcColumn B_ID2 INTEGER(mandatory, len < 10) 
23:58:12.567 [main] TRACE org.angnysa.autodb.metadata.jdbc.loader.JdbcMetadataLoader - Index loaded: TESTDB.PUBLIC.TEST_M2M_REL :: JdbcUniqueIndex [unique] name: 'PRIMARY_KEY_5', columns: ('AB_ID1', 'A_ID2', 'B_ID2')
23:58:12.567 [main] TRACE org.angnysa.autodb.metadata.jdbc.loader.JdbcMetadataLoader - Index loaded: TESTDB.PUBLIC.TEST_M2M_REL :: JdbcIndex [index] name: 'FK_TEST_M2M_REL_B_INDEX_5', columns: ('AB_ID1', 'B_ID2')
23:58:12.567 [main] TRACE org.angnysa.autodb.metadata.jdbc.loader.JdbcMetadataLoader - Index loaded: TESTDB.PUBLIC.TEST_M2M_REL :: JdbcIndex [index] name: 'FK_TEST_M2M_REL_A_INDEX_5', columns: ('AB_ID1', 'A_ID2')
23:58:12.568 [main] TRACE org.angnysa.autodb.metadata.jdbc.loader.JdbcMetadataLoader - Primary Key loaded: TESTDB.PUBLIC.TEST_M2M_REL :: JdbcUniqueIndex [unique] name: 'PK_TEST_M2M_REL', columns: ('AB_ID1', 'A_ID2', 'B_ID2')
23:58:12.568 [main] TRACE org.angnysa.autodb.metadata.jdbc.loader.JdbcMetadataLoader - Table loaded:
[!!!org.angnysa.autodb.metadata.jdbc.JdbcTable@142db18c=>java.lang.NullPointerException:Cannot invoke "org.angnysa.autodb.metadata.jdbc.JdbcDatabase.getRelations(org.angnysa.autodb.metadata.jdbc.JdbcTable)" because "this.database" is null!!!]
]]></system-out>
  </testcase>
  <testcase name="testLoadForeignKeys" classname="org.angnysa.autodb.metadata.jdbc.loader.db.TestJdbcMetadataLoader_H2" time="0.027">
    <system-out><![CDATA[23:58:12.569 [main] DEBUG org.angnysa.autodb.metadata.jdbc.loader.AbstractJdbcMetadataLoaderTester - Target table: TEST_M2M_A
23:58:12.569 [main] DEBUG org.angnysa.autodb.metadata.jdbc.loader.AbstractJdbcMetadataLoaderTester - Expected Foreign Keys: []
23:58:12.574 [main] TRACE org.angnysa.autodb.metadata.jdbc.loader.JdbcMetadataLoader - Column loaded: TESTDB.PUBLIC.TEST_121_A :: JdbcColumn ID1 INTEGER(mandatory, len < 10) 
23:58:12.574 [main] TRACE org.angnysa.autodb.metadata.jdbc.loader.JdbcMetadataLoader - Column loaded: TESTDB.PUBLIC.TEST_121_A :: JdbcColumn ID2 INTEGER(mandatory, len < 10) 
23:58:12.574 [main] TRACE org.angnysa.autodb.metadata.jdbc.loader.JdbcMetadataLoader - Index loaded: TESTDB.PUBLIC.TEST_121_A :: JdbcUniqueIndex [unique] name: 'PRIMARY_KEY_C', columns: ('ID1', 'ID2')
23:58:12.574 [main] TRACE org.angnysa.autodb.metadata.jdbc.loader.JdbcMetadataLoader - Primary Key loaded: TESTDB.PUBLIC.TEST_121_A :: JdbcUniqueIndex [unique] name: 'PK_TEST_121_A', columns: ('ID1', 'ID2')
23:58:12.574 [main] TRACE org.angnysa.autodb.metadata.jdbc.loader.JdbcMetadataLoader - Table loaded:
[!!!org.angnysa.autodb.metadata.jdbc.JdbcTable@669c6f9a=>java.lang.NullPointerException:Cannot invoke "org.angnysa.autodb.metadata.jdbc.JdbcDatabase.getRelations(org.angnysa.autodb.metadata.jdbc.JdbcTable)" because "this.database" is null!!!]
23:58:12.577 [main] TRACE org.angnysa.autodb.metadata.jdbc.loader.JdbcMetadataLoader - Column loaded: TESTDB.PUBLIC.TEST_121_B :: JdbcColumn ID1 INTEGER(mandatory, len < 10) 
23:58:12.577 [main] TRACE org.angnysa.autodb.metadata.jdbc.loader.JdbcMetadataLoader - Column loaded: TESTDB.PUBLIC.TEST_121_B :: JdbcColumn ID2 INTEGER(mandatory, len < 10) 
23:58:12.577 [main] TRACE org.angnysa.autodb.metadata.jdbc.loader.JdbcMetadataLoader - Column loaded: TESTDB.PUBLIC.TEST_121_B :: JdbcColumn A_ID1 INTEGER(mandatory, len < 10) 
23:58:12.577 [main] TRACE org.angnysa.autodb.metadata.jdbc.loader.JdbcMetadataLoader - Column loaded: TESTDB.PUBLIC.TEST_121_B :: JdbcColumn A_ID2 INTEGER(mandatory, len < 10) 
23:58:12.578 [main] TRACE org.angnysa.autodb.metadata.jdbc.loader.JdbcMetadataLoader - Index loaded: TESTDB.PUBLIC.TEST_121_B :: JdbcUniqueIndex [unique] name: 'UK_TEST_121_B_INDEX_C', columns: ('A_ID1', 'A_ID2')
23:58:12.578 [main] TRACE org.angnysa.autodb.metadata.jdbc.loader.JdbcMetadataLoader - Index loaded: TESTDB.PUBLIC.TEST_121_B :: JdbcUniqueIndex [unique] name: 'PRIMARY_KEY_CC', columns: ('ID1', 'ID2')
23:58:12.578 [main] TRACE org.angnysa.autodb.metadata.jdbc.loader.JdbcMetadataLoader - Primary Key loaded: TESTDB.PUBLIC.TEST_121_B :: JdbcUniqueIndex [unique] name: 'PK_TEST_121_B', columns: ('ID1', 'ID2')
23:58:12.578 [main] TRACE org.angnysa.autodb.metadata.jdbc.loader.JdbcMetadataLoader - Table loaded:
[!!!org.angnysa.autodb.metadata.jdbc.JdbcTable@6e10cac1=>java.lang.NullPointerException:Cannot invoke "org.angnysa.autodb.metadata.jdbc.JdbcDatabase.getRelations(org.angnysa.autodb.metadata.jdbc.JdbcTable)" because "this.database" is null!!!]
23:58:12.581 [main] TRACE org.angnysa.autodb.metadata.jdbc.loader.JdbcMetadataLoader - Column loaded: TESTDB.PUBLIC.TEST_M21_A :: JdbcColumn ID1 INTEGER(mandatory, len < 10) 
23:58:12.581 [main] TRACE org.angnysa.autodb.metadata.jdbc.loader.JdbcMetadataLoader - Column loaded: TESTDB.PUBLIC.TEST_M21_A :: JdbcColumn ID2 INTEGER(mandatory, len < 10) 
23:58:12.581 [main] TRACE org.angnysa.autodb.metadata.jdbc.loader.JdbcMetadataLoader - Index loaded: TESTDB.PUBLIC.TEST_M21_A :: JdbcUniqueIndex [unique] name: 'PRIMARY_KEY_CE', columns: ('ID1', 'ID2')
23:58:12.581 [main] TRACE org.angnysa.autodb.metadata.jdbc.loader.JdbcMetadataLoader - Primary Key loaded: TESTDB.PUBLIC.TEST_M21_A :: JdbcUniqueIndex [unique] name: 'PK_TEST_M21_A', columns: ('ID1', 'ID2')
23:58:12.581 [main] TRACE org.angnysa.autodb.metadata.jdbc.loader.JdbcMetadataLoader - Table loaded:
[!!!org.angnysa.autodb.metadata.jdbc.JdbcTable@45d5b3d5=>java.lang.NullPointerException:Cannot invoke "org.angnysa.autodb.metadata.jdbc.JdbcDatabase.getRelations(org.angnysa.autodb.metadata.jdbc.JdbcTable)" because "this.database" is null!!!]
23:58:12.584 [main] TRACE org.angnysa.autodb.metadata.jdbc.loader.JdbcMetadataLoader - Column loaded: TESTDB.PUBLIC.TEST_M21_B :: JdbcColumn ID1 INTEGER(mandatory, len < 10) 
23:58:12.584 [main] TRACE org.angnysa.autodb.metadata.jdbc.loader.JdbcMetadataLoader - Column loaded: TESTDB.PUBLIC.TEST_M21_B :: JdbcColumn ID2 INTEGER(mandatory, len < 10) 
23:58:12.584 [main] TRACE org.angnysa.autodb.metadata.jdbc.loader.JdbcMetadataLoader - Column loaded: TESTDB.PUBLIC.TEST_M21_B :: JdbcColumn A_ID1 INTEGER(mandatory, len < 10) 
23:58:12.584 [main] TRACE org.angnysa.autodb.metadata.jdbc.loader.JdbcMetadataLoader - Column loaded: TESTDB.PUBLIC.TEST_M21_B :: JdbcColumn A_ID2 INTEGER(mandatory, len < 10) 
23:58:12.585 [main] TRACE org.angnysa.autodb.metadata.jdbc.loader.JdbcMetadataLoader - Index loaded: TESTDB.PUBLIC.TEST_M21_B :: JdbcIndex [index] name: 'FK_TEST_M21_B_A_INDEX_C', columns: ('A_ID1', 'A_ID2')
23:58:12.585 [main] TRACE org.angnysa.autodb.metadata.jdbc.loader.JdbcMetadataLoader - Index loaded: TESTDB.PUBLIC.TEST_M21_B :: JdbcIndex [index] name: 'ID_TEST_M21_B_A', columns: ('A_ID1', 'A_ID2')
23:58:12.585 [main] TRACE org.angnysa.autodb.metadata.jdbc.loader.JdbcMetadataLoader - Index loaded: TESTDB.PUBLIC.TEST_M21_B :: JdbcUniqueIndex [unique] name: 'PRIMARY_KEY_CE8', columns: ('ID1', 'ID2')
23:58:12.585 [main] TRACE org.angnysa.autodb.metadata.jdbc.loader.JdbcMetadataLoader - Primary Key loaded: TESTDB.PUBLIC.TEST_M21_B :: JdbcUniqueIndex [unique] name: 'PK_TEST_M21_B', columns: ('ID1', 'ID2')
23:58:12.585 [main] TRACE org.angnysa.autodb.metadata.jdbc.loader.JdbcMetadataLoader - Table loaded:
[!!!org.angnysa.autodb.metadata.jdbc.JdbcTable@51336aad=>java.lang.NullPointerException:Cannot invoke "org.angnysa.autodb.metadata.jdbc.JdbcDatabase.getRelations(org.angnysa.autodb.metadata.jdbc.JdbcTable)" because "this.database" is null!!!]
23:58:12.588 [main] TRACE org.angnysa.autodb.metadata.jdbc.loader.JdbcMetadataLoader - Column loaded: TESTDB.PUBLIC.TEST_M2M_A :: JdbcColumn ID1 INTEGER(mandatory, len < 10) 
23:58:12.588 [main] TRACE org.angnysa.autodb.metadata.jdbc.loader.JdbcMetadataLoader - Column loaded: TESTDB.PUBLIC.TEST_M2M_A :: JdbcColumn ID2 INTEGER(mandatory, len < 10) 
23:58:12.588 [main] TRACE org.angnysa.autodb.metadata.jdbc.loader.JdbcMetadataLoader - Index loaded: TESTDB.PUBLIC.TEST_M2M_A :: JdbcUniqueIndex [unique] name: 'PRIMARY_KEY_CE89', columns: ('ID1', 'ID2')
23:58:12.588 [main] TRACE org.angnysa.autodb.metadata.jdbc.loader.JdbcMetadataLoader - Primary Key loaded: TESTDB.PUBLIC.TEST_M2M_A :: JdbcUniqueIndex [unique] name: 'PK_TEST_M2M_A', columns: ('ID1', 'ID2')
23:58:12.589 [main] TRACE org.angnysa.autodb.metadata.jdbc.loader.JdbcMetadataLoader - Table loaded:
[!!!org.angnysa.autodb.metadata.jdbc.JdbcTable@7e4061bb=>java.lang.NullPointerException:Cannot invoke "org.angnysa.autodb.metadata.jdbc.JdbcDatabase.getRelations(org.angnysa.autodb.metadata.jdbc.JdbcTable)" because "this.database" is null!!!]
23:58:12.591 [main] TRACE org.angnysa.autodb.metadata.jdbc.loader.JdbcMetadataLoader - Column loaded: TESTDB.PUBLIC.TEST_M2M_B :: JdbcColumn ID1 INTEGER(mandatory, len < 10) 
23:58:12.591 [main] TRACE org.angnysa.autodb.metadata.jdbc.loader.JdbcMetadataLoader - Column loaded: TESTDB.PUBLIC.TEST_M2M_B :: JdbcColumn ID2 INTEGER(mandatory, len < 10) 
23:58:12.592 [main] TRACE org.angnysa.autodb.metadata.jdbc.loader.JdbcMetadataLoader - Index loaded: TESTDB.PUBLIC.TEST_M2M_B :: JdbcUniqueIndex [unique] name: 'PRIMARY_KEY_CE896', columns: ('ID1', 'ID2')
23:58:12.592 [main] TRACE org.angnysa.autodb.metadata.jdbc.loader.JdbcMetadataLoader - Primary Key loaded: TESTDB.PUBLIC.TEST_M2M_B :: JdbcUniqueIndex [unique] name: 'PK_TEST_M2M_B', columns: ('ID1', 'ID2')
23:58:12.592 [main] TRACE org.angnysa.autodb.metadata.jdbc.loader.JdbcMetadataLoader - Table loaded:
[!!!org.angnysa.autodb.metadata.jdbc.JdbcTable@626bcfc8=>java.lang.NullPointerException:Cannot invoke "org.angnysa.autodb.metadata.jdbc.JdbcDatabase.getRelations(org.angnysa.autodb.metadata.jdbc.JdbcTable)" because "this.database" is null!!!]
23:58:12.595 [main] TRACE org.angnysa.autodb.metadata.jdbc.loader.JdbcMetadataLoader - Column loaded: TESTDB.PUBLIC.TEST_M2M_REL :: JdbcColumn AB_ID1 INTEGER(mandatory, len < 10) 
23:58:12.595 [main] TRACE org.angnysa.autodb.metadata.jdbc.loader.JdbcMetadataLoader - Column loaded: TESTDB.PUBLIC.TEST_M2M_REL :: JdbcColumn A_ID2 INTEGER(mandatory, len < 10) 
23:58:12.595 [main] TRACE org.angnysa.autodb.metadata.jdbc.loader.JdbcMetadataLoader - Column loaded: TESTDB.PUBLIC.TEST_M2M_REL :: JdbcColumn B_ID2 INTEGER(mandatory, len < 10) 
23:58:12.595 [main] TRACE org.angnysa.autodb.metadata.jdbc.loader.JdbcMetadataLoader - Index loaded: TESTDB.PUBLIC.TEST_M2M_REL :: JdbcUniqueIndex [unique] name: 'PRIMARY_KEY_5', columns: ('AB_ID1', 'A_ID2', 'B_ID2')
23:58:12.595 [main] TRACE org.angnysa.autodb.metadata.jdbc.loader.JdbcMetadataLoader - Index loaded: TESTDB.PUBLIC.TEST_M2M_REL :: JdbcIndex [index] name: 'FK_TEST_M2M_REL_B_INDEX_5', columns: ('AB_ID1', 'B_ID2')
23:58:12.595 [main] TRACE org.angnysa.autodb.metadata.jdbc.loader.JdbcMetadataLoader - Index loaded: TESTDB.PUBLIC.TEST_M2M_REL :: JdbcIndex [index] name: 'FK_TEST_M2M_REL_A_INDEX_5', columns: ('AB_ID1', 'A_ID2')
23:58:12.596 [main] TRACE org.angnysa.autodb.metadata.jdbc.loader.JdbcMetadataLoader - Primary Key loaded: TESTDB.PUBLIC.TEST_M2M_REL :: JdbcUniqueIndex [unique] name: 'PK_TEST_M2M_REL', columns: ('AB_ID1', 'A_ID2', 'B_ID2')
23:58:12.596 [main] TRACE org.angnysa.autodb.metadata.jdbc.loader.JdbcMetadataLoader - Table loaded:
[!!!org.angnysa.autodb.metadata.jdbc.JdbcTable@102abf66=>java.lang.NullPointerException:Cannot invoke "org.angnysa.autodb.metadata.jdbc.JdbcDatabase.getRelations(org.angnysa.autodb.metadata.jdbc.JdbcTable)" because "this.database" is null!!!]
]]></system-out>
  </testcase>
  <testcase name="testLoadForeignKeys" classname="org.angnysa.autodb.metadata.jdbc.loader.db.TestJdbcMetadataLoader_H2" time="0.029">
    <system-out><![CDATA[23:58:12.597 [main] DEBUG org.angnysa.autodb.metadata.jdbc.loader.AbstractJdbcMetadataLoaderTester - Target table: TEST_M2M_B
23:58:12.597 [main] DEBUG org.angnysa.autodb.metadata.jdbc.loader.AbstractJdbcMetadataLoaderTester - Expected Foreign Keys: []
23:58:12.601 [main] TRACE org.angnysa.autodb.metadata.jdbc.loader.JdbcMetadataLoader - Column loaded: TESTDB.PUBLIC.TEST_121_A :: JdbcColumn ID1 INTEGER(mandatory, len < 10) 
23:58:12.601 [main] TRACE org.angnysa.autodb.metadata.jdbc.loader.JdbcMetadataLoader - Column loaded: TESTDB.PUBLIC.TEST_121_A :: JdbcColumn ID2 INTEGER(mandatory, len < 10) 
23:58:12.602 [main] TRACE org.angnysa.autodb.metadata.jdbc.loader.JdbcMetadataLoader - Index loaded: TESTDB.PUBLIC.TEST_121_A :: JdbcUniqueIndex [unique] name: 'PRIMARY_KEY_C', columns: ('ID1', 'ID2')
23:58:12.602 [main] TRACE org.angnysa.autodb.metadata.jdbc.loader.JdbcMetadataLoader - Primary Key loaded: TESTDB.PUBLIC.TEST_121_A :: JdbcUniqueIndex [unique] name: 'PK_TEST_121_A', columns: ('ID1', 'ID2')
23:58:12.602 [main] TRACE org.angnysa.autodb.metadata.jdbc.loader.JdbcMetadataLoader - Table loaded:
[!!!org.angnysa.autodb.metadata.jdbc.JdbcTable@1c0b38af=>java.lang.NullPointerException:Cannot invoke "org.angnysa.autodb.metadata.jdbc.JdbcDatabase.getRelations(org.angnysa.autodb.metadata.jdbc.JdbcTable)" because "this.database" is null!!!]
23:58:12.605 [main] TRACE org.angnysa.autodb.metadata.jdbc.loader.JdbcMetadataLoader - Column loaded: TESTDB.PUBLIC.TEST_121_B :: JdbcColumn ID1 INTEGER(mandatory, len < 10) 
23:58:12.605 [main] TRACE org.angnysa.autodb.metadata.jdbc.loader.JdbcMetadataLoader - Column loaded: TESTDB.PUBLIC.TEST_121_B :: JdbcColumn ID2 INTEGER(mandatory, len < 10) 
23:58:12.605 [main] TRACE org.angnysa.autodb.metadata.jdbc.loader.JdbcMetadataLoader - Column loaded: TESTDB.PUBLIC.TEST_121_B :: JdbcColumn A_ID1 INTEGER(mandatory, len < 10) 
23:58:12.605 [main] TRACE org.angnysa.autodb.metadata.jdbc.loader.JdbcMetadataLoader - Column loaded: TESTDB.PUBLIC.TEST_121_B :: JdbcColumn A_ID2 INTEGER(mandatory, len < 10) 
23:58:12.606 [main] TRACE org.angnysa.autodb.metadata.jdbc.loader.JdbcMetadataLoader - Index loaded: TESTDB.PUBLIC.TEST_121_B :: JdbcUniqueIndex [unique] name: 'UK_TEST_121_B_INDEX_C', columns: ('A_ID1', 'A_ID2')
23:58:12.606 [main] TRACE org.angnysa.autodb.metadata.jdbc.loader.JdbcMetadataLoader - Index loaded: TESTDB.PUBLIC.TEST_121_B :: JdbcUniqueIndex [unique] name: 'PRIMARY_KEY_CC', columns: ('ID1', 'ID2')
23:58:12.606 [main] TRACE org.angnysa.autodb.metadata.jdbc.loader.JdbcMetadataLoader - Primary Key loaded: TESTDB.PUBLIC.TEST_121_B :: JdbcUniqueIndex [unique] name: 'PK_TEST_121_B', columns: ('ID1', 'ID2')
23:58:12.606 [main] TRACE org.angnysa.autodb.metadata.jdbc.loader.JdbcMetadataLoader - Table loaded:
[!!!org.angnysa.autodb.metadata.jdbc.JdbcTable@3995bb7b=>java.lang.NullPointerException:Cannot invoke "org.angnysa.autodb.metadata.jdbc.JdbcDatabase.getRelations(org.angnysa.autodb.metadata.jdbc.JdbcTable)" because "this.database" is null!!!]
23:58:12.609 [main] TRACE org.angnysa.autodb.metadata.jdbc.loader.JdbcMetadataLoader - Column loaded: TESTDB.PUBLIC.TEST_M21_A :: JdbcColumn ID1 INTEGER(mandatory, len < 10) 
23:58:12.609 [main] TRACE org.angnysa.autodb.metadata.jdbc.loader.JdbcMetadataLoader - Column loaded: TESTDB.PUBLIC.TEST_M21_A :: JdbcColumn ID2 INTEGER(mandatory, len < 10) 
23:58:12.610 [main] TRACE org.angnysa.autodb.metadata.jdbc.loader.JdbcMetadataLoader - Index loaded: TESTDB.PUBLIC.TEST_M21_A :: JdbcUniqueIndex [unique] name: 'PRIMARY_KEY_CE', columns: ('ID1', 'ID2')
23:58:12.610 [main] TRACE org.angnysa.autodb.metadata.jdbc.loader.JdbcMetadataLoader - Primary Key loaded: TESTDB.PUBLIC.TEST_M21_A :: JdbcUniqueIndex [unique] name: 'PK_TEST_M21_A', columns: ('ID1', 'ID2')
23:58:12.610 [main] TRACE org.angnysa.autodb.metadata.jdbc.loader.JdbcMetadataLoader - Table loaded:
[!!!org.angnysa.autodb.metadata.jdbc.JdbcTable@1122c793=>java.lang.NullPointerException:Cannot invoke "org.angnysa.autodb.metadata.jdbc.JdbcDatabase.getRelations(org.angnysa.autodb.metadata.jdbc.JdbcTable)" because "this.database" is null!!!]
23:58:12.613 [main] TRACE org.angnysa.autodb.metadata.jdbc.loader.JdbcMetadataLoader - Column loaded: TESTDB.PUBLIC.TEST_M21_B :: JdbcColumn ID1 INTEGER(mandatory, len < 10) 
23:58:12.613 [main] TRACE org.angnysa.autodb.metadata.jdbc.loader.JdbcMetadataLoader - Column loaded: TESTDB.PUBLIC.TEST_M21_B :: JdbcColumn ID2 INTEGER(mandatory, len < 10) 
23:58:12.613 [main] TRACE org.angnysa.autodb.metadata.jdbc.loader.JdbcMetadataLoader - Column loaded: TESTDB.PUBLIC.TEST_M21_B :: JdbcColumn A_ID1 INTEGER(mandatory, len < 10) 
23:58:12.613 [main] TRACE org.angnysa.autodb.metadata.jdbc.loader.JdbcMetadataLoader - Column loaded: TESTDB.PUBLIC.TEST_M21_B :: JdbcColumn A_ID2 INTEGER(mandatory, len < 10) 
23:58:12.613 [main] TRACE org.angnysa.autodb.metadata.jdbc.loader.JdbcMetadataLoader - Index loaded: TESTDB.PUBLIC.TEST_M21_B :: JdbcIndex [index] name: 'FK_TEST_M21_B_A_INDEX_C', columns: ('A_ID1', 'A_ID2')
23:58:12.613 [main] TRACE org.angnysa.autodb.metadata.jdbc.loader.JdbcMetadataLoader - Index loaded: TESTDB.PUBLIC.TEST_M21_B :: JdbcIndex [index] name: 'ID_TEST_M21_B_A', columns: ('A_ID1', 'A_ID2')
23:58:12.613 [main] TRACE org.angnysa.autodb.metadata.jdbc.loader.JdbcMetadataLoader - Index loaded: TESTDB.PUBLIC.TEST_M21_B :: JdbcUniqueIndex [unique] name: 'PRIMARY_KEY_CE8', columns: ('ID1', 'ID2')
23:58:12.613 [main] TRACE org.angnysa.autodb.metadata.jdbc.loader.JdbcMetadataLoader - Primary Key loaded: TESTDB.PUBLIC.TEST_M21_B :: JdbcUniqueIndex [unique] name: 'PK_TEST_M21_B', columns: ('ID1', 'ID2')
23:58:12.614 [main] TRACE org.angnysa.autodb.metadata.jdbc.loader.JdbcMetadataLoader - Table loaded:
[!!!org.angnysa.autodb.metadata.jdbc.JdbcTable@6eb568fc=>java.lang.NullPointerException:Cannot invoke "org.angnysa.autodb.metadata.jdbc.JdbcDatabase.getRelations(org.angnysa.autodb.metadata.jdbc.JdbcTable)" because "this.database" is null!!!]
23:58:12.616 [main] TRACE org.angnysa.autodb.metadata.jdbc.loader.JdbcMetadataLoader - Column loaded: TESTDB.PUBLIC.TEST_M2M_A :: JdbcColumn ID1 INTEGER(mandatory, len < 10) 
23:58:12.616 [main] TRACE org.angnysa.autodb.metadata.jdbc.loader.JdbcMetadataLoader - Column loaded: TESTDB.PUBLIC.TEST_M2M_A :: JdbcColumn ID2 INTEGER(mandatory, len < 10) 
23:58:12.617 [main] TRACE org.angnysa.autodb.metadata.jdbc.loader.JdbcMetadataLoader - Index loaded: TESTDB.PUBLIC.TEST_M2M_A :: JdbcUniqueIndex [unique] name: 'PRIMARY_KEY_CE89', columns: ('ID1', 'ID2')
23:58:12.617 [main] TRACE org.angnysa.autodb.metadata.jdbc.loader.JdbcMetadataLoader - Primary Key loaded: TESTDB.PUBLIC.TEST_M2M_A :: JdbcUniqueIndex [unique] name: 'PK_TEST_M2M_A', columns: ('ID1', 'ID2')
23:58:12.617 [main] TRACE org.angnysa.autodb.metadata.jdbc.loader.JdbcMetadataLoader - Table loaded:
[!!!org.angnysa.autodb.metadata.jdbc.JdbcTable@77841797=>java.lang.NullPointerException:Cannot invoke "org.angnysa.autodb.metadata.jdbc.JdbcDatabase.getRelations(org.angnysa.autodb.metadata.jdbc.JdbcTable)" because "this.database" is null!!!]
23:58:12.620 [main] TRACE org.angnysa.autodb.metadata.jdbc.loader.JdbcMetadataLoader - Column loaded: TESTDB.PUBLIC.TEST_M2M_B :: JdbcColumn ID1 INTEGER(mandatory, len < 10) 
23:58:12.620 [main] TRACE org.angnysa.autodb.metadata.jdbc.loader.JdbcMetadataLoader - Column loaded: TESTDB.PUBLIC.TEST_M2M_B :: JdbcColumn ID2 INTEGER(mandatory, len < 10) 
23:58:12.620 [main] TRACE org.angnysa.autodb.metadata.jdbc.loader.JdbcMetadataLoader - Index loaded: TESTDB.PUBLIC.TEST_M2M_B :: JdbcUniqueIndex [unique] name: 'PRIMARY_KEY_CE896', columns: ('ID1', 'ID2')
23:58:12.620 [main] TRACE org.angnysa.autodb.metadata.jdbc.loader.JdbcMetadataLoader - Primary Key loaded: TESTDB.PUBLIC.TEST_M2M_B :: JdbcUniqueIndex [unique] name: 'PK_TEST_M2M_B', columns: ('ID1', 'ID2')
23:58:12.621 [main] TRACE org.angnysa.autodb.metadata.jdbc.loader.JdbcMetadataLoader - Table loaded:
[!!!org.angnysa.autodb.metadata.jdbc.JdbcTable@3289d5df=>java.lang.NullPointerException:Cannot invoke "org.angnysa.autodb.metadata.jdbc.JdbcDatabase.getRelations(org.angnysa.autodb.metadata.jdbc.JdbcTable)" because "this.database" is null!!!]
23:58:12.623 [main] TRACE org.angnysa.autodb.metadata.jdbc.loader.JdbcMetadataLoader - Column loaded: TESTDB.PUBLIC.TEST_M2M_REL :: JdbcColumn AB_ID1 INTEGER(mandatory, len < 10) 
23:58:12.623 [main] TRACE org.angnysa.autodb.metadata.jdbc.loader.JdbcMetadataLoader - Column loaded: TESTDB.PUBLIC.TEST_M2M_REL :: JdbcColumn A_ID2 INTEGER(mandatory, len < 10) 
23:58:12.623 [main] TRACE org.angnysa.autodb.metadata.jdbc.loader.JdbcMetadataLoader - Column loaded: TESTDB.PUBLIC.TEST_M2M_REL :: JdbcColumn B_ID2 INTEGER(mandatory, len < 10) 
23:58:12.624 [main] TRACE org.angnysa.autodb.metadata.jdbc.loader.JdbcMetadataLoader - Index loaded: TESTDB.PUBLIC.TEST_M2M_REL :: JdbcUniqueIndex [unique] name: 'PRIMARY_KEY_5', columns: ('AB_ID1', 'A_ID2', 'B_ID2')
23:58:12.624 [main] TRACE org.angnysa.autodb.metadata.jdbc.loader.JdbcMetadataLoader - Index loaded: TESTDB.PUBLIC.TEST_M2M_REL :: JdbcIndex [index] name: 'FK_TEST_M2M_REL_B_INDEX_5', columns: ('AB_ID1', 'B_ID2')
23:58:12.624 [main] TRACE org.angnysa.autodb.metadata.jdbc.loader.JdbcMetadataLoader - Index loaded: TESTDB.PUBLIC.TEST_M2M_REL :: JdbcIndex [index] name: 'FK_TEST_M2M_REL_A_INDEX_5', columns: ('AB_ID1', 'A_ID2')
23:58:12.624 [main] TRACE org.angnysa.autodb.metadata.jdbc.loader.JdbcMetadataLoader - Primary Key loaded: TESTDB.PUBLIC.TEST_M2M_REL :: JdbcUniqueIndex [unique] name: 'PK_TEST_M2M_REL', columns: ('AB_ID1', 'A_ID2', 'B_ID2')
23:58:12.624 [main] TRACE org.angnysa.autodb.metadata.jdbc.loader.JdbcMetadataLoader - Table loaded:
[!!!org.angnysa.autodb.metadata.jdbc.JdbcTable@7f2316ef=>java.lang.NullPointerException:Cannot invoke "org.angnysa.autodb.metadata.jdbc.JdbcDatabase.getRelations(org.angnysa.autodb.metadata.jdbc.JdbcTable)" because "this.database" is null!!!]
]]></system-out>
  </testcase>
  <testcase name="testLoadForeignKeys" classname="org.angnysa.autodb.metadata.jdbc.loader.db.TestJdbcMetadataLoader_H2" time="0.027">
    <error type="java.lang.IllegalStateException"><![CDATA[java.lang.IllegalStateException: No table named 'TESTDB.PUBLIC.TEST_M2M_REL'
]]></error>
    <system-out><![CDATA[23:58:12.625 [main] DEBUG org.angnysa.autodb.metadata.jdbc.loader.AbstractJdbcMetadataLoaderTester - Target table: TEST_M2M_REL
23:58:12.625 [main] DEBUG org.angnysa.autodb.metadata.jdbc.loader.AbstractJdbcMetadataLoaderTester - Expected Foreign Keys: [ExpectedForeignKey(name=FK_TEST_M2M_REL_A, mandatory=true, referencingColumns=[AB_ID1, A_ID2], referencedTable=TEST_M2M_A, referencedColumns=[ID1, ID2]), ExpectedForeignKey(name=FK_TEST_M2M_REL_B, mandatory=true, referencingColumns=[AB_ID1, B_ID2], referencedTable=TEST_M2M_B, referencedColumns=[ID1, ID2])]
23:58:12.629 [main] TRACE org.angnysa.autodb.metadata.jdbc.loader.JdbcMetadataLoader - Column loaded: TESTDB.PUBLIC.TEST_121_A :: JdbcColumn ID1 INTEGER(mandatory, len < 10) 
23:58:12.629 [main] TRACE org.angnysa.autodb.metadata.jdbc.loader.JdbcMetadataLoader - Column loaded: TESTDB.PUBLIC.TEST_121_A :: JdbcColumn ID2 INTEGER(mandatory, len < 10) 
23:58:12.630 [main] TRACE org.angnysa.autodb.metadata.jdbc.loader.JdbcMetadataLoader - Index loaded: TESTDB.PUBLIC.TEST_121_A :: JdbcUniqueIndex [unique] name: 'PRIMARY_KEY_C', columns: ('ID1', 'ID2')
23:58:12.630 [main] TRACE org.angnysa.autodb.metadata.jdbc.loader.JdbcMetadataLoader - Primary Key loaded: TESTDB.PUBLIC.TEST_121_A :: JdbcUniqueIndex [unique] name: 'PK_TEST_121_A', columns: ('ID1', 'ID2')
23:58:12.630 [main] TRACE org.angnysa.autodb.metadata.jdbc.loader.JdbcMetadataLoader - Table loaded:
[!!!org.angnysa.autodb.metadata.jdbc.JdbcTable@6b1e6f8b=>java.lang.NullPointerException:Cannot invoke "org.angnysa.autodb.metadata.jdbc.JdbcDatabase.getRelations(org.angnysa.autodb.metadata.jdbc.JdbcTable)" because "this.database" is null!!!]
23:58:12.633 [main] TRACE org.angnysa.autodb.metadata.jdbc.loader.JdbcMetadataLoader - Column loaded: TESTDB.PUBLIC.TEST_121_B :: JdbcColumn ID1 INTEGER(mandatory, len < 10) 
23:58:12.633 [main] TRACE org.angnysa.autodb.metadata.jdbc.loader.JdbcMetadataLoader - Column loaded: TESTDB.PUBLIC.TEST_121_B :: JdbcColumn ID2 INTEGER(mandatory, len < 10) 
23:58:12.633 [main] TRACE org.angnysa.autodb.metadata.jdbc.loader.JdbcMetadataLoader - Column loaded: TESTDB.PUBLIC.TEST_121_B :: JdbcColumn A_ID1 INTEGER(mandatory, len < 10) 
23:58:12.633 [main] TRACE org.angnysa.autodb.metadata.jdbc.loader.JdbcMetadataLoader - Column loaded: TESTDB.PUBLIC.TEST_121_B :: JdbcColumn A_ID2 INTEGER(mandatory, len < 10) 
23:58:12.633 [main] TRACE org.angnysa.autodb.metadata.jdbc.loader.JdbcMetadataLoader - Index loaded: TESTDB.PUBLIC.TEST_121_B :: JdbcUniqueIndex [unique] name: 'UK_TEST_121_B_INDEX_C', columns: ('A_ID1', 'A_ID2')
23:58:12.633 [main] TRACE org.angnysa.autodb.metadata.jdbc.loader.JdbcMetadataLoader - Index loaded: TESTDB.PUBLIC.TEST_121_B :: JdbcUniqueIndex [unique] name: 'PRIMARY_KEY_CC', columns: ('ID1', 'ID2')
23:58:12.634 [main] TRACE org.angnysa.autodb.metadata.jdbc.loader.JdbcMetadataLoader - Primary Key loaded: TESTDB.PUBLIC.TEST_121_B :: JdbcUniqueIndex [unique] name: 'PK_TEST_121_B', columns: ('ID1', 'ID2')
23:58:12.634 [main] TRACE org.angnysa.autodb.metadata.jdbc.loader.JdbcMetadataLoader - Table loaded:
[!!!org.angnysa.autodb.metadata.jdbc.JdbcTable@5ceca60=>java.lang.NullPointerException:Cannot invoke "org.angnysa.autodb.metadata.jdbc.JdbcDatabase.getRelations(org.angnysa.autodb.metadata.jdbc.JdbcTable)" because "this.database" is null!!!]
23:58:12.636 [main] TRACE org.angnysa.autodb.metadata.jdbc.loader.JdbcMetadataLoader - Column loaded: TESTDB.PUBLIC.TEST_M21_A :: JdbcColumn ID1 INTEGER(mandatory, len < 10) 
23:58:12.636 [main] TRACE org.angnysa.autodb.metadata.jdbc.loader.JdbcMetadataLoader - Column loaded: TESTDB.PUBLIC.TEST_M21_A :: JdbcColumn ID2 INTEGER(mandatory, len < 10) 
23:58:12.637 [main] TRACE org.angnysa.autodb.metadata.jdbc.loader.JdbcMetadataLoader - Index loaded: TESTDB.PUBLIC.TEST_M21_A :: JdbcUniqueIndex [unique] name: 'PRIMARY_KEY_CE', columns: ('ID1', 'ID2')
23:58:12.637 [main] TRACE org.angnysa.autodb.metadata.jdbc.loader.JdbcMetadataLoader - Primary Key loaded: TESTDB.PUBLIC.TEST_M21_A :: JdbcUniqueIndex [unique] name: 'PK_TEST_M21_A', columns: ('ID1', 'ID2')
23:58:12.637 [main] TRACE org.angnysa.autodb.metadata.jdbc.loader.JdbcMetadataLoader - Table loaded:
[!!!org.angnysa.autodb.metadata.jdbc.JdbcTable@b6aa7e9=>java.lang.NullPointerException:Cannot invoke "org.angnysa.autodb.metadata.jdbc.JdbcDatabase.getRelations(org.angnysa.autodb.metadata.jdbc.JdbcTable)" because "this.database" is null!!!]
23:58:12.640 [main] TRACE org.angnysa.autodb.metadata.jdbc.loader.JdbcMetadataLoader - Column loaded: TESTDB.PUBLIC.TEST_M21_B :: JdbcColumn ID1 INTEGER(mandatory, len < 10) 
23:58:12.640 [main] TRACE org.angnysa.autodb.metadata.jdbc.loader.JdbcMetadataLoader - Column loaded: TESTDB.PUBLIC.TEST_M21_B :: JdbcColumn ID2 INTEGER(mandatory, len < 10) 
23:58:12.640 [main] TRACE org.angnysa.autodb.metadata.jdbc.loader.JdbcMetadataLoader - Column loaded: TESTDB.PUBLIC.TEST_M21_B :: JdbcColumn A_ID1 INTEGER(mandatory, len < 10) 
23:58:12.640 [main] TRACE org.angnysa.autodb.metadata.jdbc.loader.JdbcMetadataLoader - Column loaded: TESTDB.PUBLIC.TEST_M21_B :: JdbcColumn A_ID2 INTEGER(mandatory, len < 10) 
23:58:12.640 [main] TRACE org.angnysa.autodb.metadata.jdbc.loader.JdbcMetadataLoader - Index loaded: TESTDB.PUBLIC.TEST_M21_B :: JdbcIndex [index] name: 'FK_TEST_M21_B_A_INDEX_C', columns: ('A_ID1', 'A_ID2')
23:58:12.640 [main] TRACE org.angnysa.autodb.metadata.jdbc.loader.JdbcMetadataLoader - Index loaded: TESTDB.PUBLIC.TEST_M21_B :: JdbcIndex [index] name: 'ID_TEST_M21_B_A', columns: ('A_ID1', 'A_ID2')
23:58:12.640 [main] TRACE org.angnysa.autodb.metadata.jdbc.loader.JdbcMetadataLoader - Index loaded: TESTDB.PUBLIC.TEST_M21_B :: JdbcUniqueIndex [unique] name: 'PRIMARY_KEY_CE8', columns: ('ID1', 'ID2')
23:58:12.641 [main] TRACE org.angnysa.autodb.metadata.jdbc.loader.JdbcMetadataLoader - Primary Key loaded: TESTDB.PUBLIC.TEST_M21_B :: JdbcUniqueIndex [unique] name: 'PK_TEST_M21_B', columns: ('ID1', 'ID2')
23:58:12.641 [main] TRACE org.angnysa.autodb.metadata.jdbc.loader.JdbcMetadataLoader - Table loaded:
[!!!org.angnysa.autodb.metadata.jdbc.JdbcTable@38371a7e=>java.lang.NullPointerException:Cannot invoke "org.angnysa.autodb.metadata.jdbc.JdbcDatabase.getRelations(org.angnysa.autodb.metadata.jdbc.JdbcTable)" because "this.database" is null!!!]
23:58:12.643 [main] TRACE org.angnysa.autodb.metadata.jdbc.loader.JdbcMetadataLoader - Column loaded: TESTDB.PUBLIC.TEST_M2M_A :: JdbcColumn ID1 INTEGER(mandatory, len < 10) 
23:58:12.643 [main] TRACE org.angnysa.autodb.metadata.jdbc.loader.JdbcMetadataLoader - Column loaded: TESTDB.PUBLIC.TEST_M2M_A :: JdbcColumn ID2 INTEGER(mandatory, len < 10) 
23:58:12.644 [main] TRACE org.angnysa.autodb.metadata.jdbc.loader.JdbcMetadataLoader - Index loaded: TESTDB.PUBLIC.TEST_M2M_A :: JdbcUniqueIndex [unique] name: 'PRIMARY_KEY_CE89', columns: ('ID1', 'ID2')
23:58:12.644 [main] TRACE org.angnysa.autodb.metadata.jdbc.loader.JdbcMetadataLoader - Primary Key loaded: TESTDB.PUBLIC.TEST_M2M_A :: JdbcUniqueIndex [unique] name: 'PK_TEST_M2M_A', columns: ('ID1', 'ID2')
23:58:12.644 [main] TRACE org.angnysa.autodb.metadata.jdbc.loader.JdbcMetadataLoader - Table loaded:
[!!!org.angnysa.autodb.metadata.jdbc.JdbcTable@72396b87=>java.lang.NullPointerException:Cannot invoke "org.angnysa.autodb.metadata.jdbc.JdbcDatabase.getRelations(org.angnysa.autodb.metadata.jdbc.JdbcTable)" because "this.database" is null!!!]
23:58:12.647 [main] TRACE org.angnysa.autodb.metadata.jdbc.loader.JdbcMetadataLoader - Column loaded: TESTDB.PUBLIC.TEST_M2M_B :: JdbcColumn ID1 INTEGER(mandatory, len < 10) 
23:58:12.647 [main] TRACE org.angnysa.autodb.metadata.jdbc.loader.JdbcMetadataLoader - Column loaded: TESTDB.PUBLIC.TEST_M2M_B :: JdbcColumn ID2 INTEGER(mandatory, len < 10) 
23:58:12.647 [main] TRACE org.angnysa.autodb.metadata.jdbc.loader.JdbcMetadataLoader - Index loaded: TESTDB.PUBLIC.TEST_M2M_B :: JdbcUniqueIndex [unique] name: 'PRIMARY_KEY_CE896', columns: ('ID1', 'ID2')
23:58:12.647 [main] TRACE org.angnysa.autodb.metadata.jdbc.loader.JdbcMetadataLoader - Primary Key loaded: TESTDB.PUBLIC.TEST_M2M_B :: JdbcUniqueIndex [unique] name: 'PK_TEST_M2M_B', columns: ('ID1', 'ID2')
23:58:12.648 [main] TRACE org.angnysa.autodb.metadata.jdbc.loader.JdbcMetadataLoader - Table loaded:
[!!!org.angnysa.autodb.metadata.jdbc.JdbcTable@73a0353f=>java.lang.NullPointerException:Cannot invoke "org.angnysa.autodb.metadata.jdbc.JdbcDatabase.getRelations(org.angnysa.autodb.metadata.jdbc.JdbcTable)" because "this.database" is null!!!]
23:58:12.650 [main] TRACE org.angnysa.autodb.metadata.jdbc.loader.JdbcMetadataLoader - Column loaded: TESTDB.PUBLIC.TEST_M2M_REL :: JdbcColumn AB_ID1 INTEGER(mandatory, len < 10) 
23:58:12.650 [main] TRACE org.angnysa.autodb.metadata.jdbc.loader.JdbcMetadataLoader - Column loaded: TESTDB.PUBLIC.TEST_M2M_REL :: JdbcColumn A_ID2 INTEGER(mandatory, len < 10) 
23:58:12.650 [main] TRACE org.angnysa.autodb.metadata.jdbc.loader.JdbcMetadataLoader - Column loaded: TESTDB.PUBLIC.TEST_M2M_REL :: JdbcColumn B_ID2 INTEGER(mandatory, len < 10) 
23:58:12.651 [main] TRACE org.angnysa.autodb.metadata.jdbc.loader.JdbcMetadataLoader - Index loaded: TESTDB.PUBLIC.TEST_M2M_REL :: JdbcUniqueIndex [unique] name: 'PRIMARY_KEY_5', columns: ('AB_ID1', 'A_ID2', 'B_ID2')
23:58:12.651 [main] TRACE org.angnysa.autodb.metadata.jdbc.loader.JdbcMetadataLoader - Index loaded: TESTDB.PUBLIC.TEST_M2M_REL :: JdbcIndex [index] name: 'FK_TEST_M2M_REL_B_INDEX_5', columns: ('AB_ID1', 'B_ID2')
23:58:12.651 [main] TRACE org.angnysa.autodb.metadata.jdbc.loader.JdbcMetadataLoader - Index loaded: TESTDB.PUBLIC.TEST_M2M_REL :: JdbcIndex [index] name: 'FK_TEST_M2M_REL_A_INDEX_5', columns: ('AB_ID1', 'A_ID2')
23:58:12.651 [main] TRACE org.angnysa.autodb.metadata.jdbc.loader.JdbcMetadataLoader - Primary Key loaded: TESTDB.PUBLIC.TEST_M2M_REL :: JdbcUniqueIndex [unique] name: 'PK_TEST_M2M_REL', columns: ('AB_ID1', 'A_ID2', 'B_ID2')
23:58:12.651 [main] TRACE org.angnysa.autodb.metadata.jdbc.loader.JdbcMetadataLoader - Table loaded:
[!!!org.angnysa.autodb.metadata.jdbc.JdbcTable@70d4ea55=>java.lang.NullPointerException:Cannot invoke "org.angnysa.autodb.metadata.jdbc.JdbcDatabase.getRelations(org.angnysa.autodb.metadata.jdbc.JdbcTable)" because "this.database" is null!!!]
]]></system-out>
  </testcase>
</testsuite>