<?xml version="1.0" encoding="UTF-8"?>
<testsuite xmlns:xsi="http://www.w3.org/2001/XMLSchema-instance" xsi:noNamespaceSchemaLocation="https://maven.apache.org/surefire/maven-surefire-plugin/xsd/surefire-test-report-3.0.xsd" version="3.0" name="org.angnysa.autodb.metadata.jdbc.loader.db.TestJdbcMetadataLoader_Postgresql_96" time="7.638" tests="43" errors="25" skipped="0" failures="7">
  <properties>
    <property name="java.specification.version" value="15"/>
    <property name="sun.jnu.encoding" value="UTF-8"/>
    <property name="java.class.path" value="/home/sylvain/Development/github/crud/autodb-data-access-jdbc/target/test-classes:/home/sylvain/Development/github/crud/autodb-data-access-jdbc/target/classes:/home/sylvain/Development/github/crud/autodb-data-access-api/target/classes:/home/sylvain/.m2/repository/org/projectlombok/lombok/1.18.20/lombok-1.18.20.jar:/home/sylvain/.m2/repository/org/apache/logging/log4j/log4j-api/2.14.1/log4j-api-2.14.1.jar:/home/sylvain/.m2/repository/org/junit/jupiter/junit-jupiter/5.7.2/junit-jupiter-5.7.2.jar:/home/sylvain/.m2/repository/org/junit/jupiter/junit-jupiter-api/5.7.2/junit-jupiter-api-5.7.2.jar:/home/sylvain/.m2/repository/org/apiguardian/apiguardian-api/1.1.0/apiguardian-api-1.1.0.jar:/home/sylvain/.m2/repository/org/opentest4j/opentest4j/1.2.0/opentest4j-1.2.0.jar:/home/sylvain/.m2/repository/org/junit/platform/junit-platform-commons/1.7.2/junit-platform-commons-1.7.2.jar:/home/sylvain/.m2/repository/org/junit/jupiter/junit-jupiter-params/5.7.2/junit-jupiter-params-5.7.2.jar:/home/sylvain/.m2/repository/org/junit/jupiter/junit-jupiter-engine/5.7.2/junit-jupiter-engine-5.7.2.jar:/home/sylvain/.m2/repository/org/junit/platform/junit-platform-engine/1.7.2/junit-platform-engine-1.7.2.jar:/home/sylvain/.m2/repository/org/apache/logging/log4j/log4j-core/2.14.1/log4j-core-2.14.1.jar:/home/sylvain/.m2/repository/com/fasterxml/jackson/core/jackson-databind/2.12.2/jackson-databind-2.12.2.jar:/home/sylvain/.m2/repository/com/fasterxml/jackson/core/jackson-annotations/2.12.2/jackson-annotations-2.12.2.jar:/home/sylvain/.m2/repository/com/fasterxml/jackson/core/jackson-core/2.12.2/jackson-core-2.12.2.jar:/home/sylvain/.m2/repository/com/fasterxml/jackson/dataformat/jackson-dataformat-yaml/2.12.2/jackson-dataformat-yaml-2.12.2.jar:/home/sylvain/.m2/repository/org/yaml/snakeyaml/1.27/snakeyaml-1.27.jar:/home/sylvain/.m2/repository/org/apache/logging/log4j/log4j-slf4j-impl/2.14.1/log4j-slf4j-impl-2.14.1.jar:/home/sylvain/.m2/repository/org/slf4j/slf4j-api/1.7.25/slf4j-api-1.7.25.jar:/home/sylvain/.m2/repository/com/h2database/h2/1.4.200/h2-1.4.200.jar:/home/sylvain/.m2/repository/org/hsqldb/hsqldb/2.5.2/hsqldb-2.5.2.jar:/home/sylvain/.m2/repository/com/ibm/db2/jcc/11.5.5.0/jcc-11.5.5.0.jar:/home/sylvain/.m2/repository/org/mariadb/jdbc/mariadb-java-client/2.7.3/mariadb-java-client-2.7.3.jar:/home/sylvain/.m2/repository/com/microsoft/sqlserver/mssql-jdbc/9.2.1.jre11/mssql-jdbc-9.2.1.jre11.jar:/home/sylvain/.m2/repository/mysql/mysql-connector-java/8.0.24/mysql-connector-java-8.0.24.jar:/home/sylvain/.m2/repository/com/google/protobuf/protobuf-java/3.11.4/protobuf-java-3.11.4.jar:/home/sylvain/.m2/repository/com/oracle/database/jdbc/ojdbc11/21.1.0.0/ojdbc11-21.1.0.0.jar:/home/sylvain/.m2/repository/org/postgresql/postgresql/42.2.20/postgresql-42.2.20.jar:/home/sylvain/.m2/repository/org/checkerframework/checker-qual/3.5.0/checker-qual-3.5.0.jar:/home/sylvain/.m2/repository/org/testcontainers/testcontainers/1.15.3/testcontainers-1.15.3.jar:/home/sylvain/.m2/repository/org/apache/commons/commons-compress/1.20/commons-compress-1.20.jar:/home/sylvain/.m2/repository/org/rnorth/duct-tape/duct-tape/1.0.8/duct-tape-1.0.8.jar:/home/sylvain/.m2/repository/org/rnorth/visible-assertions/visible-assertions/2.1.2/visible-assertions-2.1.2.jar:/home/sylvain/.m2/repository/net/java/dev/jna/jna/5.2.0/jna-5.2.0.jar:/home/sylvain/.m2/repository/com/github/docker-java/docker-java-api/3.2.8/docker-java-api-3.2.8.jar:/home/sylvain/.m2/repository/com/github/docker-java/docker-java-transport-zerodep/3.2.8/docker-java-transport-zerodep-3.2.8.jar:/home/sylvain/.m2/repository/com/github/docker-java/docker-java-transport/3.2.8/docker-java-transport-3.2.8.jar:/home/sylvain/Development/github/crud/testcontainers-junit4-stub/target/classes:/home/sylvain/.m2/repository/org/testcontainers/junit-jupiter/1.15.3/junit-jupiter-1.15.3.jar:/home/sylvain/.m2/repository/org/testcontainers/db2/1.15.3/db2-1.15.3.jar:/home/sylvain/.m2/repository/org/testcontainers/jdbc/1.15.3/jdbc-1.15.3.jar:/home/sylvain/.m2/repository/org/testcontainers/database-commons/1.15.3/database-commons-1.15.3.jar:/home/sylvain/.m2/repository/org/testcontainers/mariadb/1.15.3/mariadb-1.15.3.jar:/home/sylvain/.m2/repository/org/testcontainers/mssqlserver/1.15.3/mssqlserver-1.15.3.jar:/home/sylvain/.m2/repository/org/testcontainers/mysql/1.15.3/mysql-1.15.3.jar:/home/sylvain/.m2/repository/org/testcontainers/oracle-xe/1.15.3/oracle-xe-1.15.3.jar:/home/sylvain/.m2/repository/org/testcontainers/postgresql/1.15.3/postgresql-1.15.3.jar:"/>
    <property name="java.vm.vendor" value="Oracle Corporation"/>
    <property name="sun.arch.data.model" value="64"/>
    <property name="java.vendor.url" value="https://openjdk.java.net/"/>
    <property name="user.timezone" value="America/Montreal"/>
    <property name="os.name" value="Linux"/>
    <property name="java.vm.specification.version" value="15"/>
    <property name="sun.java.launcher" value="SUN_STANDARD"/>
    <property name="user.country" value="CA"/>
    <property name="sun.boot.library.path" value="/usr/lib/jvm/java-15-openjdk/lib"/>
    <property name="sun.java.command" value="/home/sylvain/Development/github/crud/autodb-data-access-jdbc/target/surefire/surefirebooter2451683235282261279.jar /home/sylvain/Development/github/crud/autodb-data-access-jdbc/target/surefire 2021-06-15T23-57-59_880-jvmRun1 surefire6185111387943339334tmp surefire_08523499816863968026tmp"/>
    <property name="jdk.debug" value="release"/>
    <property name="surefire.test.class.path" value="/home/sylvain/Development/github/crud/autodb-data-access-jdbc/target/test-classes:/home/sylvain/Development/github/crud/autodb-data-access-jdbc/target/classes:/home/sylvain/Development/github/crud/autodb-data-access-api/target/classes:/home/sylvain/.m2/repository/org/projectlombok/lombok/1.18.20/lombok-1.18.20.jar:/home/sylvain/.m2/repository/org/apache/logging/log4j/log4j-api/2.14.1/log4j-api-2.14.1.jar:/home/sylvain/.m2/repository/org/junit/jupiter/junit-jupiter/5.7.2/junit-jupiter-5.7.2.jar:/home/sylvain/.m2/repository/org/junit/jupiter/junit-jupiter-api/5.7.2/junit-jupiter-api-5.7.2.jar:/home/sylvain/.m2/repository/org/apiguardian/apiguardian-api/1.1.0/apiguardian-api-1.1.0.jar:/home/sylvain/.m2/repository/org/opentest4j/opentest4j/1.2.0/opentest4j-1.2.0.jar:/home/sylvain/.m2/repository/org/junit/platform/junit-platform-commons/1.7.2/junit-platform-commons-1.7.2.jar:/home/sylvain/.m2/repository/org/junit/jupiter/junit-jupiter-params/5.7.2/junit-jupiter-params-5.7.2.jar:/home/sylvain/.m2/repository/org/junit/jupiter/junit-jupiter-engine/5.7.2/junit-jupiter-engine-5.7.2.jar:/home/sylvain/.m2/repository/org/junit/platform/junit-platform-engine/1.7.2/junit-platform-engine-1.7.2.jar:/home/sylvain/.m2/repository/org/apache/logging/log4j/log4j-core/2.14.1/log4j-core-2.14.1.jar:/home/sylvain/.m2/repository/com/fasterxml/jackson/core/jackson-databind/2.12.2/jackson-databind-2.12.2.jar:/home/sylvain/.m2/repository/com/fasterxml/jackson/core/jackson-annotations/2.12.2/jackson-annotations-2.12.2.jar:/home/sylvain/.m2/repository/com/fasterxml/jackson/core/jackson-core/2.12.2/jackson-core-2.12.2.jar:/home/sylvain/.m2/repository/com/fasterxml/jackson/dataformat/jackson-dataformat-yaml/2.12.2/jackson-dataformat-yaml-2.12.2.jar:/home/sylvain/.m2/repository/org/yaml/snakeyaml/1.27/snakeyaml-1.27.jar:/home/sylvain/.m2/repository/org/apache/logging/log4j/log4j-slf4j-impl/2.14.1/log4j-slf4j-impl-2.14.1.jar:/home/sylvain/.m2/repository/org/slf4j/slf4j-api/1.7.25/slf4j-api-1.7.25.jar:/home/sylvain/.m2/repository/com/h2database/h2/1.4.200/h2-1.4.200.jar:/home/sylvain/.m2/repository/org/hsqldb/hsqldb/2.5.2/hsqldb-2.5.2.jar:/home/sylvain/.m2/repository/com/ibm/db2/jcc/11.5.5.0/jcc-11.5.5.0.jar:/home/sylvain/.m2/repository/org/mariadb/jdbc/mariadb-java-client/2.7.3/mariadb-java-client-2.7.3.jar:/home/sylvain/.m2/repository/com/microsoft/sqlserver/mssql-jdbc/9.2.1.jre11/mssql-jdbc-9.2.1.jre11.jar:/home/sylvain/.m2/repository/mysql/mysql-connector-java/8.0.24/mysql-connector-java-8.0.24.jar:/home/sylvain/.m2/repository/com/google/protobuf/protobuf-java/3.11.4/protobuf-java-3.11.4.jar:/home/sylvain/.m2/repository/com/oracle/database/jdbc/ojdbc11/21.1.0.0/ojdbc11-21.1.0.0.jar:/home/sylvain/.m2/repository/org/postgresql/postgresql/42.2.20/postgresql-42.2.20.jar:/home/sylvain/.m2/repository/org/checkerframework/checker-qual/3.5.0/checker-qual-3.5.0.jar:/home/sylvain/.m2/repository/org/testcontainers/testcontainers/1.15.3/testcontainers-1.15.3.jar:/home/sylvain/.m2/repository/org/apache/commons/commons-compress/1.20/commons-compress-1.20.jar:/home/sylvain/.m2/repository/org/rnorth/duct-tape/duct-tape/1.0.8/duct-tape-1.0.8.jar:/home/sylvain/.m2/repository/org/rnorth/visible-assertions/visible-assertions/2.1.2/visible-assertions-2.1.2.jar:/home/sylvain/.m2/repository/net/java/dev/jna/jna/5.2.0/jna-5.2.0.jar:/home/sylvain/.m2/repository/com/github/docker-java/docker-java-api/3.2.8/docker-java-api-3.2.8.jar:/home/sylvain/.m2/repository/com/github/docker-java/docker-java-transport-zerodep/3.2.8/docker-java-transport-zerodep-3.2.8.jar:/home/sylvain/.m2/repository/com/github/docker-java/docker-java-transport/3.2.8/docker-java-transport-3.2.8.jar:/home/sylvain/Development/github/crud/testcontainers-junit4-stub/target/classes:/home/sylvain/.m2/repository/org/testcontainers/junit-jupiter/1.15.3/junit-jupiter-1.15.3.jar:/home/sylvain/.m2/repository/org/testcontainers/db2/1.15.3/db2-1.15.3.jar:/home/sylvain/.m2/repository/org/testcontainers/jdbc/1.15.3/jdbc-1.15.3.jar:/home/sylvain/.m2/repository/org/testcontainers/database-commons/1.15.3/database-commons-1.15.3.jar:/home/sylvain/.m2/repository/org/testcontainers/mariadb/1.15.3/mariadb-1.15.3.jar:/home/sylvain/.m2/repository/org/testcontainers/mssqlserver/1.15.3/mssqlserver-1.15.3.jar:/home/sylvain/.m2/repository/org/testcontainers/mysql/1.15.3/mysql-1.15.3.jar:/home/sylvain/.m2/repository/org/testcontainers/oracle-xe/1.15.3/oracle-xe-1.15.3.jar:/home/sylvain/.m2/repository/org/testcontainers/postgresql/1.15.3/postgresql-1.15.3.jar:"/>
    <property name="sun.cpu.endian" value="little"/>
    <property name="user.home" value="/home/sylvain"/>
    <property name="user.language" value="en"/>
    <property name="java.specification.vendor" value="Oracle Corporation"/>
    <property name="java.version.date" value="2021-04-20"/>
    <property name="java.home" value="/usr/lib/jvm/java-15-openjdk"/>
    <property name="org.testcontainers.shaded.io.netty.packagePrefix" value="org.testcontainers.shaded."/>
    <property name="file.separator" value="/"/>
    <property name="basedir" value="/home/sylvain/Development/github/crud/autodb-data-access-jdbc"/>
    <property name="java.vm.compressedOopsMode" value="Zero based"/>
    <property name="line.separator" value="&#10;"/>
    <property name="java.vm.specification.vendor" value="Oracle Corporation"/>
    <property name="java.specification.name" value="Java Platform API Specification"/>
    <property name="surefire.real.class.path" value="/home/sylvain/Development/github/crud/autodb-data-access-jdbc/target/surefire/surefirebooter2451683235282261279.jar"/>
    <property name="sun.management.compiler" value="HotSpot 64-Bit Tiered Compilers"/>
    <property name="java.runtime.version" value="15.0.3+3"/>
    <property name="user.name" value="sylvain"/>
    <property name="path.separator" value=":"/>
    <property name="os.version" value="5.12.10-arch1-1"/>
    <property name="java.runtime.name" value="OpenJDK Runtime Environment"/>
    <property name="file.encoding" value="UTF-8"/>
    <property name="jnidispatch.path" value="/home/sylvain/.cache/JNA/temp/jna12934703425971136003.tmp"/>
    <property name="java.vm.name" value="OpenJDK 64-Bit Server VM"/>
    <property name="jna.platform.library.path" value="/usr/lib64:/lib64:/usr/lib:/lib:/usr/lib32:/usr/lib/openmpi:/usr/lib/libfakeroot"/>
    <property name="localRepository" value="/home/sylvain/.m2/repository"/>
    <property name="jna.loaded" value="true"/>
    <property name="java.vendor.url.bug" value="https://bugreport.java.com/bugreport/"/>
    <property name="java.io.tmpdir" value="/tmp"/>
    <property name="idea.version" value="2021.1.2"/>
    <property name="java.version" value="15.0.3"/>
    <property name="user.dir" value="/home/sylvain/Development/github/crud/autodb-data-access-jdbc"/>
    <property name="os.arch" value="amd64"/>
    <property name="java.vm.specification.name" value="Java Virtual Machine Specification"/>
    <property name="java.library.path" value="/usr/java/packages/lib:/usr/lib64:/lib64:/lib:/usr/lib"/>
    <property name="java.vm.info" value="mixed mode"/>
    <property name="java.vendor" value="N/A"/>
    <property name="java.vm.version" value="15.0.3+3"/>
    <property name="sun.io.unicode.encoding" value="UnicodeLittle"/>
    <property name="java.class.version" value="59.0"/>
  </properties>
  <testcase name="testLoadPrimaryKey" classname="org.angnysa.autodb.metadata.jdbc.loader.db.TestJdbcMetadataLoader_Postgresql_96" time="0.03">
    <error type="java.lang.IllegalStateException"><![CDATA[java.lang.IllegalStateException: Table 'test.public.TEST_121_A' has no primary key
]]></error>
    <system-out><![CDATA[23:58:04.160 [main] INFO  org.testcontainers.dockerclient.DockerClientProviderStrategy - Loaded org.testcontainers.dockerclient.UnixSocketClientProviderStrategy from ~/.testcontainers.properties, will try it first
23:58:04.841 [main] INFO  org.testcontainers.dockerclient.DockerClientProviderStrategy - Found Docker environment with local Unix socket (unix:///var/run/docker.sock)
23:58:04.843 [main] INFO  org.testcontainers.DockerClientFactory - Docker host IP address is localhost
23:58:04.867 [main] INFO  org.testcontainers.DockerClientFactory - Connected to docker: 
  Server Version: 20.10.7
  API Version: 1.41
  Operating System: Arch Linux
  Total Memory: 32074 MB
23:58:04.871 [main] INFO  org.testcontainers.utility.ImageNameSubstitutor - Image name substitution will be performed by: DefaultImageNameSubstitutor (composite of 'ConfigurationFileImageNameSubstitutor' and 'PrefixingImageNameSubstitutor')
23:58:04.911 [main] INFO  org.testcontainers.utility.RegistryAuthLocator - Failure when attempting to lookup auth config. Please ignore if you don't have images in an authenticated registry. Details: (dockerImageName: testcontainers/ryuk:0.3.1, configFile: /home/sylvain/.docker/config.json. Falling back to docker-java default behaviour. Exception message: /home/sylvain/.docker/config.json (No such file or directory)
23:58:05.524 [main] INFO  org.testcontainers.DockerClientFactory - Ryuk started - will monitor and terminate Testcontainers containers on JVM exit
23:58:05.525 [main] INFO  org.testcontainers.DockerClientFactory - Checking the system...
23:58:05.525 [main] INFO  org.testcontainers.DockerClientFactory - ✔︎ Docker server version should be at least 1.6.0
23:58:05.631 [main] INFO  org.testcontainers.DockerClientFactory - ✔︎ Docker environment should have more than 2GB free disk space
23:58:05.648 [main] INFO  🐳 [postgres:9.6] - Creating container for image: postgres:9.6
23:58:05.735 [main] INFO  🐳 [postgres:9.6] - Starting container with ID: a9115b010ee527d2474a2ee4c52d268049d7840cd68c77a3ecb0478151712e62
23:58:06.050 [main] INFO  🐳 [postgres:9.6] - Container postgres:9.6 is starting: a9115b010ee527d2474a2ee4c52d268049d7840cd68c77a3ecb0478151712e62
23:58:09.441 [main] INFO  🐳 [postgres:9.6] - Container postgres:9.6 started in PT3.809352952S
23:58:09.564 [main] DEBUG org.angnysa.autodb.query.jdbc.JdbcScriptRunner - Using database: PostgreSQL 9.6.22, driver: PostgreSQL JDBC Driver 42.2.20, default catalog: 'test', default schema: 'public'
23:58:09.564 [main] DEBUG org.angnysa.autodb.query.jdbc.JdbcScriptRunner - create table TEST_121_A (
  id1 int not null,
  id2 int not null,
  constraint PK_TEST_121_A primary key (id1, id2)
)

23:58:09.566 [main] DEBUG org.angnysa.autodb.query.jdbc.JdbcScriptRunner - create table TEST_121_B (
  id1 int not null,
  id2 int not null,
  a_id1 int not null,
  a_id2 int not null,
  constraint PK_TEST_121_B primary key (id1, id2),
  constraint UK_TEST_121_B unique (a_id1, a_id2),
  constraint FK_TEST_121_B_A foreign key (a_id1, a_id2) references TEST_121_A (id1, id2) on update cascade on delete restrict
)

23:58:09.568 [main] DEBUG org.angnysa.autodb.query.jdbc.JdbcScriptRunner - create table TEST_M21_A (
  id1 int not null,
  id2 int not null,
  constraint PK_TEST_M21_A primary key (id1, id2)
)

23:58:09.569 [main] DEBUG org.angnysa.autodb.query.jdbc.JdbcScriptRunner - create table TEST_M21_B (
  id1 int not null,
  id2 int not null,
  a_id1 int not null,
  a_id2 int not null,
  constraint PK_TEST_M21_B primary key (id1, id2),
  constraint FK_TEST_M21_B_A foreign key (a_id1, a_id2) references TEST_M21_A (id1, id2) on update cascade on delete restrict
)

23:58:09.571 [main] DEBUG org.angnysa.autodb.query.jdbc.JdbcScriptRunner - create index ID_TEST_M21_B_A on TEST_M21_B (a_id1, a_id2)

23:58:09.572 [main] DEBUG org.angnysa.autodb.query.jdbc.JdbcScriptRunner - create table TEST_M2M_A (
  id1 int not null,
  id2 int not null,
  constraint PK_TEST_M2M_A primary key (id1, id2)
)

23:58:09.573 [main] DEBUG org.angnysa.autodb.query.jdbc.JdbcScriptRunner - create table TEST_M2M_B (
  id1 int not null,
  id2 int not null,
  constraint PK_TEST_M2M_B primary key (id1, id2)
)

23:58:09.574 [main] DEBUG org.angnysa.autodb.query.jdbc.JdbcScriptRunner - create table TEST_M2M_REL (
  ab_id1 int not null,
  a_id2 int not null,
  b_id2 int not null,
  constraint PK_TEST_M2M_REL primary key (ab_id1, a_id2, b_id2),
  constraint FK_TEST_M2M_REL_A foreign key (ab_id1, a_id2) references TEST_M2M_A (id1, id2) on update cascade on delete restrict,
  constraint FK_TEST_M2M_REL_B foreign key (ab_id1, b_id2) references TEST_M2M_B (id1, id2) on update cascade on delete restrict
)

23:58:09.586 [main] DEBUG org.angnysa.autodb.metadata.jdbc.loader.AbstractJdbcMetadataLoaderTester - Using database: PostgreSQL 9.6.22, driver: PostgreSQL JDBC Driver 42.2.20, default catalog: 'test', default schema: 'public'
23:58:09.595 [main] DEBUG org.angnysa.autodb.metadata.jdbc.loader.AbstractJdbcMetadataLoaderTester - Target table: TEST_121_A
23:58:09.599 [main] DEBUG org.angnysa.autodb.metadata.jdbc.loader.AbstractJdbcMetadataLoaderTester - Expected Primary Key: ExpectedIndex(unique=true, columns=[ID1, ID2])
23:58:09.620 [main] TRACE org.angnysa.autodb.metadata.jdbc.loader.JdbcMetadataLoader - Column loaded: test.public.test_121_a :: JdbcColumn id1 int4(mandatory, len < 10) 
23:58:09.620 [main] TRACE org.angnysa.autodb.metadata.jdbc.loader.JdbcMetadataLoader - Column loaded: test.public.test_121_a :: JdbcColumn id2 int4(mandatory, len < 10) 
]]></system-out>
  </testcase>
  <testcase name="testLoadPrimaryKey" classname="org.angnysa.autodb.metadata.jdbc.loader.db.TestJdbcMetadataLoader_Postgresql_96" time="0.019">
    <error type="java.lang.IllegalStateException"><![CDATA[java.lang.IllegalStateException: Table 'test.public.TEST_121_B' has no primary key
]]></error>
    <system-out><![CDATA[23:58:09.624 [main] DEBUG org.angnysa.autodb.metadata.jdbc.loader.AbstractJdbcMetadataLoaderTester - Target table: TEST_121_B
23:58:09.625 [main] DEBUG org.angnysa.autodb.metadata.jdbc.loader.AbstractJdbcMetadataLoaderTester - Expected Primary Key: ExpectedIndex(unique=true, columns=[ID1, ID2])
23:58:09.638 [main] TRACE org.angnysa.autodb.metadata.jdbc.loader.JdbcMetadataLoader - Column loaded: test.public.test_121_b :: JdbcColumn id1 int4(mandatory, len < 10) 
23:58:09.638 [main] TRACE org.angnysa.autodb.metadata.jdbc.loader.JdbcMetadataLoader - Column loaded: test.public.test_121_b :: JdbcColumn id2 int4(mandatory, len < 10) 
23:58:09.639 [main] TRACE org.angnysa.autodb.metadata.jdbc.loader.JdbcMetadataLoader - Column loaded: test.public.test_121_b :: JdbcColumn a_id1 int4(mandatory, len < 10) 
23:58:09.640 [main] TRACE org.angnysa.autodb.metadata.jdbc.loader.JdbcMetadataLoader - Column loaded: test.public.test_121_b :: JdbcColumn a_id2 int4(mandatory, len < 10) 
]]></system-out>
  </testcase>
  <testcase name="testLoadPrimaryKey" classname="org.angnysa.autodb.metadata.jdbc.loader.db.TestJdbcMetadataLoader_Postgresql_96" time="0.016">
    <error type="java.lang.IllegalStateException"><![CDATA[java.lang.IllegalStateException: Table 'test.public.TEST_M21_A' has no primary key
]]></error>
    <system-out><![CDATA[23:58:09.644 [main] DEBUG org.angnysa.autodb.metadata.jdbc.loader.AbstractJdbcMetadataLoaderTester - Target table: TEST_M21_A
23:58:09.644 [main] DEBUG org.angnysa.autodb.metadata.jdbc.loader.AbstractJdbcMetadataLoaderTester - Expected Primary Key: ExpectedIndex(unique=true, columns=[ID1, ID2])
23:58:09.657 [main] TRACE org.angnysa.autodb.metadata.jdbc.loader.JdbcMetadataLoader - Column loaded: test.public.test_m21_a :: JdbcColumn id1 int4(mandatory, len < 10) 
23:58:09.657 [main] TRACE org.angnysa.autodb.metadata.jdbc.loader.JdbcMetadataLoader - Column loaded: test.public.test_m21_a :: JdbcColumn id2 int4(mandatory, len < 10) 
]]></system-out>
  </testcase>
  <testcase name="testLoadPrimaryKey" classname="org.angnysa.autodb.metadata.jdbc.loader.db.TestJdbcMetadataLoader_Postgresql_96" time="0.017">
    <error type="java.lang.IllegalStateException"><![CDATA[java.lang.IllegalStateException: Table 'test.public.TEST_M21_B' has no primary key
]]></error>
    <system-out><![CDATA[23:58:09.660 [main] DEBUG org.angnysa.autodb.metadata.jdbc.loader.AbstractJdbcMetadataLoaderTester - Target table: TEST_M21_B
23:58:09.660 [main] DEBUG org.angnysa.autodb.metadata.jdbc.loader.AbstractJdbcMetadataLoaderTester - Expected Primary Key: ExpectedIndex(unique=true, columns=[ID1, ID2])
23:58:09.673 [main] TRACE org.angnysa.autodb.metadata.jdbc.loader.JdbcMetadataLoader - Column loaded: test.public.test_m21_b :: JdbcColumn id1 int4(mandatory, len < 10) 
23:58:09.674 [main] TRACE org.angnysa.autodb.metadata.jdbc.loader.JdbcMetadataLoader - Column loaded: test.public.test_m21_b :: JdbcColumn id2 int4(mandatory, len < 10) 
23:58:09.674 [main] TRACE org.angnysa.autodb.metadata.jdbc.loader.JdbcMetadataLoader - Column loaded: test.public.test_m21_b :: JdbcColumn a_id1 int4(mandatory, len < 10) 
23:58:09.674 [main] TRACE org.angnysa.autodb.metadata.jdbc.loader.JdbcMetadataLoader - Column loaded: test.public.test_m21_b :: JdbcColumn a_id2 int4(mandatory, len < 10) 
]]></system-out>
  </testcase>
  <testcase name="testLoadPrimaryKey" classname="org.angnysa.autodb.metadata.jdbc.loader.db.TestJdbcMetadataLoader_Postgresql_96" time="0.016">
    <error type="java.lang.IllegalStateException"><![CDATA[java.lang.IllegalStateException: Table 'test.public.TEST_M2M_A' has no primary key
]]></error>
    <system-out><![CDATA[23:58:09.678 [main] DEBUG org.angnysa.autodb.metadata.jdbc.loader.AbstractJdbcMetadataLoaderTester - Target table: TEST_M2M_A
23:58:09.678 [main] DEBUG org.angnysa.autodb.metadata.jdbc.loader.AbstractJdbcMetadataLoaderTester - Expected Primary Key: ExpectedIndex(unique=true, columns=[ID1, ID2])
23:58:09.692 [main] TRACE org.angnysa.autodb.metadata.jdbc.loader.JdbcMetadataLoader - Column loaded: test.public.test_m2m_a :: JdbcColumn id1 int4(mandatory, len < 10) 
23:58:09.692 [main] TRACE org.angnysa.autodb.metadata.jdbc.loader.JdbcMetadataLoader - Column loaded: test.public.test_m2m_a :: JdbcColumn id2 int4(mandatory, len < 10) 
]]></system-out>
  </testcase>
  <testcase name="testLoadPrimaryKey" classname="org.angnysa.autodb.metadata.jdbc.loader.db.TestJdbcMetadataLoader_Postgresql_96" time="0.019">
    <error type="java.lang.IllegalStateException"><![CDATA[java.lang.IllegalStateException: Table 'test.public.TEST_M2M_B' has no primary key
]]></error>
    <system-out><![CDATA[23:58:09.695 [main] DEBUG org.angnysa.autodb.metadata.jdbc.loader.AbstractJdbcMetadataLoaderTester - Target table: TEST_M2M_B
23:58:09.695 [main] DEBUG org.angnysa.autodb.metadata.jdbc.loader.AbstractJdbcMetadataLoaderTester - Expected Primary Key: ExpectedIndex(unique=true, columns=[ID1, ID2])
23:58:09.711 [main] TRACE org.angnysa.autodb.metadata.jdbc.loader.JdbcMetadataLoader - Column loaded: test.public.test_m2m_b :: JdbcColumn id1 int4(mandatory, len < 10) 
23:58:09.712 [main] TRACE org.angnysa.autodb.metadata.jdbc.loader.JdbcMetadataLoader - Column loaded: test.public.test_m2m_b :: JdbcColumn id2 int4(mandatory, len < 10) 
]]></system-out>
  </testcase>
  <testcase name="testLoadPrimaryKey" classname="org.angnysa.autodb.metadata.jdbc.loader.db.TestJdbcMetadataLoader_Postgresql_96" time="0.016">
    <error type="java.lang.IllegalStateException"><![CDATA[java.lang.IllegalStateException: Table 'test.public.TEST_M2M_REL' has no primary key
]]></error>
    <system-out><![CDATA[23:58:09.715 [main] DEBUG org.angnysa.autodb.metadata.jdbc.loader.AbstractJdbcMetadataLoaderTester - Target table: TEST_M2M_REL
23:58:09.715 [main] DEBUG org.angnysa.autodb.metadata.jdbc.loader.AbstractJdbcMetadataLoaderTester - Expected Primary Key: ExpectedIndex(unique=true, columns=[AB_ID1, A_ID2, B_ID2])
23:58:09.728 [main] TRACE org.angnysa.autodb.metadata.jdbc.loader.JdbcMetadataLoader - Column loaded: test.public.test_m2m_rel :: JdbcColumn ab_id1 int4(mandatory, len < 10) 
23:58:09.728 [main] TRACE org.angnysa.autodb.metadata.jdbc.loader.JdbcMetadataLoader - Column loaded: test.public.test_m2m_rel :: JdbcColumn a_id2 int4(mandatory, len < 10) 
23:58:09.728 [main] TRACE org.angnysa.autodb.metadata.jdbc.loader.JdbcMetadataLoader - Column loaded: test.public.test_m2m_rel :: JdbcColumn b_id2 int4(mandatory, len < 10) 
]]></system-out>
  </testcase>
  <testcase name="testLoadRelations" classname="org.angnysa.autodb.metadata.jdbc.loader.db.TestJdbcMetadataLoader_Postgresql_96" time="0.135">
    <error type="java.lang.IllegalStateException"><![CDATA[java.lang.IllegalStateException: No table named 'public.test_121_b'
]]></error>
    <system-out><![CDATA[23:58:09.738 [main] DEBUG org.angnysa.autodb.metadata.jdbc.loader.AbstractJdbcMetadataLoaderTester - Using database: PostgreSQL 9.6.22, driver: PostgreSQL JDBC Driver 42.2.20, default catalog: 'test', default schema: 'public'
23:58:09.740 [main] DEBUG org.angnysa.autodb.metadata.jdbc.loader.AbstractJdbcMetadataLoaderTester - Target table: TEST_121_A
23:58:09.754 [main] DEBUG org.angnysa.autodb.metadata.jdbc.loader.AbstractJdbcMetadataLoaderTester - Expected Relations: [ExpectedRelation(name=FK_TEST_121_B_A, type=OneToOne, mandatory=false, referencingColumns=[ID1, ID2], referencedTable=TEST_121_B, referencedColumns=[A_ID1, A_ID2])]
23:58:09.782 [main] TRACE org.angnysa.autodb.metadata.jdbc.loader.JdbcMetadataLoader - Column loaded: public.test_121_a :: JdbcColumn id1 int4(mandatory, len < 10) 
23:58:09.782 [main] TRACE org.angnysa.autodb.metadata.jdbc.loader.JdbcMetadataLoader - Column loaded: public.test_121_a :: JdbcColumn id2 int4(mandatory, len < 10) 
23:58:09.787 [main] TRACE org.angnysa.autodb.metadata.jdbc.loader.JdbcMetadataLoader - Index loaded: public.test_121_a :: JdbcUniqueIndex [unique] name: 'pk_test_121_a', columns: ('id1', 'id2')
23:58:09.789 [main] TRACE org.angnysa.autodb.metadata.jdbc.loader.JdbcMetadataLoader - Primary Key loaded: public.test_121_a :: JdbcUniqueIndex [unique] name: 'pk_test_121_a', columns: ('id1', 'id2')
23:58:09.790 [main] TRACE org.angnysa.autodb.metadata.jdbc.loader.JdbcMetadataLoader - Table loaded:
[!!!org.angnysa.autodb.metadata.jdbc.JdbcTable@4c669afb=>java.lang.NullPointerException:Cannot invoke "org.angnysa.autodb.metadata.jdbc.JdbcDatabase.getRelations(org.angnysa.autodb.metadata.jdbc.JdbcTable)" because "this.database" is null!!!]
23:58:09.794 [main] TRACE org.angnysa.autodb.metadata.jdbc.loader.JdbcMetadataLoader - Column loaded: public.test_121_b :: JdbcColumn id1 int4(mandatory, len < 10) 
23:58:09.794 [main] TRACE org.angnysa.autodb.metadata.jdbc.loader.JdbcMetadataLoader - Column loaded: public.test_121_b :: JdbcColumn id2 int4(mandatory, len < 10) 
23:58:09.795 [main] TRACE org.angnysa.autodb.metadata.jdbc.loader.JdbcMetadataLoader - Column loaded: public.test_121_b :: JdbcColumn a_id1 int4(mandatory, len < 10) 
23:58:09.795 [main] TRACE org.angnysa.autodb.metadata.jdbc.loader.JdbcMetadataLoader - Column loaded: public.test_121_b :: JdbcColumn a_id2 int4(mandatory, len < 10) 
23:58:09.797 [main] TRACE org.angnysa.autodb.metadata.jdbc.loader.JdbcMetadataLoader - Index loaded: public.test_121_b :: JdbcUniqueIndex [unique] name: 'pk_test_121_b', columns: ('id1', 'id2')
23:58:09.797 [main] TRACE org.angnysa.autodb.metadata.jdbc.loader.JdbcMetadataLoader - Index loaded: public.test_121_b :: JdbcUniqueIndex [unique] name: 'uk_test_121_b', columns: ('a_id1', 'a_id2')
23:58:09.801 [main] TRACE org.angnysa.autodb.metadata.jdbc.loader.JdbcMetadataLoader - Primary Key loaded: public.test_121_b :: JdbcUniqueIndex [unique] name: 'pk_test_121_b', columns: ('id1', 'id2')
23:58:09.802 [main] TRACE org.angnysa.autodb.metadata.jdbc.loader.JdbcMetadataLoader - Table loaded:
[!!!org.angnysa.autodb.metadata.jdbc.JdbcTable@15dba9f9=>java.lang.NullPointerException:Cannot invoke "org.angnysa.autodb.metadata.jdbc.JdbcDatabase.getRelations(org.angnysa.autodb.metadata.jdbc.JdbcTable)" because "this.database" is null!!!]
23:58:09.806 [main] TRACE org.angnysa.autodb.metadata.jdbc.loader.JdbcMetadataLoader - Column loaded: public.test_m21_a :: JdbcColumn id1 int4(mandatory, len < 10) 
23:58:09.807 [main] TRACE org.angnysa.autodb.metadata.jdbc.loader.JdbcMetadataLoader - Column loaded: public.test_m21_a :: JdbcColumn id2 int4(mandatory, len < 10) 
23:58:09.809 [main] TRACE org.angnysa.autodb.metadata.jdbc.loader.JdbcMetadataLoader - Index loaded: public.test_m21_a :: JdbcUniqueIndex [unique] name: 'pk_test_m21_a', columns: ('id1', 'id2')
23:58:09.811 [main] TRACE org.angnysa.autodb.metadata.jdbc.loader.JdbcMetadataLoader - Primary Key loaded: public.test_m21_a :: JdbcUniqueIndex [unique] name: 'pk_test_m21_a', columns: ('id1', 'id2')
23:58:09.811 [main] TRACE org.angnysa.autodb.metadata.jdbc.loader.JdbcMetadataLoader - Table loaded:
[!!!org.angnysa.autodb.metadata.jdbc.JdbcTable@67662433=>java.lang.NullPointerException:Cannot invoke "org.angnysa.autodb.metadata.jdbc.JdbcDatabase.getRelations(org.angnysa.autodb.metadata.jdbc.JdbcTable)" because "this.database" is null!!!]
23:58:09.815 [main] TRACE org.angnysa.autodb.metadata.jdbc.loader.JdbcMetadataLoader - Column loaded: public.test_m21_b :: JdbcColumn id1 int4(mandatory, len < 10) 
23:58:09.815 [main] TRACE org.angnysa.autodb.metadata.jdbc.loader.JdbcMetadataLoader - Column loaded: public.test_m21_b :: JdbcColumn id2 int4(mandatory, len < 10) 
23:58:09.816 [main] TRACE org.angnysa.autodb.metadata.jdbc.loader.JdbcMetadataLoader - Column loaded: public.test_m21_b :: JdbcColumn a_id1 int4(mandatory, len < 10) 
23:58:09.816 [main] TRACE org.angnysa.autodb.metadata.jdbc.loader.JdbcMetadataLoader - Column loaded: public.test_m21_b :: JdbcColumn a_id2 int4(mandatory, len < 10) 
23:58:09.822 [main] TRACE org.angnysa.autodb.metadata.jdbc.loader.JdbcMetadataLoader - Index loaded: public.test_m21_b :: JdbcUniqueIndex [unique] name: 'pk_test_m21_b', columns: ('id1', 'id2')
23:58:09.822 [main] TRACE org.angnysa.autodb.metadata.jdbc.loader.JdbcMetadataLoader - Index loaded: public.test_m21_b :: JdbcIndex [index] name: 'id_test_m21_b_a', columns: ('a_id1', 'a_id2')
23:58:09.824 [main] TRACE org.angnysa.autodb.metadata.jdbc.loader.JdbcMetadataLoader - Primary Key loaded: public.test_m21_b :: JdbcUniqueIndex [unique] name: 'pk_test_m21_b', columns: ('id1', 'id2')
23:58:09.825 [main] TRACE org.angnysa.autodb.metadata.jdbc.loader.JdbcMetadataLoader - Table loaded:
[!!!org.angnysa.autodb.metadata.jdbc.JdbcTable@4bd214c=>java.lang.NullPointerException:Cannot invoke "org.angnysa.autodb.metadata.jdbc.JdbcDatabase.getRelations(org.angnysa.autodb.metadata.jdbc.JdbcTable)" because "this.database" is null!!!]
23:58:09.828 [main] TRACE org.angnysa.autodb.metadata.jdbc.loader.JdbcMetadataLoader - Column loaded: public.test_m2m_a :: JdbcColumn id1 int4(mandatory, len < 10) 
23:58:09.829 [main] TRACE org.angnysa.autodb.metadata.jdbc.loader.JdbcMetadataLoader - Column loaded: public.test_m2m_a :: JdbcColumn id2 int4(mandatory, len < 10) 
23:58:09.831 [main] TRACE org.angnysa.autodb.metadata.jdbc.loader.JdbcMetadataLoader - Index loaded: public.test_m2m_a :: JdbcUniqueIndex [unique] name: 'pk_test_m2m_a', columns: ('id1', 'id2')
23:58:09.833 [main] TRACE org.angnysa.autodb.metadata.jdbc.loader.JdbcMetadataLoader - Primary Key loaded: public.test_m2m_a :: JdbcUniqueIndex [unique] name: 'pk_test_m2m_a', columns: ('id1', 'id2')
23:58:09.833 [main] TRACE org.angnysa.autodb.metadata.jdbc.loader.JdbcMetadataLoader - Table loaded:
[!!!org.angnysa.autodb.metadata.jdbc.JdbcTable@7c74d262=>java.lang.NullPointerException:Cannot invoke "org.angnysa.autodb.metadata.jdbc.JdbcDatabase.getRelations(org.angnysa.autodb.metadata.jdbc.JdbcTable)" because "this.database" is null!!!]
23:58:09.837 [main] TRACE org.angnysa.autodb.metadata.jdbc.loader.JdbcMetadataLoader - Column loaded: public.test_m2m_b :: JdbcColumn id1 int4(mandatory, len < 10) 
23:58:09.837 [main] TRACE org.angnysa.autodb.metadata.jdbc.loader.JdbcMetadataLoader - Column loaded: public.test_m2m_b :: JdbcColumn id2 int4(mandatory, len < 10) 
23:58:09.843 [main] TRACE org.angnysa.autodb.metadata.jdbc.loader.JdbcMetadataLoader - Index loaded: public.test_m2m_b :: JdbcUniqueIndex [unique] name: 'pk_test_m2m_b', columns: ('id1', 'id2')
23:58:09.845 [main] TRACE org.angnysa.autodb.metadata.jdbc.loader.JdbcMetadataLoader - Primary Key loaded: public.test_m2m_b :: JdbcUniqueIndex [unique] name: 'pk_test_m2m_b', columns: ('id1', 'id2')
23:58:09.846 [main] TRACE org.angnysa.autodb.metadata.jdbc.loader.JdbcMetadataLoader - Table loaded:
[!!!org.angnysa.autodb.metadata.jdbc.JdbcTable@34a82874=>java.lang.NullPointerException:Cannot invoke "org.angnysa.autodb.metadata.jdbc.JdbcDatabase.getRelations(org.angnysa.autodb.metadata.jdbc.JdbcTable)" because "this.database" is null!!!]
23:58:09.850 [main] TRACE org.angnysa.autodb.metadata.jdbc.loader.JdbcMetadataLoader - Column loaded: public.test_m2m_rel :: JdbcColumn ab_id1 int4(mandatory, len < 10) 
23:58:09.850 [main] TRACE org.angnysa.autodb.metadata.jdbc.loader.JdbcMetadataLoader - Column loaded: public.test_m2m_rel :: JdbcColumn a_id2 int4(mandatory, len < 10) 
23:58:09.850 [main] TRACE org.angnysa.autodb.metadata.jdbc.loader.JdbcMetadataLoader - Column loaded: public.test_m2m_rel :: JdbcColumn b_id2 int4(mandatory, len < 10) 
23:58:09.852 [main] TRACE org.angnysa.autodb.metadata.jdbc.loader.JdbcMetadataLoader - Index loaded: public.test_m2m_rel :: JdbcUniqueIndex [unique] name: 'pk_test_m2m_rel', columns: ('ab_id1', 'a_id2', 'b_id2')
23:58:09.854 [main] TRACE org.angnysa.autodb.metadata.jdbc.loader.JdbcMetadataLoader - Primary Key loaded: public.test_m2m_rel :: JdbcUniqueIndex [unique] name: 'pk_test_m2m_rel', columns: ('ab_id1', 'a_id2', 'b_id2')
23:58:09.855 [main] TRACE org.angnysa.autodb.metadata.jdbc.loader.JdbcMetadataLoader - Table loaded:
[!!!org.angnysa.autodb.metadata.jdbc.JdbcTable@62b9d56e=>java.lang.NullPointerException:Cannot invoke "org.angnysa.autodb.metadata.jdbc.JdbcDatabase.getRelations(org.angnysa.autodb.metadata.jdbc.JdbcTable)" because "this.database" is null!!!]
]]></system-out>
  </testcase>
  <testcase name="testLoadRelations" classname="org.angnysa.autodb.metadata.jdbc.loader.db.TestJdbcMetadataLoader_Postgresql_96" time="0.091">
    <error type="java.lang.IllegalStateException"><![CDATA[java.lang.IllegalStateException: No table named 'public.test_121_b'
]]></error>
    <system-out><![CDATA[23:58:09.876 [main] DEBUG org.angnysa.autodb.metadata.jdbc.loader.AbstractJdbcMetadataLoaderTester - Target table: TEST_121_B
23:58:09.876 [main] DEBUG org.angnysa.autodb.metadata.jdbc.loader.AbstractJdbcMetadataLoaderTester - Expected Relations: [ExpectedRelation(name=FK_TEST_121_B_A, type=OneToOne, mandatory=true, referencingColumns=[A_ID1, A_ID2], referencedTable=TEST_121_A, referencedColumns=[ID1, ID2])]
23:58:09.895 [main] TRACE org.angnysa.autodb.metadata.jdbc.loader.JdbcMetadataLoader - Column loaded: public.test_121_a :: JdbcColumn id1 int4(mandatory, len < 10) 
23:58:09.896 [main] TRACE org.angnysa.autodb.metadata.jdbc.loader.JdbcMetadataLoader - Column loaded: public.test_121_a :: JdbcColumn id2 int4(mandatory, len < 10) 
23:58:09.899 [main] TRACE org.angnysa.autodb.metadata.jdbc.loader.JdbcMetadataLoader - Index loaded: public.test_121_a :: JdbcUniqueIndex [unique] name: 'pk_test_121_a', columns: ('id1', 'id2')
23:58:09.901 [main] TRACE org.angnysa.autodb.metadata.jdbc.loader.JdbcMetadataLoader - Primary Key loaded: public.test_121_a :: JdbcUniqueIndex [unique] name: 'pk_test_121_a', columns: ('id1', 'id2')
23:58:09.901 [main] TRACE org.angnysa.autodb.metadata.jdbc.loader.JdbcMetadataLoader - Table loaded:
[!!!org.angnysa.autodb.metadata.jdbc.JdbcTable@68e4b277=>java.lang.NullPointerException:Cannot invoke "org.angnysa.autodb.metadata.jdbc.JdbcDatabase.getRelations(org.angnysa.autodb.metadata.jdbc.JdbcTable)" because "this.database" is null!!!]
23:58:09.904 [main] TRACE org.angnysa.autodb.metadata.jdbc.loader.JdbcMetadataLoader - Column loaded: public.test_121_b :: JdbcColumn id1 int4(mandatory, len < 10) 
23:58:09.905 [main] TRACE org.angnysa.autodb.metadata.jdbc.loader.JdbcMetadataLoader - Column loaded: public.test_121_b :: JdbcColumn id2 int4(mandatory, len < 10) 
23:58:09.905 [main] TRACE org.angnysa.autodb.metadata.jdbc.loader.JdbcMetadataLoader - Column loaded: public.test_121_b :: JdbcColumn a_id1 int4(mandatory, len < 10) 
23:58:09.905 [main] TRACE org.angnysa.autodb.metadata.jdbc.loader.JdbcMetadataLoader - Column loaded: public.test_121_b :: JdbcColumn a_id2 int4(mandatory, len < 10) 
23:58:09.907 [main] TRACE org.angnysa.autodb.metadata.jdbc.loader.JdbcMetadataLoader - Index loaded: public.test_121_b :: JdbcUniqueIndex [unique] name: 'pk_test_121_b', columns: ('id1', 'id2')
23:58:09.907 [main] TRACE org.angnysa.autodb.metadata.jdbc.loader.JdbcMetadataLoader - Index loaded: public.test_121_b :: JdbcUniqueIndex [unique] name: 'uk_test_121_b', columns: ('a_id1', 'a_id2')
23:58:09.909 [main] TRACE org.angnysa.autodb.metadata.jdbc.loader.JdbcMetadataLoader - Primary Key loaded: public.test_121_b :: JdbcUniqueIndex [unique] name: 'pk_test_121_b', columns: ('id1', 'id2')
23:58:09.910 [main] TRACE org.angnysa.autodb.metadata.jdbc.loader.JdbcMetadataLoader - Table loaded:
[!!!org.angnysa.autodb.metadata.jdbc.JdbcTable@4eab4474=>java.lang.NullPointerException:Cannot invoke "org.angnysa.autodb.metadata.jdbc.JdbcDatabase.getRelations(org.angnysa.autodb.metadata.jdbc.JdbcTable)" because "this.database" is null!!!]
23:58:09.913 [main] TRACE org.angnysa.autodb.metadata.jdbc.loader.JdbcMetadataLoader - Column loaded: public.test_m21_a :: JdbcColumn id1 int4(mandatory, len < 10) 
23:58:09.913 [main] TRACE org.angnysa.autodb.metadata.jdbc.loader.JdbcMetadataLoader - Column loaded: public.test_m21_a :: JdbcColumn id2 int4(mandatory, len < 10) 
23:58:09.915 [main] TRACE org.angnysa.autodb.metadata.jdbc.loader.JdbcMetadataLoader - Index loaded: public.test_m21_a :: JdbcUniqueIndex [unique] name: 'pk_test_m21_a', columns: ('id1', 'id2')
23:58:09.917 [main] TRACE org.angnysa.autodb.metadata.jdbc.loader.JdbcMetadataLoader - Primary Key loaded: public.test_m21_a :: JdbcUniqueIndex [unique] name: 'pk_test_m21_a', columns: ('id1', 'id2')
23:58:09.918 [main] TRACE org.angnysa.autodb.metadata.jdbc.loader.JdbcMetadataLoader - Table loaded:
[!!!org.angnysa.autodb.metadata.jdbc.JdbcTable@6c945ef9=>java.lang.NullPointerException:Cannot invoke "org.angnysa.autodb.metadata.jdbc.JdbcDatabase.getRelations(org.angnysa.autodb.metadata.jdbc.JdbcTable)" because "this.database" is null!!!]
23:58:09.921 [main] TRACE org.angnysa.autodb.metadata.jdbc.loader.JdbcMetadataLoader - Column loaded: public.test_m21_b :: JdbcColumn id1 int4(mandatory, len < 10) 
23:58:09.922 [main] TRACE org.angnysa.autodb.metadata.jdbc.loader.JdbcMetadataLoader - Column loaded: public.test_m21_b :: JdbcColumn id2 int4(mandatory, len < 10) 
23:58:09.922 [main] TRACE org.angnysa.autodb.metadata.jdbc.loader.JdbcMetadataLoader - Column loaded: public.test_m21_b :: JdbcColumn a_id1 int4(mandatory, len < 10) 
23:58:09.922 [main] TRACE org.angnysa.autodb.metadata.jdbc.loader.JdbcMetadataLoader - Column loaded: public.test_m21_b :: JdbcColumn a_id2 int4(mandatory, len < 10) 
23:58:09.924 [main] TRACE org.angnysa.autodb.metadata.jdbc.loader.JdbcMetadataLoader - Index loaded: public.test_m21_b :: JdbcUniqueIndex [unique] name: 'pk_test_m21_b', columns: ('id1', 'id2')
23:58:09.924 [main] TRACE org.angnysa.autodb.metadata.jdbc.loader.JdbcMetadataLoader - Index loaded: public.test_m21_b :: JdbcIndex [index] name: 'id_test_m21_b_a', columns: ('a_id1', 'a_id2')
23:58:09.926 [main] TRACE org.angnysa.autodb.metadata.jdbc.loader.JdbcMetadataLoader - Primary Key loaded: public.test_m21_b :: JdbcUniqueIndex [unique] name: 'pk_test_m21_b', columns: ('id1', 'id2')
23:58:09.927 [main] TRACE org.angnysa.autodb.metadata.jdbc.loader.JdbcMetadataLoader - Table loaded:
[!!!org.angnysa.autodb.metadata.jdbc.JdbcTable@7d4f7d5e=>java.lang.NullPointerException:Cannot invoke "org.angnysa.autodb.metadata.jdbc.JdbcDatabase.getRelations(org.angnysa.autodb.metadata.jdbc.JdbcTable)" because "this.database" is null!!!]
23:58:09.930 [main] TRACE org.angnysa.autodb.metadata.jdbc.loader.JdbcMetadataLoader - Column loaded: public.test_m2m_a :: JdbcColumn id1 int4(mandatory, len < 10) 
23:58:09.930 [main] TRACE org.angnysa.autodb.metadata.jdbc.loader.JdbcMetadataLoader - Column loaded: public.test_m2m_a :: JdbcColumn id2 int4(mandatory, len < 10) 
23:58:09.932 [main] TRACE org.angnysa.autodb.metadata.jdbc.loader.JdbcMetadataLoader - Index loaded: public.test_m2m_a :: JdbcUniqueIndex [unique] name: 'pk_test_m2m_a', columns: ('id1', 'id2')
23:58:09.934 [main] TRACE org.angnysa.autodb.metadata.jdbc.loader.JdbcMetadataLoader - Primary Key loaded: public.test_m2m_a :: JdbcUniqueIndex [unique] name: 'pk_test_m2m_a', columns: ('id1', 'id2')
23:58:09.935 [main] TRACE org.angnysa.autodb.metadata.jdbc.loader.JdbcMetadataLoader - Table loaded:
[!!!org.angnysa.autodb.metadata.jdbc.JdbcTable@30f51f8a=>java.lang.NullPointerException:Cannot invoke "org.angnysa.autodb.metadata.jdbc.JdbcDatabase.getRelations(org.angnysa.autodb.metadata.jdbc.JdbcTable)" because "this.database" is null!!!]
23:58:09.938 [main] TRACE org.angnysa.autodb.metadata.jdbc.loader.JdbcMetadataLoader - Column loaded: public.test_m2m_b :: JdbcColumn id1 int4(mandatory, len < 10) 
23:58:09.938 [main] TRACE org.angnysa.autodb.metadata.jdbc.loader.JdbcMetadataLoader - Column loaded: public.test_m2m_b :: JdbcColumn id2 int4(mandatory, len < 10) 
23:58:09.940 [main] TRACE org.angnysa.autodb.metadata.jdbc.loader.JdbcMetadataLoader - Index loaded: public.test_m2m_b :: JdbcUniqueIndex [unique] name: 'pk_test_m2m_b', columns: ('id1', 'id2')
23:58:09.942 [main] TRACE org.angnysa.autodb.metadata.jdbc.loader.JdbcMetadataLoader - Primary Key loaded: public.test_m2m_b :: JdbcUniqueIndex [unique] name: 'pk_test_m2m_b', columns: ('id1', 'id2')
23:58:09.942 [main] TRACE org.angnysa.autodb.metadata.jdbc.loader.JdbcMetadataLoader - Table loaded:
[!!!org.angnysa.autodb.metadata.jdbc.JdbcTable@24697504=>java.lang.NullPointerException:Cannot invoke "org.angnysa.autodb.metadata.jdbc.JdbcDatabase.getRelations(org.angnysa.autodb.metadata.jdbc.JdbcTable)" because "this.database" is null!!!]
23:58:09.946 [main] TRACE org.angnysa.autodb.metadata.jdbc.loader.JdbcMetadataLoader - Column loaded: public.test_m2m_rel :: JdbcColumn ab_id1 int4(mandatory, len < 10) 
23:58:09.946 [main] TRACE org.angnysa.autodb.metadata.jdbc.loader.JdbcMetadataLoader - Column loaded: public.test_m2m_rel :: JdbcColumn a_id2 int4(mandatory, len < 10) 
23:58:09.946 [main] TRACE org.angnysa.autodb.metadata.jdbc.loader.JdbcMetadataLoader - Column loaded: public.test_m2m_rel :: JdbcColumn b_id2 int4(mandatory, len < 10) 
23:58:09.948 [main] TRACE org.angnysa.autodb.metadata.jdbc.loader.JdbcMetadataLoader - Index loaded: public.test_m2m_rel :: JdbcUniqueIndex [unique] name: 'pk_test_m2m_rel', columns: ('ab_id1', 'a_id2', 'b_id2')
23:58:09.950 [main] TRACE org.angnysa.autodb.metadata.jdbc.loader.JdbcMetadataLoader - Primary Key loaded: public.test_m2m_rel :: JdbcUniqueIndex [unique] name: 'pk_test_m2m_rel', columns: ('ab_id1', 'a_id2', 'b_id2')
23:58:09.950 [main] TRACE org.angnysa.autodb.metadata.jdbc.loader.JdbcMetadataLoader - Table loaded:
[!!!org.angnysa.autodb.metadata.jdbc.JdbcTable@6a4484e6=>java.lang.NullPointerException:Cannot invoke "org.angnysa.autodb.metadata.jdbc.JdbcDatabase.getRelations(org.angnysa.autodb.metadata.jdbc.JdbcTable)" because "this.database" is null!!!]
]]></system-out>
  </testcase>
  <testcase name="testLoadRelations" classname="org.angnysa.autodb.metadata.jdbc.loader.db.TestJdbcMetadataLoader_Postgresql_96" time="0.095">
    <error type="java.lang.IllegalStateException"><![CDATA[java.lang.IllegalStateException: No table named 'public.test_121_b'
]]></error>
    <system-out><![CDATA[23:58:09.968 [main] DEBUG org.angnysa.autodb.metadata.jdbc.loader.AbstractJdbcMetadataLoaderTester - Target table: TEST_M21_A
23:58:09.968 [main] DEBUG org.angnysa.autodb.metadata.jdbc.loader.AbstractJdbcMetadataLoaderTester - Expected Relations: [ExpectedRelation(name=FK_TEST_M21_B_A, type=OneToMany, mandatory=false, referencingColumns=[ID1, ID2], referencedTable=TEST_M21_B, referencedColumns=[A_ID1, A_ID2])]
23:58:09.997 [main] TRACE org.angnysa.autodb.metadata.jdbc.loader.JdbcMetadataLoader - Column loaded: public.test_121_a :: JdbcColumn id1 int4(mandatory, len < 10) 
23:58:09.997 [main] TRACE org.angnysa.autodb.metadata.jdbc.loader.JdbcMetadataLoader - Column loaded: public.test_121_a :: JdbcColumn id2 int4(mandatory, len < 10) 
23:58:10.000 [main] TRACE org.angnysa.autodb.metadata.jdbc.loader.JdbcMetadataLoader - Index loaded: public.test_121_a :: JdbcUniqueIndex [unique] name: 'pk_test_121_a', columns: ('id1', 'id2')
23:58:10.001 [main] TRACE org.angnysa.autodb.metadata.jdbc.loader.JdbcMetadataLoader - Primary Key loaded: public.test_121_a :: JdbcUniqueIndex [unique] name: 'pk_test_121_a', columns: ('id1', 'id2')
23:58:10.002 [main] TRACE org.angnysa.autodb.metadata.jdbc.loader.JdbcMetadataLoader - Table loaded:
[!!!org.angnysa.autodb.metadata.jdbc.JdbcTable@43da05ee=>java.lang.NullPointerException:Cannot invoke "org.angnysa.autodb.metadata.jdbc.JdbcDatabase.getRelations(org.angnysa.autodb.metadata.jdbc.JdbcTable)" because "this.database" is null!!!]
23:58:10.005 [main] TRACE org.angnysa.autodb.metadata.jdbc.loader.JdbcMetadataLoader - Column loaded: public.test_121_b :: JdbcColumn id1 int4(mandatory, len < 10) 
23:58:10.005 [main] TRACE org.angnysa.autodb.metadata.jdbc.loader.JdbcMetadataLoader - Column loaded: public.test_121_b :: JdbcColumn id2 int4(mandatory, len < 10) 
23:58:10.005 [main] TRACE org.angnysa.autodb.metadata.jdbc.loader.JdbcMetadataLoader - Column loaded: public.test_121_b :: JdbcColumn a_id1 int4(mandatory, len < 10) 
23:58:10.006 [main] TRACE org.angnysa.autodb.metadata.jdbc.loader.JdbcMetadataLoader - Column loaded: public.test_121_b :: JdbcColumn a_id2 int4(mandatory, len < 10) 
23:58:10.008 [main] TRACE org.angnysa.autodb.metadata.jdbc.loader.JdbcMetadataLoader - Index loaded: public.test_121_b :: JdbcUniqueIndex [unique] name: 'pk_test_121_b', columns: ('id1', 'id2')
23:58:10.008 [main] TRACE org.angnysa.autodb.metadata.jdbc.loader.JdbcMetadataLoader - Index loaded: public.test_121_b :: JdbcUniqueIndex [unique] name: 'uk_test_121_b', columns: ('a_id1', 'a_id2')
23:58:10.010 [main] TRACE org.angnysa.autodb.metadata.jdbc.loader.JdbcMetadataLoader - Primary Key loaded: public.test_121_b :: JdbcUniqueIndex [unique] name: 'pk_test_121_b', columns: ('id1', 'id2')
23:58:10.010 [main] TRACE org.angnysa.autodb.metadata.jdbc.loader.JdbcMetadataLoader - Table loaded:
[!!!org.angnysa.autodb.metadata.jdbc.JdbcTable@418422c3=>java.lang.NullPointerException:Cannot invoke "org.angnysa.autodb.metadata.jdbc.JdbcDatabase.getRelations(org.angnysa.autodb.metadata.jdbc.JdbcTable)" because "this.database" is null!!!]
23:58:10.013 [main] TRACE org.angnysa.autodb.metadata.jdbc.loader.JdbcMetadataLoader - Column loaded: public.test_m21_a :: JdbcColumn id1 int4(mandatory, len < 10) 
23:58:10.014 [main] TRACE org.angnysa.autodb.metadata.jdbc.loader.JdbcMetadataLoader - Column loaded: public.test_m21_a :: JdbcColumn id2 int4(mandatory, len < 10) 
23:58:10.015 [main] TRACE org.angnysa.autodb.metadata.jdbc.loader.JdbcMetadataLoader - Index loaded: public.test_m21_a :: JdbcUniqueIndex [unique] name: 'pk_test_m21_a', columns: ('id1', 'id2')
23:58:10.017 [main] TRACE org.angnysa.autodb.metadata.jdbc.loader.JdbcMetadataLoader - Primary Key loaded: public.test_m21_a :: JdbcUniqueIndex [unique] name: 'pk_test_m21_a', columns: ('id1', 'id2')
23:58:10.018 [main] TRACE org.angnysa.autodb.metadata.jdbc.loader.JdbcMetadataLoader - Table loaded:
[!!!org.angnysa.autodb.metadata.jdbc.JdbcTable@4b89b14a=>java.lang.NullPointerException:Cannot invoke "org.angnysa.autodb.metadata.jdbc.JdbcDatabase.getRelations(org.angnysa.autodb.metadata.jdbc.JdbcTable)" because "this.database" is null!!!]
23:58:10.021 [main] TRACE org.angnysa.autodb.metadata.jdbc.loader.JdbcMetadataLoader - Column loaded: public.test_m21_b :: JdbcColumn id1 int4(mandatory, len < 10) 
23:58:10.021 [main] TRACE org.angnysa.autodb.metadata.jdbc.loader.JdbcMetadataLoader - Column loaded: public.test_m21_b :: JdbcColumn id2 int4(mandatory, len < 10) 
23:58:10.021 [main] TRACE org.angnysa.autodb.metadata.jdbc.loader.JdbcMetadataLoader - Column loaded: public.test_m21_b :: JdbcColumn a_id1 int4(mandatory, len < 10) 
23:58:10.021 [main] TRACE org.angnysa.autodb.metadata.jdbc.loader.JdbcMetadataLoader - Column loaded: public.test_m21_b :: JdbcColumn a_id2 int4(mandatory, len < 10) 
23:58:10.023 [main] TRACE org.angnysa.autodb.metadata.jdbc.loader.JdbcMetadataLoader - Index loaded: public.test_m21_b :: JdbcUniqueIndex [unique] name: 'pk_test_m21_b', columns: ('id1', 'id2')
23:58:10.023 [main] TRACE org.angnysa.autodb.metadata.jdbc.loader.JdbcMetadataLoader - Index loaded: public.test_m21_b :: JdbcIndex [index] name: 'id_test_m21_b_a', columns: ('a_id1', 'a_id2')
23:58:10.025 [main] TRACE org.angnysa.autodb.metadata.jdbc.loader.JdbcMetadataLoader - Primary Key loaded: public.test_m21_b :: JdbcUniqueIndex [unique] name: 'pk_test_m21_b', columns: ('id1', 'id2')
23:58:10.025 [main] TRACE org.angnysa.autodb.metadata.jdbc.loader.JdbcMetadataLoader - Table loaded:
[!!!org.angnysa.autodb.metadata.jdbc.JdbcTable@6f139a8f=>java.lang.NullPointerException:Cannot invoke "org.angnysa.autodb.metadata.jdbc.JdbcDatabase.getRelations(org.angnysa.autodb.metadata.jdbc.JdbcTable)" because "this.database" is null!!!]
23:58:10.028 [main] TRACE org.angnysa.autodb.metadata.jdbc.loader.JdbcMetadataLoader - Column loaded: public.test_m2m_a :: JdbcColumn id1 int4(mandatory, len < 10) 
23:58:10.028 [main] TRACE org.angnysa.autodb.metadata.jdbc.loader.JdbcMetadataLoader - Column loaded: public.test_m2m_a :: JdbcColumn id2 int4(mandatory, len < 10) 
23:58:10.030 [main] TRACE org.angnysa.autodb.metadata.jdbc.loader.JdbcMetadataLoader - Index loaded: public.test_m2m_a :: JdbcUniqueIndex [unique] name: 'pk_test_m2m_a', columns: ('id1', 'id2')
23:58:10.032 [main] TRACE org.angnysa.autodb.metadata.jdbc.loader.JdbcMetadataLoader - Primary Key loaded: public.test_m2m_a :: JdbcUniqueIndex [unique] name: 'pk_test_m2m_a', columns: ('id1', 'id2')
23:58:10.032 [main] TRACE org.angnysa.autodb.metadata.jdbc.loader.JdbcMetadataLoader - Table loaded:
[!!!org.angnysa.autodb.metadata.jdbc.JdbcTable@7cf517f6=>java.lang.NullPointerException:Cannot invoke "org.angnysa.autodb.metadata.jdbc.JdbcDatabase.getRelations(org.angnysa.autodb.metadata.jdbc.JdbcTable)" because "this.database" is null!!!]
23:58:10.035 [main] TRACE org.angnysa.autodb.metadata.jdbc.loader.JdbcMetadataLoader - Column loaded: public.test_m2m_b :: JdbcColumn id1 int4(mandatory, len < 10) 
23:58:10.035 [main] TRACE org.angnysa.autodb.metadata.jdbc.loader.JdbcMetadataLoader - Column loaded: public.test_m2m_b :: JdbcColumn id2 int4(mandatory, len < 10) 
23:58:10.037 [main] TRACE org.angnysa.autodb.metadata.jdbc.loader.JdbcMetadataLoader - Index loaded: public.test_m2m_b :: JdbcUniqueIndex [unique] name: 'pk_test_m2m_b', columns: ('id1', 'id2')
23:58:10.039 [main] TRACE org.angnysa.autodb.metadata.jdbc.loader.JdbcMetadataLoader - Primary Key loaded: public.test_m2m_b :: JdbcUniqueIndex [unique] name: 'pk_test_m2m_b', columns: ('id1', 'id2')
23:58:10.039 [main] TRACE org.angnysa.autodb.metadata.jdbc.loader.JdbcMetadataLoader - Table loaded:
[!!!org.angnysa.autodb.metadata.jdbc.JdbcTable@1c07b091=>java.lang.NullPointerException:Cannot invoke "org.angnysa.autodb.metadata.jdbc.JdbcDatabase.getRelations(org.angnysa.autodb.metadata.jdbc.JdbcTable)" because "this.database" is null!!!]
23:58:10.042 [main] TRACE org.angnysa.autodb.metadata.jdbc.loader.JdbcMetadataLoader - Column loaded: public.test_m2m_rel :: JdbcColumn ab_id1 int4(mandatory, len < 10) 
23:58:10.042 [main] TRACE org.angnysa.autodb.metadata.jdbc.loader.JdbcMetadataLoader - Column loaded: public.test_m2m_rel :: JdbcColumn a_id2 int4(mandatory, len < 10) 
23:58:10.042 [main] TRACE org.angnysa.autodb.metadata.jdbc.loader.JdbcMetadataLoader - Column loaded: public.test_m2m_rel :: JdbcColumn b_id2 int4(mandatory, len < 10) 
23:58:10.044 [main] TRACE org.angnysa.autodb.metadata.jdbc.loader.JdbcMetadataLoader - Index loaded: public.test_m2m_rel :: JdbcUniqueIndex [unique] name: 'pk_test_m2m_rel', columns: ('ab_id1', 'a_id2', 'b_id2')
23:58:10.046 [main] TRACE org.angnysa.autodb.metadata.jdbc.loader.JdbcMetadataLoader - Primary Key loaded: public.test_m2m_rel :: JdbcUniqueIndex [unique] name: 'pk_test_m2m_rel', columns: ('ab_id1', 'a_id2', 'b_id2')
23:58:10.047 [main] TRACE org.angnysa.autodb.metadata.jdbc.loader.JdbcMetadataLoader - Table loaded:
[!!!org.angnysa.autodb.metadata.jdbc.JdbcTable@1a8251ba=>java.lang.NullPointerException:Cannot invoke "org.angnysa.autodb.metadata.jdbc.JdbcDatabase.getRelations(org.angnysa.autodb.metadata.jdbc.JdbcTable)" because "this.database" is null!!!]
]]></system-out>
  </testcase>
  <testcase name="testLoadRelations" classname="org.angnysa.autodb.metadata.jdbc.loader.db.TestJdbcMetadataLoader_Postgresql_96" time="0.085">
    <error type="java.lang.IllegalStateException"><![CDATA[java.lang.IllegalStateException: No table named 'public.test_121_b'
]]></error>
    <system-out><![CDATA[23:58:10.066 [main] DEBUG org.angnysa.autodb.metadata.jdbc.loader.AbstractJdbcMetadataLoaderTester - Target table: TEST_M21_B
23:58:10.067 [main] DEBUG org.angnysa.autodb.metadata.jdbc.loader.AbstractJdbcMetadataLoaderTester - Expected Relations: [ExpectedRelation(name=FK_TEST_M21_B_A, type=ManyToOne, mandatory=true, referencingColumns=[A_ID1, A_ID2], referencedTable=TEST_M21_A, referencedColumns=[ID1, ID2])]
23:58:10.080 [main] TRACE org.angnysa.autodb.metadata.jdbc.loader.JdbcMetadataLoader - Column loaded: public.test_121_a :: JdbcColumn id1 int4(mandatory, len < 10) 
23:58:10.080 [main] TRACE org.angnysa.autodb.metadata.jdbc.loader.JdbcMetadataLoader - Column loaded: public.test_121_a :: JdbcColumn id2 int4(mandatory, len < 10) 
23:58:10.083 [main] TRACE org.angnysa.autodb.metadata.jdbc.loader.JdbcMetadataLoader - Index loaded: public.test_121_a :: JdbcUniqueIndex [unique] name: 'pk_test_121_a', columns: ('id1', 'id2')
23:58:10.085 [main] TRACE org.angnysa.autodb.metadata.jdbc.loader.JdbcMetadataLoader - Primary Key loaded: public.test_121_a :: JdbcUniqueIndex [unique] name: 'pk_test_121_a', columns: ('id1', 'id2')
23:58:10.085 [main] TRACE org.angnysa.autodb.metadata.jdbc.loader.JdbcMetadataLoader - Table loaded:
[!!!org.angnysa.autodb.metadata.jdbc.JdbcTable@4e5d611f=>java.lang.NullPointerException:Cannot invoke "org.angnysa.autodb.metadata.jdbc.JdbcDatabase.getRelations(org.angnysa.autodb.metadata.jdbc.JdbcTable)" because "this.database" is null!!!]
23:58:10.089 [main] TRACE org.angnysa.autodb.metadata.jdbc.loader.JdbcMetadataLoader - Column loaded: public.test_121_b :: JdbcColumn id1 int4(mandatory, len < 10) 
23:58:10.089 [main] TRACE org.angnysa.autodb.metadata.jdbc.loader.JdbcMetadataLoader - Column loaded: public.test_121_b :: JdbcColumn id2 int4(mandatory, len < 10) 
23:58:10.089 [main] TRACE org.angnysa.autodb.metadata.jdbc.loader.JdbcMetadataLoader - Column loaded: public.test_121_b :: JdbcColumn a_id1 int4(mandatory, len < 10) 
23:58:10.089 [main] TRACE org.angnysa.autodb.metadata.jdbc.loader.JdbcMetadataLoader - Column loaded: public.test_121_b :: JdbcColumn a_id2 int4(mandatory, len < 10) 
23:58:10.091 [main] TRACE org.angnysa.autodb.metadata.jdbc.loader.JdbcMetadataLoader - Index loaded: public.test_121_b :: JdbcUniqueIndex [unique] name: 'pk_test_121_b', columns: ('id1', 'id2')
23:58:10.092 [main] TRACE org.angnysa.autodb.metadata.jdbc.loader.JdbcMetadataLoader - Index loaded: public.test_121_b :: JdbcUniqueIndex [unique] name: 'uk_test_121_b', columns: ('a_id1', 'a_id2')
23:58:10.094 [main] TRACE org.angnysa.autodb.metadata.jdbc.loader.JdbcMetadataLoader - Primary Key loaded: public.test_121_b :: JdbcUniqueIndex [unique] name: 'pk_test_121_b', columns: ('id1', 'id2')
23:58:10.094 [main] TRACE org.angnysa.autodb.metadata.jdbc.loader.JdbcMetadataLoader - Table loaded:
[!!!org.angnysa.autodb.metadata.jdbc.JdbcTable@37b3e8b3=>java.lang.NullPointerException:Cannot invoke "org.angnysa.autodb.metadata.jdbc.JdbcDatabase.getRelations(org.angnysa.autodb.metadata.jdbc.JdbcTable)" because "this.database" is null!!!]
23:58:10.097 [main] TRACE org.angnysa.autodb.metadata.jdbc.loader.JdbcMetadataLoader - Column loaded: public.test_m21_a :: JdbcColumn id1 int4(mandatory, len < 10) 
23:58:10.097 [main] TRACE org.angnysa.autodb.metadata.jdbc.loader.JdbcMetadataLoader - Column loaded: public.test_m21_a :: JdbcColumn id2 int4(mandatory, len < 10) 
23:58:10.099 [main] TRACE org.angnysa.autodb.metadata.jdbc.loader.JdbcMetadataLoader - Index loaded: public.test_m21_a :: JdbcUniqueIndex [unique] name: 'pk_test_m21_a', columns: ('id1', 'id2')
23:58:10.101 [main] TRACE org.angnysa.autodb.metadata.jdbc.loader.JdbcMetadataLoader - Primary Key loaded: public.test_m21_a :: JdbcUniqueIndex [unique] name: 'pk_test_m21_a', columns: ('id1', 'id2')
23:58:10.102 [main] TRACE org.angnysa.autodb.metadata.jdbc.loader.JdbcMetadataLoader - Table loaded:
[!!!org.angnysa.autodb.metadata.jdbc.JdbcTable@7aab70e2=>java.lang.NullPointerException:Cannot invoke "org.angnysa.autodb.metadata.jdbc.JdbcDatabase.getRelations(org.angnysa.autodb.metadata.jdbc.JdbcTable)" because "this.database" is null!!!]
23:58:10.105 [main] TRACE org.angnysa.autodb.metadata.jdbc.loader.JdbcMetadataLoader - Column loaded: public.test_m21_b :: JdbcColumn id1 int4(mandatory, len < 10) 
23:58:10.105 [main] TRACE org.angnysa.autodb.metadata.jdbc.loader.JdbcMetadataLoader - Column loaded: public.test_m21_b :: JdbcColumn id2 int4(mandatory, len < 10) 
23:58:10.105 [main] TRACE org.angnysa.autodb.metadata.jdbc.loader.JdbcMetadataLoader - Column loaded: public.test_m21_b :: JdbcColumn a_id1 int4(mandatory, len < 10) 
23:58:10.105 [main] TRACE org.angnysa.autodb.metadata.jdbc.loader.JdbcMetadataLoader - Column loaded: public.test_m21_b :: JdbcColumn a_id2 int4(mandatory, len < 10) 
23:58:10.108 [main] TRACE org.angnysa.autodb.metadata.jdbc.loader.JdbcMetadataLoader - Index loaded: public.test_m21_b :: JdbcUniqueIndex [unique] name: 'pk_test_m21_b', columns: ('id1', 'id2')
23:58:10.108 [main] TRACE org.angnysa.autodb.metadata.jdbc.loader.JdbcMetadataLoader - Index loaded: public.test_m21_b :: JdbcIndex [index] name: 'id_test_m21_b_a', columns: ('a_id1', 'a_id2')
23:58:10.110 [main] TRACE org.angnysa.autodb.metadata.jdbc.loader.JdbcMetadataLoader - Primary Key loaded: public.test_m21_b :: JdbcUniqueIndex [unique] name: 'pk_test_m21_b', columns: ('id1', 'id2')
23:58:10.110 [main] TRACE org.angnysa.autodb.metadata.jdbc.loader.JdbcMetadataLoader - Table loaded:
[!!!org.angnysa.autodb.metadata.jdbc.JdbcTable@36d5677=>java.lang.NullPointerException:Cannot invoke "org.angnysa.autodb.metadata.jdbc.JdbcDatabase.getRelations(org.angnysa.autodb.metadata.jdbc.JdbcTable)" because "this.database" is null!!!]
23:58:10.113 [main] TRACE org.angnysa.autodb.metadata.jdbc.loader.JdbcMetadataLoader - Column loaded: public.test_m2m_a :: JdbcColumn id1 int4(mandatory, len < 10) 
23:58:10.114 [main] TRACE org.angnysa.autodb.metadata.jdbc.loader.JdbcMetadataLoader - Column loaded: public.test_m2m_a :: JdbcColumn id2 int4(mandatory, len < 10) 
23:58:10.115 [main] TRACE org.angnysa.autodb.metadata.jdbc.loader.JdbcMetadataLoader - Index loaded: public.test_m2m_a :: JdbcUniqueIndex [unique] name: 'pk_test_m2m_a', columns: ('id1', 'id2')
23:58:10.117 [main] TRACE org.angnysa.autodb.metadata.jdbc.loader.JdbcMetadataLoader - Primary Key loaded: public.test_m2m_a :: JdbcUniqueIndex [unique] name: 'pk_test_m2m_a', columns: ('id1', 'id2')
23:58:10.118 [main] TRACE org.angnysa.autodb.metadata.jdbc.loader.JdbcMetadataLoader - Table loaded:
[!!!org.angnysa.autodb.metadata.jdbc.JdbcTable@261d8a9c=>java.lang.NullPointerException:Cannot invoke "org.angnysa.autodb.metadata.jdbc.JdbcDatabase.getRelations(org.angnysa.autodb.metadata.jdbc.JdbcTable)" because "this.database" is null!!!]
23:58:10.121 [main] TRACE org.angnysa.autodb.metadata.jdbc.loader.JdbcMetadataLoader - Column loaded: public.test_m2m_b :: JdbcColumn id1 int4(mandatory, len < 10) 
23:58:10.121 [main] TRACE org.angnysa.autodb.metadata.jdbc.loader.JdbcMetadataLoader - Column loaded: public.test_m2m_b :: JdbcColumn id2 int4(mandatory, len < 10) 
23:58:10.123 [main] TRACE org.angnysa.autodb.metadata.jdbc.loader.JdbcMetadataLoader - Index loaded: public.test_m2m_b :: JdbcUniqueIndex [unique] name: 'pk_test_m2m_b', columns: ('id1', 'id2')
23:58:10.124 [main] TRACE org.angnysa.autodb.metadata.jdbc.loader.JdbcMetadataLoader - Primary Key loaded: public.test_m2m_b :: JdbcUniqueIndex [unique] name: 'pk_test_m2m_b', columns: ('id1', 'id2')
23:58:10.125 [main] TRACE org.angnysa.autodb.metadata.jdbc.loader.JdbcMetadataLoader - Table loaded:
[!!!org.angnysa.autodb.metadata.jdbc.JdbcTable@e43189c=>java.lang.NullPointerException:Cannot invoke "org.angnysa.autodb.metadata.jdbc.JdbcDatabase.getRelations(org.angnysa.autodb.metadata.jdbc.JdbcTable)" because "this.database" is null!!!]
23:58:10.128 [main] TRACE org.angnysa.autodb.metadata.jdbc.loader.JdbcMetadataLoader - Column loaded: public.test_m2m_rel :: JdbcColumn ab_id1 int4(mandatory, len < 10) 
23:58:10.128 [main] TRACE org.angnysa.autodb.metadata.jdbc.loader.JdbcMetadataLoader - Column loaded: public.test_m2m_rel :: JdbcColumn a_id2 int4(mandatory, len < 10) 
23:58:10.128 [main] TRACE org.angnysa.autodb.metadata.jdbc.loader.JdbcMetadataLoader - Column loaded: public.test_m2m_rel :: JdbcColumn b_id2 int4(mandatory, len < 10) 
23:58:10.130 [main] TRACE org.angnysa.autodb.metadata.jdbc.loader.JdbcMetadataLoader - Index loaded: public.test_m2m_rel :: JdbcUniqueIndex [unique] name: 'pk_test_m2m_rel', columns: ('ab_id1', 'a_id2', 'b_id2')
23:58:10.132 [main] TRACE org.angnysa.autodb.metadata.jdbc.loader.JdbcMetadataLoader - Primary Key loaded: public.test_m2m_rel :: JdbcUniqueIndex [unique] name: 'pk_test_m2m_rel', columns: ('ab_id1', 'a_id2', 'b_id2')
23:58:10.132 [main] TRACE org.angnysa.autodb.metadata.jdbc.loader.JdbcMetadataLoader - Table loaded:
[!!!org.angnysa.autodb.metadata.jdbc.JdbcTable@2fce55d6=>java.lang.NullPointerException:Cannot invoke "org.angnysa.autodb.metadata.jdbc.JdbcDatabase.getRelations(org.angnysa.autodb.metadata.jdbc.JdbcTable)" because "this.database" is null!!!]
]]></system-out>
  </testcase>
  <testcase name="testLoadRelations" classname="org.angnysa.autodb.metadata.jdbc.loader.db.TestJdbcMetadataLoader_Postgresql_96" time="0.082">
    <error type="java.lang.IllegalStateException"><![CDATA[java.lang.IllegalStateException: No table named 'public.test_121_b'
]]></error>
    <system-out><![CDATA[23:58:10.150 [main] DEBUG org.angnysa.autodb.metadata.jdbc.loader.AbstractJdbcMetadataLoaderTester - Target table: TEST_M2M_A
23:58:10.150 [main] DEBUG org.angnysa.autodb.metadata.jdbc.loader.AbstractJdbcMetadataLoaderTester - Expected Relations: [ExpectedRelation(name=FK_TEST_M2M_REL_A, type=ManyToMany, mandatory=false, referencingColumns=[ID1, ID2], referencedTable=TEST_M2M_B, referencedColumns=[ID1, ID2])]
23:58:10.164 [main] TRACE org.angnysa.autodb.metadata.jdbc.loader.JdbcMetadataLoader - Column loaded: public.test_121_a :: JdbcColumn id1 int4(mandatory, len < 10) 
23:58:10.164 [main] TRACE org.angnysa.autodb.metadata.jdbc.loader.JdbcMetadataLoader - Column loaded: public.test_121_a :: JdbcColumn id2 int4(mandatory, len < 10) 
23:58:10.167 [main] TRACE org.angnysa.autodb.metadata.jdbc.loader.JdbcMetadataLoader - Index loaded: public.test_121_a :: JdbcUniqueIndex [unique] name: 'pk_test_121_a', columns: ('id1', 'id2')
23:58:10.169 [main] TRACE org.angnysa.autodb.metadata.jdbc.loader.JdbcMetadataLoader - Primary Key loaded: public.test_121_a :: JdbcUniqueIndex [unique] name: 'pk_test_121_a', columns: ('id1', 'id2')
23:58:10.169 [main] TRACE org.angnysa.autodb.metadata.jdbc.loader.JdbcMetadataLoader - Table loaded:
[!!!org.angnysa.autodb.metadata.jdbc.JdbcTable@4a270796=>java.lang.NullPointerException:Cannot invoke "org.angnysa.autodb.metadata.jdbc.JdbcDatabase.getRelations(org.angnysa.autodb.metadata.jdbc.JdbcTable)" because "this.database" is null!!!]
23:58:10.172 [main] TRACE org.angnysa.autodb.metadata.jdbc.loader.JdbcMetadataLoader - Column loaded: public.test_121_b :: JdbcColumn id1 int4(mandatory, len < 10) 
23:58:10.173 [main] TRACE org.angnysa.autodb.metadata.jdbc.loader.JdbcMetadataLoader - Column loaded: public.test_121_b :: JdbcColumn id2 int4(mandatory, len < 10) 
23:58:10.173 [main] TRACE org.angnysa.autodb.metadata.jdbc.loader.JdbcMetadataLoader - Column loaded: public.test_121_b :: JdbcColumn a_id1 int4(mandatory, len < 10) 
23:58:10.173 [main] TRACE org.angnysa.autodb.metadata.jdbc.loader.JdbcMetadataLoader - Column loaded: public.test_121_b :: JdbcColumn a_id2 int4(mandatory, len < 10) 
23:58:10.175 [main] TRACE org.angnysa.autodb.metadata.jdbc.loader.JdbcMetadataLoader - Index loaded: public.test_121_b :: JdbcUniqueIndex [unique] name: 'pk_test_121_b', columns: ('id1', 'id2')
23:58:10.175 [main] TRACE org.angnysa.autodb.metadata.jdbc.loader.JdbcMetadataLoader - Index loaded: public.test_121_b :: JdbcUniqueIndex [unique] name: 'uk_test_121_b', columns: ('a_id1', 'a_id2')
23:58:10.177 [main] TRACE org.angnysa.autodb.metadata.jdbc.loader.JdbcMetadataLoader - Primary Key loaded: public.test_121_b :: JdbcUniqueIndex [unique] name: 'pk_test_121_b', columns: ('id1', 'id2')
23:58:10.177 [main] TRACE org.angnysa.autodb.metadata.jdbc.loader.JdbcMetadataLoader - Table loaded:
[!!!org.angnysa.autodb.metadata.jdbc.JdbcTable@14df8bee=>java.lang.NullPointerException:Cannot invoke "org.angnysa.autodb.metadata.jdbc.JdbcDatabase.getRelations(org.angnysa.autodb.metadata.jdbc.JdbcTable)" because "this.database" is null!!!]
23:58:10.180 [main] TRACE org.angnysa.autodb.metadata.jdbc.loader.JdbcMetadataLoader - Column loaded: public.test_m21_a :: JdbcColumn id1 int4(mandatory, len < 10) 
23:58:10.181 [main] TRACE org.angnysa.autodb.metadata.jdbc.loader.JdbcMetadataLoader - Column loaded: public.test_m21_a :: JdbcColumn id2 int4(mandatory, len < 10) 
23:58:10.182 [main] TRACE org.angnysa.autodb.metadata.jdbc.loader.JdbcMetadataLoader - Index loaded: public.test_m21_a :: JdbcUniqueIndex [unique] name: 'pk_test_m21_a', columns: ('id1', 'id2')
23:58:10.184 [main] TRACE org.angnysa.autodb.metadata.jdbc.loader.JdbcMetadataLoader - Primary Key loaded: public.test_m21_a :: JdbcUniqueIndex [unique] name: 'pk_test_m21_a', columns: ('id1', 'id2')
23:58:10.185 [main] TRACE org.angnysa.autodb.metadata.jdbc.loader.JdbcMetadataLoader - Table loaded:
[!!!org.angnysa.autodb.metadata.jdbc.JdbcTable@57dcdc14=>java.lang.NullPointerException:Cannot invoke "org.angnysa.autodb.metadata.jdbc.JdbcDatabase.getRelations(org.angnysa.autodb.metadata.jdbc.JdbcTable)" because "this.database" is null!!!]
23:58:10.188 [main] TRACE org.angnysa.autodb.metadata.jdbc.loader.JdbcMetadataLoader - Column loaded: public.test_m21_b :: JdbcColumn id1 int4(mandatory, len < 10) 
23:58:10.188 [main] TRACE org.angnysa.autodb.metadata.jdbc.loader.JdbcMetadataLoader - Column loaded: public.test_m21_b :: JdbcColumn id2 int4(mandatory, len < 10) 
23:58:10.188 [main] TRACE org.angnysa.autodb.metadata.jdbc.loader.JdbcMetadataLoader - Column loaded: public.test_m21_b :: JdbcColumn a_id1 int4(mandatory, len < 10) 
23:58:10.188 [main] TRACE org.angnysa.autodb.metadata.jdbc.loader.JdbcMetadataLoader - Column loaded: public.test_m21_b :: JdbcColumn a_id2 int4(mandatory, len < 10) 
23:58:10.190 [main] TRACE org.angnysa.autodb.metadata.jdbc.loader.JdbcMetadataLoader - Index loaded: public.test_m21_b :: JdbcUniqueIndex [unique] name: 'pk_test_m21_b', columns: ('id1', 'id2')
23:58:10.190 [main] TRACE org.angnysa.autodb.metadata.jdbc.loader.JdbcMetadataLoader - Index loaded: public.test_m21_b :: JdbcIndex [index] name: 'id_test_m21_b_a', columns: ('a_id1', 'a_id2')
23:58:10.192 [main] TRACE org.angnysa.autodb.metadata.jdbc.loader.JdbcMetadataLoader - Primary Key loaded: public.test_m21_b :: JdbcUniqueIndex [unique] name: 'pk_test_m21_b', columns: ('id1', 'id2')
23:58:10.193 [main] TRACE org.angnysa.autodb.metadata.jdbc.loader.JdbcMetadataLoader - Table loaded:
[!!!org.angnysa.autodb.metadata.jdbc.JdbcTable@25607b86=>java.lang.NullPointerException:Cannot invoke "org.angnysa.autodb.metadata.jdbc.JdbcDatabase.getRelations(org.angnysa.autodb.metadata.jdbc.JdbcTable)" because "this.database" is null!!!]
23:58:10.196 [main] TRACE org.angnysa.autodb.metadata.jdbc.loader.JdbcMetadataLoader - Column loaded: public.test_m2m_a :: JdbcColumn id1 int4(mandatory, len < 10) 
23:58:10.196 [main] TRACE org.angnysa.autodb.metadata.jdbc.loader.JdbcMetadataLoader - Column loaded: public.test_m2m_a :: JdbcColumn id2 int4(mandatory, len < 10) 
23:58:10.198 [main] TRACE org.angnysa.autodb.metadata.jdbc.loader.JdbcMetadataLoader - Index loaded: public.test_m2m_a :: JdbcUniqueIndex [unique] name: 'pk_test_m2m_a', columns: ('id1', 'id2')
23:58:10.200 [main] TRACE org.angnysa.autodb.metadata.jdbc.loader.JdbcMetadataLoader - Primary Key loaded: public.test_m2m_a :: JdbcUniqueIndex [unique] name: 'pk_test_m2m_a', columns: ('id1', 'id2')
23:58:10.200 [main] TRACE org.angnysa.autodb.metadata.jdbc.loader.JdbcMetadataLoader - Table loaded:
[!!!org.angnysa.autodb.metadata.jdbc.JdbcTable@5709c30b=>java.lang.NullPointerException:Cannot invoke "org.angnysa.autodb.metadata.jdbc.JdbcDatabase.getRelations(org.angnysa.autodb.metadata.jdbc.JdbcTable)" because "this.database" is null!!!]
23:58:10.203 [main] TRACE org.angnysa.autodb.metadata.jdbc.loader.JdbcMetadataLoader - Column loaded: public.test_m2m_b :: JdbcColumn id1 int4(mandatory, len < 10) 
23:58:10.204 [main] TRACE org.angnysa.autodb.metadata.jdbc.loader.JdbcMetadataLoader - Column loaded: public.test_m2m_b :: JdbcColumn id2 int4(mandatory, len < 10) 
23:58:10.205 [main] TRACE org.angnysa.autodb.metadata.jdbc.loader.JdbcMetadataLoader - Index loaded: public.test_m2m_b :: JdbcUniqueIndex [unique] name: 'pk_test_m2m_b', columns: ('id1', 'id2')
23:58:10.207 [main] TRACE org.angnysa.autodb.metadata.jdbc.loader.JdbcMetadataLoader - Primary Key loaded: public.test_m2m_b :: JdbcUniqueIndex [unique] name: 'pk_test_m2m_b', columns: ('id1', 'id2')
23:58:10.208 [main] TRACE org.angnysa.autodb.metadata.jdbc.loader.JdbcMetadataLoader - Table loaded:
[!!!org.angnysa.autodb.metadata.jdbc.JdbcTable@3fe1a2ff=>java.lang.NullPointerException:Cannot invoke "org.angnysa.autodb.metadata.jdbc.JdbcDatabase.getRelations(org.angnysa.autodb.metadata.jdbc.JdbcTable)" because "this.database" is null!!!]
23:58:10.211 [main] TRACE org.angnysa.autodb.metadata.jdbc.loader.JdbcMetadataLoader - Column loaded: public.test_m2m_rel :: JdbcColumn ab_id1 int4(mandatory, len < 10) 
23:58:10.211 [main] TRACE org.angnysa.autodb.metadata.jdbc.loader.JdbcMetadataLoader - Column loaded: public.test_m2m_rel :: JdbcColumn a_id2 int4(mandatory, len < 10) 
23:58:10.211 [main] TRACE org.angnysa.autodb.metadata.jdbc.loader.JdbcMetadataLoader - Column loaded: public.test_m2m_rel :: JdbcColumn b_id2 int4(mandatory, len < 10) 
23:58:10.213 [main] TRACE org.angnysa.autodb.metadata.jdbc.loader.JdbcMetadataLoader - Index loaded: public.test_m2m_rel :: JdbcUniqueIndex [unique] name: 'pk_test_m2m_rel', columns: ('ab_id1', 'a_id2', 'b_id2')
23:58:10.215 [main] TRACE org.angnysa.autodb.metadata.jdbc.loader.JdbcMetadataLoader - Primary Key loaded: public.test_m2m_rel :: JdbcUniqueIndex [unique] name: 'pk_test_m2m_rel', columns: ('ab_id1', 'a_id2', 'b_id2')
23:58:10.215 [main] TRACE org.angnysa.autodb.metadata.jdbc.loader.JdbcMetadataLoader - Table loaded:
[!!!org.angnysa.autodb.metadata.jdbc.JdbcTable@eecf56b=>java.lang.NullPointerException:Cannot invoke "org.angnysa.autodb.metadata.jdbc.JdbcDatabase.getRelations(org.angnysa.autodb.metadata.jdbc.JdbcTable)" because "this.database" is null!!!]
]]></system-out>
  </testcase>
  <testcase name="testLoadRelations" classname="org.angnysa.autodb.metadata.jdbc.loader.db.TestJdbcMetadataLoader_Postgresql_96" time="0.071">
    <error type="java.lang.IllegalStateException"><![CDATA[java.lang.IllegalStateException: No table named 'public.test_121_b'
]]></error>
    <system-out><![CDATA[23:58:10.232 [main] DEBUG org.angnysa.autodb.metadata.jdbc.loader.AbstractJdbcMetadataLoaderTester - Target table: TEST_M2M_B
23:58:10.232 [main] DEBUG org.angnysa.autodb.metadata.jdbc.loader.AbstractJdbcMetadataLoaderTester - Expected Relations: [ExpectedRelation(name=FK_TEST_M2M_REL_B, type=ManyToMany, mandatory=false, referencingColumns=[ID1, ID2], referencedTable=TEST_M2M_A, referencedColumns=[ID1, ID2])]
23:58:10.246 [main] TRACE org.angnysa.autodb.metadata.jdbc.loader.JdbcMetadataLoader - Column loaded: public.test_121_a :: JdbcColumn id1 int4(mandatory, len < 10) 
23:58:10.246 [main] TRACE org.angnysa.autodb.metadata.jdbc.loader.JdbcMetadataLoader - Column loaded: public.test_121_a :: JdbcColumn id2 int4(mandatory, len < 10) 
23:58:10.248 [main] TRACE org.angnysa.autodb.metadata.jdbc.loader.JdbcMetadataLoader - Index loaded: public.test_121_a :: JdbcUniqueIndex [unique] name: 'pk_test_121_a', columns: ('id1', 'id2')
23:58:10.249 [main] TRACE org.angnysa.autodb.metadata.jdbc.loader.JdbcMetadataLoader - Primary Key loaded: public.test_121_a :: JdbcUniqueIndex [unique] name: 'pk_test_121_a', columns: ('id1', 'id2')
23:58:10.250 [main] TRACE org.angnysa.autodb.metadata.jdbc.loader.JdbcMetadataLoader - Table loaded:
[!!!org.angnysa.autodb.metadata.jdbc.JdbcTable@656605e7=>java.lang.NullPointerException:Cannot invoke "org.angnysa.autodb.metadata.jdbc.JdbcDatabase.getRelations(org.angnysa.autodb.metadata.jdbc.JdbcTable)" because "this.database" is null!!!]
23:58:10.252 [main] TRACE org.angnysa.autodb.metadata.jdbc.loader.JdbcMetadataLoader - Column loaded: public.test_121_b :: JdbcColumn id1 int4(mandatory, len < 10) 
23:58:10.252 [main] TRACE org.angnysa.autodb.metadata.jdbc.loader.JdbcMetadataLoader - Column loaded: public.test_121_b :: JdbcColumn id2 int4(mandatory, len < 10) 
23:58:10.252 [main] TRACE org.angnysa.autodb.metadata.jdbc.loader.JdbcMetadataLoader - Column loaded: public.test_121_b :: JdbcColumn a_id1 int4(mandatory, len < 10) 
23:58:10.252 [main] TRACE org.angnysa.autodb.metadata.jdbc.loader.JdbcMetadataLoader - Column loaded: public.test_121_b :: JdbcColumn a_id2 int4(mandatory, len < 10) 
23:58:10.254 [main] TRACE org.angnysa.autodb.metadata.jdbc.loader.JdbcMetadataLoader - Index loaded: public.test_121_b :: JdbcUniqueIndex [unique] name: 'pk_test_121_b', columns: ('id1', 'id2')
23:58:10.254 [main] TRACE org.angnysa.autodb.metadata.jdbc.loader.JdbcMetadataLoader - Index loaded: public.test_121_b :: JdbcUniqueIndex [unique] name: 'uk_test_121_b', columns: ('a_id1', 'a_id2')
23:58:10.256 [main] TRACE org.angnysa.autodb.metadata.jdbc.loader.JdbcMetadataLoader - Primary Key loaded: public.test_121_b :: JdbcUniqueIndex [unique] name: 'pk_test_121_b', columns: ('id1', 'id2')
23:58:10.256 [main] TRACE org.angnysa.autodb.metadata.jdbc.loader.JdbcMetadataLoader - Table loaded:
[!!!org.angnysa.autodb.metadata.jdbc.JdbcTable@29d8d7a9=>java.lang.NullPointerException:Cannot invoke "org.angnysa.autodb.metadata.jdbc.JdbcDatabase.getRelations(org.angnysa.autodb.metadata.jdbc.JdbcTable)" because "this.database" is null!!!]
23:58:10.259 [main] TRACE org.angnysa.autodb.metadata.jdbc.loader.JdbcMetadataLoader - Column loaded: public.test_m21_a :: JdbcColumn id1 int4(mandatory, len < 10) 
23:58:10.259 [main] TRACE org.angnysa.autodb.metadata.jdbc.loader.JdbcMetadataLoader - Column loaded: public.test_m21_a :: JdbcColumn id2 int4(mandatory, len < 10) 
23:58:10.261 [main] TRACE org.angnysa.autodb.metadata.jdbc.loader.JdbcMetadataLoader - Index loaded: public.test_m21_a :: JdbcUniqueIndex [unique] name: 'pk_test_m21_a', columns: ('id1', 'id2')
23:58:10.262 [main] TRACE org.angnysa.autodb.metadata.jdbc.loader.JdbcMetadataLoader - Primary Key loaded: public.test_m21_a :: JdbcUniqueIndex [unique] name: 'pk_test_m21_a', columns: ('id1', 'id2')
23:58:10.263 [main] TRACE org.angnysa.autodb.metadata.jdbc.loader.JdbcMetadataLoader - Table loaded:
[!!!org.angnysa.autodb.metadata.jdbc.JdbcTable@50798d39=>java.lang.NullPointerException:Cannot invoke "org.angnysa.autodb.metadata.jdbc.JdbcDatabase.getRelations(org.angnysa.autodb.metadata.jdbc.JdbcTable)" because "this.database" is null!!!]
23:58:10.266 [main] TRACE org.angnysa.autodb.metadata.jdbc.loader.JdbcMetadataLoader - Column loaded: public.test_m21_b :: JdbcColumn id1 int4(mandatory, len < 10) 
23:58:10.266 [main] TRACE org.angnysa.autodb.metadata.jdbc.loader.JdbcMetadataLoader - Column loaded: public.test_m21_b :: JdbcColumn id2 int4(mandatory, len < 10) 
23:58:10.266 [main] TRACE org.angnysa.autodb.metadata.jdbc.loader.JdbcMetadataLoader - Column loaded: public.test_m21_b :: JdbcColumn a_id1 int4(mandatory, len < 10) 
23:58:10.266 [main] TRACE org.angnysa.autodb.metadata.jdbc.loader.JdbcMetadataLoader - Column loaded: public.test_m21_b :: JdbcColumn a_id2 int4(mandatory, len < 10) 
23:58:10.268 [main] TRACE org.angnysa.autodb.metadata.jdbc.loader.JdbcMetadataLoader - Index loaded: public.test_m21_b :: JdbcUniqueIndex [unique] name: 'pk_test_m21_b', columns: ('id1', 'id2')
23:58:10.268 [main] TRACE org.angnysa.autodb.metadata.jdbc.loader.JdbcMetadataLoader - Index loaded: public.test_m21_b :: JdbcIndex [index] name: 'id_test_m21_b_a', columns: ('a_id1', 'a_id2')
23:58:10.269 [main] TRACE org.angnysa.autodb.metadata.jdbc.loader.JdbcMetadataLoader - Primary Key loaded: public.test_m21_b :: JdbcUniqueIndex [unique] name: 'pk_test_m21_b', columns: ('id1', 'id2')
23:58:10.270 [main] TRACE org.angnysa.autodb.metadata.jdbc.loader.JdbcMetadataLoader - Table loaded:
[!!!org.angnysa.autodb.metadata.jdbc.JdbcTable@9b8d3db=>java.lang.NullPointerException:Cannot invoke "org.angnysa.autodb.metadata.jdbc.JdbcDatabase.getRelations(org.angnysa.autodb.metadata.jdbc.JdbcTable)" because "this.database" is null!!!]
23:58:10.273 [main] TRACE org.angnysa.autodb.metadata.jdbc.loader.JdbcMetadataLoader - Column loaded: public.test_m2m_a :: JdbcColumn id1 int4(mandatory, len < 10) 
23:58:10.273 [main] TRACE org.angnysa.autodb.metadata.jdbc.loader.JdbcMetadataLoader - Column loaded: public.test_m2m_a :: JdbcColumn id2 int4(mandatory, len < 10) 
23:58:10.275 [main] TRACE org.angnysa.autodb.metadata.jdbc.loader.JdbcMetadataLoader - Index loaded: public.test_m2m_a :: JdbcUniqueIndex [unique] name: 'pk_test_m2m_a', columns: ('id1', 'id2')
23:58:10.276 [main] TRACE org.angnysa.autodb.metadata.jdbc.loader.JdbcMetadataLoader - Primary Key loaded: public.test_m2m_a :: JdbcUniqueIndex [unique] name: 'pk_test_m2m_a', columns: ('id1', 'id2')
23:58:10.277 [main] TRACE org.angnysa.autodb.metadata.jdbc.loader.JdbcMetadataLoader - Table loaded:
[!!!org.angnysa.autodb.metadata.jdbc.JdbcTable@5c24a636=>java.lang.NullPointerException:Cannot invoke "org.angnysa.autodb.metadata.jdbc.JdbcDatabase.getRelations(org.angnysa.autodb.metadata.jdbc.JdbcTable)" because "this.database" is null!!!]
23:58:10.279 [main] TRACE org.angnysa.autodb.metadata.jdbc.loader.JdbcMetadataLoader - Column loaded: public.test_m2m_b :: JdbcColumn id1 int4(mandatory, len < 10) 
23:58:10.280 [main] TRACE org.angnysa.autodb.metadata.jdbc.loader.JdbcMetadataLoader - Column loaded: public.test_m2m_b :: JdbcColumn id2 int4(mandatory, len < 10) 
23:58:10.281 [main] TRACE org.angnysa.autodb.metadata.jdbc.loader.JdbcMetadataLoader - Index loaded: public.test_m2m_b :: JdbcUniqueIndex [unique] name: 'pk_test_m2m_b', columns: ('id1', 'id2')
23:58:10.283 [main] TRACE org.angnysa.autodb.metadata.jdbc.loader.JdbcMetadataLoader - Primary Key loaded: public.test_m2m_b :: JdbcUniqueIndex [unique] name: 'pk_test_m2m_b', columns: ('id1', 'id2')
23:58:10.283 [main] TRACE org.angnysa.autodb.metadata.jdbc.loader.JdbcMetadataLoader - Table loaded:
[!!!org.angnysa.autodb.metadata.jdbc.JdbcTable@332e4784=>java.lang.NullPointerException:Cannot invoke "org.angnysa.autodb.metadata.jdbc.JdbcDatabase.getRelations(org.angnysa.autodb.metadata.jdbc.JdbcTable)" because "this.database" is null!!!]
23:58:10.286 [main] TRACE org.angnysa.autodb.metadata.jdbc.loader.JdbcMetadataLoader - Column loaded: public.test_m2m_rel :: JdbcColumn ab_id1 int4(mandatory, len < 10) 
23:58:10.286 [main] TRACE org.angnysa.autodb.metadata.jdbc.loader.JdbcMetadataLoader - Column loaded: public.test_m2m_rel :: JdbcColumn a_id2 int4(mandatory, len < 10) 
23:58:10.286 [main] TRACE org.angnysa.autodb.metadata.jdbc.loader.JdbcMetadataLoader - Column loaded: public.test_m2m_rel :: JdbcColumn b_id2 int4(mandatory, len < 10) 
23:58:10.288 [main] TRACE org.angnysa.autodb.metadata.jdbc.loader.JdbcMetadataLoader - Index loaded: public.test_m2m_rel :: JdbcUniqueIndex [unique] name: 'pk_test_m2m_rel', columns: ('ab_id1', 'a_id2', 'b_id2')
23:58:10.289 [main] TRACE org.angnysa.autodb.metadata.jdbc.loader.JdbcMetadataLoader - Primary Key loaded: public.test_m2m_rel :: JdbcUniqueIndex [unique] name: 'pk_test_m2m_rel', columns: ('ab_id1', 'a_id2', 'b_id2')
23:58:10.290 [main] TRACE org.angnysa.autodb.metadata.jdbc.loader.JdbcMetadataLoader - Table loaded:
[!!!org.angnysa.autodb.metadata.jdbc.JdbcTable@2f22049d=>java.lang.NullPointerException:Cannot invoke "org.angnysa.autodb.metadata.jdbc.JdbcDatabase.getRelations(org.angnysa.autodb.metadata.jdbc.JdbcTable)" because "this.database" is null!!!]
]]></system-out>
  </testcase>
  <testcase name="testLoadRelations" classname="org.angnysa.autodb.metadata.jdbc.loader.db.TestJdbcMetadataLoader_Postgresql_96" time="0.077">
    <error type="java.lang.IllegalStateException"><![CDATA[java.lang.IllegalStateException: No table named 'public.test_121_b'
]]></error>
    <system-out><![CDATA[23:58:10.304 [main] DEBUG org.angnysa.autodb.metadata.jdbc.loader.AbstractJdbcMetadataLoaderTester - Target table: TEST_M2M_REL
23:58:10.304 [main] DEBUG org.angnysa.autodb.metadata.jdbc.loader.AbstractJdbcMetadataLoaderTester - Expected Relations: []
23:58:10.317 [main] TRACE org.angnysa.autodb.metadata.jdbc.loader.JdbcMetadataLoader - Column loaded: public.test_121_a :: JdbcColumn id1 int4(mandatory, len < 10) 
23:58:10.317 [main] TRACE org.angnysa.autodb.metadata.jdbc.loader.JdbcMetadataLoader - Column loaded: public.test_121_a :: JdbcColumn id2 int4(mandatory, len < 10) 
23:58:10.320 [main] TRACE org.angnysa.autodb.metadata.jdbc.loader.JdbcMetadataLoader - Index loaded: public.test_121_a :: JdbcUniqueIndex [unique] name: 'pk_test_121_a', columns: ('id1', 'id2')
23:58:10.322 [main] TRACE org.angnysa.autodb.metadata.jdbc.loader.JdbcMetadataLoader - Primary Key loaded: public.test_121_a :: JdbcUniqueIndex [unique] name: 'pk_test_121_a', columns: ('id1', 'id2')
23:58:10.322 [main] TRACE org.angnysa.autodb.metadata.jdbc.loader.JdbcMetadataLoader - Table loaded:
[!!!org.angnysa.autodb.metadata.jdbc.JdbcTable@58f45557=>java.lang.NullPointerException:Cannot invoke "org.angnysa.autodb.metadata.jdbc.JdbcDatabase.getRelations(org.angnysa.autodb.metadata.jdbc.JdbcTable)" because "this.database" is null!!!]
23:58:10.325 [main] TRACE org.angnysa.autodb.metadata.jdbc.loader.JdbcMetadataLoader - Column loaded: public.test_121_b :: JdbcColumn id1 int4(mandatory, len < 10) 
23:58:10.325 [main] TRACE org.angnysa.autodb.metadata.jdbc.loader.JdbcMetadataLoader - Column loaded: public.test_121_b :: JdbcColumn id2 int4(mandatory, len < 10) 
23:58:10.325 [main] TRACE org.angnysa.autodb.metadata.jdbc.loader.JdbcMetadataLoader - Column loaded: public.test_121_b :: JdbcColumn a_id1 int4(mandatory, len < 10) 
23:58:10.326 [main] TRACE org.angnysa.autodb.metadata.jdbc.loader.JdbcMetadataLoader - Column loaded: public.test_121_b :: JdbcColumn a_id2 int4(mandatory, len < 10) 
23:58:10.328 [main] TRACE org.angnysa.autodb.metadata.jdbc.loader.JdbcMetadataLoader - Index loaded: public.test_121_b :: JdbcUniqueIndex [unique] name: 'pk_test_121_b', columns: ('id1', 'id2')
23:58:10.328 [main] TRACE org.angnysa.autodb.metadata.jdbc.loader.JdbcMetadataLoader - Index loaded: public.test_121_b :: JdbcUniqueIndex [unique] name: 'uk_test_121_b', columns: ('a_id1', 'a_id2')
23:58:10.329 [main] TRACE org.angnysa.autodb.metadata.jdbc.loader.JdbcMetadataLoader - Primary Key loaded: public.test_121_b :: JdbcUniqueIndex [unique] name: 'pk_test_121_b', columns: ('id1', 'id2')
23:58:10.330 [main] TRACE org.angnysa.autodb.metadata.jdbc.loader.JdbcMetadataLoader - Table loaded:
[!!!org.angnysa.autodb.metadata.jdbc.JdbcTable@674db438=>java.lang.NullPointerException:Cannot invoke "org.angnysa.autodb.metadata.jdbc.JdbcDatabase.getRelations(org.angnysa.autodb.metadata.jdbc.JdbcTable)" because "this.database" is null!!!]
23:58:10.333 [main] TRACE org.angnysa.autodb.metadata.jdbc.loader.JdbcMetadataLoader - Column loaded: public.test_m21_a :: JdbcColumn id1 int4(mandatory, len < 10) 
23:58:10.333 [main] TRACE org.angnysa.autodb.metadata.jdbc.loader.JdbcMetadataLoader - Column loaded: public.test_m21_a :: JdbcColumn id2 int4(mandatory, len < 10) 
23:58:10.335 [main] TRACE org.angnysa.autodb.metadata.jdbc.loader.JdbcMetadataLoader - Index loaded: public.test_m21_a :: JdbcUniqueIndex [unique] name: 'pk_test_m21_a', columns: ('id1', 'id2')
23:58:10.337 [main] TRACE org.angnysa.autodb.metadata.jdbc.loader.JdbcMetadataLoader - Primary Key loaded: public.test_m21_a :: JdbcUniqueIndex [unique] name: 'pk_test_m21_a', columns: ('id1', 'id2')
23:58:10.337 [main] TRACE org.angnysa.autodb.metadata.jdbc.loader.JdbcMetadataLoader - Table loaded:
[!!!org.angnysa.autodb.metadata.jdbc.JdbcTable@5e5af20c=>java.lang.NullPointerException:Cannot invoke "org.angnysa.autodb.metadata.jdbc.JdbcDatabase.getRelations(org.angnysa.autodb.metadata.jdbc.JdbcTable)" because "this.database" is null!!!]
23:58:10.340 [main] TRACE org.angnysa.autodb.metadata.jdbc.loader.JdbcMetadataLoader - Column loaded: public.test_m21_b :: JdbcColumn id1 int4(mandatory, len < 10) 
23:58:10.340 [main] TRACE org.angnysa.autodb.metadata.jdbc.loader.JdbcMetadataLoader - Column loaded: public.test_m21_b :: JdbcColumn id2 int4(mandatory, len < 10) 
23:58:10.340 [main] TRACE org.angnysa.autodb.metadata.jdbc.loader.JdbcMetadataLoader - Column loaded: public.test_m21_b :: JdbcColumn a_id1 int4(mandatory, len < 10) 
23:58:10.340 [main] TRACE org.angnysa.autodb.metadata.jdbc.loader.JdbcMetadataLoader - Column loaded: public.test_m21_b :: JdbcColumn a_id2 int4(mandatory, len < 10) 
23:58:10.342 [main] TRACE org.angnysa.autodb.metadata.jdbc.loader.JdbcMetadataLoader - Index loaded: public.test_m21_b :: JdbcUniqueIndex [unique] name: 'pk_test_m21_b', columns: ('id1', 'id2')
23:58:10.342 [main] TRACE org.angnysa.autodb.metadata.jdbc.loader.JdbcMetadataLoader - Index loaded: public.test_m21_b :: JdbcIndex [index] name: 'id_test_m21_b_a', columns: ('a_id1', 'a_id2')
23:58:10.344 [main] TRACE org.angnysa.autodb.metadata.jdbc.loader.JdbcMetadataLoader - Primary Key loaded: public.test_m21_b :: JdbcUniqueIndex [unique] name: 'pk_test_m21_b', columns: ('id1', 'id2')
23:58:10.344 [main] TRACE org.angnysa.autodb.metadata.jdbc.loader.JdbcMetadataLoader - Table loaded:
[!!!org.angnysa.autodb.metadata.jdbc.JdbcTable@7e41e1e4=>java.lang.NullPointerException:Cannot invoke "org.angnysa.autodb.metadata.jdbc.JdbcDatabase.getRelations(org.angnysa.autodb.metadata.jdbc.JdbcTable)" because "this.database" is null!!!]
23:58:10.347 [main] TRACE org.angnysa.autodb.metadata.jdbc.loader.JdbcMetadataLoader - Column loaded: public.test_m2m_a :: JdbcColumn id1 int4(mandatory, len < 10) 
23:58:10.347 [main] TRACE org.angnysa.autodb.metadata.jdbc.loader.JdbcMetadataLoader - Column loaded: public.test_m2m_a :: JdbcColumn id2 int4(mandatory, len < 10) 
23:58:10.349 [main] TRACE org.angnysa.autodb.metadata.jdbc.loader.JdbcMetadataLoader - Index loaded: public.test_m2m_a :: JdbcUniqueIndex [unique] name: 'pk_test_m2m_a', columns: ('id1', 'id2')
23:58:10.351 [main] TRACE org.angnysa.autodb.metadata.jdbc.loader.JdbcMetadataLoader - Primary Key loaded: public.test_m2m_a :: JdbcUniqueIndex [unique] name: 'pk_test_m2m_a', columns: ('id1', 'id2')
23:58:10.351 [main] TRACE org.angnysa.autodb.metadata.jdbc.loader.JdbcMetadataLoader - Table loaded:
[!!!org.angnysa.autodb.metadata.jdbc.JdbcTable@4e55d96=>java.lang.NullPointerException:Cannot invoke "org.angnysa.autodb.metadata.jdbc.JdbcDatabase.getRelations(org.angnysa.autodb.metadata.jdbc.JdbcTable)" because "this.database" is null!!!]
23:58:10.354 [main] TRACE org.angnysa.autodb.metadata.jdbc.loader.JdbcMetadataLoader - Column loaded: public.test_m2m_b :: JdbcColumn id1 int4(mandatory, len < 10) 
23:58:10.354 [main] TRACE org.angnysa.autodb.metadata.jdbc.loader.JdbcMetadataLoader - Column loaded: public.test_m2m_b :: JdbcColumn id2 int4(mandatory, len < 10) 
23:58:10.356 [main] TRACE org.angnysa.autodb.metadata.jdbc.loader.JdbcMetadataLoader - Index loaded: public.test_m2m_b :: JdbcUniqueIndex [unique] name: 'pk_test_m2m_b', columns: ('id1', 'id2')
23:58:10.357 [main] TRACE org.angnysa.autodb.metadata.jdbc.loader.JdbcMetadataLoader - Primary Key loaded: public.test_m2m_b :: JdbcUniqueIndex [unique] name: 'pk_test_m2m_b', columns: ('id1', 'id2')
23:58:10.358 [main] TRACE org.angnysa.autodb.metadata.jdbc.loader.JdbcMetadataLoader - Table loaded:
[!!!org.angnysa.autodb.metadata.jdbc.JdbcTable@e83d546=>java.lang.NullPointerException:Cannot invoke "org.angnysa.autodb.metadata.jdbc.JdbcDatabase.getRelations(org.angnysa.autodb.metadata.jdbc.JdbcTable)" because "this.database" is null!!!]
23:58:10.361 [main] TRACE org.angnysa.autodb.metadata.jdbc.loader.JdbcMetadataLoader - Column loaded: public.test_m2m_rel :: JdbcColumn ab_id1 int4(mandatory, len < 10) 
23:58:10.361 [main] TRACE org.angnysa.autodb.metadata.jdbc.loader.JdbcMetadataLoader - Column loaded: public.test_m2m_rel :: JdbcColumn a_id2 int4(mandatory, len < 10) 
23:58:10.361 [main] TRACE org.angnysa.autodb.metadata.jdbc.loader.JdbcMetadataLoader - Column loaded: public.test_m2m_rel :: JdbcColumn b_id2 int4(mandatory, len < 10) 
23:58:10.363 [main] TRACE org.angnysa.autodb.metadata.jdbc.loader.JdbcMetadataLoader - Index loaded: public.test_m2m_rel :: JdbcUniqueIndex [unique] name: 'pk_test_m2m_rel', columns: ('ab_id1', 'a_id2', 'b_id2')
23:58:10.364 [main] TRACE org.angnysa.autodb.metadata.jdbc.loader.JdbcMetadataLoader - Primary Key loaded: public.test_m2m_rel :: JdbcUniqueIndex [unique] name: 'pk_test_m2m_rel', columns: ('ab_id1', 'a_id2', 'b_id2')
23:58:10.364 [main] TRACE org.angnysa.autodb.metadata.jdbc.loader.JdbcMetadataLoader - Table loaded:
[!!!org.angnysa.autodb.metadata.jdbc.JdbcTable@7408c08=>java.lang.NullPointerException:Cannot invoke "org.angnysa.autodb.metadata.jdbc.JdbcDatabase.getRelations(org.angnysa.autodb.metadata.jdbc.JdbcTable)" because "this.database" is null!!!]
]]></system-out>
  </testcase>
  <testcase name="testLoadTables" classname="org.angnysa.autodb.metadata.jdbc.loader.db.TestJdbcMetadataLoader_Postgresql_96" time="0.063">
    <failure type="org.opentest4j.AssertionFailedError"><![CDATA[org.opentest4j.AssertionFailedError: expected: <TEST_121_A> but was: <test_121_a>
]]></failure>
    <system-out><![CDATA[23:58:10.391 [main] DEBUG org.angnysa.autodb.metadata.jdbc.loader.AbstractJdbcMetadataLoaderTester - Using database: PostgreSQL 9.6.22, driver: PostgreSQL JDBC Driver 42.2.20, default catalog: 'test', default schema: 'public'
23:58:10.405 [main] TRACE org.angnysa.autodb.metadata.jdbc.loader.JdbcMetadataLoader - Column loaded: public.test_121_a :: JdbcColumn id1 int4(mandatory, len < 10) 
23:58:10.405 [main] TRACE org.angnysa.autodb.metadata.jdbc.loader.JdbcMetadataLoader - Column loaded: public.test_121_a :: JdbcColumn id2 int4(mandatory, len < 10) 
23:58:10.408 [main] TRACE org.angnysa.autodb.metadata.jdbc.loader.JdbcMetadataLoader - Index loaded: public.test_121_a :: JdbcUniqueIndex [unique] name: 'pk_test_121_a', columns: ('id1', 'id2')
23:58:10.410 [main] TRACE org.angnysa.autodb.metadata.jdbc.loader.JdbcMetadataLoader - Primary Key loaded: public.test_121_a :: JdbcUniqueIndex [unique] name: 'pk_test_121_a', columns: ('id1', 'id2')
23:58:10.410 [main] TRACE org.angnysa.autodb.metadata.jdbc.loader.JdbcMetadataLoader - Table loaded:
[!!!org.angnysa.autodb.metadata.jdbc.JdbcTable@452d9887=>java.lang.NullPointerException:Cannot invoke "org.angnysa.autodb.metadata.jdbc.JdbcDatabase.getRelations(org.angnysa.autodb.metadata.jdbc.JdbcTable)" because "this.database" is null!!!]
23:58:10.413 [main] TRACE org.angnysa.autodb.metadata.jdbc.loader.JdbcMetadataLoader - Column loaded: public.test_121_b :: JdbcColumn id1 int4(mandatory, len < 10) 
23:58:10.413 [main] TRACE org.angnysa.autodb.metadata.jdbc.loader.JdbcMetadataLoader - Column loaded: public.test_121_b :: JdbcColumn id2 int4(mandatory, len < 10) 
23:58:10.413 [main] TRACE org.angnysa.autodb.metadata.jdbc.loader.JdbcMetadataLoader - Column loaded: public.test_121_b :: JdbcColumn a_id1 int4(mandatory, len < 10) 
23:58:10.413 [main] TRACE org.angnysa.autodb.metadata.jdbc.loader.JdbcMetadataLoader - Column loaded: public.test_121_b :: JdbcColumn a_id2 int4(mandatory, len < 10) 
23:58:10.415 [main] TRACE org.angnysa.autodb.metadata.jdbc.loader.JdbcMetadataLoader - Index loaded: public.test_121_b :: JdbcUniqueIndex [unique] name: 'pk_test_121_b', columns: ('id1', 'id2')
23:58:10.416 [main] TRACE org.angnysa.autodb.metadata.jdbc.loader.JdbcMetadataLoader - Index loaded: public.test_121_b :: JdbcUniqueIndex [unique] name: 'uk_test_121_b', columns: ('a_id1', 'a_id2')
23:58:10.417 [main] TRACE org.angnysa.autodb.metadata.jdbc.loader.JdbcMetadataLoader - Primary Key loaded: public.test_121_b :: JdbcUniqueIndex [unique] name: 'pk_test_121_b', columns: ('id1', 'id2')
23:58:10.418 [main] TRACE org.angnysa.autodb.metadata.jdbc.loader.JdbcMetadataLoader - Table loaded:
[!!!org.angnysa.autodb.metadata.jdbc.JdbcTable@5aa16232=>java.lang.NullPointerException:Cannot invoke "org.angnysa.autodb.metadata.jdbc.JdbcDatabase.getRelations(org.angnysa.autodb.metadata.jdbc.JdbcTable)" because "this.database" is null!!!]
23:58:10.421 [main] TRACE org.angnysa.autodb.metadata.jdbc.loader.JdbcMetadataLoader - Column loaded: public.test_m21_a :: JdbcColumn id1 int4(mandatory, len < 10) 
23:58:10.421 [main] TRACE org.angnysa.autodb.metadata.jdbc.loader.JdbcMetadataLoader - Column loaded: public.test_m21_a :: JdbcColumn id2 int4(mandatory, len < 10) 
23:58:10.423 [main] TRACE org.angnysa.autodb.metadata.jdbc.loader.JdbcMetadataLoader - Index loaded: public.test_m21_a :: JdbcUniqueIndex [unique] name: 'pk_test_m21_a', columns: ('id1', 'id2')
23:58:10.425 [main] TRACE org.angnysa.autodb.metadata.jdbc.loader.JdbcMetadataLoader - Primary Key loaded: public.test_m21_a :: JdbcUniqueIndex [unique] name: 'pk_test_m21_a', columns: ('id1', 'id2')
23:58:10.425 [main] TRACE org.angnysa.autodb.metadata.jdbc.loader.JdbcMetadataLoader - Table loaded:
[!!!org.angnysa.autodb.metadata.jdbc.JdbcTable@1b7708d9=>java.lang.NullPointerException:Cannot invoke "org.angnysa.autodb.metadata.jdbc.JdbcDatabase.getRelations(org.angnysa.autodb.metadata.jdbc.JdbcTable)" because "this.database" is null!!!]
23:58:10.428 [main] TRACE org.angnysa.autodb.metadata.jdbc.loader.JdbcMetadataLoader - Column loaded: public.test_m21_b :: JdbcColumn id1 int4(mandatory, len < 10) 
23:58:10.428 [main] TRACE org.angnysa.autodb.metadata.jdbc.loader.JdbcMetadataLoader - Column loaded: public.test_m21_b :: JdbcColumn id2 int4(mandatory, len < 10) 
23:58:10.428 [main] TRACE org.angnysa.autodb.metadata.jdbc.loader.JdbcMetadataLoader - Column loaded: public.test_m21_b :: JdbcColumn a_id1 int4(mandatory, len < 10) 
23:58:10.428 [main] TRACE org.angnysa.autodb.metadata.jdbc.loader.JdbcMetadataLoader - Column loaded: public.test_m21_b :: JdbcColumn a_id2 int4(mandatory, len < 10) 
23:58:10.430 [main] TRACE org.angnysa.autodb.metadata.jdbc.loader.JdbcMetadataLoader - Index loaded: public.test_m21_b :: JdbcUniqueIndex [unique] name: 'pk_test_m21_b', columns: ('id1', 'id2')
23:58:10.430 [main] TRACE org.angnysa.autodb.metadata.jdbc.loader.JdbcMetadataLoader - Index loaded: public.test_m21_b :: JdbcIndex [index] name: 'id_test_m21_b_a', columns: ('a_id1', 'a_id2')
23:58:10.432 [main] TRACE org.angnysa.autodb.metadata.jdbc.loader.JdbcMetadataLoader - Primary Key loaded: public.test_m21_b :: JdbcUniqueIndex [unique] name: 'pk_test_m21_b', columns: ('id1', 'id2')
23:58:10.433 [main] TRACE org.angnysa.autodb.metadata.jdbc.loader.JdbcMetadataLoader - Table loaded:
[!!!org.angnysa.autodb.metadata.jdbc.JdbcTable@4630c2e5=>java.lang.NullPointerException:Cannot invoke "org.angnysa.autodb.metadata.jdbc.JdbcDatabase.getRelations(org.angnysa.autodb.metadata.jdbc.JdbcTable)" because "this.database" is null!!!]
23:58:10.436 [main] TRACE org.angnysa.autodb.metadata.jdbc.loader.JdbcMetadataLoader - Column loaded: public.test_m2m_a :: JdbcColumn id1 int4(mandatory, len < 10) 
23:58:10.436 [main] TRACE org.angnysa.autodb.metadata.jdbc.loader.JdbcMetadataLoader - Column loaded: public.test_m2m_a :: JdbcColumn id2 int4(mandatory, len < 10) 
23:58:10.438 [main] TRACE org.angnysa.autodb.metadata.jdbc.loader.JdbcMetadataLoader - Index loaded: public.test_m2m_a :: JdbcUniqueIndex [unique] name: 'pk_test_m2m_a', columns: ('id1', 'id2')
23:58:10.440 [main] TRACE org.angnysa.autodb.metadata.jdbc.loader.JdbcMetadataLoader - Primary Key loaded: public.test_m2m_a :: JdbcUniqueIndex [unique] name: 'pk_test_m2m_a', columns: ('id1', 'id2')
23:58:10.440 [main] TRACE org.angnysa.autodb.metadata.jdbc.loader.JdbcMetadataLoader - Table loaded:
[!!!org.angnysa.autodb.metadata.jdbc.JdbcTable@6ff08304=>java.lang.NullPointerException:Cannot invoke "org.angnysa.autodb.metadata.jdbc.JdbcDatabase.getRelations(org.angnysa.autodb.metadata.jdbc.JdbcTable)" because "this.database" is null!!!]
23:58:10.443 [main] TRACE org.angnysa.autodb.metadata.jdbc.loader.JdbcMetadataLoader - Column loaded: public.test_m2m_b :: JdbcColumn id1 int4(mandatory, len < 10) 
23:58:10.443 [main] TRACE org.angnysa.autodb.metadata.jdbc.loader.JdbcMetadataLoader - Column loaded: public.test_m2m_b :: JdbcColumn id2 int4(mandatory, len < 10) 
23:58:10.445 [main] TRACE org.angnysa.autodb.metadata.jdbc.loader.JdbcMetadataLoader - Index loaded: public.test_m2m_b :: JdbcUniqueIndex [unique] name: 'pk_test_m2m_b', columns: ('id1', 'id2')
23:58:10.446 [main] TRACE org.angnysa.autodb.metadata.jdbc.loader.JdbcMetadataLoader - Primary Key loaded: public.test_m2m_b :: JdbcUniqueIndex [unique] name: 'pk_test_m2m_b', columns: ('id1', 'id2')
23:58:10.447 [main] TRACE org.angnysa.autodb.metadata.jdbc.loader.JdbcMetadataLoader - Table loaded:
[!!!org.angnysa.autodb.metadata.jdbc.JdbcTable@3e11cc3a=>java.lang.NullPointerException:Cannot invoke "org.angnysa.autodb.metadata.jdbc.JdbcDatabase.getRelations(org.angnysa.autodb.metadata.jdbc.JdbcTable)" because "this.database" is null!!!]
23:58:10.450 [main] TRACE org.angnysa.autodb.metadata.jdbc.loader.JdbcMetadataLoader - Column loaded: public.test_m2m_rel :: JdbcColumn ab_id1 int4(mandatory, len < 10) 
23:58:10.450 [main] TRACE org.angnysa.autodb.metadata.jdbc.loader.JdbcMetadataLoader - Column loaded: public.test_m2m_rel :: JdbcColumn a_id2 int4(mandatory, len < 10) 
23:58:10.450 [main] TRACE org.angnysa.autodb.metadata.jdbc.loader.JdbcMetadataLoader - Column loaded: public.test_m2m_rel :: JdbcColumn b_id2 int4(mandatory, len < 10) 
23:58:10.452 [main] TRACE org.angnysa.autodb.metadata.jdbc.loader.JdbcMetadataLoader - Index loaded: public.test_m2m_rel :: JdbcUniqueIndex [unique] name: 'pk_test_m2m_rel', columns: ('ab_id1', 'a_id2', 'b_id2')
23:58:10.453 [main] TRACE org.angnysa.autodb.metadata.jdbc.loader.JdbcMetadataLoader - Primary Key loaded: public.test_m2m_rel :: JdbcUniqueIndex [unique] name: 'pk_test_m2m_rel', columns: ('ab_id1', 'a_id2', 'b_id2')
23:58:10.454 [main] TRACE org.angnysa.autodb.metadata.jdbc.loader.JdbcMetadataLoader - Table loaded:
[!!!org.angnysa.autodb.metadata.jdbc.JdbcTable@1d033ae1=>java.lang.NullPointerException:Cannot invoke "org.angnysa.autodb.metadata.jdbc.JdbcDatabase.getRelations(org.angnysa.autodb.metadata.jdbc.JdbcTable)" because "this.database" is null!!!]
]]></system-out>
  </testcase>
  <testcase name="testLoadTables" classname="org.angnysa.autodb.metadata.jdbc.loader.db.TestJdbcMetadataLoader_Postgresql_96" time="0.065">
    <failure type="org.opentest4j.AssertionFailedError"><![CDATA[org.opentest4j.AssertionFailedError: expected: <TEST_121_B> but was: <test_121_b>
]]></failure>
    <system-out><![CDATA[23:58:10.475 [main] TRACE org.angnysa.autodb.metadata.jdbc.loader.JdbcMetadataLoader - Column loaded: public.test_121_a :: JdbcColumn id1 int4(mandatory, len < 10) 
23:58:10.475 [main] TRACE org.angnysa.autodb.metadata.jdbc.loader.JdbcMetadataLoader - Column loaded: public.test_121_a :: JdbcColumn id2 int4(mandatory, len < 10) 
23:58:10.477 [main] TRACE org.angnysa.autodb.metadata.jdbc.loader.JdbcMetadataLoader - Index loaded: public.test_121_a :: JdbcUniqueIndex [unique] name: 'pk_test_121_a', columns: ('id1', 'id2')
23:58:10.479 [main] TRACE org.angnysa.autodb.metadata.jdbc.loader.JdbcMetadataLoader - Primary Key loaded: public.test_121_a :: JdbcUniqueIndex [unique] name: 'pk_test_121_a', columns: ('id1', 'id2')
23:58:10.479 [main] TRACE org.angnysa.autodb.metadata.jdbc.loader.JdbcMetadataLoader - Table loaded:
[!!!org.angnysa.autodb.metadata.jdbc.JdbcTable@1786e7a5=>java.lang.NullPointerException:Cannot invoke "org.angnysa.autodb.metadata.jdbc.JdbcDatabase.getRelations(org.angnysa.autodb.metadata.jdbc.JdbcTable)" because "this.database" is null!!!]
23:58:10.482 [main] TRACE org.angnysa.autodb.metadata.jdbc.loader.JdbcMetadataLoader - Column loaded: public.test_121_b :: JdbcColumn id1 int4(mandatory, len < 10) 
23:58:10.482 [main] TRACE org.angnysa.autodb.metadata.jdbc.loader.JdbcMetadataLoader - Column loaded: public.test_121_b :: JdbcColumn id2 int4(mandatory, len < 10) 
23:58:10.483 [main] TRACE org.angnysa.autodb.metadata.jdbc.loader.JdbcMetadataLoader - Column loaded: public.test_121_b :: JdbcColumn a_id1 int4(mandatory, len < 10) 
23:58:10.483 [main] TRACE org.angnysa.autodb.metadata.jdbc.loader.JdbcMetadataLoader - Column loaded: public.test_121_b :: JdbcColumn a_id2 int4(mandatory, len < 10) 
23:58:10.484 [main] TRACE org.angnysa.autodb.metadata.jdbc.loader.JdbcMetadataLoader - Index loaded: public.test_121_b :: JdbcUniqueIndex [unique] name: 'pk_test_121_b', columns: ('id1', 'id2')
23:58:10.484 [main] TRACE org.angnysa.autodb.metadata.jdbc.loader.JdbcMetadataLoader - Index loaded: public.test_121_b :: JdbcUniqueIndex [unique] name: 'uk_test_121_b', columns: ('a_id1', 'a_id2')
23:58:10.486 [main] TRACE org.angnysa.autodb.metadata.jdbc.loader.JdbcMetadataLoader - Primary Key loaded: public.test_121_b :: JdbcUniqueIndex [unique] name: 'pk_test_121_b', columns: ('id1', 'id2')
23:58:10.486 [main] TRACE org.angnysa.autodb.metadata.jdbc.loader.JdbcMetadataLoader - Table loaded:
[!!!org.angnysa.autodb.metadata.jdbc.JdbcTable@7bdfd631=>java.lang.NullPointerException:Cannot invoke "org.angnysa.autodb.metadata.jdbc.JdbcDatabase.getRelations(org.angnysa.autodb.metadata.jdbc.JdbcTable)" because "this.database" is null!!!]
23:58:10.489 [main] TRACE org.angnysa.autodb.metadata.jdbc.loader.JdbcMetadataLoader - Column loaded: public.test_m21_a :: JdbcColumn id1 int4(mandatory, len < 10) 
23:58:10.489 [main] TRACE org.angnysa.autodb.metadata.jdbc.loader.JdbcMetadataLoader - Column loaded: public.test_m21_a :: JdbcColumn id2 int4(mandatory, len < 10) 
23:58:10.491 [main] TRACE org.angnysa.autodb.metadata.jdbc.loader.JdbcMetadataLoader - Index loaded: public.test_m21_a :: JdbcUniqueIndex [unique] name: 'pk_test_m21_a', columns: ('id1', 'id2')
23:58:10.493 [main] TRACE org.angnysa.autodb.metadata.jdbc.loader.JdbcMetadataLoader - Primary Key loaded: public.test_m21_a :: JdbcUniqueIndex [unique] name: 'pk_test_m21_a', columns: ('id1', 'id2')
23:58:10.493 [main] TRACE org.angnysa.autodb.metadata.jdbc.loader.JdbcMetadataLoader - Table loaded:
[!!!org.angnysa.autodb.metadata.jdbc.JdbcTable@78f9b1ec=>java.lang.NullPointerException:Cannot invoke "org.angnysa.autodb.metadata.jdbc.JdbcDatabase.getRelations(org.angnysa.autodb.metadata.jdbc.JdbcTable)" because "this.database" is null!!!]
23:58:10.496 [main] TRACE org.angnysa.autodb.metadata.jdbc.loader.JdbcMetadataLoader - Column loaded: public.test_m21_b :: JdbcColumn id1 int4(mandatory, len < 10) 
23:58:10.496 [main] TRACE org.angnysa.autodb.metadata.jdbc.loader.JdbcMetadataLoader - Column loaded: public.test_m21_b :: JdbcColumn id2 int4(mandatory, len < 10) 
23:58:10.496 [main] TRACE org.angnysa.autodb.metadata.jdbc.loader.JdbcMetadataLoader - Column loaded: public.test_m21_b :: JdbcColumn a_id1 int4(mandatory, len < 10) 
23:58:10.496 [main] TRACE org.angnysa.autodb.metadata.jdbc.loader.JdbcMetadataLoader - Column loaded: public.test_m21_b :: JdbcColumn a_id2 int4(mandatory, len < 10) 
23:58:10.498 [main] TRACE org.angnysa.autodb.metadata.jdbc.loader.JdbcMetadataLoader - Index loaded: public.test_m21_b :: JdbcUniqueIndex [unique] name: 'pk_test_m21_b', columns: ('id1', 'id2')
23:58:10.498 [main] TRACE org.angnysa.autodb.metadata.jdbc.loader.JdbcMetadataLoader - Index loaded: public.test_m21_b :: JdbcIndex [index] name: 'id_test_m21_b_a', columns: ('a_id1', 'a_id2')
23:58:10.500 [main] TRACE org.angnysa.autodb.metadata.jdbc.loader.JdbcMetadataLoader - Primary Key loaded: public.test_m21_b :: JdbcUniqueIndex [unique] name: 'pk_test_m21_b', columns: ('id1', 'id2')
23:58:10.500 [main] TRACE org.angnysa.autodb.metadata.jdbc.loader.JdbcMetadataLoader - Table loaded:
[!!!org.angnysa.autodb.metadata.jdbc.JdbcTable@10e7192=>java.lang.NullPointerException:Cannot invoke "org.angnysa.autodb.metadata.jdbc.JdbcDatabase.getRelations(org.angnysa.autodb.metadata.jdbc.JdbcTable)" because "this.database" is null!!!]
23:58:10.503 [main] TRACE org.angnysa.autodb.metadata.jdbc.loader.JdbcMetadataLoader - Column loaded: public.test_m2m_a :: JdbcColumn id1 int4(mandatory, len < 10) 
23:58:10.503 [main] TRACE org.angnysa.autodb.metadata.jdbc.loader.JdbcMetadataLoader - Column loaded: public.test_m2m_a :: JdbcColumn id2 int4(mandatory, len < 10) 
23:58:10.505 [main] TRACE org.angnysa.autodb.metadata.jdbc.loader.JdbcMetadataLoader - Index loaded: public.test_m2m_a :: JdbcUniqueIndex [unique] name: 'pk_test_m2m_a', columns: ('id1', 'id2')
23:58:10.507 [main] TRACE org.angnysa.autodb.metadata.jdbc.loader.JdbcMetadataLoader - Primary Key loaded: public.test_m2m_a :: JdbcUniqueIndex [unique] name: 'pk_test_m2m_a', columns: ('id1', 'id2')
23:58:10.507 [main] TRACE org.angnysa.autodb.metadata.jdbc.loader.JdbcMetadataLoader - Table loaded:
[!!!org.angnysa.autodb.metadata.jdbc.JdbcTable@219505d9=>java.lang.NullPointerException:Cannot invoke "org.angnysa.autodb.metadata.jdbc.JdbcDatabase.getRelations(org.angnysa.autodb.metadata.jdbc.JdbcTable)" because "this.database" is null!!!]
23:58:10.510 [main] TRACE org.angnysa.autodb.metadata.jdbc.loader.JdbcMetadataLoader - Column loaded: public.test_m2m_b :: JdbcColumn id1 int4(mandatory, len < 10) 
23:58:10.510 [main] TRACE org.angnysa.autodb.metadata.jdbc.loader.JdbcMetadataLoader - Column loaded: public.test_m2m_b :: JdbcColumn id2 int4(mandatory, len < 10) 
23:58:10.512 [main] TRACE org.angnysa.autodb.metadata.jdbc.loader.JdbcMetadataLoader - Index loaded: public.test_m2m_b :: JdbcUniqueIndex [unique] name: 'pk_test_m2m_b', columns: ('id1', 'id2')
23:58:10.514 [main] TRACE org.angnysa.autodb.metadata.jdbc.loader.JdbcMetadataLoader - Primary Key loaded: public.test_m2m_b :: JdbcUniqueIndex [unique] name: 'pk_test_m2m_b', columns: ('id1', 'id2')
23:58:10.514 [main] TRACE org.angnysa.autodb.metadata.jdbc.loader.JdbcMetadataLoader - Table loaded:
[!!!org.angnysa.autodb.metadata.jdbc.JdbcTable@24fe3184=>java.lang.NullPointerException:Cannot invoke "org.angnysa.autodb.metadata.jdbc.JdbcDatabase.getRelations(org.angnysa.autodb.metadata.jdbc.JdbcTable)" because "this.database" is null!!!]
23:58:10.517 [main] TRACE org.angnysa.autodb.metadata.jdbc.loader.JdbcMetadataLoader - Column loaded: public.test_m2m_rel :: JdbcColumn ab_id1 int4(mandatory, len < 10) 
23:58:10.517 [main] TRACE org.angnysa.autodb.metadata.jdbc.loader.JdbcMetadataLoader - Column loaded: public.test_m2m_rel :: JdbcColumn a_id2 int4(mandatory, len < 10) 
23:58:10.517 [main] TRACE org.angnysa.autodb.metadata.jdbc.loader.JdbcMetadataLoader - Column loaded: public.test_m2m_rel :: JdbcColumn b_id2 int4(mandatory, len < 10) 
23:58:10.519 [main] TRACE org.angnysa.autodb.metadata.jdbc.loader.JdbcMetadataLoader - Index loaded: public.test_m2m_rel :: JdbcUniqueIndex [unique] name: 'pk_test_m2m_rel', columns: ('ab_id1', 'a_id2', 'b_id2')
23:58:10.520 [main] TRACE org.angnysa.autodb.metadata.jdbc.loader.JdbcMetadataLoader - Primary Key loaded: public.test_m2m_rel :: JdbcUniqueIndex [unique] name: 'pk_test_m2m_rel', columns: ('ab_id1', 'a_id2', 'b_id2')
23:58:10.521 [main] TRACE org.angnysa.autodb.metadata.jdbc.loader.JdbcMetadataLoader - Table loaded:
[!!!org.angnysa.autodb.metadata.jdbc.JdbcTable@113d9226=>java.lang.NullPointerException:Cannot invoke "org.angnysa.autodb.metadata.jdbc.JdbcDatabase.getRelations(org.angnysa.autodb.metadata.jdbc.JdbcTable)" because "this.database" is null!!!]
]]></system-out>
  </testcase>
  <testcase name="testLoadTables" classname="org.angnysa.autodb.metadata.jdbc.loader.db.TestJdbcMetadataLoader_Postgresql_96" time="0.057">
    <failure type="org.opentest4j.AssertionFailedError"><![CDATA[org.opentest4j.AssertionFailedError: expected: <TEST_M21_A> but was: <test_m21_a>
]]></failure>
    <system-out><![CDATA[23:58:10.535 [main] TRACE org.angnysa.autodb.metadata.jdbc.loader.JdbcMetadataLoader - Column loaded: public.test_121_a :: JdbcColumn id1 int4(mandatory, len < 10) 
23:58:10.535 [main] TRACE org.angnysa.autodb.metadata.jdbc.loader.JdbcMetadataLoader - Column loaded: public.test_121_a :: JdbcColumn id2 int4(mandatory, len < 10) 
23:58:10.537 [main] TRACE org.angnysa.autodb.metadata.jdbc.loader.JdbcMetadataLoader - Index loaded: public.test_121_a :: JdbcUniqueIndex [unique] name: 'pk_test_121_a', columns: ('id1', 'id2')
23:58:10.539 [main] TRACE org.angnysa.autodb.metadata.jdbc.loader.JdbcMetadataLoader - Primary Key loaded: public.test_121_a :: JdbcUniqueIndex [unique] name: 'pk_test_121_a', columns: ('id1', 'id2')
23:58:10.539 [main] TRACE org.angnysa.autodb.metadata.jdbc.loader.JdbcMetadataLoader - Table loaded:
[!!!org.angnysa.autodb.metadata.jdbc.JdbcTable@4289feba=>java.lang.NullPointerException:Cannot invoke "org.angnysa.autodb.metadata.jdbc.JdbcDatabase.getRelations(org.angnysa.autodb.metadata.jdbc.JdbcTable)" because "this.database" is null!!!]
23:58:10.542 [main] TRACE org.angnysa.autodb.metadata.jdbc.loader.JdbcMetadataLoader - Column loaded: public.test_121_b :: JdbcColumn id1 int4(mandatory, len < 10) 
23:58:10.542 [main] TRACE org.angnysa.autodb.metadata.jdbc.loader.JdbcMetadataLoader - Column loaded: public.test_121_b :: JdbcColumn id2 int4(mandatory, len < 10) 
23:58:10.542 [main] TRACE org.angnysa.autodb.metadata.jdbc.loader.JdbcMetadataLoader - Column loaded: public.test_121_b :: JdbcColumn a_id1 int4(mandatory, len < 10) 
23:58:10.542 [main] TRACE org.angnysa.autodb.metadata.jdbc.loader.JdbcMetadataLoader - Column loaded: public.test_121_b :: JdbcColumn a_id2 int4(mandatory, len < 10) 
23:58:10.544 [main] TRACE org.angnysa.autodb.metadata.jdbc.loader.JdbcMetadataLoader - Index loaded: public.test_121_b :: JdbcUniqueIndex [unique] name: 'pk_test_121_b', columns: ('id1', 'id2')
23:58:10.544 [main] TRACE org.angnysa.autodb.metadata.jdbc.loader.JdbcMetadataLoader - Index loaded: public.test_121_b :: JdbcUniqueIndex [unique] name: 'uk_test_121_b', columns: ('a_id1', 'a_id2')
23:58:10.546 [main] TRACE org.angnysa.autodb.metadata.jdbc.loader.JdbcMetadataLoader - Primary Key loaded: public.test_121_b :: JdbcUniqueIndex [unique] name: 'pk_test_121_b', columns: ('id1', 'id2')
23:58:10.546 [main] TRACE org.angnysa.autodb.metadata.jdbc.loader.JdbcMetadataLoader - Table loaded:
[!!!org.angnysa.autodb.metadata.jdbc.JdbcTable@4ed343ea=>java.lang.NullPointerException:Cannot invoke "org.angnysa.autodb.metadata.jdbc.JdbcDatabase.getRelations(org.angnysa.autodb.metadata.jdbc.JdbcTable)" because "this.database" is null!!!]
23:58:10.549 [main] TRACE org.angnysa.autodb.metadata.jdbc.loader.JdbcMetadataLoader - Column loaded: public.test_m21_a :: JdbcColumn id1 int4(mandatory, len < 10) 
23:58:10.549 [main] TRACE org.angnysa.autodb.metadata.jdbc.loader.JdbcMetadataLoader - Column loaded: public.test_m21_a :: JdbcColumn id2 int4(mandatory, len < 10) 
23:58:10.551 [main] TRACE org.angnysa.autodb.metadata.jdbc.loader.JdbcMetadataLoader - Index loaded: public.test_m21_a :: JdbcUniqueIndex [unique] name: 'pk_test_m21_a', columns: ('id1', 'id2')
23:58:10.553 [main] TRACE org.angnysa.autodb.metadata.jdbc.loader.JdbcMetadataLoader - Primary Key loaded: public.test_m21_a :: JdbcUniqueIndex [unique] name: 'pk_test_m21_a', columns: ('id1', 'id2')
23:58:10.553 [main] TRACE org.angnysa.autodb.metadata.jdbc.loader.JdbcMetadataLoader - Table loaded:
[!!!org.angnysa.autodb.metadata.jdbc.JdbcTable@58f28c5e=>java.lang.NullPointerException:Cannot invoke "org.angnysa.autodb.metadata.jdbc.JdbcDatabase.getRelations(org.angnysa.autodb.metadata.jdbc.JdbcTable)" because "this.database" is null!!!]
23:58:10.555 [main] TRACE org.angnysa.autodb.metadata.jdbc.loader.JdbcMetadataLoader - Column loaded: public.test_m21_b :: JdbcColumn id1 int4(mandatory, len < 10) 
23:58:10.555 [main] TRACE org.angnysa.autodb.metadata.jdbc.loader.JdbcMetadataLoader - Column loaded: public.test_m21_b :: JdbcColumn id2 int4(mandatory, len < 10) 
23:58:10.555 [main] TRACE org.angnysa.autodb.metadata.jdbc.loader.JdbcMetadataLoader - Column loaded: public.test_m21_b :: JdbcColumn a_id1 int4(mandatory, len < 10) 
23:58:10.555 [main] TRACE org.angnysa.autodb.metadata.jdbc.loader.JdbcMetadataLoader - Column loaded: public.test_m21_b :: JdbcColumn a_id2 int4(mandatory, len < 10) 
23:58:10.557 [main] TRACE org.angnysa.autodb.metadata.jdbc.loader.JdbcMetadataLoader - Index loaded: public.test_m21_b :: JdbcUniqueIndex [unique] name: 'pk_test_m21_b', columns: ('id1', 'id2')
23:58:10.557 [main] TRACE org.angnysa.autodb.metadata.jdbc.loader.JdbcMetadataLoader - Index loaded: public.test_m21_b :: JdbcIndex [index] name: 'id_test_m21_b_a', columns: ('a_id1', 'a_id2')
23:58:10.558 [main] TRACE org.angnysa.autodb.metadata.jdbc.loader.JdbcMetadataLoader - Primary Key loaded: public.test_m21_b :: JdbcUniqueIndex [unique] name: 'pk_test_m21_b', columns: ('id1', 'id2')
23:58:10.559 [main] TRACE org.angnysa.autodb.metadata.jdbc.loader.JdbcMetadataLoader - Table loaded:
[!!!org.angnysa.autodb.metadata.jdbc.JdbcTable@20ecbeda=>java.lang.NullPointerException:Cannot invoke "org.angnysa.autodb.metadata.jdbc.JdbcDatabase.getRelations(org.angnysa.autodb.metadata.jdbc.JdbcTable)" because "this.database" is null!!!]
23:58:10.562 [main] TRACE org.angnysa.autodb.metadata.jdbc.loader.JdbcMetadataLoader - Column loaded: public.test_m2m_a :: JdbcColumn id1 int4(mandatory, len < 10) 
23:58:10.562 [main] TRACE org.angnysa.autodb.metadata.jdbc.loader.JdbcMetadataLoader - Column loaded: public.test_m2m_a :: JdbcColumn id2 int4(mandatory, len < 10) 
23:58:10.563 [main] TRACE org.angnysa.autodb.metadata.jdbc.loader.JdbcMetadataLoader - Index loaded: public.test_m2m_a :: JdbcUniqueIndex [unique] name: 'pk_test_m2m_a', columns: ('id1', 'id2')
23:58:10.565 [main] TRACE org.angnysa.autodb.metadata.jdbc.loader.JdbcMetadataLoader - Primary Key loaded: public.test_m2m_a :: JdbcUniqueIndex [unique] name: 'pk_test_m2m_a', columns: ('id1', 'id2')
23:58:10.565 [main] TRACE org.angnysa.autodb.metadata.jdbc.loader.JdbcMetadataLoader - Table loaded:
[!!!org.angnysa.autodb.metadata.jdbc.JdbcTable@2d1df853=>java.lang.NullPointerException:Cannot invoke "org.angnysa.autodb.metadata.jdbc.JdbcDatabase.getRelations(org.angnysa.autodb.metadata.jdbc.JdbcTable)" because "this.database" is null!!!]
23:58:10.568 [main] TRACE org.angnysa.autodb.metadata.jdbc.loader.JdbcMetadataLoader - Column loaded: public.test_m2m_b :: JdbcColumn id1 int4(mandatory, len < 10) 
23:58:10.568 [main] TRACE org.angnysa.autodb.metadata.jdbc.loader.JdbcMetadataLoader - Column loaded: public.test_m2m_b :: JdbcColumn id2 int4(mandatory, len < 10) 
23:58:10.570 [main] TRACE org.angnysa.autodb.metadata.jdbc.loader.JdbcMetadataLoader - Index loaded: public.test_m2m_b :: JdbcUniqueIndex [unique] name: 'pk_test_m2m_b', columns: ('id1', 'id2')
23:58:10.571 [main] TRACE org.angnysa.autodb.metadata.jdbc.loader.JdbcMetadataLoader - Primary Key loaded: public.test_m2m_b :: JdbcUniqueIndex [unique] name: 'pk_test_m2m_b', columns: ('id1', 'id2')
23:58:10.572 [main] TRACE org.angnysa.autodb.metadata.jdbc.loader.JdbcMetadataLoader - Table loaded:
[!!!org.angnysa.autodb.metadata.jdbc.JdbcTable@79052209=>java.lang.NullPointerException:Cannot invoke "org.angnysa.autodb.metadata.jdbc.JdbcDatabase.getRelations(org.angnysa.autodb.metadata.jdbc.JdbcTable)" because "this.database" is null!!!]
23:58:10.575 [main] TRACE org.angnysa.autodb.metadata.jdbc.loader.JdbcMetadataLoader - Column loaded: public.test_m2m_rel :: JdbcColumn ab_id1 int4(mandatory, len < 10) 
23:58:10.575 [main] TRACE org.angnysa.autodb.metadata.jdbc.loader.JdbcMetadataLoader - Column loaded: public.test_m2m_rel :: JdbcColumn a_id2 int4(mandatory, len < 10) 
23:58:10.575 [main] TRACE org.angnysa.autodb.metadata.jdbc.loader.JdbcMetadataLoader - Column loaded: public.test_m2m_rel :: JdbcColumn b_id2 int4(mandatory, len < 10) 
23:58:10.576 [main] TRACE org.angnysa.autodb.metadata.jdbc.loader.JdbcMetadataLoader - Index loaded: public.test_m2m_rel :: JdbcUniqueIndex [unique] name: 'pk_test_m2m_rel', columns: ('ab_id1', 'a_id2', 'b_id2')
23:58:10.578 [main] TRACE org.angnysa.autodb.metadata.jdbc.loader.JdbcMetadataLoader - Primary Key loaded: public.test_m2m_rel :: JdbcUniqueIndex [unique] name: 'pk_test_m2m_rel', columns: ('ab_id1', 'a_id2', 'b_id2')
23:58:10.578 [main] TRACE org.angnysa.autodb.metadata.jdbc.loader.JdbcMetadataLoader - Table loaded:
[!!!org.angnysa.autodb.metadata.jdbc.JdbcTable@35d9d10b=>java.lang.NullPointerException:Cannot invoke "org.angnysa.autodb.metadata.jdbc.JdbcDatabase.getRelations(org.angnysa.autodb.metadata.jdbc.JdbcTable)" because "this.database" is null!!!]
]]></system-out>
  </testcase>
  <testcase name="testLoadTables" classname="org.angnysa.autodb.metadata.jdbc.loader.db.TestJdbcMetadataLoader_Postgresql_96" time="0.057">
    <failure type="org.opentest4j.AssertionFailedError"><![CDATA[org.opentest4j.AssertionFailedError: expected: <TEST_M21_B> but was: <test_m21_b>
]]></failure>
    <system-out><![CDATA[23:58:10.592 [main] TRACE org.angnysa.autodb.metadata.jdbc.loader.JdbcMetadataLoader - Column loaded: public.test_121_a :: JdbcColumn id1 int4(mandatory, len < 10) 
23:58:10.592 [main] TRACE org.angnysa.autodb.metadata.jdbc.loader.JdbcMetadataLoader - Column loaded: public.test_121_a :: JdbcColumn id2 int4(mandatory, len < 10) 
23:58:10.594 [main] TRACE org.angnysa.autodb.metadata.jdbc.loader.JdbcMetadataLoader - Index loaded: public.test_121_a :: JdbcUniqueIndex [unique] name: 'pk_test_121_a', columns: ('id1', 'id2')
23:58:10.596 [main] TRACE org.angnysa.autodb.metadata.jdbc.loader.JdbcMetadataLoader - Primary Key loaded: public.test_121_a :: JdbcUniqueIndex [unique] name: 'pk_test_121_a', columns: ('id1', 'id2')
23:58:10.596 [main] TRACE org.angnysa.autodb.metadata.jdbc.loader.JdbcMetadataLoader - Table loaded:
[!!!org.angnysa.autodb.metadata.jdbc.JdbcTable@19f4bfce=>java.lang.NullPointerException:Cannot invoke "org.angnysa.autodb.metadata.jdbc.JdbcDatabase.getRelations(org.angnysa.autodb.metadata.jdbc.JdbcTable)" because "this.database" is null!!!]
23:58:10.599 [main] TRACE org.angnysa.autodb.metadata.jdbc.loader.JdbcMetadataLoader - Column loaded: public.test_121_b :: JdbcColumn id1 int4(mandatory, len < 10) 
23:58:10.599 [main] TRACE org.angnysa.autodb.metadata.jdbc.loader.JdbcMetadataLoader - Column loaded: public.test_121_b :: JdbcColumn id2 int4(mandatory, len < 10) 
23:58:10.599 [main] TRACE org.angnysa.autodb.metadata.jdbc.loader.JdbcMetadataLoader - Column loaded: public.test_121_b :: JdbcColumn a_id1 int4(mandatory, len < 10) 
23:58:10.599 [main] TRACE org.angnysa.autodb.metadata.jdbc.loader.JdbcMetadataLoader - Column loaded: public.test_121_b :: JdbcColumn a_id2 int4(mandatory, len < 10) 
23:58:10.601 [main] TRACE org.angnysa.autodb.metadata.jdbc.loader.JdbcMetadataLoader - Index loaded: public.test_121_b :: JdbcUniqueIndex [unique] name: 'pk_test_121_b', columns: ('id1', 'id2')
23:58:10.601 [main] TRACE org.angnysa.autodb.metadata.jdbc.loader.JdbcMetadataLoader - Index loaded: public.test_121_b :: JdbcUniqueIndex [unique] name: 'uk_test_121_b', columns: ('a_id1', 'a_id2')
23:58:10.602 [main] TRACE org.angnysa.autodb.metadata.jdbc.loader.JdbcMetadataLoader - Primary Key loaded: public.test_121_b :: JdbcUniqueIndex [unique] name: 'pk_test_121_b', columns: ('id1', 'id2')
23:58:10.602 [main] TRACE org.angnysa.autodb.metadata.jdbc.loader.JdbcMetadataLoader - Table loaded:
[!!!org.angnysa.autodb.metadata.jdbc.JdbcTable@5c2fb167=>java.lang.NullPointerException:Cannot invoke "org.angnysa.autodb.metadata.jdbc.JdbcDatabase.getRelations(org.angnysa.autodb.metadata.jdbc.JdbcTable)" because "this.database" is null!!!]
23:58:10.606 [main] TRACE org.angnysa.autodb.metadata.jdbc.loader.JdbcMetadataLoader - Column loaded: public.test_m21_a :: JdbcColumn id1 int4(mandatory, len < 10) 
23:58:10.606 [main] TRACE org.angnysa.autodb.metadata.jdbc.loader.JdbcMetadataLoader - Column loaded: public.test_m21_a :: JdbcColumn id2 int4(mandatory, len < 10) 
23:58:10.608 [main] TRACE org.angnysa.autodb.metadata.jdbc.loader.JdbcMetadataLoader - Index loaded: public.test_m21_a :: JdbcUniqueIndex [unique] name: 'pk_test_m21_a', columns: ('id1', 'id2')
23:58:10.609 [main] TRACE org.angnysa.autodb.metadata.jdbc.loader.JdbcMetadataLoader - Primary Key loaded: public.test_m21_a :: JdbcUniqueIndex [unique] name: 'pk_test_m21_a', columns: ('id1', 'id2')
23:58:10.610 [main] TRACE org.angnysa.autodb.metadata.jdbc.loader.JdbcMetadataLoader - Table loaded:
[!!!org.angnysa.autodb.metadata.jdbc.JdbcTable@364f0a6f=>java.lang.NullPointerException:Cannot invoke "org.angnysa.autodb.metadata.jdbc.JdbcDatabase.getRelations(org.angnysa.autodb.metadata.jdbc.JdbcTable)" because "this.database" is null!!!]
23:58:10.612 [main] TRACE org.angnysa.autodb.metadata.jdbc.loader.JdbcMetadataLoader - Column loaded: public.test_m21_b :: JdbcColumn id1 int4(mandatory, len < 10) 
23:58:10.612 [main] TRACE org.angnysa.autodb.metadata.jdbc.loader.JdbcMetadataLoader - Column loaded: public.test_m21_b :: JdbcColumn id2 int4(mandatory, len < 10) 
23:58:10.612 [main] TRACE org.angnysa.autodb.metadata.jdbc.loader.JdbcMetadataLoader - Column loaded: public.test_m21_b :: JdbcColumn a_id1 int4(mandatory, len < 10) 
23:58:10.613 [main] TRACE org.angnysa.autodb.metadata.jdbc.loader.JdbcMetadataLoader - Column loaded: public.test_m21_b :: JdbcColumn a_id2 int4(mandatory, len < 10) 
23:58:10.614 [main] TRACE org.angnysa.autodb.metadata.jdbc.loader.JdbcMetadataLoader - Index loaded: public.test_m21_b :: JdbcUniqueIndex [unique] name: 'pk_test_m21_b', columns: ('id1', 'id2')
23:58:10.614 [main] TRACE org.angnysa.autodb.metadata.jdbc.loader.JdbcMetadataLoader - Index loaded: public.test_m21_b :: JdbcIndex [index] name: 'id_test_m21_b_a', columns: ('a_id1', 'a_id2')
23:58:10.615 [main] TRACE org.angnysa.autodb.metadata.jdbc.loader.JdbcMetadataLoader - Primary Key loaded: public.test_m21_b :: JdbcUniqueIndex [unique] name: 'pk_test_m21_b', columns: ('id1', 'id2')
23:58:10.616 [main] TRACE org.angnysa.autodb.metadata.jdbc.loader.JdbcMetadataLoader - Table loaded:
[!!!org.angnysa.autodb.metadata.jdbc.JdbcTable@27585962=>java.lang.NullPointerException:Cannot invoke "org.angnysa.autodb.metadata.jdbc.JdbcDatabase.getRelations(org.angnysa.autodb.metadata.jdbc.JdbcTable)" because "this.database" is null!!!]
23:58:10.618 [main] TRACE org.angnysa.autodb.metadata.jdbc.loader.JdbcMetadataLoader - Column loaded: public.test_m2m_a :: JdbcColumn id1 int4(mandatory, len < 10) 
23:58:10.619 [main] TRACE org.angnysa.autodb.metadata.jdbc.loader.JdbcMetadataLoader - Column loaded: public.test_m2m_a :: JdbcColumn id2 int4(mandatory, len < 10) 
23:58:10.620 [main] TRACE org.angnysa.autodb.metadata.jdbc.loader.JdbcMetadataLoader - Index loaded: public.test_m2m_a :: JdbcUniqueIndex [unique] name: 'pk_test_m2m_a', columns: ('id1', 'id2')
23:58:10.622 [main] TRACE org.angnysa.autodb.metadata.jdbc.loader.JdbcMetadataLoader - Primary Key loaded: public.test_m2m_a :: JdbcUniqueIndex [unique] name: 'pk_test_m2m_a', columns: ('id1', 'id2')
23:58:10.622 [main] TRACE org.angnysa.autodb.metadata.jdbc.loader.JdbcMetadataLoader - Table loaded:
[!!!org.angnysa.autodb.metadata.jdbc.JdbcTable@1bee8888=>java.lang.NullPointerException:Cannot invoke "org.angnysa.autodb.metadata.jdbc.JdbcDatabase.getRelations(org.angnysa.autodb.metadata.jdbc.JdbcTable)" because "this.database" is null!!!]
23:58:10.625 [main] TRACE org.angnysa.autodb.metadata.jdbc.loader.JdbcMetadataLoader - Column loaded: public.test_m2m_b :: JdbcColumn id1 int4(mandatory, len < 10) 
23:58:10.625 [main] TRACE org.angnysa.autodb.metadata.jdbc.loader.JdbcMetadataLoader - Column loaded: public.test_m2m_b :: JdbcColumn id2 int4(mandatory, len < 10) 
23:58:10.627 [main] TRACE org.angnysa.autodb.metadata.jdbc.loader.JdbcMetadataLoader - Index loaded: public.test_m2m_b :: JdbcUniqueIndex [unique] name: 'pk_test_m2m_b', columns: ('id1', 'id2')
23:58:10.628 [main] TRACE org.angnysa.autodb.metadata.jdbc.loader.JdbcMetadataLoader - Primary Key loaded: public.test_m2m_b :: JdbcUniqueIndex [unique] name: 'pk_test_m2m_b', columns: ('id1', 'id2')
23:58:10.628 [main] TRACE org.angnysa.autodb.metadata.jdbc.loader.JdbcMetadataLoader - Table loaded:
[!!!org.angnysa.autodb.metadata.jdbc.JdbcTable@3a6ba61b=>java.lang.NullPointerException:Cannot invoke "org.angnysa.autodb.metadata.jdbc.JdbcDatabase.getRelations(org.angnysa.autodb.metadata.jdbc.JdbcTable)" because "this.database" is null!!!]
23:58:10.631 [main] TRACE org.angnysa.autodb.metadata.jdbc.loader.JdbcMetadataLoader - Column loaded: public.test_m2m_rel :: JdbcColumn ab_id1 int4(mandatory, len < 10) 
23:58:10.632 [main] TRACE org.angnysa.autodb.metadata.jdbc.loader.JdbcMetadataLoader - Column loaded: public.test_m2m_rel :: JdbcColumn a_id2 int4(mandatory, len < 10) 
23:58:10.632 [main] TRACE org.angnysa.autodb.metadata.jdbc.loader.JdbcMetadataLoader - Column loaded: public.test_m2m_rel :: JdbcColumn b_id2 int4(mandatory, len < 10) 
23:58:10.633 [main] TRACE org.angnysa.autodb.metadata.jdbc.loader.JdbcMetadataLoader - Index loaded: public.test_m2m_rel :: JdbcUniqueIndex [unique] name: 'pk_test_m2m_rel', columns: ('ab_id1', 'a_id2', 'b_id2')
23:58:10.635 [main] TRACE org.angnysa.autodb.metadata.jdbc.loader.JdbcMetadataLoader - Primary Key loaded: public.test_m2m_rel :: JdbcUniqueIndex [unique] name: 'pk_test_m2m_rel', columns: ('ab_id1', 'a_id2', 'b_id2')
23:58:10.635 [main] TRACE org.angnysa.autodb.metadata.jdbc.loader.JdbcMetadataLoader - Table loaded:
[!!!org.angnysa.autodb.metadata.jdbc.JdbcTable@7439cf4b=>java.lang.NullPointerException:Cannot invoke "org.angnysa.autodb.metadata.jdbc.JdbcDatabase.getRelations(org.angnysa.autodb.metadata.jdbc.JdbcTable)" because "this.database" is null!!!]
]]></system-out>
  </testcase>
  <testcase name="testLoadTables" classname="org.angnysa.autodb.metadata.jdbc.loader.db.TestJdbcMetadataLoader_Postgresql_96" time="0.056">
    <failure type="org.opentest4j.AssertionFailedError"><![CDATA[org.opentest4j.AssertionFailedError: expected: <TEST_M2M_A> but was: <test_m2m_a>
]]></failure>
    <system-out><![CDATA[23:58:10.649 [main] TRACE org.angnysa.autodb.metadata.jdbc.loader.JdbcMetadataLoader - Column loaded: public.test_121_a :: JdbcColumn id1 int4(mandatory, len < 10) 
23:58:10.649 [main] TRACE org.angnysa.autodb.metadata.jdbc.loader.JdbcMetadataLoader - Column loaded: public.test_121_a :: JdbcColumn id2 int4(mandatory, len < 10) 
23:58:10.651 [main] TRACE org.angnysa.autodb.metadata.jdbc.loader.JdbcMetadataLoader - Index loaded: public.test_121_a :: JdbcUniqueIndex [unique] name: 'pk_test_121_a', columns: ('id1', 'id2')
23:58:10.653 [main] TRACE org.angnysa.autodb.metadata.jdbc.loader.JdbcMetadataLoader - Primary Key loaded: public.test_121_a :: JdbcUniqueIndex [unique] name: 'pk_test_121_a', columns: ('id1', 'id2')
23:58:10.653 [main] TRACE org.angnysa.autodb.metadata.jdbc.loader.JdbcMetadataLoader - Table loaded:
[!!!org.angnysa.autodb.metadata.jdbc.JdbcTable@23cf86c0=>java.lang.NullPointerException:Cannot invoke "org.angnysa.autodb.metadata.jdbc.JdbcDatabase.getRelations(org.angnysa.autodb.metadata.jdbc.JdbcTable)" because "this.database" is null!!!]
23:58:10.655 [main] TRACE org.angnysa.autodb.metadata.jdbc.loader.JdbcMetadataLoader - Column loaded: public.test_121_b :: JdbcColumn id1 int4(mandatory, len < 10) 
23:58:10.655 [main] TRACE org.angnysa.autodb.metadata.jdbc.loader.JdbcMetadataLoader - Column loaded: public.test_121_b :: JdbcColumn id2 int4(mandatory, len < 10) 
23:58:10.655 [main] TRACE org.angnysa.autodb.metadata.jdbc.loader.JdbcMetadataLoader - Column loaded: public.test_121_b :: JdbcColumn a_id1 int4(mandatory, len < 10) 
23:58:10.655 [main] TRACE org.angnysa.autodb.metadata.jdbc.loader.JdbcMetadataLoader - Column loaded: public.test_121_b :: JdbcColumn a_id2 int4(mandatory, len < 10) 
23:58:10.657 [main] TRACE org.angnysa.autodb.metadata.jdbc.loader.JdbcMetadataLoader - Index loaded: public.test_121_b :: JdbcUniqueIndex [unique] name: 'pk_test_121_b', columns: ('id1', 'id2')
23:58:10.657 [main] TRACE org.angnysa.autodb.metadata.jdbc.loader.JdbcMetadataLoader - Index loaded: public.test_121_b :: JdbcUniqueIndex [unique] name: 'uk_test_121_b', columns: ('a_id1', 'a_id2')
23:58:10.658 [main] TRACE org.angnysa.autodb.metadata.jdbc.loader.JdbcMetadataLoader - Primary Key loaded: public.test_121_b :: JdbcUniqueIndex [unique] name: 'pk_test_121_b', columns: ('id1', 'id2')
23:58:10.658 [main] TRACE org.angnysa.autodb.metadata.jdbc.loader.JdbcMetadataLoader - Table loaded:
[!!!org.angnysa.autodb.metadata.jdbc.JdbcTable@4ab6a17d=>java.lang.NullPointerException:Cannot invoke "org.angnysa.autodb.metadata.jdbc.JdbcDatabase.getRelations(org.angnysa.autodb.metadata.jdbc.JdbcTable)" because "this.database" is null!!!]
23:58:10.660 [main] TRACE org.angnysa.autodb.metadata.jdbc.loader.JdbcMetadataLoader - Column loaded: public.test_m21_a :: JdbcColumn id1 int4(mandatory, len < 10) 
23:58:10.660 [main] TRACE org.angnysa.autodb.metadata.jdbc.loader.JdbcMetadataLoader - Column loaded: public.test_m21_a :: JdbcColumn id2 int4(mandatory, len < 10) 
23:58:10.661 [main] TRACE org.angnysa.autodb.metadata.jdbc.loader.JdbcMetadataLoader - Index loaded: public.test_m21_a :: JdbcUniqueIndex [unique] name: 'pk_test_m21_a', columns: ('id1', 'id2')
23:58:10.663 [main] TRACE org.angnysa.autodb.metadata.jdbc.loader.JdbcMetadataLoader - Primary Key loaded: public.test_m21_a :: JdbcUniqueIndex [unique] name: 'pk_test_m21_a', columns: ('id1', 'id2')
23:58:10.663 [main] TRACE org.angnysa.autodb.metadata.jdbc.loader.JdbcMetadataLoader - Table loaded:
[!!!org.angnysa.autodb.metadata.jdbc.JdbcTable@674de53e=>java.lang.NullPointerException:Cannot invoke "org.angnysa.autodb.metadata.jdbc.JdbcDatabase.getRelations(org.angnysa.autodb.metadata.jdbc.JdbcTable)" because "this.database" is null!!!]
23:58:10.666 [main] TRACE org.angnysa.autodb.metadata.jdbc.loader.JdbcMetadataLoader - Column loaded: public.test_m21_b :: JdbcColumn id1 int4(mandatory, len < 10) 
23:58:10.666 [main] TRACE org.angnysa.autodb.metadata.jdbc.loader.JdbcMetadataLoader - Column loaded: public.test_m21_b :: JdbcColumn id2 int4(mandatory, len < 10) 
23:58:10.666 [main] TRACE org.angnysa.autodb.metadata.jdbc.loader.JdbcMetadataLoader - Column loaded: public.test_m21_b :: JdbcColumn a_id1 int4(mandatory, len < 10) 
23:58:10.666 [main] TRACE org.angnysa.autodb.metadata.jdbc.loader.JdbcMetadataLoader - Column loaded: public.test_m21_b :: JdbcColumn a_id2 int4(mandatory, len < 10) 
23:58:10.667 [main] TRACE org.angnysa.autodb.metadata.jdbc.loader.JdbcMetadataLoader - Index loaded: public.test_m21_b :: JdbcUniqueIndex [unique] name: 'pk_test_m21_b', columns: ('id1', 'id2')
23:58:10.668 [main] TRACE org.angnysa.autodb.metadata.jdbc.loader.JdbcMetadataLoader - Index loaded: public.test_m21_b :: JdbcIndex [index] name: 'id_test_m21_b_a', columns: ('a_id1', 'a_id2')
23:58:10.669 [main] TRACE org.angnysa.autodb.metadata.jdbc.loader.JdbcMetadataLoader - Primary Key loaded: public.test_m21_b :: JdbcUniqueIndex [unique] name: 'pk_test_m21_b', columns: ('id1', 'id2')
23:58:10.669 [main] TRACE org.angnysa.autodb.metadata.jdbc.loader.JdbcMetadataLoader - Table loaded:
[!!!org.angnysa.autodb.metadata.jdbc.JdbcTable@4c59c76c=>java.lang.NullPointerException:Cannot invoke "org.angnysa.autodb.metadata.jdbc.JdbcDatabase.getRelations(org.angnysa.autodb.metadata.jdbc.JdbcTable)" because "this.database" is null!!!]
23:58:10.672 [main] TRACE org.angnysa.autodb.metadata.jdbc.loader.JdbcMetadataLoader - Column loaded: public.test_m2m_a :: JdbcColumn id1 int4(mandatory, len < 10) 
23:58:10.672 [main] TRACE org.angnysa.autodb.metadata.jdbc.loader.JdbcMetadataLoader - Column loaded: public.test_m2m_a :: JdbcColumn id2 int4(mandatory, len < 10) 
23:58:10.674 [main] TRACE org.angnysa.autodb.metadata.jdbc.loader.JdbcMetadataLoader - Index loaded: public.test_m2m_a :: JdbcUniqueIndex [unique] name: 'pk_test_m2m_a', columns: ('id1', 'id2')
23:58:10.675 [main] TRACE org.angnysa.autodb.metadata.jdbc.loader.JdbcMetadataLoader - Primary Key loaded: public.test_m2m_a :: JdbcUniqueIndex [unique] name: 'pk_test_m2m_a', columns: ('id1', 'id2')
23:58:10.675 [main] TRACE org.angnysa.autodb.metadata.jdbc.loader.JdbcMetadataLoader - Table loaded:
[!!!org.angnysa.autodb.metadata.jdbc.JdbcTable@137fb1a1=>java.lang.NullPointerException:Cannot invoke "org.angnysa.autodb.metadata.jdbc.JdbcDatabase.getRelations(org.angnysa.autodb.metadata.jdbc.JdbcTable)" because "this.database" is null!!!]
23:58:10.678 [main] TRACE org.angnysa.autodb.metadata.jdbc.loader.JdbcMetadataLoader - Column loaded: public.test_m2m_b :: JdbcColumn id1 int4(mandatory, len < 10) 
23:58:10.679 [main] TRACE org.angnysa.autodb.metadata.jdbc.loader.JdbcMetadataLoader - Column loaded: public.test_m2m_b :: JdbcColumn id2 int4(mandatory, len < 10) 
23:58:10.680 [main] TRACE org.angnysa.autodb.metadata.jdbc.loader.JdbcMetadataLoader - Index loaded: public.test_m2m_b :: JdbcUniqueIndex [unique] name: 'pk_test_m2m_b', columns: ('id1', 'id2')
23:58:10.685 [main] TRACE org.angnysa.autodb.metadata.jdbc.loader.JdbcMetadataLoader - Primary Key loaded: public.test_m2m_b :: JdbcUniqueIndex [unique] name: 'pk_test_m2m_b', columns: ('id1', 'id2')
23:58:10.685 [main] TRACE org.angnysa.autodb.metadata.jdbc.loader.JdbcMetadataLoader - Table loaded:
[!!!org.angnysa.autodb.metadata.jdbc.JdbcTable@6cbd57fa=>java.lang.NullPointerException:Cannot invoke "org.angnysa.autodb.metadata.jdbc.JdbcDatabase.getRelations(org.angnysa.autodb.metadata.jdbc.JdbcTable)" because "this.database" is null!!!]
23:58:10.688 [main] TRACE org.angnysa.autodb.metadata.jdbc.loader.JdbcMetadataLoader - Column loaded: public.test_m2m_rel :: JdbcColumn ab_id1 int4(mandatory, len < 10) 
23:58:10.688 [main] TRACE org.angnysa.autodb.metadata.jdbc.loader.JdbcMetadataLoader - Column loaded: public.test_m2m_rel :: JdbcColumn a_id2 int4(mandatory, len < 10) 
23:58:10.688 [main] TRACE org.angnysa.autodb.metadata.jdbc.loader.JdbcMetadataLoader - Column loaded: public.test_m2m_rel :: JdbcColumn b_id2 int4(mandatory, len < 10) 
23:58:10.690 [main] TRACE org.angnysa.autodb.metadata.jdbc.loader.JdbcMetadataLoader - Index loaded: public.test_m2m_rel :: JdbcUniqueIndex [unique] name: 'pk_test_m2m_rel', columns: ('ab_id1', 'a_id2', 'b_id2')
23:58:10.691 [main] TRACE org.angnysa.autodb.metadata.jdbc.loader.JdbcMetadataLoader - Primary Key loaded: public.test_m2m_rel :: JdbcUniqueIndex [unique] name: 'pk_test_m2m_rel', columns: ('ab_id1', 'a_id2', 'b_id2')
23:58:10.692 [main] TRACE org.angnysa.autodb.metadata.jdbc.loader.JdbcMetadataLoader - Table loaded:
[!!!org.angnysa.autodb.metadata.jdbc.JdbcTable@64513b46=>java.lang.NullPointerException:Cannot invoke "org.angnysa.autodb.metadata.jdbc.JdbcDatabase.getRelations(org.angnysa.autodb.metadata.jdbc.JdbcTable)" because "this.database" is null!!!]
]]></system-out>
  </testcase>
  <testcase name="testLoadTables" classname="org.angnysa.autodb.metadata.jdbc.loader.db.TestJdbcMetadataLoader_Postgresql_96" time="0.061">
    <failure type="org.opentest4j.AssertionFailedError"><![CDATA[org.opentest4j.AssertionFailedError: expected: <TEST_M2M_B> but was: <test_m2m_b>
]]></failure>
    <system-out><![CDATA[23:58:10.707 [main] TRACE org.angnysa.autodb.metadata.jdbc.loader.JdbcMetadataLoader - Column loaded: public.test_121_a :: JdbcColumn id1 int4(mandatory, len < 10) 
23:58:10.708 [main] TRACE org.angnysa.autodb.metadata.jdbc.loader.JdbcMetadataLoader - Column loaded: public.test_121_a :: JdbcColumn id2 int4(mandatory, len < 10) 
23:58:10.710 [main] TRACE org.angnysa.autodb.metadata.jdbc.loader.JdbcMetadataLoader - Index loaded: public.test_121_a :: JdbcUniqueIndex [unique] name: 'pk_test_121_a', columns: ('id1', 'id2')
23:58:10.711 [main] TRACE org.angnysa.autodb.metadata.jdbc.loader.JdbcMetadataLoader - Primary Key loaded: public.test_121_a :: JdbcUniqueIndex [unique] name: 'pk_test_121_a', columns: ('id1', 'id2')
23:58:10.712 [main] TRACE org.angnysa.autodb.metadata.jdbc.loader.JdbcMetadataLoader - Table loaded:
[!!!org.angnysa.autodb.metadata.jdbc.JdbcTable@634fa039=>java.lang.NullPointerException:Cannot invoke "org.angnysa.autodb.metadata.jdbc.JdbcDatabase.getRelations(org.angnysa.autodb.metadata.jdbc.JdbcTable)" because "this.database" is null!!!]
23:58:10.715 [main] TRACE org.angnysa.autodb.metadata.jdbc.loader.JdbcMetadataLoader - Column loaded: public.test_121_b :: JdbcColumn id1 int4(mandatory, len < 10) 
23:58:10.715 [main] TRACE org.angnysa.autodb.metadata.jdbc.loader.JdbcMetadataLoader - Column loaded: public.test_121_b :: JdbcColumn id2 int4(mandatory, len < 10) 
23:58:10.715 [main] TRACE org.angnysa.autodb.metadata.jdbc.loader.JdbcMetadataLoader - Column loaded: public.test_121_b :: JdbcColumn a_id1 int4(mandatory, len < 10) 
23:58:10.715 [main] TRACE org.angnysa.autodb.metadata.jdbc.loader.JdbcMetadataLoader - Column loaded: public.test_121_b :: JdbcColumn a_id2 int4(mandatory, len < 10) 
23:58:10.717 [main] TRACE org.angnysa.autodb.metadata.jdbc.loader.JdbcMetadataLoader - Index loaded: public.test_121_b :: JdbcUniqueIndex [unique] name: 'pk_test_121_b', columns: ('id1', 'id2')
23:58:10.717 [main] TRACE org.angnysa.autodb.metadata.jdbc.loader.JdbcMetadataLoader - Index loaded: public.test_121_b :: JdbcUniqueIndex [unique] name: 'uk_test_121_b', columns: ('a_id1', 'a_id2')
23:58:10.719 [main] TRACE org.angnysa.autodb.metadata.jdbc.loader.JdbcMetadataLoader - Primary Key loaded: public.test_121_b :: JdbcUniqueIndex [unique] name: 'pk_test_121_b', columns: ('id1', 'id2')
23:58:10.719 [main] TRACE org.angnysa.autodb.metadata.jdbc.loader.JdbcMetadataLoader - Table loaded:
[!!!org.angnysa.autodb.metadata.jdbc.JdbcTable@a07479d=>java.lang.NullPointerException:Cannot invoke "org.angnysa.autodb.metadata.jdbc.JdbcDatabase.getRelations(org.angnysa.autodb.metadata.jdbc.JdbcTable)" because "this.database" is null!!!]
23:58:10.722 [main] TRACE org.angnysa.autodb.metadata.jdbc.loader.JdbcMetadataLoader - Column loaded: public.test_m21_a :: JdbcColumn id1 int4(mandatory, len < 10) 
23:58:10.722 [main] TRACE org.angnysa.autodb.metadata.jdbc.loader.JdbcMetadataLoader - Column loaded: public.test_m21_a :: JdbcColumn id2 int4(mandatory, len < 10) 
23:58:10.724 [main] TRACE org.angnysa.autodb.metadata.jdbc.loader.JdbcMetadataLoader - Index loaded: public.test_m21_a :: JdbcUniqueIndex [unique] name: 'pk_test_m21_a', columns: ('id1', 'id2')
23:58:10.725 [main] TRACE org.angnysa.autodb.metadata.jdbc.loader.JdbcMetadataLoader - Primary Key loaded: public.test_m21_a :: JdbcUniqueIndex [unique] name: 'pk_test_m21_a', columns: ('id1', 'id2')
23:58:10.726 [main] TRACE org.angnysa.autodb.metadata.jdbc.loader.JdbcMetadataLoader - Table loaded:
[!!!org.angnysa.autodb.metadata.jdbc.JdbcTable@6fe1a8f9=>java.lang.NullPointerException:Cannot invoke "org.angnysa.autodb.metadata.jdbc.JdbcDatabase.getRelations(org.angnysa.autodb.metadata.jdbc.JdbcTable)" because "this.database" is null!!!]
23:58:10.729 [main] TRACE org.angnysa.autodb.metadata.jdbc.loader.JdbcMetadataLoader - Column loaded: public.test_m21_b :: JdbcColumn id1 int4(mandatory, len < 10) 
23:58:10.729 [main] TRACE org.angnysa.autodb.metadata.jdbc.loader.JdbcMetadataLoader - Column loaded: public.test_m21_b :: JdbcColumn id2 int4(mandatory, len < 10) 
23:58:10.729 [main] TRACE org.angnysa.autodb.metadata.jdbc.loader.JdbcMetadataLoader - Column loaded: public.test_m21_b :: JdbcColumn a_id1 int4(mandatory, len < 10) 
23:58:10.729 [main] TRACE org.angnysa.autodb.metadata.jdbc.loader.JdbcMetadataLoader - Column loaded: public.test_m21_b :: JdbcColumn a_id2 int4(mandatory, len < 10) 
23:58:10.731 [main] TRACE org.angnysa.autodb.metadata.jdbc.loader.JdbcMetadataLoader - Index loaded: public.test_m21_b :: JdbcUniqueIndex [unique] name: 'pk_test_m21_b', columns: ('id1', 'id2')
23:58:10.731 [main] TRACE org.angnysa.autodb.metadata.jdbc.loader.JdbcMetadataLoader - Index loaded: public.test_m21_b :: JdbcIndex [index] name: 'id_test_m21_b_a', columns: ('a_id1', 'a_id2')
23:58:10.733 [main] TRACE org.angnysa.autodb.metadata.jdbc.loader.JdbcMetadataLoader - Primary Key loaded: public.test_m21_b :: JdbcUniqueIndex [unique] name: 'pk_test_m21_b', columns: ('id1', 'id2')
23:58:10.733 [main] TRACE org.angnysa.autodb.metadata.jdbc.loader.JdbcMetadataLoader - Table loaded:
[!!!org.angnysa.autodb.metadata.jdbc.JdbcTable@2882a80d=>java.lang.NullPointerException:Cannot invoke "org.angnysa.autodb.metadata.jdbc.JdbcDatabase.getRelations(org.angnysa.autodb.metadata.jdbc.JdbcTable)" because "this.database" is null!!!]
23:58:10.736 [main] TRACE org.angnysa.autodb.metadata.jdbc.loader.JdbcMetadataLoader - Column loaded: public.test_m2m_a :: JdbcColumn id1 int4(mandatory, len < 10) 
23:58:10.736 [main] TRACE org.angnysa.autodb.metadata.jdbc.loader.JdbcMetadataLoader - Column loaded: public.test_m2m_a :: JdbcColumn id2 int4(mandatory, len < 10) 
23:58:10.738 [main] TRACE org.angnysa.autodb.metadata.jdbc.loader.JdbcMetadataLoader - Index loaded: public.test_m2m_a :: JdbcUniqueIndex [unique] name: 'pk_test_m2m_a', columns: ('id1', 'id2')
23:58:10.740 [main] TRACE org.angnysa.autodb.metadata.jdbc.loader.JdbcMetadataLoader - Primary Key loaded: public.test_m2m_a :: JdbcUniqueIndex [unique] name: 'pk_test_m2m_a', columns: ('id1', 'id2')
23:58:10.740 [main] TRACE org.angnysa.autodb.metadata.jdbc.loader.JdbcMetadataLoader - Table loaded:
[!!!org.angnysa.autodb.metadata.jdbc.JdbcTable@36d28b4c=>java.lang.NullPointerException:Cannot invoke "org.angnysa.autodb.metadata.jdbc.JdbcDatabase.getRelations(org.angnysa.autodb.metadata.jdbc.JdbcTable)" because "this.database" is null!!!]
23:58:10.743 [main] TRACE org.angnysa.autodb.metadata.jdbc.loader.JdbcMetadataLoader - Column loaded: public.test_m2m_b :: JdbcColumn id1 int4(mandatory, len < 10) 
23:58:10.743 [main] TRACE org.angnysa.autodb.metadata.jdbc.loader.JdbcMetadataLoader - Column loaded: public.test_m2m_b :: JdbcColumn id2 int4(mandatory, len < 10) 
23:58:10.744 [main] TRACE org.angnysa.autodb.metadata.jdbc.loader.JdbcMetadataLoader - Index loaded: public.test_m2m_b :: JdbcUniqueIndex [unique] name: 'pk_test_m2m_b', columns: ('id1', 'id2')
23:58:10.746 [main] TRACE org.angnysa.autodb.metadata.jdbc.loader.JdbcMetadataLoader - Primary Key loaded: public.test_m2m_b :: JdbcUniqueIndex [unique] name: 'pk_test_m2m_b', columns: ('id1', 'id2')
23:58:10.746 [main] TRACE org.angnysa.autodb.metadata.jdbc.loader.JdbcMetadataLoader - Table loaded:
[!!!org.angnysa.autodb.metadata.jdbc.JdbcTable@6d919a4=>java.lang.NullPointerException:Cannot invoke "org.angnysa.autodb.metadata.jdbc.JdbcDatabase.getRelations(org.angnysa.autodb.metadata.jdbc.JdbcTable)" because "this.database" is null!!!]
23:58:10.749 [main] TRACE org.angnysa.autodb.metadata.jdbc.loader.JdbcMetadataLoader - Column loaded: public.test_m2m_rel :: JdbcColumn ab_id1 int4(mandatory, len < 10) 
23:58:10.749 [main] TRACE org.angnysa.autodb.metadata.jdbc.loader.JdbcMetadataLoader - Column loaded: public.test_m2m_rel :: JdbcColumn a_id2 int4(mandatory, len < 10) 
23:58:10.749 [main] TRACE org.angnysa.autodb.metadata.jdbc.loader.JdbcMetadataLoader - Column loaded: public.test_m2m_rel :: JdbcColumn b_id2 int4(mandatory, len < 10) 
23:58:10.751 [main] TRACE org.angnysa.autodb.metadata.jdbc.loader.JdbcMetadataLoader - Index loaded: public.test_m2m_rel :: JdbcUniqueIndex [unique] name: 'pk_test_m2m_rel', columns: ('ab_id1', 'a_id2', 'b_id2')
23:58:10.753 [main] TRACE org.angnysa.autodb.metadata.jdbc.loader.JdbcMetadataLoader - Primary Key loaded: public.test_m2m_rel :: JdbcUniqueIndex [unique] name: 'pk_test_m2m_rel', columns: ('ab_id1', 'a_id2', 'b_id2')
23:58:10.753 [main] TRACE org.angnysa.autodb.metadata.jdbc.loader.JdbcMetadataLoader - Table loaded:
[!!!org.angnysa.autodb.metadata.jdbc.JdbcTable@649ddfe6=>java.lang.NullPointerException:Cannot invoke "org.angnysa.autodb.metadata.jdbc.JdbcDatabase.getRelations(org.angnysa.autodb.metadata.jdbc.JdbcTable)" because "this.database" is null!!!]
]]></system-out>
  </testcase>
  <testcase name="testLoadTables" classname="org.angnysa.autodb.metadata.jdbc.loader.db.TestJdbcMetadataLoader_Postgresql_96" time="0.057">
    <failure type="org.opentest4j.AssertionFailedError"><![CDATA[org.opentest4j.AssertionFailedError: expected: <TEST_M2M_REL> but was: <test_m2m_rel>
]]></failure>
    <system-out><![CDATA[23:58:10.765 [main] TRACE org.angnysa.autodb.metadata.jdbc.loader.JdbcMetadataLoader - Column loaded: public.test_121_a :: JdbcColumn id1 int4(mandatory, len < 10) 
23:58:10.765 [main] TRACE org.angnysa.autodb.metadata.jdbc.loader.JdbcMetadataLoader - Column loaded: public.test_121_a :: JdbcColumn id2 int4(mandatory, len < 10) 
23:58:10.767 [main] TRACE org.angnysa.autodb.metadata.jdbc.loader.JdbcMetadataLoader - Index loaded: public.test_121_a :: JdbcUniqueIndex [unique] name: 'pk_test_121_a', columns: ('id1', 'id2')
23:58:10.769 [main] TRACE org.angnysa.autodb.metadata.jdbc.loader.JdbcMetadataLoader - Primary Key loaded: public.test_121_a :: JdbcUniqueIndex [unique] name: 'pk_test_121_a', columns: ('id1', 'id2')
23:58:10.769 [main] TRACE org.angnysa.autodb.metadata.jdbc.loader.JdbcMetadataLoader - Table loaded:
[!!!org.angnysa.autodb.metadata.jdbc.JdbcTable@3ffa007c=>java.lang.NullPointerException:Cannot invoke "org.angnysa.autodb.metadata.jdbc.JdbcDatabase.getRelations(org.angnysa.autodb.metadata.jdbc.JdbcTable)" because "this.database" is null!!!]
23:58:10.772 [main] TRACE org.angnysa.autodb.metadata.jdbc.loader.JdbcMetadataLoader - Column loaded: public.test_121_b :: JdbcColumn id1 int4(mandatory, len < 10) 
23:58:10.772 [main] TRACE org.angnysa.autodb.metadata.jdbc.loader.JdbcMetadataLoader - Column loaded: public.test_121_b :: JdbcColumn id2 int4(mandatory, len < 10) 
23:58:10.772 [main] TRACE org.angnysa.autodb.metadata.jdbc.loader.JdbcMetadataLoader - Column loaded: public.test_121_b :: JdbcColumn a_id1 int4(mandatory, len < 10) 
23:58:10.772 [main] TRACE org.angnysa.autodb.metadata.jdbc.loader.JdbcMetadataLoader - Column loaded: public.test_121_b :: JdbcColumn a_id2 int4(mandatory, len < 10) 
23:58:10.774 [main] TRACE org.angnysa.autodb.metadata.jdbc.loader.JdbcMetadataLoader - Index loaded: public.test_121_b :: JdbcUniqueIndex [unique] name: 'pk_test_121_b', columns: ('id1', 'id2')
23:58:10.774 [main] TRACE org.angnysa.autodb.metadata.jdbc.loader.JdbcMetadataLoader - Index loaded: public.test_121_b :: JdbcUniqueIndex [unique] name: 'uk_test_121_b', columns: ('a_id1', 'a_id2')
23:58:10.775 [main] TRACE org.angnysa.autodb.metadata.jdbc.loader.JdbcMetadataLoader - Primary Key loaded: public.test_121_b :: JdbcUniqueIndex [unique] name: 'pk_test_121_b', columns: ('id1', 'id2')
23:58:10.776 [main] TRACE org.angnysa.autodb.metadata.jdbc.loader.JdbcMetadataLoader - Table loaded:
[!!!org.angnysa.autodb.metadata.jdbc.JdbcTable@705a793a=>java.lang.NullPointerException:Cannot invoke "org.angnysa.autodb.metadata.jdbc.JdbcDatabase.getRelations(org.angnysa.autodb.metadata.jdbc.JdbcTable)" because "this.database" is null!!!]
23:58:10.779 [main] TRACE org.angnysa.autodb.metadata.jdbc.loader.JdbcMetadataLoader - Column loaded: public.test_m21_a :: JdbcColumn id1 int4(mandatory, len < 10) 
23:58:10.779 [main] TRACE org.angnysa.autodb.metadata.jdbc.loader.JdbcMetadataLoader - Column loaded: public.test_m21_a :: JdbcColumn id2 int4(mandatory, len < 10) 
23:58:10.780 [main] TRACE org.angnysa.autodb.metadata.jdbc.loader.JdbcMetadataLoader - Index loaded: public.test_m21_a :: JdbcUniqueIndex [unique] name: 'pk_test_m21_a', columns: ('id1', 'id2')
23:58:10.782 [main] TRACE org.angnysa.autodb.metadata.jdbc.loader.JdbcMetadataLoader - Primary Key loaded: public.test_m21_a :: JdbcUniqueIndex [unique] name: 'pk_test_m21_a', columns: ('id1', 'id2')
23:58:10.782 [main] TRACE org.angnysa.autodb.metadata.jdbc.loader.JdbcMetadataLoader - Table loaded:
[!!!org.angnysa.autodb.metadata.jdbc.JdbcTable@4ee5d723=>java.lang.NullPointerException:Cannot invoke "org.angnysa.autodb.metadata.jdbc.JdbcDatabase.getRelations(org.angnysa.autodb.metadata.jdbc.JdbcTable)" because "this.database" is null!!!]
23:58:10.785 [main] TRACE org.angnysa.autodb.metadata.jdbc.loader.JdbcMetadataLoader - Column loaded: public.test_m21_b :: JdbcColumn id1 int4(mandatory, len < 10) 
23:58:10.785 [main] TRACE org.angnysa.autodb.metadata.jdbc.loader.JdbcMetadataLoader - Column loaded: public.test_m21_b :: JdbcColumn id2 int4(mandatory, len < 10) 
23:58:10.785 [main] TRACE org.angnysa.autodb.metadata.jdbc.loader.JdbcMetadataLoader - Column loaded: public.test_m21_b :: JdbcColumn a_id1 int4(mandatory, len < 10) 
23:58:10.785 [main] TRACE org.angnysa.autodb.metadata.jdbc.loader.JdbcMetadataLoader - Column loaded: public.test_m21_b :: JdbcColumn a_id2 int4(mandatory, len < 10) 
23:58:10.787 [main] TRACE org.angnysa.autodb.metadata.jdbc.loader.JdbcMetadataLoader - Index loaded: public.test_m21_b :: JdbcUniqueIndex [unique] name: 'pk_test_m21_b', columns: ('id1', 'id2')
23:58:10.787 [main] TRACE org.angnysa.autodb.metadata.jdbc.loader.JdbcMetadataLoader - Index loaded: public.test_m21_b :: JdbcIndex [index] name: 'id_test_m21_b_a', columns: ('a_id1', 'a_id2')
23:58:10.789 [main] TRACE org.angnysa.autodb.metadata.jdbc.loader.JdbcMetadataLoader - Primary Key loaded: public.test_m21_b :: JdbcUniqueIndex [unique] name: 'pk_test_m21_b', columns: ('id1', 'id2')
23:58:10.789 [main] TRACE org.angnysa.autodb.metadata.jdbc.loader.JdbcMetadataLoader - Table loaded:
[!!!org.angnysa.autodb.metadata.jdbc.JdbcTable@6f88319b=>java.lang.NullPointerException:Cannot invoke "org.angnysa.autodb.metadata.jdbc.JdbcDatabase.getRelations(org.angnysa.autodb.metadata.jdbc.JdbcTable)" because "this.database" is null!!!]
23:58:10.792 [main] TRACE org.angnysa.autodb.metadata.jdbc.loader.JdbcMetadataLoader - Column loaded: public.test_m2m_a :: JdbcColumn id1 int4(mandatory, len < 10) 
23:58:10.792 [main] TRACE org.angnysa.autodb.metadata.jdbc.loader.JdbcMetadataLoader - Column loaded: public.test_m2m_a :: JdbcColumn id2 int4(mandatory, len < 10) 
23:58:10.793 [main] TRACE org.angnysa.autodb.metadata.jdbc.loader.JdbcMetadataLoader - Index loaded: public.test_m2m_a :: JdbcUniqueIndex [unique] name: 'pk_test_m2m_a', columns: ('id1', 'id2')
23:58:10.795 [main] TRACE org.angnysa.autodb.metadata.jdbc.loader.JdbcMetadataLoader - Primary Key loaded: public.test_m2m_a :: JdbcUniqueIndex [unique] name: 'pk_test_m2m_a', columns: ('id1', 'id2')
23:58:10.795 [main] TRACE org.angnysa.autodb.metadata.jdbc.loader.JdbcMetadataLoader - Table loaded:
[!!!org.angnysa.autodb.metadata.jdbc.JdbcTable@1e25f6=>java.lang.NullPointerException:Cannot invoke "org.angnysa.autodb.metadata.jdbc.JdbcDatabase.getRelations(org.angnysa.autodb.metadata.jdbc.JdbcTable)" because "this.database" is null!!!]
23:58:10.798 [main] TRACE org.angnysa.autodb.metadata.jdbc.loader.JdbcMetadataLoader - Column loaded: public.test_m2m_b :: JdbcColumn id1 int4(mandatory, len < 10) 
23:58:10.798 [main] TRACE org.angnysa.autodb.metadata.jdbc.loader.JdbcMetadataLoader - Column loaded: public.test_m2m_b :: JdbcColumn id2 int4(mandatory, len < 10) 
23:58:10.800 [main] TRACE org.angnysa.autodb.metadata.jdbc.loader.JdbcMetadataLoader - Index loaded: public.test_m2m_b :: JdbcUniqueIndex [unique] name: 'pk_test_m2m_b', columns: ('id1', 'id2')
23:58:10.804 [main] TRACE org.angnysa.autodb.metadata.jdbc.loader.JdbcMetadataLoader - Primary Key loaded: public.test_m2m_b :: JdbcUniqueIndex [unique] name: 'pk_test_m2m_b', columns: ('id1', 'id2')
23:58:10.805 [main] TRACE org.angnysa.autodb.metadata.jdbc.loader.JdbcMetadataLoader - Table loaded:
[!!!org.angnysa.autodb.metadata.jdbc.JdbcTable@232e1f66=>java.lang.NullPointerException:Cannot invoke "org.angnysa.autodb.metadata.jdbc.JdbcDatabase.getRelations(org.angnysa.autodb.metadata.jdbc.JdbcTable)" because "this.database" is null!!!]
23:58:10.808 [main] TRACE org.angnysa.autodb.metadata.jdbc.loader.JdbcMetadataLoader - Column loaded: public.test_m2m_rel :: JdbcColumn ab_id1 int4(mandatory, len < 10) 
23:58:10.808 [main] TRACE org.angnysa.autodb.metadata.jdbc.loader.JdbcMetadataLoader - Column loaded: public.test_m2m_rel :: JdbcColumn a_id2 int4(mandatory, len < 10) 
23:58:10.808 [main] TRACE org.angnysa.autodb.metadata.jdbc.loader.JdbcMetadataLoader - Column loaded: public.test_m2m_rel :: JdbcColumn b_id2 int4(mandatory, len < 10) 
23:58:10.809 [main] TRACE org.angnysa.autodb.metadata.jdbc.loader.JdbcMetadataLoader - Index loaded: public.test_m2m_rel :: JdbcUniqueIndex [unique] name: 'pk_test_m2m_rel', columns: ('ab_id1', 'a_id2', 'b_id2')
23:58:10.811 [main] TRACE org.angnysa.autodb.metadata.jdbc.loader.JdbcMetadataLoader - Primary Key loaded: public.test_m2m_rel :: JdbcUniqueIndex [unique] name: 'pk_test_m2m_rel', columns: ('ab_id1', 'a_id2', 'b_id2')
23:58:10.811 [main] TRACE org.angnysa.autodb.metadata.jdbc.loader.JdbcMetadataLoader - Table loaded:
[!!!org.angnysa.autodb.metadata.jdbc.JdbcTable@431298ef=>java.lang.NullPointerException:Cannot invoke "org.angnysa.autodb.metadata.jdbc.JdbcDatabase.getRelations(org.angnysa.autodb.metadata.jdbc.JdbcTable)" because "this.database" is null!!!]
]]></system-out>
  </testcase>
  <testcase name="testLoadColumns" classname="org.angnysa.autodb.metadata.jdbc.loader.db.TestJdbcMetadataLoader_Postgresql_96" time="0.014">
    <system-out><![CDATA[23:58:10.818 [main] DEBUG org.angnysa.autodb.metadata.jdbc.loader.AbstractJdbcMetadataLoaderTester - Using database: PostgreSQL 9.6.22, driver: PostgreSQL JDBC Driver 42.2.20, default catalog: 'test', default schema: 'public'
23:58:10.820 [main] DEBUG org.angnysa.autodb.metadata.jdbc.loader.AbstractJdbcMetadataLoaderTester - Target table: TEST_121_A
23:58:10.822 [main] DEBUG org.angnysa.autodb.metadata.jdbc.loader.AbstractJdbcMetadataLoaderTester - Expected columns: [ExpectedColumn(name=ID1, type=INTEGER, mandatory=true), ExpectedColumn(name=ID2, type=INTEGER, mandatory=true)]
23:58:10.833 [main] TRACE org.angnysa.autodb.metadata.jdbc.loader.JdbcMetadataLoader - Column loaded: test.public.test_121_a :: JdbcColumn id1 int4(mandatory, len < 10) 
23:58:10.833 [main] TRACE org.angnysa.autodb.metadata.jdbc.loader.JdbcMetadataLoader - Column loaded: test.public.test_121_a :: JdbcColumn id2 int4(mandatory, len < 10) 
23:58:10.833 [main] DEBUG org.angnysa.autodb.metadata.jdbc.loader.AbstractJdbcMetadataLoaderTester - Verifying column: null :: ID1
23:58:10.833 [main] DEBUG org.angnysa.autodb.metadata.jdbc.loader.AbstractJdbcMetadataLoaderTester - Verifying column: null :: ID2
]]></system-out>
  </testcase>
  <testcase name="testLoadColumns" classname="org.angnysa.autodb.metadata.jdbc.loader.db.TestJdbcMetadataLoader_Postgresql_96" time="0.011">
    <system-out><![CDATA[23:58:10.834 [main] DEBUG org.angnysa.autodb.metadata.jdbc.loader.AbstractJdbcMetadataLoaderTester - Target table: TEST_121_B
23:58:10.834 [main] DEBUG org.angnysa.autodb.metadata.jdbc.loader.AbstractJdbcMetadataLoaderTester - Expected columns: [ExpectedColumn(name=ID1, type=INTEGER, mandatory=true), ExpectedColumn(name=ID2, type=INTEGER, mandatory=true), ExpectedColumn(name=A_ID1, type=INTEGER, mandatory=true), ExpectedColumn(name=A_ID2, type=INTEGER, mandatory=true)]
23:58:10.844 [main] TRACE org.angnysa.autodb.metadata.jdbc.loader.JdbcMetadataLoader - Column loaded: test.public.test_121_b :: JdbcColumn id1 int4(mandatory, len < 10) 
23:58:10.844 [main] TRACE org.angnysa.autodb.metadata.jdbc.loader.JdbcMetadataLoader - Column loaded: test.public.test_121_b :: JdbcColumn id2 int4(mandatory, len < 10) 
23:58:10.844 [main] TRACE org.angnysa.autodb.metadata.jdbc.loader.JdbcMetadataLoader - Column loaded: test.public.test_121_b :: JdbcColumn a_id1 int4(mandatory, len < 10) 
23:58:10.844 [main] TRACE org.angnysa.autodb.metadata.jdbc.loader.JdbcMetadataLoader - Column loaded: test.public.test_121_b :: JdbcColumn a_id2 int4(mandatory, len < 10) 
23:58:10.844 [main] DEBUG org.angnysa.autodb.metadata.jdbc.loader.AbstractJdbcMetadataLoaderTester - Verifying column: null :: ID1
23:58:10.844 [main] DEBUG org.angnysa.autodb.metadata.jdbc.loader.AbstractJdbcMetadataLoaderTester - Verifying column: null :: ID2
23:58:10.844 [main] DEBUG org.angnysa.autodb.metadata.jdbc.loader.AbstractJdbcMetadataLoaderTester - Verifying column: null :: A_ID1
23:58:10.844 [main] DEBUG org.angnysa.autodb.metadata.jdbc.loader.AbstractJdbcMetadataLoaderTester - Verifying column: null :: A_ID2
]]></system-out>
  </testcase>
  <testcase name="testLoadColumns" classname="org.angnysa.autodb.metadata.jdbc.loader.db.TestJdbcMetadataLoader_Postgresql_96" time="0.01">
    <system-out><![CDATA[23:58:10.845 [main] DEBUG org.angnysa.autodb.metadata.jdbc.loader.AbstractJdbcMetadataLoaderTester - Target table: TEST_M21_A
23:58:10.845 [main] DEBUG org.angnysa.autodb.metadata.jdbc.loader.AbstractJdbcMetadataLoaderTester - Expected columns: [ExpectedColumn(name=ID1, type=INTEGER, mandatory=true), ExpectedColumn(name=ID2, type=INTEGER, mandatory=true)]
23:58:10.855 [main] TRACE org.angnysa.autodb.metadata.jdbc.loader.JdbcMetadataLoader - Column loaded: test.public.test_m21_a :: JdbcColumn id1 int4(mandatory, len < 10) 
23:58:10.855 [main] TRACE org.angnysa.autodb.metadata.jdbc.loader.JdbcMetadataLoader - Column loaded: test.public.test_m21_a :: JdbcColumn id2 int4(mandatory, len < 10) 
23:58:10.855 [main] DEBUG org.angnysa.autodb.metadata.jdbc.loader.AbstractJdbcMetadataLoaderTester - Verifying column: null :: ID1
23:58:10.855 [main] DEBUG org.angnysa.autodb.metadata.jdbc.loader.AbstractJdbcMetadataLoaderTester - Verifying column: null :: ID2
]]></system-out>
  </testcase>
  <testcase name="testLoadColumns" classname="org.angnysa.autodb.metadata.jdbc.loader.db.TestJdbcMetadataLoader_Postgresql_96" time="0.016">
    <system-out><![CDATA[23:58:10.856 [main] DEBUG org.angnysa.autodb.metadata.jdbc.loader.AbstractJdbcMetadataLoaderTester - Target table: TEST_M21_B
23:58:10.856 [main] DEBUG org.angnysa.autodb.metadata.jdbc.loader.AbstractJdbcMetadataLoaderTester - Expected columns: [ExpectedColumn(name=ID1, type=INTEGER, mandatory=true), ExpectedColumn(name=ID2, type=INTEGER, mandatory=true), ExpectedColumn(name=A_ID1, type=INTEGER, mandatory=true), ExpectedColumn(name=A_ID2, type=INTEGER, mandatory=true)]
23:58:10.870 [main] TRACE org.angnysa.autodb.metadata.jdbc.loader.JdbcMetadataLoader - Column loaded: test.public.test_m21_b :: JdbcColumn id1 int4(mandatory, len < 10) 
23:58:10.870 [main] TRACE org.angnysa.autodb.metadata.jdbc.loader.JdbcMetadataLoader - Column loaded: test.public.test_m21_b :: JdbcColumn id2 int4(mandatory, len < 10) 
23:58:10.870 [main] TRACE org.angnysa.autodb.metadata.jdbc.loader.JdbcMetadataLoader - Column loaded: test.public.test_m21_b :: JdbcColumn a_id1 int4(mandatory, len < 10) 
23:58:10.870 [main] TRACE org.angnysa.autodb.metadata.jdbc.loader.JdbcMetadataLoader - Column loaded: test.public.test_m21_b :: JdbcColumn a_id2 int4(mandatory, len < 10) 
23:58:10.870 [main] DEBUG org.angnysa.autodb.metadata.jdbc.loader.AbstractJdbcMetadataLoaderTester - Verifying column: null :: ID1
23:58:10.871 [main] DEBUG org.angnysa.autodb.metadata.jdbc.loader.AbstractJdbcMetadataLoaderTester - Verifying column: null :: ID2
23:58:10.871 [main] DEBUG org.angnysa.autodb.metadata.jdbc.loader.AbstractJdbcMetadataLoaderTester - Verifying column: null :: A_ID1
23:58:10.871 [main] DEBUG org.angnysa.autodb.metadata.jdbc.loader.AbstractJdbcMetadataLoaderTester - Verifying column: null :: A_ID2
]]></system-out>
  </testcase>
  <testcase name="testLoadColumns" classname="org.angnysa.autodb.metadata.jdbc.loader.db.TestJdbcMetadataLoader_Postgresql_96" time="0.01">
    <system-out><![CDATA[23:58:10.871 [main] DEBUG org.angnysa.autodb.metadata.jdbc.loader.AbstractJdbcMetadataLoaderTester - Target table: TEST_M2M_A
23:58:10.871 [main] DEBUG org.angnysa.autodb.metadata.jdbc.loader.AbstractJdbcMetadataLoaderTester - Expected columns: [ExpectedColumn(name=ID1, type=INTEGER, mandatory=true), ExpectedColumn(name=ID2, type=INTEGER, mandatory=true)]
23:58:10.881 [main] TRACE org.angnysa.autodb.metadata.jdbc.loader.JdbcMetadataLoader - Column loaded: test.public.test_m2m_a :: JdbcColumn id1 int4(mandatory, len < 10) 
23:58:10.881 [main] TRACE org.angnysa.autodb.metadata.jdbc.loader.JdbcMetadataLoader - Column loaded: test.public.test_m2m_a :: JdbcColumn id2 int4(mandatory, len < 10) 
23:58:10.881 [main] DEBUG org.angnysa.autodb.metadata.jdbc.loader.AbstractJdbcMetadataLoaderTester - Verifying column: null :: ID1
23:58:10.881 [main] DEBUG org.angnysa.autodb.metadata.jdbc.loader.AbstractJdbcMetadataLoaderTester - Verifying column: null :: ID2
]]></system-out>
  </testcase>
  <testcase name="testLoadColumns" classname="org.angnysa.autodb.metadata.jdbc.loader.db.TestJdbcMetadataLoader_Postgresql_96" time="0.011">
    <system-out><![CDATA[23:58:10.882 [main] DEBUG org.angnysa.autodb.metadata.jdbc.loader.AbstractJdbcMetadataLoaderTester - Target table: TEST_M2M_B
23:58:10.882 [main] DEBUG org.angnysa.autodb.metadata.jdbc.loader.AbstractJdbcMetadataLoaderTester - Expected columns: [ExpectedColumn(name=ID1, type=INTEGER, mandatory=true), ExpectedColumn(name=ID2, type=INTEGER, mandatory=true)]
23:58:10.892 [main] TRACE org.angnysa.autodb.metadata.jdbc.loader.JdbcMetadataLoader - Column loaded: test.public.test_m2m_b :: JdbcColumn id1 int4(mandatory, len < 10) 
23:58:10.892 [main] TRACE org.angnysa.autodb.metadata.jdbc.loader.JdbcMetadataLoader - Column loaded: test.public.test_m2m_b :: JdbcColumn id2 int4(mandatory, len < 10) 
23:58:10.892 [main] DEBUG org.angnysa.autodb.metadata.jdbc.loader.AbstractJdbcMetadataLoaderTester - Verifying column: null :: ID1
23:58:10.893 [main] DEBUG org.angnysa.autodb.metadata.jdbc.loader.AbstractJdbcMetadataLoaderTester - Verifying column: null :: ID2
]]></system-out>
  </testcase>
  <testcase name="testLoadColumns" classname="org.angnysa.autodb.metadata.jdbc.loader.db.TestJdbcMetadataLoader_Postgresql_96" time="0.008">
    <system-out><![CDATA[23:58:10.893 [main] DEBUG org.angnysa.autodb.metadata.jdbc.loader.AbstractJdbcMetadataLoaderTester - Target table: TEST_M2M_REL
23:58:10.893 [main] DEBUG org.angnysa.autodb.metadata.jdbc.loader.AbstractJdbcMetadataLoaderTester - Expected columns: [ExpectedColumn(name=AB_ID1, type=INTEGER, mandatory=true), ExpectedColumn(name=A_ID2, type=INTEGER, mandatory=true), ExpectedColumn(name=B_ID2, type=INTEGER, mandatory=true)]
23:58:10.900 [main] TRACE org.angnysa.autodb.metadata.jdbc.loader.JdbcMetadataLoader - Column loaded: test.public.test_m2m_rel :: JdbcColumn ab_id1 int4(mandatory, len < 10) 
23:58:10.901 [main] TRACE org.angnysa.autodb.metadata.jdbc.loader.JdbcMetadataLoader - Column loaded: test.public.test_m2m_rel :: JdbcColumn a_id2 int4(mandatory, len < 10) 
23:58:10.901 [main] TRACE org.angnysa.autodb.metadata.jdbc.loader.JdbcMetadataLoader - Column loaded: test.public.test_m2m_rel :: JdbcColumn b_id2 int4(mandatory, len < 10) 
23:58:10.901 [main] DEBUG org.angnysa.autodb.metadata.jdbc.loader.AbstractJdbcMetadataLoaderTester - Verifying column: null :: AB_ID1
23:58:10.901 [main] DEBUG org.angnysa.autodb.metadata.jdbc.loader.AbstractJdbcMetadataLoaderTester - Verifying column: null :: A_ID2
23:58:10.901 [main] DEBUG org.angnysa.autodb.metadata.jdbc.loader.AbstractJdbcMetadataLoaderTester - Verifying column: null :: B_ID2
]]></system-out>
  </testcase>
  <testcase name="testLoadDatabase" classname="org.angnysa.autodb.metadata.jdbc.loader.db.TestJdbcMetadataLoader_Postgresql_96" time="0.016">
    <error type="java.lang.IllegalStateException"><![CDATA[java.lang.IllegalStateException: Table 'public.id_test_m21_b_a' has no primary key
]]></error>
    <system-out><![CDATA[23:58:10.906 [main] DEBUG org.angnysa.autodb.metadata.jdbc.loader.AbstractJdbcMetadataLoaderTester - Using database: PostgreSQL 9.6.22, driver: PostgreSQL JDBC Driver 42.2.20, default catalog: 'test', default schema: 'public'
]]></system-out>
  </testcase>
  <testcase name="testLoadIndices" classname="org.angnysa.autodb.metadata.jdbc.loader.db.TestJdbcMetadataLoader_Postgresql_96" time="0.01">
    <error type="java.lang.NullPointerException"><![CDATA[java.lang.NullPointerException
]]></error>
    <system-out><![CDATA[23:58:10.928 [main] DEBUG org.angnysa.autodb.metadata.jdbc.loader.AbstractJdbcMetadataLoaderTester - Using database: PostgreSQL 9.6.22, driver: PostgreSQL JDBC Driver 42.2.20, default catalog: 'test', default schema: 'public'
23:58:10.930 [main] DEBUG org.angnysa.autodb.metadata.jdbc.loader.AbstractJdbcMetadataLoaderTester - Target table: TEST_121_A
23:58:10.930 [main] DEBUG org.angnysa.autodb.metadata.jdbc.loader.AbstractJdbcMetadataLoaderTester - Expected Indices: []
]]></system-out>
  </testcase>
  <testcase name="testLoadIndices" classname="org.angnysa.autodb.metadata.jdbc.loader.db.TestJdbcMetadataLoader_Postgresql_96" time="0.009">
    <error type="java.lang.NullPointerException"><![CDATA[java.lang.NullPointerException
]]></error>
    <system-out><![CDATA[23:58:10.939 [main] DEBUG org.angnysa.autodb.metadata.jdbc.loader.AbstractJdbcMetadataLoaderTester - Target table: TEST_121_B
23:58:10.939 [main] DEBUG org.angnysa.autodb.metadata.jdbc.loader.AbstractJdbcMetadataLoaderTester - Expected Indices: [ExpectedIndex(unique=true, columns=[A_ID2, A_ID2])]
]]></system-out>
  </testcase>
  <testcase name="testLoadIndices" classname="org.angnysa.autodb.metadata.jdbc.loader.db.TestJdbcMetadataLoader_Postgresql_96" time="0.009">
    <error type="java.lang.NullPointerException"><![CDATA[java.lang.NullPointerException
]]></error>
    <system-out><![CDATA[23:58:10.949 [main] DEBUG org.angnysa.autodb.metadata.jdbc.loader.AbstractJdbcMetadataLoaderTester - Target table: TEST_M21_A
23:58:10.949 [main] DEBUG org.angnysa.autodb.metadata.jdbc.loader.AbstractJdbcMetadataLoaderTester - Expected Indices: []
]]></system-out>
  </testcase>
  <testcase name="testLoadIndices" classname="org.angnysa.autodb.metadata.jdbc.loader.db.TestJdbcMetadataLoader_Postgresql_96" time="0.01">
    <error type="java.lang.NullPointerException"><![CDATA[java.lang.NullPointerException
]]></error>
    <system-out><![CDATA[23:58:10.958 [main] DEBUG org.angnysa.autodb.metadata.jdbc.loader.AbstractJdbcMetadataLoaderTester - Target table: TEST_M21_B
23:58:10.959 [main] DEBUG org.angnysa.autodb.metadata.jdbc.loader.AbstractJdbcMetadataLoaderTester - Expected Indices: [ExpectedIndex(unique=false, columns=[A_ID2, A_ID2])]
]]></system-out>
  </testcase>
  <testcase name="testLoadIndices" classname="org.angnysa.autodb.metadata.jdbc.loader.db.TestJdbcMetadataLoader_Postgresql_96" time="0.009">
    <error type="java.lang.NullPointerException"><![CDATA[java.lang.NullPointerException
]]></error>
    <system-out><![CDATA[23:58:10.968 [main] DEBUG org.angnysa.autodb.metadata.jdbc.loader.AbstractJdbcMetadataLoaderTester - Target table: TEST_M2M_A
23:58:10.968 [main] DEBUG org.angnysa.autodb.metadata.jdbc.loader.AbstractJdbcMetadataLoaderTester - Expected Indices: []
]]></system-out>
  </testcase>
  <testcase name="testLoadIndices" classname="org.angnysa.autodb.metadata.jdbc.loader.db.TestJdbcMetadataLoader_Postgresql_96" time="0.009">
    <error type="java.lang.NullPointerException"><![CDATA[java.lang.NullPointerException
]]></error>
    <system-out><![CDATA[23:58:10.978 [main] DEBUG org.angnysa.autodb.metadata.jdbc.loader.AbstractJdbcMetadataLoaderTester - Target table: TEST_M2M_B
23:58:10.978 [main] DEBUG org.angnysa.autodb.metadata.jdbc.loader.AbstractJdbcMetadataLoaderTester - Expected Indices: []
]]></system-out>
  </testcase>
  <testcase name="testLoadIndices" classname="org.angnysa.autodb.metadata.jdbc.loader.db.TestJdbcMetadataLoader_Postgresql_96" time="0.009">
    <error type="java.lang.NullPointerException"><![CDATA[java.lang.NullPointerException
]]></error>
    <system-out><![CDATA[23:58:10.987 [main] DEBUG org.angnysa.autodb.metadata.jdbc.loader.AbstractJdbcMetadataLoaderTester - Target table: TEST_M2M_REL
23:58:10.987 [main] DEBUG org.angnysa.autodb.metadata.jdbc.loader.AbstractJdbcMetadataLoaderTester - Expected Indices: [ExpectedIndex(unique=false, columns=[AB_ID1, A_ID2]), ExpectedIndex(unique=false, columns=[AB_ID1, B_ID2])]
]]></system-out>
  </testcase>
  <testcase name="testLoadForeignKeys" classname="org.angnysa.autodb.metadata.jdbc.loader.db.TestJdbcMetadataLoader_Postgresql_96" time="0.042">
    <system-out><![CDATA[23:58:11.000 [main] DEBUG org.angnysa.autodb.metadata.jdbc.loader.AbstractJdbcMetadataLoaderTester - Using database: PostgreSQL 9.6.22, driver: PostgreSQL JDBC Driver 42.2.20, default catalog: 'test', default schema: 'public'
23:58:11.001 [main] DEBUG org.angnysa.autodb.metadata.jdbc.loader.AbstractJdbcMetadataLoaderTester - Target table: TEST_121_A
23:58:11.001 [main] DEBUG org.angnysa.autodb.metadata.jdbc.loader.AbstractJdbcMetadataLoaderTester - Expected Foreign Keys: []
23:58:11.010 [main] TRACE org.angnysa.autodb.metadata.jdbc.loader.JdbcMetadataLoader - Column loaded: public.test_121_a :: JdbcColumn id1 int4(mandatory, len < 10) 
23:58:11.010 [main] TRACE org.angnysa.autodb.metadata.jdbc.loader.JdbcMetadataLoader - Column loaded: public.test_121_a :: JdbcColumn id2 int4(mandatory, len < 10) 
23:58:11.011 [main] TRACE org.angnysa.autodb.metadata.jdbc.loader.JdbcMetadataLoader - Index loaded: public.test_121_a :: JdbcUniqueIndex [unique] name: 'pk_test_121_a', columns: ('id1', 'id2')
23:58:11.012 [main] TRACE org.angnysa.autodb.metadata.jdbc.loader.JdbcMetadataLoader - Primary Key loaded: public.test_121_a :: JdbcUniqueIndex [unique] name: 'pk_test_121_a', columns: ('id1', 'id2')
23:58:11.012 [main] TRACE org.angnysa.autodb.metadata.jdbc.loader.JdbcMetadataLoader - Table loaded:
[!!!org.angnysa.autodb.metadata.jdbc.JdbcTable@72cdb111=>java.lang.NullPointerException:Cannot invoke "org.angnysa.autodb.metadata.jdbc.JdbcDatabase.getRelations(org.angnysa.autodb.metadata.jdbc.JdbcTable)" because "this.database" is null!!!]
23:58:11.014 [main] TRACE org.angnysa.autodb.metadata.jdbc.loader.JdbcMetadataLoader - Column loaded: public.test_121_b :: JdbcColumn id1 int4(mandatory, len < 10) 
23:58:11.014 [main] TRACE org.angnysa.autodb.metadata.jdbc.loader.JdbcMetadataLoader - Column loaded: public.test_121_b :: JdbcColumn id2 int4(mandatory, len < 10) 
23:58:11.014 [main] TRACE org.angnysa.autodb.metadata.jdbc.loader.JdbcMetadataLoader - Column loaded: public.test_121_b :: JdbcColumn a_id1 int4(mandatory, len < 10) 
23:58:11.014 [main] TRACE org.angnysa.autodb.metadata.jdbc.loader.JdbcMetadataLoader - Column loaded: public.test_121_b :: JdbcColumn a_id2 int4(mandatory, len < 10) 
23:58:11.015 [main] TRACE org.angnysa.autodb.metadata.jdbc.loader.JdbcMetadataLoader - Index loaded: public.test_121_b :: JdbcUniqueIndex [unique] name: 'pk_test_121_b', columns: ('id1', 'id2')
23:58:11.015 [main] TRACE org.angnysa.autodb.metadata.jdbc.loader.JdbcMetadataLoader - Index loaded: public.test_121_b :: JdbcUniqueIndex [unique] name: 'uk_test_121_b', columns: ('a_id1', 'a_id2')
23:58:11.016 [main] TRACE org.angnysa.autodb.metadata.jdbc.loader.JdbcMetadataLoader - Primary Key loaded: public.test_121_b :: JdbcUniqueIndex [unique] name: 'pk_test_121_b', columns: ('id1', 'id2')
23:58:11.017 [main] TRACE org.angnysa.autodb.metadata.jdbc.loader.JdbcMetadataLoader - Table loaded:
[!!!org.angnysa.autodb.metadata.jdbc.JdbcTable@eba3009=>java.lang.NullPointerException:Cannot invoke "org.angnysa.autodb.metadata.jdbc.JdbcDatabase.getRelations(org.angnysa.autodb.metadata.jdbc.JdbcTable)" because "this.database" is null!!!]
23:58:11.018 [main] TRACE org.angnysa.autodb.metadata.jdbc.loader.JdbcMetadataLoader - Column loaded: public.test_m21_a :: JdbcColumn id1 int4(mandatory, len < 10) 
23:58:11.018 [main] TRACE org.angnysa.autodb.metadata.jdbc.loader.JdbcMetadataLoader - Column loaded: public.test_m21_a :: JdbcColumn id2 int4(mandatory, len < 10) 
23:58:11.019 [main] TRACE org.angnysa.autodb.metadata.jdbc.loader.JdbcMetadataLoader - Index loaded: public.test_m21_a :: JdbcUniqueIndex [unique] name: 'pk_test_m21_a', columns: ('id1', 'id2')
23:58:11.020 [main] TRACE org.angnysa.autodb.metadata.jdbc.loader.JdbcMetadataLoader - Primary Key loaded: public.test_m21_a :: JdbcUniqueIndex [unique] name: 'pk_test_m21_a', columns: ('id1', 'id2')
23:58:11.020 [main] TRACE org.angnysa.autodb.metadata.jdbc.loader.JdbcMetadataLoader - Table loaded:
[!!!org.angnysa.autodb.metadata.jdbc.JdbcTable@2159c25e=>java.lang.NullPointerException:Cannot invoke "org.angnysa.autodb.metadata.jdbc.JdbcDatabase.getRelations(org.angnysa.autodb.metadata.jdbc.JdbcTable)" because "this.database" is null!!!]
23:58:11.022 [main] TRACE org.angnysa.autodb.metadata.jdbc.loader.JdbcMetadataLoader - Column loaded: public.test_m21_b :: JdbcColumn id1 int4(mandatory, len < 10) 
23:58:11.022 [main] TRACE org.angnysa.autodb.metadata.jdbc.loader.JdbcMetadataLoader - Column loaded: public.test_m21_b :: JdbcColumn id2 int4(mandatory, len < 10) 
23:58:11.022 [main] TRACE org.angnysa.autodb.metadata.jdbc.loader.JdbcMetadataLoader - Column loaded: public.test_m21_b :: JdbcColumn a_id1 int4(mandatory, len < 10) 
23:58:11.022 [main] TRACE org.angnysa.autodb.metadata.jdbc.loader.JdbcMetadataLoader - Column loaded: public.test_m21_b :: JdbcColumn a_id2 int4(mandatory, len < 10) 
23:58:11.023 [main] TRACE org.angnysa.autodb.metadata.jdbc.loader.JdbcMetadataLoader - Index loaded: public.test_m21_b :: JdbcUniqueIndex [unique] name: 'pk_test_m21_b', columns: ('id1', 'id2')
23:58:11.023 [main] TRACE org.angnysa.autodb.metadata.jdbc.loader.JdbcMetadataLoader - Index loaded: public.test_m21_b :: JdbcIndex [index] name: 'id_test_m21_b_a', columns: ('a_id1', 'a_id2')
23:58:11.024 [main] TRACE org.angnysa.autodb.metadata.jdbc.loader.JdbcMetadataLoader - Primary Key loaded: public.test_m21_b :: JdbcUniqueIndex [unique] name: 'pk_test_m21_b', columns: ('id1', 'id2')
23:58:11.024 [main] TRACE org.angnysa.autodb.metadata.jdbc.loader.JdbcMetadataLoader - Table loaded:
[!!!org.angnysa.autodb.metadata.jdbc.JdbcTable@5fb2088b=>java.lang.NullPointerException:Cannot invoke "org.angnysa.autodb.metadata.jdbc.JdbcDatabase.getRelations(org.angnysa.autodb.metadata.jdbc.JdbcTable)" because "this.database" is null!!!]
23:58:11.026 [main] TRACE org.angnysa.autodb.metadata.jdbc.loader.JdbcMetadataLoader - Column loaded: public.test_m2m_a :: JdbcColumn id1 int4(mandatory, len < 10) 
23:58:11.026 [main] TRACE org.angnysa.autodb.metadata.jdbc.loader.JdbcMetadataLoader - Column loaded: public.test_m2m_a :: JdbcColumn id2 int4(mandatory, len < 10) 
23:58:11.027 [main] TRACE org.angnysa.autodb.metadata.jdbc.loader.JdbcMetadataLoader - Index loaded: public.test_m2m_a :: JdbcUniqueIndex [unique] name: 'pk_test_m2m_a', columns: ('id1', 'id2')
23:58:11.028 [main] TRACE org.angnysa.autodb.metadata.jdbc.loader.JdbcMetadataLoader - Primary Key loaded: public.test_m2m_a :: JdbcUniqueIndex [unique] name: 'pk_test_m2m_a', columns: ('id1', 'id2')
23:58:11.028 [main] TRACE org.angnysa.autodb.metadata.jdbc.loader.JdbcMetadataLoader - Table loaded:
[!!!org.angnysa.autodb.metadata.jdbc.JdbcTable@40e86f55=>java.lang.NullPointerException:Cannot invoke "org.angnysa.autodb.metadata.jdbc.JdbcDatabase.getRelations(org.angnysa.autodb.metadata.jdbc.JdbcTable)" because "this.database" is null!!!]
23:58:11.030 [main] TRACE org.angnysa.autodb.metadata.jdbc.loader.JdbcMetadataLoader - Column loaded: public.test_m2m_b :: JdbcColumn id1 int4(mandatory, len < 10) 
23:58:11.030 [main] TRACE org.angnysa.autodb.metadata.jdbc.loader.JdbcMetadataLoader - Column loaded: public.test_m2m_b :: JdbcColumn id2 int4(mandatory, len < 10) 
23:58:11.031 [main] TRACE org.angnysa.autodb.metadata.jdbc.loader.JdbcMetadataLoader - Index loaded: public.test_m2m_b :: JdbcUniqueIndex [unique] name: 'pk_test_m2m_b', columns: ('id1', 'id2')
23:58:11.032 [main] TRACE org.angnysa.autodb.metadata.jdbc.loader.JdbcMetadataLoader - Primary Key loaded: public.test_m2m_b :: JdbcUniqueIndex [unique] name: 'pk_test_m2m_b', columns: ('id1', 'id2')
23:58:11.032 [main] TRACE org.angnysa.autodb.metadata.jdbc.loader.JdbcMetadataLoader - Table loaded:
[!!!org.angnysa.autodb.metadata.jdbc.JdbcTable@1f8d3539=>java.lang.NullPointerException:Cannot invoke "org.angnysa.autodb.metadata.jdbc.JdbcDatabase.getRelations(org.angnysa.autodb.metadata.jdbc.JdbcTable)" because "this.database" is null!!!]
23:58:11.034 [main] TRACE org.angnysa.autodb.metadata.jdbc.loader.JdbcMetadataLoader - Column loaded: public.test_m2m_rel :: JdbcColumn ab_id1 int4(mandatory, len < 10) 
23:58:11.034 [main] TRACE org.angnysa.autodb.metadata.jdbc.loader.JdbcMetadataLoader - Column loaded: public.test_m2m_rel :: JdbcColumn a_id2 int4(mandatory, len < 10) 
23:58:11.034 [main] TRACE org.angnysa.autodb.metadata.jdbc.loader.JdbcMetadataLoader - Column loaded: public.test_m2m_rel :: JdbcColumn b_id2 int4(mandatory, len < 10) 
23:58:11.035 [main] TRACE org.angnysa.autodb.metadata.jdbc.loader.JdbcMetadataLoader - Index loaded: public.test_m2m_rel :: JdbcUniqueIndex [unique] name: 'pk_test_m2m_rel', columns: ('ab_id1', 'a_id2', 'b_id2')
23:58:11.036 [main] TRACE org.angnysa.autodb.metadata.jdbc.loader.JdbcMetadataLoader - Primary Key loaded: public.test_m2m_rel :: JdbcUniqueIndex [unique] name: 'pk_test_m2m_rel', columns: ('ab_id1', 'a_id2', 'b_id2')
23:58:11.036 [main] TRACE org.angnysa.autodb.metadata.jdbc.loader.JdbcMetadataLoader - Table loaded:
[!!!org.angnysa.autodb.metadata.jdbc.JdbcTable@70295fa4=>java.lang.NullPointerException:Cannot invoke "org.angnysa.autodb.metadata.jdbc.JdbcDatabase.getRelations(org.angnysa.autodb.metadata.jdbc.JdbcTable)" because "this.database" is null!!!]
]]></system-out>
  </testcase>
  <testcase name="testLoadForeignKeys" classname="org.angnysa.autodb.metadata.jdbc.loader.db.TestJdbcMetadataLoader_Postgresql_96" time="0.044">
    <error type="java.lang.IllegalStateException"><![CDATA[java.lang.IllegalStateException: No table named 'public.test_121_b'
]]></error>
    <system-out><![CDATA[23:58:11.043 [main] DEBUG org.angnysa.autodb.metadata.jdbc.loader.AbstractJdbcMetadataLoaderTester - Target table: TEST_121_B
23:58:11.046 [main] DEBUG org.angnysa.autodb.metadata.jdbc.loader.AbstractJdbcMetadataLoaderTester - Expected Foreign Keys: [ExpectedForeignKey(name=FK_TEST_121_B_A, mandatory=true, referencingColumns=[A_ID1, A_ID2], referencedTable=TEST_121_A, referencedColumns=[ID1, ID2])]
23:58:11.054 [main] TRACE org.angnysa.autodb.metadata.jdbc.loader.JdbcMetadataLoader - Column loaded: public.test_121_a :: JdbcColumn id1 int4(mandatory, len < 10) 
23:58:11.054 [main] TRACE org.angnysa.autodb.metadata.jdbc.loader.JdbcMetadataLoader - Column loaded: public.test_121_a :: JdbcColumn id2 int4(mandatory, len < 10) 
23:58:11.056 [main] TRACE org.angnysa.autodb.metadata.jdbc.loader.JdbcMetadataLoader - Index loaded: public.test_121_a :: JdbcUniqueIndex [unique] name: 'pk_test_121_a', columns: ('id1', 'id2')
23:58:11.057 [main] TRACE org.angnysa.autodb.metadata.jdbc.loader.JdbcMetadataLoader - Primary Key loaded: public.test_121_a :: JdbcUniqueIndex [unique] name: 'pk_test_121_a', columns: ('id1', 'id2')
23:58:11.057 [main] TRACE org.angnysa.autodb.metadata.jdbc.loader.JdbcMetadataLoader - Table loaded:
[!!!org.angnysa.autodb.metadata.jdbc.JdbcTable@de61005=>java.lang.NullPointerException:Cannot invoke "org.angnysa.autodb.metadata.jdbc.JdbcDatabase.getRelations(org.angnysa.autodb.metadata.jdbc.JdbcTable)" because "this.database" is null!!!]
23:58:11.059 [main] TRACE org.angnysa.autodb.metadata.jdbc.loader.JdbcMetadataLoader - Column loaded: public.test_121_b :: JdbcColumn id1 int4(mandatory, len < 10) 
23:58:11.059 [main] TRACE org.angnysa.autodb.metadata.jdbc.loader.JdbcMetadataLoader - Column loaded: public.test_121_b :: JdbcColumn id2 int4(mandatory, len < 10) 
23:58:11.059 [main] TRACE org.angnysa.autodb.metadata.jdbc.loader.JdbcMetadataLoader - Column loaded: public.test_121_b :: JdbcColumn a_id1 int4(mandatory, len < 10) 
23:58:11.059 [main] TRACE org.angnysa.autodb.metadata.jdbc.loader.JdbcMetadataLoader - Column loaded: public.test_121_b :: JdbcColumn a_id2 int4(mandatory, len < 10) 
23:58:11.060 [main] TRACE org.angnysa.autodb.metadata.jdbc.loader.JdbcMetadataLoader - Index loaded: public.test_121_b :: JdbcUniqueIndex [unique] name: 'pk_test_121_b', columns: ('id1', 'id2')
23:58:11.060 [main] TRACE org.angnysa.autodb.metadata.jdbc.loader.JdbcMetadataLoader - Index loaded: public.test_121_b :: JdbcUniqueIndex [unique] name: 'uk_test_121_b', columns: ('a_id1', 'a_id2')
23:58:11.061 [main] TRACE org.angnysa.autodb.metadata.jdbc.loader.JdbcMetadataLoader - Primary Key loaded: public.test_121_b :: JdbcUniqueIndex [unique] name: 'pk_test_121_b', columns: ('id1', 'id2')
23:58:11.061 [main] TRACE org.angnysa.autodb.metadata.jdbc.loader.JdbcMetadataLoader - Table loaded:
[!!!org.angnysa.autodb.metadata.jdbc.JdbcTable@2b84d474=>java.lang.NullPointerException:Cannot invoke "org.angnysa.autodb.metadata.jdbc.JdbcDatabase.getRelations(org.angnysa.autodb.metadata.jdbc.JdbcTable)" because "this.database" is null!!!]
23:58:11.063 [main] TRACE org.angnysa.autodb.metadata.jdbc.loader.JdbcMetadataLoader - Column loaded: public.test_m21_a :: JdbcColumn id1 int4(mandatory, len < 10) 
23:58:11.063 [main] TRACE org.angnysa.autodb.metadata.jdbc.loader.JdbcMetadataLoader - Column loaded: public.test_m21_a :: JdbcColumn id2 int4(mandatory, len < 10) 
23:58:11.064 [main] TRACE org.angnysa.autodb.metadata.jdbc.loader.JdbcMetadataLoader - Index loaded: public.test_m21_a :: JdbcUniqueIndex [unique] name: 'pk_test_m21_a', columns: ('id1', 'id2')
23:58:11.065 [main] TRACE org.angnysa.autodb.metadata.jdbc.loader.JdbcMetadataLoader - Primary Key loaded: public.test_m21_a :: JdbcUniqueIndex [unique] name: 'pk_test_m21_a', columns: ('id1', 'id2')
23:58:11.065 [main] TRACE org.angnysa.autodb.metadata.jdbc.loader.JdbcMetadataLoader - Table loaded:
[!!!org.angnysa.autodb.metadata.jdbc.JdbcTable@1d458c1e=>java.lang.NullPointerException:Cannot invoke "org.angnysa.autodb.metadata.jdbc.JdbcDatabase.getRelations(org.angnysa.autodb.metadata.jdbc.JdbcTable)" because "this.database" is null!!!]
23:58:11.066 [main] TRACE org.angnysa.autodb.metadata.jdbc.loader.JdbcMetadataLoader - Column loaded: public.test_m21_b :: JdbcColumn id1 int4(mandatory, len < 10) 
23:58:11.067 [main] TRACE org.angnysa.autodb.metadata.jdbc.loader.JdbcMetadataLoader - Column loaded: public.test_m21_b :: JdbcColumn id2 int4(mandatory, len < 10) 
23:58:11.067 [main] TRACE org.angnysa.autodb.metadata.jdbc.loader.JdbcMetadataLoader - Column loaded: public.test_m21_b :: JdbcColumn a_id1 int4(mandatory, len < 10) 
23:58:11.067 [main] TRACE org.angnysa.autodb.metadata.jdbc.loader.JdbcMetadataLoader - Column loaded: public.test_m21_b :: JdbcColumn a_id2 int4(mandatory, len < 10) 
23:58:11.068 [main] TRACE org.angnysa.autodb.metadata.jdbc.loader.JdbcMetadataLoader - Index loaded: public.test_m21_b :: JdbcUniqueIndex [unique] name: 'pk_test_m21_b', columns: ('id1', 'id2')
23:58:11.068 [main] TRACE org.angnysa.autodb.metadata.jdbc.loader.JdbcMetadataLoader - Index loaded: public.test_m21_b :: JdbcIndex [index] name: 'id_test_m21_b_a', columns: ('a_id1', 'a_id2')
23:58:11.069 [main] TRACE org.angnysa.autodb.metadata.jdbc.loader.JdbcMetadataLoader - Primary Key loaded: public.test_m21_b :: JdbcUniqueIndex [unique] name: 'pk_test_m21_b', columns: ('id1', 'id2')
23:58:11.069 [main] TRACE org.angnysa.autodb.metadata.jdbc.loader.JdbcMetadataLoader - Table loaded:
[!!!org.angnysa.autodb.metadata.jdbc.JdbcTable@60607fab=>java.lang.NullPointerException:Cannot invoke "org.angnysa.autodb.metadata.jdbc.JdbcDatabase.getRelations(org.angnysa.autodb.metadata.jdbc.JdbcTable)" because "this.database" is null!!!]
23:58:11.070 [main] TRACE org.angnysa.autodb.metadata.jdbc.loader.JdbcMetadataLoader - Column loaded: public.test_m2m_a :: JdbcColumn id1 int4(mandatory, len < 10) 
23:58:11.070 [main] TRACE org.angnysa.autodb.metadata.jdbc.loader.JdbcMetadataLoader - Column loaded: public.test_m2m_a :: JdbcColumn id2 int4(mandatory, len < 10) 
23:58:11.071 [main] TRACE org.angnysa.autodb.metadata.jdbc.loader.JdbcMetadataLoader - Index loaded: public.test_m2m_a :: JdbcUniqueIndex [unique] name: 'pk_test_m2m_a', columns: ('id1', 'id2')
23:58:11.072 [main] TRACE org.angnysa.autodb.metadata.jdbc.loader.JdbcMetadataLoader - Primary Key loaded: public.test_m2m_a :: JdbcUniqueIndex [unique] name: 'pk_test_m2m_a', columns: ('id1', 'id2')
23:58:11.072 [main] TRACE org.angnysa.autodb.metadata.jdbc.loader.JdbcMetadataLoader - Table loaded:
[!!!org.angnysa.autodb.metadata.jdbc.JdbcTable@5d3b2d9a=>java.lang.NullPointerException:Cannot invoke "org.angnysa.autodb.metadata.jdbc.JdbcDatabase.getRelations(org.angnysa.autodb.metadata.jdbc.JdbcTable)" because "this.database" is null!!!]
23:58:11.074 [main] TRACE org.angnysa.autodb.metadata.jdbc.loader.JdbcMetadataLoader - Column loaded: public.test_m2m_b :: JdbcColumn id1 int4(mandatory, len < 10) 
23:58:11.074 [main] TRACE org.angnysa.autodb.metadata.jdbc.loader.JdbcMetadataLoader - Column loaded: public.test_m2m_b :: JdbcColumn id2 int4(mandatory, len < 10) 
23:58:11.075 [main] TRACE org.angnysa.autodb.metadata.jdbc.loader.JdbcMetadataLoader - Index loaded: public.test_m2m_b :: JdbcUniqueIndex [unique] name: 'pk_test_m2m_b', columns: ('id1', 'id2')
23:58:11.076 [main] TRACE org.angnysa.autodb.metadata.jdbc.loader.JdbcMetadataLoader - Primary Key loaded: public.test_m2m_b :: JdbcUniqueIndex [unique] name: 'pk_test_m2m_b', columns: ('id1', 'id2')
23:58:11.076 [main] TRACE org.angnysa.autodb.metadata.jdbc.loader.JdbcMetadataLoader - Table loaded:
[!!!org.angnysa.autodb.metadata.jdbc.JdbcTable@5011753d=>java.lang.NullPointerException:Cannot invoke "org.angnysa.autodb.metadata.jdbc.JdbcDatabase.getRelations(org.angnysa.autodb.metadata.jdbc.JdbcTable)" because "this.database" is null!!!]
23:58:11.078 [main] TRACE org.angnysa.autodb.metadata.jdbc.loader.JdbcMetadataLoader - Column loaded: public.test_m2m_rel :: JdbcColumn ab_id1 int4(mandatory, len < 10) 
23:58:11.078 [main] TRACE org.angnysa.autodb.metadata.jdbc.loader.JdbcMetadataLoader - Column loaded: public.test_m2m_rel :: JdbcColumn a_id2 int4(mandatory, len < 10) 
23:58:11.078 [main] TRACE org.angnysa.autodb.metadata.jdbc.loader.JdbcMetadataLoader - Column loaded: public.test_m2m_rel :: JdbcColumn b_id2 int4(mandatory, len < 10) 
23:58:11.079 [main] TRACE org.angnysa.autodb.metadata.jdbc.loader.JdbcMetadataLoader - Index loaded: public.test_m2m_rel :: JdbcUniqueIndex [unique] name: 'pk_test_m2m_rel', columns: ('ab_id1', 'a_id2', 'b_id2')
23:58:11.080 [main] TRACE org.angnysa.autodb.metadata.jdbc.loader.JdbcMetadataLoader - Primary Key loaded: public.test_m2m_rel :: JdbcUniqueIndex [unique] name: 'pk_test_m2m_rel', columns: ('ab_id1', 'a_id2', 'b_id2')
23:58:11.081 [main] TRACE org.angnysa.autodb.metadata.jdbc.loader.JdbcMetadataLoader - Table loaded:
[!!!org.angnysa.autodb.metadata.jdbc.JdbcTable@6105265d=>java.lang.NullPointerException:Cannot invoke "org.angnysa.autodb.metadata.jdbc.JdbcDatabase.getRelations(org.angnysa.autodb.metadata.jdbc.JdbcTable)" because "this.database" is null!!!]
]]></system-out>
  </testcase>
  <testcase name="testLoadForeignKeys" classname="org.angnysa.autodb.metadata.jdbc.loader.db.TestJdbcMetadataLoader_Postgresql_96" time="0.047">
    <system-out><![CDATA[23:58:11.088 [main] DEBUG org.angnysa.autodb.metadata.jdbc.loader.AbstractJdbcMetadataLoaderTester - Target table: TEST_M21_A
23:58:11.088 [main] DEBUG org.angnysa.autodb.metadata.jdbc.loader.AbstractJdbcMetadataLoaderTester - Expected Foreign Keys: []
23:58:11.097 [main] TRACE org.angnysa.autodb.metadata.jdbc.loader.JdbcMetadataLoader - Column loaded: public.test_121_a :: JdbcColumn id1 int4(mandatory, len < 10) 
23:58:11.097 [main] TRACE org.angnysa.autodb.metadata.jdbc.loader.JdbcMetadataLoader - Column loaded: public.test_121_a :: JdbcColumn id2 int4(mandatory, len < 10) 
23:58:11.098 [main] TRACE org.angnysa.autodb.metadata.jdbc.loader.JdbcMetadataLoader - Index loaded: public.test_121_a :: JdbcUniqueIndex [unique] name: 'pk_test_121_a', columns: ('id1', 'id2')
23:58:11.099 [main] TRACE org.angnysa.autodb.metadata.jdbc.loader.JdbcMetadataLoader - Primary Key loaded: public.test_121_a :: JdbcUniqueIndex [unique] name: 'pk_test_121_a', columns: ('id1', 'id2')
23:58:11.100 [main] TRACE org.angnysa.autodb.metadata.jdbc.loader.JdbcMetadataLoader - Table loaded:
[!!!org.angnysa.autodb.metadata.jdbc.JdbcTable@5d4b0fac=>java.lang.NullPointerException:Cannot invoke "org.angnysa.autodb.metadata.jdbc.JdbcDatabase.getRelations(org.angnysa.autodb.metadata.jdbc.JdbcTable)" because "this.database" is null!!!]
23:58:11.101 [main] TRACE org.angnysa.autodb.metadata.jdbc.loader.JdbcMetadataLoader - Column loaded: public.test_121_b :: JdbcColumn id1 int4(mandatory, len < 10) 
23:58:11.101 [main] TRACE org.angnysa.autodb.metadata.jdbc.loader.JdbcMetadataLoader - Column loaded: public.test_121_b :: JdbcColumn id2 int4(mandatory, len < 10) 
23:58:11.101 [main] TRACE org.angnysa.autodb.metadata.jdbc.loader.JdbcMetadataLoader - Column loaded: public.test_121_b :: JdbcColumn a_id1 int4(mandatory, len < 10) 
23:58:11.101 [main] TRACE org.angnysa.autodb.metadata.jdbc.loader.JdbcMetadataLoader - Column loaded: public.test_121_b :: JdbcColumn a_id2 int4(mandatory, len < 10) 
23:58:11.102 [main] TRACE org.angnysa.autodb.metadata.jdbc.loader.JdbcMetadataLoader - Index loaded: public.test_121_b :: JdbcUniqueIndex [unique] name: 'pk_test_121_b', columns: ('id1', 'id2')
23:58:11.102 [main] TRACE org.angnysa.autodb.metadata.jdbc.loader.JdbcMetadataLoader - Index loaded: public.test_121_b :: JdbcUniqueIndex [unique] name: 'uk_test_121_b', columns: ('a_id1', 'a_id2')
23:58:11.104 [main] TRACE org.angnysa.autodb.metadata.jdbc.loader.JdbcMetadataLoader - Primary Key loaded: public.test_121_b :: JdbcUniqueIndex [unique] name: 'pk_test_121_b', columns: ('id1', 'id2')
23:58:11.104 [main] TRACE org.angnysa.autodb.metadata.jdbc.loader.JdbcMetadataLoader - Table loaded:
[!!!org.angnysa.autodb.metadata.jdbc.JdbcTable@1534fd96=>java.lang.NullPointerException:Cannot invoke "org.angnysa.autodb.metadata.jdbc.JdbcDatabase.getRelations(org.angnysa.autodb.metadata.jdbc.JdbcTable)" because "this.database" is null!!!]
23:58:11.107 [main] TRACE org.angnysa.autodb.metadata.jdbc.loader.JdbcMetadataLoader - Column loaded: public.test_m21_a :: JdbcColumn id1 int4(mandatory, len < 10) 
23:58:11.107 [main] TRACE org.angnysa.autodb.metadata.jdbc.loader.JdbcMetadataLoader - Column loaded: public.test_m21_a :: JdbcColumn id2 int4(mandatory, len < 10) 
23:58:11.108 [main] TRACE org.angnysa.autodb.metadata.jdbc.loader.JdbcMetadataLoader - Index loaded: public.test_m21_a :: JdbcUniqueIndex [unique] name: 'pk_test_m21_a', columns: ('id1', 'id2')
23:58:11.109 [main] TRACE org.angnysa.autodb.metadata.jdbc.loader.JdbcMetadataLoader - Primary Key loaded: public.test_m21_a :: JdbcUniqueIndex [unique] name: 'pk_test_m21_a', columns: ('id1', 'id2')
23:58:11.110 [main] TRACE org.angnysa.autodb.metadata.jdbc.loader.JdbcMetadataLoader - Table loaded:
[!!!org.angnysa.autodb.metadata.jdbc.JdbcTable@4b969bd9=>java.lang.NullPointerException:Cannot invoke "org.angnysa.autodb.metadata.jdbc.JdbcDatabase.getRelations(org.angnysa.autodb.metadata.jdbc.JdbcTable)" because "this.database" is null!!!]
23:58:11.112 [main] TRACE org.angnysa.autodb.metadata.jdbc.loader.JdbcMetadataLoader - Column loaded: public.test_m21_b :: JdbcColumn id1 int4(mandatory, len < 10) 
23:58:11.112 [main] TRACE org.angnysa.autodb.metadata.jdbc.loader.JdbcMetadataLoader - Column loaded: public.test_m21_b :: JdbcColumn id2 int4(mandatory, len < 10) 
23:58:11.112 [main] TRACE org.angnysa.autodb.metadata.jdbc.loader.JdbcMetadataLoader - Column loaded: public.test_m21_b :: JdbcColumn a_id1 int4(mandatory, len < 10) 
23:58:11.112 [main] TRACE org.angnysa.autodb.metadata.jdbc.loader.JdbcMetadataLoader - Column loaded: public.test_m21_b :: JdbcColumn a_id2 int4(mandatory, len < 10) 
23:58:11.113 [main] TRACE org.angnysa.autodb.metadata.jdbc.loader.JdbcMetadataLoader - Index loaded: public.test_m21_b :: JdbcUniqueIndex [unique] name: 'pk_test_m21_b', columns: ('id1', 'id2')
23:58:11.113 [main] TRACE org.angnysa.autodb.metadata.jdbc.loader.JdbcMetadataLoader - Index loaded: public.test_m21_b :: JdbcIndex [index] name: 'id_test_m21_b_a', columns: ('a_id1', 'a_id2')
23:58:11.114 [main] TRACE org.angnysa.autodb.metadata.jdbc.loader.JdbcMetadataLoader - Primary Key loaded: public.test_m21_b :: JdbcUniqueIndex [unique] name: 'pk_test_m21_b', columns: ('id1', 'id2')
23:58:11.115 [main] TRACE org.angnysa.autodb.metadata.jdbc.loader.JdbcMetadataLoader - Table loaded:
[!!!org.angnysa.autodb.metadata.jdbc.JdbcTable@caf0e10=>java.lang.NullPointerException:Cannot invoke "org.angnysa.autodb.metadata.jdbc.JdbcDatabase.getRelations(org.angnysa.autodb.metadata.jdbc.JdbcTable)" because "this.database" is null!!!]
23:58:11.117 [main] TRACE org.angnysa.autodb.metadata.jdbc.loader.JdbcMetadataLoader - Column loaded: public.test_m2m_a :: JdbcColumn id1 int4(mandatory, len < 10) 
23:58:11.117 [main] TRACE org.angnysa.autodb.metadata.jdbc.loader.JdbcMetadataLoader - Column loaded: public.test_m2m_a :: JdbcColumn id2 int4(mandatory, len < 10) 
23:58:11.118 [main] TRACE org.angnysa.autodb.metadata.jdbc.loader.JdbcMetadataLoader - Index loaded: public.test_m2m_a :: JdbcUniqueIndex [unique] name: 'pk_test_m2m_a', columns: ('id1', 'id2')
23:58:11.119 [main] TRACE org.angnysa.autodb.metadata.jdbc.loader.JdbcMetadataLoader - Primary Key loaded: public.test_m2m_a :: JdbcUniqueIndex [unique] name: 'pk_test_m2m_a', columns: ('id1', 'id2')
23:58:11.119 [main] TRACE org.angnysa.autodb.metadata.jdbc.loader.JdbcMetadataLoader - Table loaded:
[!!!org.angnysa.autodb.metadata.jdbc.JdbcTable@99c5646=>java.lang.NullPointerException:Cannot invoke "org.angnysa.autodb.metadata.jdbc.JdbcDatabase.getRelations(org.angnysa.autodb.metadata.jdbc.JdbcTable)" because "this.database" is null!!!]
23:58:11.121 [main] TRACE org.angnysa.autodb.metadata.jdbc.loader.JdbcMetadataLoader - Column loaded: public.test_m2m_b :: JdbcColumn id1 int4(mandatory, len < 10) 
23:58:11.121 [main] TRACE org.angnysa.autodb.metadata.jdbc.loader.JdbcMetadataLoader - Column loaded: public.test_m2m_b :: JdbcColumn id2 int4(mandatory, len < 10) 
23:58:11.123 [main] TRACE org.angnysa.autodb.metadata.jdbc.loader.JdbcMetadataLoader - Index loaded: public.test_m2m_b :: JdbcUniqueIndex [unique] name: 'pk_test_m2m_b', columns: ('id1', 'id2')
23:58:11.124 [main] TRACE org.angnysa.autodb.metadata.jdbc.loader.JdbcMetadataLoader - Primary Key loaded: public.test_m2m_b :: JdbcUniqueIndex [unique] name: 'pk_test_m2m_b', columns: ('id1', 'id2')
23:58:11.124 [main] TRACE org.angnysa.autodb.metadata.jdbc.loader.JdbcMetadataLoader - Table loaded:
[!!!org.angnysa.autodb.metadata.jdbc.JdbcTable@3bf6c2ae=>java.lang.NullPointerException:Cannot invoke "org.angnysa.autodb.metadata.jdbc.JdbcDatabase.getRelations(org.angnysa.autodb.metadata.jdbc.JdbcTable)" because "this.database" is null!!!]
23:58:11.126 [main] TRACE org.angnysa.autodb.metadata.jdbc.loader.JdbcMetadataLoader - Column loaded: public.test_m2m_rel :: JdbcColumn ab_id1 int4(mandatory, len < 10) 
23:58:11.126 [main] TRACE org.angnysa.autodb.metadata.jdbc.loader.JdbcMetadataLoader - Column loaded: public.test_m2m_rel :: JdbcColumn a_id2 int4(mandatory, len < 10) 
23:58:11.126 [main] TRACE org.angnysa.autodb.metadata.jdbc.loader.JdbcMetadataLoader - Column loaded: public.test_m2m_rel :: JdbcColumn b_id2 int4(mandatory, len < 10) 
23:58:11.127 [main] TRACE org.angnysa.autodb.metadata.jdbc.loader.JdbcMetadataLoader - Index loaded: public.test_m2m_rel :: JdbcUniqueIndex [unique] name: 'pk_test_m2m_rel', columns: ('ab_id1', 'a_id2', 'b_id2')
23:58:11.128 [main] TRACE org.angnysa.autodb.metadata.jdbc.loader.JdbcMetadataLoader - Primary Key loaded: public.test_m2m_rel :: JdbcUniqueIndex [unique] name: 'pk_test_m2m_rel', columns: ('ab_id1', 'a_id2', 'b_id2')
23:58:11.128 [main] TRACE org.angnysa.autodb.metadata.jdbc.loader.JdbcMetadataLoader - Table loaded:
[!!!org.angnysa.autodb.metadata.jdbc.JdbcTable@44c1ce5a=>java.lang.NullPointerException:Cannot invoke "org.angnysa.autodb.metadata.jdbc.JdbcDatabase.getRelations(org.angnysa.autodb.metadata.jdbc.JdbcTable)" because "this.database" is null!!!]
]]></system-out>
  </testcase>
  <testcase name="testLoadForeignKeys" classname="org.angnysa.autodb.metadata.jdbc.loader.db.TestJdbcMetadataLoader_Postgresql_96" time="0.045">
    <error type="java.lang.IllegalStateException"><![CDATA[java.lang.IllegalStateException: No table named 'public.test_m21_b'
]]></error>
    <system-out><![CDATA[23:58:11.134 [main] DEBUG org.angnysa.autodb.metadata.jdbc.loader.AbstractJdbcMetadataLoaderTester - Target table: TEST_M21_B
23:58:11.134 [main] DEBUG org.angnysa.autodb.metadata.jdbc.loader.AbstractJdbcMetadataLoaderTester - Expected Foreign Keys: [ExpectedForeignKey(name=FK_TEST_M21_B_A, mandatory=true, referencingColumns=[A_ID1, A_ID2], referencedTable=TEST_M21_A, referencedColumns=[ID1, ID2])]
23:58:11.144 [main] TRACE org.angnysa.autodb.metadata.jdbc.loader.JdbcMetadataLoader - Column loaded: public.test_121_a :: JdbcColumn id1 int4(mandatory, len < 10) 
23:58:11.144 [main] TRACE org.angnysa.autodb.metadata.jdbc.loader.JdbcMetadataLoader - Column loaded: public.test_121_a :: JdbcColumn id2 int4(mandatory, len < 10) 
23:58:11.146 [main] TRACE org.angnysa.autodb.metadata.jdbc.loader.JdbcMetadataLoader - Index loaded: public.test_121_a :: JdbcUniqueIndex [unique] name: 'pk_test_121_a', columns: ('id1', 'id2')
23:58:11.147 [main] TRACE org.angnysa.autodb.metadata.jdbc.loader.JdbcMetadataLoader - Primary Key loaded: public.test_121_a :: JdbcUniqueIndex [unique] name: 'pk_test_121_a', columns: ('id1', 'id2')
23:58:11.147 [main] TRACE org.angnysa.autodb.metadata.jdbc.loader.JdbcMetadataLoader - Table loaded:
[!!!org.angnysa.autodb.metadata.jdbc.JdbcTable@788c0028=>java.lang.NullPointerException:Cannot invoke "org.angnysa.autodb.metadata.jdbc.JdbcDatabase.getRelations(org.angnysa.autodb.metadata.jdbc.JdbcTable)" because "this.database" is null!!!]
23:58:11.149 [main] TRACE org.angnysa.autodb.metadata.jdbc.loader.JdbcMetadataLoader - Column loaded: public.test_121_b :: JdbcColumn id1 int4(mandatory, len < 10) 
23:58:11.149 [main] TRACE org.angnysa.autodb.metadata.jdbc.loader.JdbcMetadataLoader - Column loaded: public.test_121_b :: JdbcColumn id2 int4(mandatory, len < 10) 
23:58:11.149 [main] TRACE org.angnysa.autodb.metadata.jdbc.loader.JdbcMetadataLoader - Column loaded: public.test_121_b :: JdbcColumn a_id1 int4(mandatory, len < 10) 
23:58:11.149 [main] TRACE org.angnysa.autodb.metadata.jdbc.loader.JdbcMetadataLoader - Column loaded: public.test_121_b :: JdbcColumn a_id2 int4(mandatory, len < 10) 
23:58:11.150 [main] TRACE org.angnysa.autodb.metadata.jdbc.loader.JdbcMetadataLoader - Index loaded: public.test_121_b :: JdbcUniqueIndex [unique] name: 'pk_test_121_b', columns: ('id1', 'id2')
23:58:11.150 [main] TRACE org.angnysa.autodb.metadata.jdbc.loader.JdbcMetadataLoader - Index loaded: public.test_121_b :: JdbcUniqueIndex [unique] name: 'uk_test_121_b', columns: ('a_id1', 'a_id2')
23:58:11.151 [main] TRACE org.angnysa.autodb.metadata.jdbc.loader.JdbcMetadataLoader - Primary Key loaded: public.test_121_b :: JdbcUniqueIndex [unique] name: 'pk_test_121_b', columns: ('id1', 'id2')
23:58:11.152 [main] TRACE org.angnysa.autodb.metadata.jdbc.loader.JdbcMetadataLoader - Table loaded:
[!!!org.angnysa.autodb.metadata.jdbc.JdbcTable@5dcd3a19=>java.lang.NullPointerException:Cannot invoke "org.angnysa.autodb.metadata.jdbc.JdbcDatabase.getRelations(org.angnysa.autodb.metadata.jdbc.JdbcTable)" because "this.database" is null!!!]
23:58:11.153 [main] TRACE org.angnysa.autodb.metadata.jdbc.loader.JdbcMetadataLoader - Column loaded: public.test_m21_a :: JdbcColumn id1 int4(mandatory, len < 10) 
23:58:11.154 [main] TRACE org.angnysa.autodb.metadata.jdbc.loader.JdbcMetadataLoader - Column loaded: public.test_m21_a :: JdbcColumn id2 int4(mandatory, len < 10) 
23:58:11.154 [main] TRACE org.angnysa.autodb.metadata.jdbc.loader.JdbcMetadataLoader - Index loaded: public.test_m21_a :: JdbcUniqueIndex [unique] name: 'pk_test_m21_a', columns: ('id1', 'id2')
23:58:11.156 [main] TRACE org.angnysa.autodb.metadata.jdbc.loader.JdbcMetadataLoader - Primary Key loaded: public.test_m21_a :: JdbcUniqueIndex [unique] name: 'pk_test_m21_a', columns: ('id1', 'id2')
23:58:11.156 [main] TRACE org.angnysa.autodb.metadata.jdbc.loader.JdbcMetadataLoader - Table loaded:
[!!!org.angnysa.autodb.metadata.jdbc.JdbcTable@7ce2bfb=>java.lang.NullPointerException:Cannot invoke "org.angnysa.autodb.metadata.jdbc.JdbcDatabase.getRelations(org.angnysa.autodb.metadata.jdbc.JdbcTable)" because "this.database" is null!!!]
23:58:11.158 [main] TRACE org.angnysa.autodb.metadata.jdbc.loader.JdbcMetadataLoader - Column loaded: public.test_m21_b :: JdbcColumn id1 int4(mandatory, len < 10) 
23:58:11.158 [main] TRACE org.angnysa.autodb.metadata.jdbc.loader.JdbcMetadataLoader - Column loaded: public.test_m21_b :: JdbcColumn id2 int4(mandatory, len < 10) 
23:58:11.158 [main] TRACE org.angnysa.autodb.metadata.jdbc.loader.JdbcMetadataLoader - Column loaded: public.test_m21_b :: JdbcColumn a_id1 int4(mandatory, len < 10) 
23:58:11.158 [main] TRACE org.angnysa.autodb.metadata.jdbc.loader.JdbcMetadataLoader - Column loaded: public.test_m21_b :: JdbcColumn a_id2 int4(mandatory, len < 10) 
23:58:11.159 [main] TRACE org.angnysa.autodb.metadata.jdbc.loader.JdbcMetadataLoader - Index loaded: public.test_m21_b :: JdbcUniqueIndex [unique] name: 'pk_test_m21_b', columns: ('id1', 'id2')
23:58:11.159 [main] TRACE org.angnysa.autodb.metadata.jdbc.loader.JdbcMetadataLoader - Index loaded: public.test_m21_b :: JdbcIndex [index] name: 'id_test_m21_b_a', columns: ('a_id1', 'a_id2')
23:58:11.160 [main] TRACE org.angnysa.autodb.metadata.jdbc.loader.JdbcMetadataLoader - Primary Key loaded: public.test_m21_b :: JdbcUniqueIndex [unique] name: 'pk_test_m21_b', columns: ('id1', 'id2')
23:58:11.160 [main] TRACE org.angnysa.autodb.metadata.jdbc.loader.JdbcMetadataLoader - Table loaded:
[!!!org.angnysa.autodb.metadata.jdbc.JdbcTable@5a8fb312=>java.lang.NullPointerException:Cannot invoke "org.angnysa.autodb.metadata.jdbc.JdbcDatabase.getRelations(org.angnysa.autodb.metadata.jdbc.JdbcTable)" because "this.database" is null!!!]
23:58:11.162 [main] TRACE org.angnysa.autodb.metadata.jdbc.loader.JdbcMetadataLoader - Column loaded: public.test_m2m_a :: JdbcColumn id1 int4(mandatory, len < 10) 
23:58:11.162 [main] TRACE org.angnysa.autodb.metadata.jdbc.loader.JdbcMetadataLoader - Column loaded: public.test_m2m_a :: JdbcColumn id2 int4(mandatory, len < 10) 
23:58:11.163 [main] TRACE org.angnysa.autodb.metadata.jdbc.loader.JdbcMetadataLoader - Index loaded: public.test_m2m_a :: JdbcUniqueIndex [unique] name: 'pk_test_m2m_a', columns: ('id1', 'id2')
23:58:11.164 [main] TRACE org.angnysa.autodb.metadata.jdbc.loader.JdbcMetadataLoader - Primary Key loaded: public.test_m2m_a :: JdbcUniqueIndex [unique] name: 'pk_test_m2m_a', columns: ('id1', 'id2')
23:58:11.165 [main] TRACE org.angnysa.autodb.metadata.jdbc.loader.JdbcMetadataLoader - Table loaded:
[!!!org.angnysa.autodb.metadata.jdbc.JdbcTable@421a752b=>java.lang.NullPointerException:Cannot invoke "org.angnysa.autodb.metadata.jdbc.JdbcDatabase.getRelations(org.angnysa.autodb.metadata.jdbc.JdbcTable)" because "this.database" is null!!!]
23:58:11.167 [main] TRACE org.angnysa.autodb.metadata.jdbc.loader.JdbcMetadataLoader - Column loaded: public.test_m2m_b :: JdbcColumn id1 int4(mandatory, len < 10) 
23:58:11.167 [main] TRACE org.angnysa.autodb.metadata.jdbc.loader.JdbcMetadataLoader - Column loaded: public.test_m2m_b :: JdbcColumn id2 int4(mandatory, len < 10) 
23:58:11.168 [main] TRACE org.angnysa.autodb.metadata.jdbc.loader.JdbcMetadataLoader - Index loaded: public.test_m2m_b :: JdbcUniqueIndex [unique] name: 'pk_test_m2m_b', columns: ('id1', 'id2')
23:58:11.169 [main] TRACE org.angnysa.autodb.metadata.jdbc.loader.JdbcMetadataLoader - Primary Key loaded: public.test_m2m_b :: JdbcUniqueIndex [unique] name: 'pk_test_m2m_b', columns: ('id1', 'id2')
23:58:11.169 [main] TRACE org.angnysa.autodb.metadata.jdbc.loader.JdbcMetadataLoader - Table loaded:
[!!!org.angnysa.autodb.metadata.jdbc.JdbcTable@76339283=>java.lang.NullPointerException:Cannot invoke "org.angnysa.autodb.metadata.jdbc.JdbcDatabase.getRelations(org.angnysa.autodb.metadata.jdbc.JdbcTable)" because "this.database" is null!!!]
23:58:11.171 [main] TRACE org.angnysa.autodb.metadata.jdbc.loader.JdbcMetadataLoader - Column loaded: public.test_m2m_rel :: JdbcColumn ab_id1 int4(mandatory, len < 10) 
23:58:11.171 [main] TRACE org.angnysa.autodb.metadata.jdbc.loader.JdbcMetadataLoader - Column loaded: public.test_m2m_rel :: JdbcColumn a_id2 int4(mandatory, len < 10) 
23:58:11.171 [main] TRACE org.angnysa.autodb.metadata.jdbc.loader.JdbcMetadataLoader - Column loaded: public.test_m2m_rel :: JdbcColumn b_id2 int4(mandatory, len < 10) 
23:58:11.172 [main] TRACE org.angnysa.autodb.metadata.jdbc.loader.JdbcMetadataLoader - Index loaded: public.test_m2m_rel :: JdbcUniqueIndex [unique] name: 'pk_test_m2m_rel', columns: ('ab_id1', 'a_id2', 'b_id2')
23:58:11.173 [main] TRACE org.angnysa.autodb.metadata.jdbc.loader.JdbcMetadataLoader - Primary Key loaded: public.test_m2m_rel :: JdbcUniqueIndex [unique] name: 'pk_test_m2m_rel', columns: ('ab_id1', 'a_id2', 'b_id2')
23:58:11.173 [main] TRACE org.angnysa.autodb.metadata.jdbc.loader.JdbcMetadataLoader - Table loaded:
[!!!org.angnysa.autodb.metadata.jdbc.JdbcTable@d4fe4d=>java.lang.NullPointerException:Cannot invoke "org.angnysa.autodb.metadata.jdbc.JdbcDatabase.getRelations(org.angnysa.autodb.metadata.jdbc.JdbcTable)" because "this.database" is null!!!]
]]></system-out>
  </testcase>
  <testcase name="testLoadForeignKeys" classname="org.angnysa.autodb.metadata.jdbc.loader.db.TestJdbcMetadataLoader_Postgresql_96" time="0.043">
    <system-out><![CDATA[23:58:11.180 [main] DEBUG org.angnysa.autodb.metadata.jdbc.loader.AbstractJdbcMetadataLoaderTester - Target table: TEST_M2M_A
23:58:11.180 [main] DEBUG org.angnysa.autodb.metadata.jdbc.loader.AbstractJdbcMetadataLoaderTester - Expected Foreign Keys: []
23:58:11.192 [main] TRACE org.angnysa.autodb.metadata.jdbc.loader.JdbcMetadataLoader - Column loaded: public.test_121_a :: JdbcColumn id1 int4(mandatory, len < 10) 
23:58:11.192 [main] TRACE org.angnysa.autodb.metadata.jdbc.loader.JdbcMetadataLoader - Column loaded: public.test_121_a :: JdbcColumn id2 int4(mandatory, len < 10) 
23:58:11.193 [main] TRACE org.angnysa.autodb.metadata.jdbc.loader.JdbcMetadataLoader - Index loaded: public.test_121_a :: JdbcUniqueIndex [unique] name: 'pk_test_121_a', columns: ('id1', 'id2')
23:58:11.194 [main] TRACE org.angnysa.autodb.metadata.jdbc.loader.JdbcMetadataLoader - Primary Key loaded: public.test_121_a :: JdbcUniqueIndex [unique] name: 'pk_test_121_a', columns: ('id1', 'id2')
23:58:11.195 [main] TRACE org.angnysa.autodb.metadata.jdbc.loader.JdbcMetadataLoader - Table loaded:
[!!!org.angnysa.autodb.metadata.jdbc.JdbcTable@5c8b6b4d=>java.lang.NullPointerException:Cannot invoke "org.angnysa.autodb.metadata.jdbc.JdbcDatabase.getRelations(org.angnysa.autodb.metadata.jdbc.JdbcTable)" because "this.database" is null!!!]
23:58:11.196 [main] TRACE org.angnysa.autodb.metadata.jdbc.loader.JdbcMetadataLoader - Column loaded: public.test_121_b :: JdbcColumn id1 int4(mandatory, len < 10) 
23:58:11.196 [main] TRACE org.angnysa.autodb.metadata.jdbc.loader.JdbcMetadataLoader - Column loaded: public.test_121_b :: JdbcColumn id2 int4(mandatory, len < 10) 
23:58:11.196 [main] TRACE org.angnysa.autodb.metadata.jdbc.loader.JdbcMetadataLoader - Column loaded: public.test_121_b :: JdbcColumn a_id1 int4(mandatory, len < 10) 
23:58:11.196 [main] TRACE org.angnysa.autodb.metadata.jdbc.loader.JdbcMetadataLoader - Column loaded: public.test_121_b :: JdbcColumn a_id2 int4(mandatory, len < 10) 
23:58:11.197 [main] TRACE org.angnysa.autodb.metadata.jdbc.loader.JdbcMetadataLoader - Index loaded: public.test_121_b :: JdbcUniqueIndex [unique] name: 'pk_test_121_b', columns: ('id1', 'id2')
23:58:11.197 [main] TRACE org.angnysa.autodb.metadata.jdbc.loader.JdbcMetadataLoader - Index loaded: public.test_121_b :: JdbcUniqueIndex [unique] name: 'uk_test_121_b', columns: ('a_id1', 'a_id2')
23:58:11.198 [main] TRACE org.angnysa.autodb.metadata.jdbc.loader.JdbcMetadataLoader - Primary Key loaded: public.test_121_b :: JdbcUniqueIndex [unique] name: 'pk_test_121_b', columns: ('id1', 'id2')
23:58:11.199 [main] TRACE org.angnysa.autodb.metadata.jdbc.loader.JdbcMetadataLoader - Table loaded:
[!!!org.angnysa.autodb.metadata.jdbc.JdbcTable@7b0ad007=>java.lang.NullPointerException:Cannot invoke "org.angnysa.autodb.metadata.jdbc.JdbcDatabase.getRelations(org.angnysa.autodb.metadata.jdbc.JdbcTable)" because "this.database" is null!!!]
23:58:11.200 [main] TRACE org.angnysa.autodb.metadata.jdbc.loader.JdbcMetadataLoader - Column loaded: public.test_m21_a :: JdbcColumn id1 int4(mandatory, len < 10) 
23:58:11.200 [main] TRACE org.angnysa.autodb.metadata.jdbc.loader.JdbcMetadataLoader - Column loaded: public.test_m21_a :: JdbcColumn id2 int4(mandatory, len < 10) 
23:58:11.201 [main] TRACE org.angnysa.autodb.metadata.jdbc.loader.JdbcMetadataLoader - Index loaded: public.test_m21_a :: JdbcUniqueIndex [unique] name: 'pk_test_m21_a', columns: ('id1', 'id2')
23:58:11.202 [main] TRACE org.angnysa.autodb.metadata.jdbc.loader.JdbcMetadataLoader - Primary Key loaded: public.test_m21_a :: JdbcUniqueIndex [unique] name: 'pk_test_m21_a', columns: ('id1', 'id2')
23:58:11.202 [main] TRACE org.angnysa.autodb.metadata.jdbc.loader.JdbcMetadataLoader - Table loaded:
[!!!org.angnysa.autodb.metadata.jdbc.JdbcTable@7abc82fa=>java.lang.NullPointerException:Cannot invoke "org.angnysa.autodb.metadata.jdbc.JdbcDatabase.getRelations(org.angnysa.autodb.metadata.jdbc.JdbcTable)" because "this.database" is null!!!]
23:58:11.204 [main] TRACE org.angnysa.autodb.metadata.jdbc.loader.JdbcMetadataLoader - Column loaded: public.test_m21_b :: JdbcColumn id1 int4(mandatory, len < 10) 
23:58:11.204 [main] TRACE org.angnysa.autodb.metadata.jdbc.loader.JdbcMetadataLoader - Column loaded: public.test_m21_b :: JdbcColumn id2 int4(mandatory, len < 10) 
23:58:11.204 [main] TRACE org.angnysa.autodb.metadata.jdbc.loader.JdbcMetadataLoader - Column loaded: public.test_m21_b :: JdbcColumn a_id1 int4(mandatory, len < 10) 
23:58:11.204 [main] TRACE org.angnysa.autodb.metadata.jdbc.loader.JdbcMetadataLoader - Column loaded: public.test_m21_b :: JdbcColumn a_id2 int4(mandatory, len < 10) 
23:58:11.205 [main] TRACE org.angnysa.autodb.metadata.jdbc.loader.JdbcMetadataLoader - Index loaded: public.test_m21_b :: JdbcUniqueIndex [unique] name: 'pk_test_m21_b', columns: ('id1', 'id2')
23:58:11.205 [main] TRACE org.angnysa.autodb.metadata.jdbc.loader.JdbcMetadataLoader - Index loaded: public.test_m21_b :: JdbcIndex [index] name: 'id_test_m21_b_a', columns: ('a_id1', 'a_id2')
23:58:11.206 [main] TRACE org.angnysa.autodb.metadata.jdbc.loader.JdbcMetadataLoader - Primary Key loaded: public.test_m21_b :: JdbcUniqueIndex [unique] name: 'pk_test_m21_b', columns: ('id1', 'id2')
23:58:11.206 [main] TRACE org.angnysa.autodb.metadata.jdbc.loader.JdbcMetadataLoader - Table loaded:
[!!!org.angnysa.autodb.metadata.jdbc.JdbcTable@7e7a6f81=>java.lang.NullPointerException:Cannot invoke "org.angnysa.autodb.metadata.jdbc.JdbcDatabase.getRelations(org.angnysa.autodb.metadata.jdbc.JdbcTable)" because "this.database" is null!!!]
23:58:11.208 [main] TRACE org.angnysa.autodb.metadata.jdbc.loader.JdbcMetadataLoader - Column loaded: public.test_m2m_a :: JdbcColumn id1 int4(mandatory, len < 10) 
23:58:11.208 [main] TRACE org.angnysa.autodb.metadata.jdbc.loader.JdbcMetadataLoader - Column loaded: public.test_m2m_a :: JdbcColumn id2 int4(mandatory, len < 10) 
23:58:11.209 [main] TRACE org.angnysa.autodb.metadata.jdbc.loader.JdbcMetadataLoader - Index loaded: public.test_m2m_a :: JdbcUniqueIndex [unique] name: 'pk_test_m2m_a', columns: ('id1', 'id2')
23:58:11.209 [main] TRACE org.angnysa.autodb.metadata.jdbc.loader.JdbcMetadataLoader - Primary Key loaded: public.test_m2m_a :: JdbcUniqueIndex [unique] name: 'pk_test_m2m_a', columns: ('id1', 'id2')
23:58:11.210 [main] TRACE org.angnysa.autodb.metadata.jdbc.loader.JdbcMetadataLoader - Table loaded:
[!!!org.angnysa.autodb.metadata.jdbc.JdbcTable@79acb200=>java.lang.NullPointerException:Cannot invoke "org.angnysa.autodb.metadata.jdbc.JdbcDatabase.getRelations(org.angnysa.autodb.metadata.jdbc.JdbcTable)" because "this.database" is null!!!]
23:58:11.211 [main] TRACE org.angnysa.autodb.metadata.jdbc.loader.JdbcMetadataLoader - Column loaded: public.test_m2m_b :: JdbcColumn id1 int4(mandatory, len < 10) 
23:58:11.211 [main] TRACE org.angnysa.autodb.metadata.jdbc.loader.JdbcMetadataLoader - Column loaded: public.test_m2m_b :: JdbcColumn id2 int4(mandatory, len < 10) 
23:58:11.212 [main] TRACE org.angnysa.autodb.metadata.jdbc.loader.JdbcMetadataLoader - Index loaded: public.test_m2m_b :: JdbcUniqueIndex [unique] name: 'pk_test_m2m_b', columns: ('id1', 'id2')
23:58:11.213 [main] TRACE org.angnysa.autodb.metadata.jdbc.loader.JdbcMetadataLoader - Primary Key loaded: public.test_m2m_b :: JdbcUniqueIndex [unique] name: 'pk_test_m2m_b', columns: ('id1', 'id2')
23:58:11.213 [main] TRACE org.angnysa.autodb.metadata.jdbc.loader.JdbcMetadataLoader - Table loaded:
[!!!org.angnysa.autodb.metadata.jdbc.JdbcTable@548bdfda=>java.lang.NullPointerException:Cannot invoke "org.angnysa.autodb.metadata.jdbc.JdbcDatabase.getRelations(org.angnysa.autodb.metadata.jdbc.JdbcTable)" because "this.database" is null!!!]
23:58:11.215 [main] TRACE org.angnysa.autodb.metadata.jdbc.loader.JdbcMetadataLoader - Column loaded: public.test_m2m_rel :: JdbcColumn ab_id1 int4(mandatory, len < 10) 
23:58:11.215 [main] TRACE org.angnysa.autodb.metadata.jdbc.loader.JdbcMetadataLoader - Column loaded: public.test_m2m_rel :: JdbcColumn a_id2 int4(mandatory, len < 10) 
23:58:11.215 [main] TRACE org.angnysa.autodb.metadata.jdbc.loader.JdbcMetadataLoader - Column loaded: public.test_m2m_rel :: JdbcColumn b_id2 int4(mandatory, len < 10) 
23:58:11.216 [main] TRACE org.angnysa.autodb.metadata.jdbc.loader.JdbcMetadataLoader - Index loaded: public.test_m2m_rel :: JdbcUniqueIndex [unique] name: 'pk_test_m2m_rel', columns: ('ab_id1', 'a_id2', 'b_id2')
23:58:11.217 [main] TRACE org.angnysa.autodb.metadata.jdbc.loader.JdbcMetadataLoader - Primary Key loaded: public.test_m2m_rel :: JdbcUniqueIndex [unique] name: 'pk_test_m2m_rel', columns: ('ab_id1', 'a_id2', 'b_id2')
23:58:11.217 [main] TRACE org.angnysa.autodb.metadata.jdbc.loader.JdbcMetadataLoader - Table loaded:
[!!!org.angnysa.autodb.metadata.jdbc.JdbcTable@4a3e3ce3=>java.lang.NullPointerException:Cannot invoke "org.angnysa.autodb.metadata.jdbc.JdbcDatabase.getRelations(org.angnysa.autodb.metadata.jdbc.JdbcTable)" because "this.database" is null!!!]
]]></system-out>
  </testcase>
  <testcase name="testLoadForeignKeys" classname="org.angnysa.autodb.metadata.jdbc.loader.db.TestJdbcMetadataLoader_Postgresql_96" time="0.04">
    <system-out><![CDATA[23:58:11.223 [main] DEBUG org.angnysa.autodb.metadata.jdbc.loader.AbstractJdbcMetadataLoaderTester - Target table: TEST_M2M_B
23:58:11.223 [main] DEBUG org.angnysa.autodb.metadata.jdbc.loader.AbstractJdbcMetadataLoaderTester - Expected Foreign Keys: []
23:58:11.232 [main] TRACE org.angnysa.autodb.metadata.jdbc.loader.JdbcMetadataLoader - Column loaded: public.test_121_a :: JdbcColumn id1 int4(mandatory, len < 10) 
23:58:11.232 [main] TRACE org.angnysa.autodb.metadata.jdbc.loader.JdbcMetadataLoader - Column loaded: public.test_121_a :: JdbcColumn id2 int4(mandatory, len < 10) 
23:58:11.233 [main] TRACE org.angnysa.autodb.metadata.jdbc.loader.JdbcMetadataLoader - Index loaded: public.test_121_a :: JdbcUniqueIndex [unique] name: 'pk_test_121_a', columns: ('id1', 'id2')
23:58:11.234 [main] TRACE org.angnysa.autodb.metadata.jdbc.loader.JdbcMetadataLoader - Primary Key loaded: public.test_121_a :: JdbcUniqueIndex [unique] name: 'pk_test_121_a', columns: ('id1', 'id2')
23:58:11.234 [main] TRACE org.angnysa.autodb.metadata.jdbc.loader.JdbcMetadataLoader - Table loaded:
[!!!org.angnysa.autodb.metadata.jdbc.JdbcTable@714ab3a1=>java.lang.NullPointerException:Cannot invoke "org.angnysa.autodb.metadata.jdbc.JdbcDatabase.getRelations(org.angnysa.autodb.metadata.jdbc.JdbcTable)" because "this.database" is null!!!]
23:58:11.236 [main] TRACE org.angnysa.autodb.metadata.jdbc.loader.JdbcMetadataLoader - Column loaded: public.test_121_b :: JdbcColumn id1 int4(mandatory, len < 10) 
23:58:11.236 [main] TRACE org.angnysa.autodb.metadata.jdbc.loader.JdbcMetadataLoader - Column loaded: public.test_121_b :: JdbcColumn id2 int4(mandatory, len < 10) 
23:58:11.236 [main] TRACE org.angnysa.autodb.metadata.jdbc.loader.JdbcMetadataLoader - Column loaded: public.test_121_b :: JdbcColumn a_id1 int4(mandatory, len < 10) 
23:58:11.236 [main] TRACE org.angnysa.autodb.metadata.jdbc.loader.JdbcMetadataLoader - Column loaded: public.test_121_b :: JdbcColumn a_id2 int4(mandatory, len < 10) 
23:58:11.237 [main] TRACE org.angnysa.autodb.metadata.jdbc.loader.JdbcMetadataLoader - Index loaded: public.test_121_b :: JdbcUniqueIndex [unique] name: 'pk_test_121_b', columns: ('id1', 'id2')
23:58:11.237 [main] TRACE org.angnysa.autodb.metadata.jdbc.loader.JdbcMetadataLoader - Index loaded: public.test_121_b :: JdbcUniqueIndex [unique] name: 'uk_test_121_b', columns: ('a_id1', 'a_id2')
23:58:11.238 [main] TRACE org.angnysa.autodb.metadata.jdbc.loader.JdbcMetadataLoader - Primary Key loaded: public.test_121_b :: JdbcUniqueIndex [unique] name: 'pk_test_121_b', columns: ('id1', 'id2')
23:58:11.238 [main] TRACE org.angnysa.autodb.metadata.jdbc.loader.JdbcMetadataLoader - Table loaded:
[!!!org.angnysa.autodb.metadata.jdbc.JdbcTable@4aa8504f=>java.lang.NullPointerException:Cannot invoke "org.angnysa.autodb.metadata.jdbc.JdbcDatabase.getRelations(org.angnysa.autodb.metadata.jdbc.JdbcTable)" because "this.database" is null!!!]
23:58:11.240 [main] TRACE org.angnysa.autodb.metadata.jdbc.loader.JdbcMetadataLoader - Column loaded: public.test_m21_a :: JdbcColumn id1 int4(mandatory, len < 10) 
23:58:11.240 [main] TRACE org.angnysa.autodb.metadata.jdbc.loader.JdbcMetadataLoader - Column loaded: public.test_m21_a :: JdbcColumn id2 int4(mandatory, len < 10) 
23:58:11.241 [main] TRACE org.angnysa.autodb.metadata.jdbc.loader.JdbcMetadataLoader - Index loaded: public.test_m21_a :: JdbcUniqueIndex [unique] name: 'pk_test_m21_a', columns: ('id1', 'id2')
23:58:11.241 [main] TRACE org.angnysa.autodb.metadata.jdbc.loader.JdbcMetadataLoader - Primary Key loaded: public.test_m21_a :: JdbcUniqueIndex [unique] name: 'pk_test_m21_a', columns: ('id1', 'id2')
23:58:11.242 [main] TRACE org.angnysa.autodb.metadata.jdbc.loader.JdbcMetadataLoader - Table loaded:
[!!!org.angnysa.autodb.metadata.jdbc.JdbcTable@7d2aa0c=>java.lang.NullPointerException:Cannot invoke "org.angnysa.autodb.metadata.jdbc.JdbcDatabase.getRelations(org.angnysa.autodb.metadata.jdbc.JdbcTable)" because "this.database" is null!!!]
23:58:11.243 [main] TRACE org.angnysa.autodb.metadata.jdbc.loader.JdbcMetadataLoader - Column loaded: public.test_m21_b :: JdbcColumn id1 int4(mandatory, len < 10) 
23:58:11.243 [main] TRACE org.angnysa.autodb.metadata.jdbc.loader.JdbcMetadataLoader - Column loaded: public.test_m21_b :: JdbcColumn id2 int4(mandatory, len < 10) 
23:58:11.243 [main] TRACE org.angnysa.autodb.metadata.jdbc.loader.JdbcMetadataLoader - Column loaded: public.test_m21_b :: JdbcColumn a_id1 int4(mandatory, len < 10) 
23:58:11.243 [main] TRACE org.angnysa.autodb.metadata.jdbc.loader.JdbcMetadataLoader - Column loaded: public.test_m21_b :: JdbcColumn a_id2 int4(mandatory, len < 10) 
23:58:11.244 [main] TRACE org.angnysa.autodb.metadata.jdbc.loader.JdbcMetadataLoader - Index loaded: public.test_m21_b :: JdbcUniqueIndex [unique] name: 'pk_test_m21_b', columns: ('id1', 'id2')
23:58:11.244 [main] TRACE org.angnysa.autodb.metadata.jdbc.loader.JdbcMetadataLoader - Index loaded: public.test_m21_b :: JdbcIndex [index] name: 'id_test_m21_b_a', columns: ('a_id1', 'a_id2')
23:58:11.245 [main] TRACE org.angnysa.autodb.metadata.jdbc.loader.JdbcMetadataLoader - Primary Key loaded: public.test_m21_b :: JdbcUniqueIndex [unique] name: 'pk_test_m21_b', columns: ('id1', 'id2')
23:58:11.245 [main] TRACE org.angnysa.autodb.metadata.jdbc.loader.JdbcMetadataLoader - Table loaded:
[!!!org.angnysa.autodb.metadata.jdbc.JdbcTable@5282f922=>java.lang.NullPointerException:Cannot invoke "org.angnysa.autodb.metadata.jdbc.JdbcDatabase.getRelations(org.angnysa.autodb.metadata.jdbc.JdbcTable)" because "this.database" is null!!!]
23:58:11.247 [main] TRACE org.angnysa.autodb.metadata.jdbc.loader.JdbcMetadataLoader - Column loaded: public.test_m2m_a :: JdbcColumn id1 int4(mandatory, len < 10) 
23:58:11.247 [main] TRACE org.angnysa.autodb.metadata.jdbc.loader.JdbcMetadataLoader - Column loaded: public.test_m2m_a :: JdbcColumn id2 int4(mandatory, len < 10) 
23:58:11.248 [main] TRACE org.angnysa.autodb.metadata.jdbc.loader.JdbcMetadataLoader - Index loaded: public.test_m2m_a :: JdbcUniqueIndex [unique] name: 'pk_test_m2m_a', columns: ('id1', 'id2')
23:58:11.249 [main] TRACE org.angnysa.autodb.metadata.jdbc.loader.JdbcMetadataLoader - Primary Key loaded: public.test_m2m_a :: JdbcUniqueIndex [unique] name: 'pk_test_m2m_a', columns: ('id1', 'id2')
23:58:11.249 [main] TRACE org.angnysa.autodb.metadata.jdbc.loader.JdbcMetadataLoader - Table loaded:
[!!!org.angnysa.autodb.metadata.jdbc.JdbcTable@76f18f68=>java.lang.NullPointerException:Cannot invoke "org.angnysa.autodb.metadata.jdbc.JdbcDatabase.getRelations(org.angnysa.autodb.metadata.jdbc.JdbcTable)" because "this.database" is null!!!]
23:58:11.251 [main] TRACE org.angnysa.autodb.metadata.jdbc.loader.JdbcMetadataLoader - Column loaded: public.test_m2m_b :: JdbcColumn id1 int4(mandatory, len < 10) 
23:58:11.251 [main] TRACE org.angnysa.autodb.metadata.jdbc.loader.JdbcMetadataLoader - Column loaded: public.test_m2m_b :: JdbcColumn id2 int4(mandatory, len < 10) 
23:58:11.252 [main] TRACE org.angnysa.autodb.metadata.jdbc.loader.JdbcMetadataLoader - Index loaded: public.test_m2m_b :: JdbcUniqueIndex [unique] name: 'pk_test_m2m_b', columns: ('id1', 'id2')
23:58:11.253 [main] TRACE org.angnysa.autodb.metadata.jdbc.loader.JdbcMetadataLoader - Primary Key loaded: public.test_m2m_b :: JdbcUniqueIndex [unique] name: 'pk_test_m2m_b', columns: ('id1', 'id2')
23:58:11.253 [main] TRACE org.angnysa.autodb.metadata.jdbc.loader.JdbcMetadataLoader - Table loaded:
[!!!org.angnysa.autodb.metadata.jdbc.JdbcTable@7e5383d1=>java.lang.NullPointerException:Cannot invoke "org.angnysa.autodb.metadata.jdbc.JdbcDatabase.getRelations(org.angnysa.autodb.metadata.jdbc.JdbcTable)" because "this.database" is null!!!]
23:58:11.255 [main] TRACE org.angnysa.autodb.metadata.jdbc.loader.JdbcMetadataLoader - Column loaded: public.test_m2m_rel :: JdbcColumn ab_id1 int4(mandatory, len < 10) 
23:58:11.255 [main] TRACE org.angnysa.autodb.metadata.jdbc.loader.JdbcMetadataLoader - Column loaded: public.test_m2m_rel :: JdbcColumn a_id2 int4(mandatory, len < 10) 
23:58:11.255 [main] TRACE org.angnysa.autodb.metadata.jdbc.loader.JdbcMetadataLoader - Column loaded: public.test_m2m_rel :: JdbcColumn b_id2 int4(mandatory, len < 10) 
23:58:11.256 [main] TRACE org.angnysa.autodb.metadata.jdbc.loader.JdbcMetadataLoader - Index loaded: public.test_m2m_rel :: JdbcUniqueIndex [unique] name: 'pk_test_m2m_rel', columns: ('ab_id1', 'a_id2', 'b_id2')
23:58:11.257 [main] TRACE org.angnysa.autodb.metadata.jdbc.loader.JdbcMetadataLoader - Primary Key loaded: public.test_m2m_rel :: JdbcUniqueIndex [unique] name: 'pk_test_m2m_rel', columns: ('ab_id1', 'a_id2', 'b_id2')
23:58:11.257 [main] TRACE org.angnysa.autodb.metadata.jdbc.loader.JdbcMetadataLoader - Table loaded:
[!!!org.angnysa.autodb.metadata.jdbc.JdbcTable@6c43d4dd=>java.lang.NullPointerException:Cannot invoke "org.angnysa.autodb.metadata.jdbc.JdbcDatabase.getRelations(org.angnysa.autodb.metadata.jdbc.JdbcTable)" because "this.database" is null!!!]
]]></system-out>
  </testcase>
  <testcase name="testLoadForeignKeys" classname="org.angnysa.autodb.metadata.jdbc.loader.db.TestJdbcMetadataLoader_Postgresql_96" time="0.049">
    <error type="java.lang.IllegalStateException"><![CDATA[java.lang.IllegalStateException: No table named 'public.test_m2m_rel'
]]></error>
    <system-out><![CDATA[23:58:11.263 [main] DEBUG org.angnysa.autodb.metadata.jdbc.loader.AbstractJdbcMetadataLoaderTester - Target table: TEST_M2M_REL
23:58:11.263 [main] DEBUG org.angnysa.autodb.metadata.jdbc.loader.AbstractJdbcMetadataLoaderTester - Expected Foreign Keys: [ExpectedForeignKey(name=FK_TEST_M2M_REL_A, mandatory=true, referencingColumns=[AB_ID1, A_ID2], referencedTable=TEST_M2M_A, referencedColumns=[ID1, ID2]), ExpectedForeignKey(name=FK_TEST_M2M_REL_B, mandatory=true, referencingColumns=[AB_ID1, B_ID2], referencedTable=TEST_M2M_B, referencedColumns=[ID1, ID2])]
23:58:11.273 [main] TRACE org.angnysa.autodb.metadata.jdbc.loader.JdbcMetadataLoader - Column loaded: public.test_121_a :: JdbcColumn id1 int4(mandatory, len < 10) 
23:58:11.273 [main] TRACE org.angnysa.autodb.metadata.jdbc.loader.JdbcMetadataLoader - Column loaded: public.test_121_a :: JdbcColumn id2 int4(mandatory, len < 10) 
23:58:11.275 [main] TRACE org.angnysa.autodb.metadata.jdbc.loader.JdbcMetadataLoader - Index loaded: public.test_121_a :: JdbcUniqueIndex [unique] name: 'pk_test_121_a', columns: ('id1', 'id2')
23:58:11.276 [main] TRACE org.angnysa.autodb.metadata.jdbc.loader.JdbcMetadataLoader - Primary Key loaded: public.test_121_a :: JdbcUniqueIndex [unique] name: 'pk_test_121_a', columns: ('id1', 'id2')
23:58:11.276 [main] TRACE org.angnysa.autodb.metadata.jdbc.loader.JdbcMetadataLoader - Table loaded:
[!!!org.angnysa.autodb.metadata.jdbc.JdbcTable@198453c9=>java.lang.NullPointerException:Cannot invoke "org.angnysa.autodb.metadata.jdbc.JdbcDatabase.getRelations(org.angnysa.autodb.metadata.jdbc.JdbcTable)" because "this.database" is null!!!]
23:58:11.278 [main] TRACE org.angnysa.autodb.metadata.jdbc.loader.JdbcMetadataLoader - Column loaded: public.test_121_b :: JdbcColumn id1 int4(mandatory, len < 10) 
23:58:11.278 [main] TRACE org.angnysa.autodb.metadata.jdbc.loader.JdbcMetadataLoader - Column loaded: public.test_121_b :: JdbcColumn id2 int4(mandatory, len < 10) 
23:58:11.278 [main] TRACE org.angnysa.autodb.metadata.jdbc.loader.JdbcMetadataLoader - Column loaded: public.test_121_b :: JdbcColumn a_id1 int4(mandatory, len < 10) 
23:58:11.278 [main] TRACE org.angnysa.autodb.metadata.jdbc.loader.JdbcMetadataLoader - Column loaded: public.test_121_b :: JdbcColumn a_id2 int4(mandatory, len < 10) 
23:58:11.279 [main] TRACE org.angnysa.autodb.metadata.jdbc.loader.JdbcMetadataLoader - Index loaded: public.test_121_b :: JdbcUniqueIndex [unique] name: 'pk_test_121_b', columns: ('id1', 'id2')
23:58:11.279 [main] TRACE org.angnysa.autodb.metadata.jdbc.loader.JdbcMetadataLoader - Index loaded: public.test_121_b :: JdbcUniqueIndex [unique] name: 'uk_test_121_b', columns: ('a_id1', 'a_id2')
23:58:11.280 [main] TRACE org.angnysa.autodb.metadata.jdbc.loader.JdbcMetadataLoader - Primary Key loaded: public.test_121_b :: JdbcUniqueIndex [unique] name: 'pk_test_121_b', columns: ('id1', 'id2')
23:58:11.280 [main] TRACE org.angnysa.autodb.metadata.jdbc.loader.JdbcMetadataLoader - Table loaded:
[!!!org.angnysa.autodb.metadata.jdbc.JdbcTable@772ccecf=>java.lang.NullPointerException:Cannot invoke "org.angnysa.autodb.metadata.jdbc.JdbcDatabase.getRelations(org.angnysa.autodb.metadata.jdbc.JdbcTable)" because "this.database" is null!!!]
23:58:11.282 [main] TRACE org.angnysa.autodb.metadata.jdbc.loader.JdbcMetadataLoader - Column loaded: public.test_m21_a :: JdbcColumn id1 int4(mandatory, len < 10) 
23:58:11.282 [main] TRACE org.angnysa.autodb.metadata.jdbc.loader.JdbcMetadataLoader - Column loaded: public.test_m21_a :: JdbcColumn id2 int4(mandatory, len < 10) 
23:58:11.283 [main] TRACE org.angnysa.autodb.metadata.jdbc.loader.JdbcMetadataLoader - Index loaded: public.test_m21_a :: JdbcUniqueIndex [unique] name: 'pk_test_m21_a', columns: ('id1', 'id2')
23:58:11.284 [main] TRACE org.angnysa.autodb.metadata.jdbc.loader.JdbcMetadataLoader - Primary Key loaded: public.test_m21_a :: JdbcUniqueIndex [unique] name: 'pk_test_m21_a', columns: ('id1', 'id2')
23:58:11.285 [main] TRACE org.angnysa.autodb.metadata.jdbc.loader.JdbcMetadataLoader - Table loaded:
[!!!org.angnysa.autodb.metadata.jdbc.JdbcTable@479a2453=>java.lang.NullPointerException:Cannot invoke "org.angnysa.autodb.metadata.jdbc.JdbcDatabase.getRelations(org.angnysa.autodb.metadata.jdbc.JdbcTable)" because "this.database" is null!!!]
23:58:11.287 [main] TRACE org.angnysa.autodb.metadata.jdbc.loader.JdbcMetadataLoader - Column loaded: public.test_m21_b :: JdbcColumn id1 int4(mandatory, len < 10) 
23:58:11.287 [main] TRACE org.angnysa.autodb.metadata.jdbc.loader.JdbcMetadataLoader - Column loaded: public.test_m21_b :: JdbcColumn id2 int4(mandatory, len < 10) 
23:58:11.287 [main] TRACE org.angnysa.autodb.metadata.jdbc.loader.JdbcMetadataLoader - Column loaded: public.test_m21_b :: JdbcColumn a_id1 int4(mandatory, len < 10) 
23:58:11.287 [main] TRACE org.angnysa.autodb.metadata.jdbc.loader.JdbcMetadataLoader - Column loaded: public.test_m21_b :: JdbcColumn a_id2 int4(mandatory, len < 10) 
23:58:11.288 [main] TRACE org.angnysa.autodb.metadata.jdbc.loader.JdbcMetadataLoader - Index loaded: public.test_m21_b :: JdbcUniqueIndex [unique] name: 'pk_test_m21_b', columns: ('id1', 'id2')
23:58:11.288 [main] TRACE org.angnysa.autodb.metadata.jdbc.loader.JdbcMetadataLoader - Index loaded: public.test_m21_b :: JdbcIndex [index] name: 'id_test_m21_b_a', columns: ('a_id1', 'a_id2')
23:58:11.290 [main] TRACE org.angnysa.autodb.metadata.jdbc.loader.JdbcMetadataLoader - Primary Key loaded: public.test_m21_b :: JdbcUniqueIndex [unique] name: 'pk_test_m21_b', columns: ('id1', 'id2')
23:58:11.290 [main] TRACE org.angnysa.autodb.metadata.jdbc.loader.JdbcMetadataLoader - Table loaded:
[!!!org.angnysa.autodb.metadata.jdbc.JdbcTable@33c7319e=>java.lang.NullPointerException:Cannot invoke "org.angnysa.autodb.metadata.jdbc.JdbcDatabase.getRelations(org.angnysa.autodb.metadata.jdbc.JdbcTable)" because "this.database" is null!!!]
23:58:11.293 [main] TRACE org.angnysa.autodb.metadata.jdbc.loader.JdbcMetadataLoader - Column loaded: public.test_m2m_a :: JdbcColumn id1 int4(mandatory, len < 10) 
23:58:11.293 [main] TRACE org.angnysa.autodb.metadata.jdbc.loader.JdbcMetadataLoader - Column loaded: public.test_m2m_a :: JdbcColumn id2 int4(mandatory, len < 10) 
23:58:11.294 [main] TRACE org.angnysa.autodb.metadata.jdbc.loader.JdbcMetadataLoader - Index loaded: public.test_m2m_a :: JdbcUniqueIndex [unique] name: 'pk_test_m2m_a', columns: ('id1', 'id2')
23:58:11.295 [main] TRACE org.angnysa.autodb.metadata.jdbc.loader.JdbcMetadataLoader - Primary Key loaded: public.test_m2m_a :: JdbcUniqueIndex [unique] name: 'pk_test_m2m_a', columns: ('id1', 'id2')
23:58:11.295 [main] TRACE org.angnysa.autodb.metadata.jdbc.loader.JdbcMetadataLoader - Table loaded:
[!!!org.angnysa.autodb.metadata.jdbc.JdbcTable@8662634=>java.lang.NullPointerException:Cannot invoke "org.angnysa.autodb.metadata.jdbc.JdbcDatabase.getRelations(org.angnysa.autodb.metadata.jdbc.JdbcTable)" because "this.database" is null!!!]
23:58:11.297 [main] TRACE org.angnysa.autodb.metadata.jdbc.loader.JdbcMetadataLoader - Column loaded: public.test_m2m_b :: JdbcColumn id1 int4(mandatory, len < 10) 
23:58:11.297 [main] TRACE org.angnysa.autodb.metadata.jdbc.loader.JdbcMetadataLoader - Column loaded: public.test_m2m_b :: JdbcColumn id2 int4(mandatory, len < 10) 
23:58:11.298 [main] TRACE org.angnysa.autodb.metadata.jdbc.loader.JdbcMetadataLoader - Index loaded: public.test_m2m_b :: JdbcUniqueIndex [unique] name: 'pk_test_m2m_b', columns: ('id1', 'id2')
23:58:11.299 [main] TRACE org.angnysa.autodb.metadata.jdbc.loader.JdbcMetadataLoader - Primary Key loaded: public.test_m2m_b :: JdbcUniqueIndex [unique] name: 'pk_test_m2m_b', columns: ('id1', 'id2')
23:58:11.300 [main] TRACE org.angnysa.autodb.metadata.jdbc.loader.JdbcMetadataLoader - Table loaded:
[!!!org.angnysa.autodb.metadata.jdbc.JdbcTable@19adcb41=>java.lang.NullPointerException:Cannot invoke "org.angnysa.autodb.metadata.jdbc.JdbcDatabase.getRelations(org.angnysa.autodb.metadata.jdbc.JdbcTable)" because "this.database" is null!!!]
23:58:11.302 [main] TRACE org.angnysa.autodb.metadata.jdbc.loader.JdbcMetadataLoader - Column loaded: public.test_m2m_rel :: JdbcColumn ab_id1 int4(mandatory, len < 10) 
23:58:11.302 [main] TRACE org.angnysa.autodb.metadata.jdbc.loader.JdbcMetadataLoader - Column loaded: public.test_m2m_rel :: JdbcColumn a_id2 int4(mandatory, len < 10) 
23:58:11.302 [main] TRACE org.angnysa.autodb.metadata.jdbc.loader.JdbcMetadataLoader - Column loaded: public.test_m2m_rel :: JdbcColumn b_id2 int4(mandatory, len < 10) 
23:58:11.303 [main] TRACE org.angnysa.autodb.metadata.jdbc.loader.JdbcMetadataLoader - Index loaded: public.test_m2m_rel :: JdbcUniqueIndex [unique] name: 'pk_test_m2m_rel', columns: ('ab_id1', 'a_id2', 'b_id2')
23:58:11.305 [main] TRACE org.angnysa.autodb.metadata.jdbc.loader.JdbcMetadataLoader - Primary Key loaded: public.test_m2m_rel :: JdbcUniqueIndex [unique] name: 'pk_test_m2m_rel', columns: ('ab_id1', 'a_id2', 'b_id2')
23:58:11.305 [main] TRACE org.angnysa.autodb.metadata.jdbc.loader.JdbcMetadataLoader - Table loaded:
[!!!org.angnysa.autodb.metadata.jdbc.JdbcTable@f03dc9b=>java.lang.NullPointerException:Cannot invoke "org.angnysa.autodb.metadata.jdbc.JdbcDatabase.getRelations(org.angnysa.autodb.metadata.jdbc.JdbcTable)" because "this.database" is null!!!]
]]></system-out>
  </testcase>
</testsuite>