<?xml version="1.0" encoding="UTF-8"?>
<testsuite xmlns:xsi="http://www.w3.org/2001/XMLSchema-instance" xsi:noNamespaceSchemaLocation="https://maven.apache.org/surefire/maven-surefire-plugin/xsd/surefire-test-report-3.0.xsd" version="3.0" name="org.angnysa.autodb.metadata.jdbc.relations.TestJdbcRelation" time="0.572" tests="3" errors="3" skipped="0" failures="0">
  <properties>
    <property name="java.specification.version" value="15"/>
    <property name="sun.jnu.encoding" value="UTF-8"/>
    <property name="java.class.path" value="/home/sylvain/Development/github/crud/autodb-data-access-jdbc/target/test-classes:/home/sylvain/Development/github/crud/autodb-data-access-jdbc/target/classes:/home/sylvain/Development/github/crud/autodb-data-access-api/target/classes:/home/sylvain/.m2/repository/org/projectlombok/lombok/1.18.20/lombok-1.18.20.jar:/home/sylvain/.m2/repository/org/apache/logging/log4j/log4j-api/2.14.1/log4j-api-2.14.1.jar:/home/sylvain/.m2/repository/org/junit/jupiter/junit-jupiter/5.7.2/junit-jupiter-5.7.2.jar:/home/sylvain/.m2/repository/org/junit/jupiter/junit-jupiter-api/5.7.2/junit-jupiter-api-5.7.2.jar:/home/sylvain/.m2/repository/org/apiguardian/apiguardian-api/1.1.0/apiguardian-api-1.1.0.jar:/home/sylvain/.m2/repository/org/opentest4j/opentest4j/1.2.0/opentest4j-1.2.0.jar:/home/sylvain/.m2/repository/org/junit/platform/junit-platform-commons/1.7.2/junit-platform-commons-1.7.2.jar:/home/sylvain/.m2/repository/org/junit/jupiter/junit-jupiter-params/5.7.2/junit-jupiter-params-5.7.2.jar:/home/sylvain/.m2/repository/org/junit/jupiter/junit-jupiter-engine/5.7.2/junit-jupiter-engine-5.7.2.jar:/home/sylvain/.m2/repository/org/junit/platform/junit-platform-engine/1.7.2/junit-platform-engine-1.7.2.jar:/home/sylvain/.m2/repository/org/apache/logging/log4j/log4j-core/2.14.1/log4j-core-2.14.1.jar:/home/sylvain/.m2/repository/com/fasterxml/jackson/core/jackson-databind/2.12.2/jackson-databind-2.12.2.jar:/home/sylvain/.m2/repository/com/fasterxml/jackson/core/jackson-annotations/2.12.2/jackson-annotations-2.12.2.jar:/home/sylvain/.m2/repository/com/fasterxml/jackson/core/jackson-core/2.12.2/jackson-core-2.12.2.jar:/home/sylvain/.m2/repository/com/fasterxml/jackson/dataformat/jackson-dataformat-yaml/2.12.2/jackson-dataformat-yaml-2.12.2.jar:/home/sylvain/.m2/repository/org/yaml/snakeyaml/1.27/snakeyaml-1.27.jar:/home/sylvain/.m2/repository/org/apache/logging/log4j/log4j-slf4j-impl/2.14.1/log4j-slf4j-impl-2.14.1.jar:/home/sylvain/.m2/repository/org/slf4j/slf4j-api/1.7.25/slf4j-api-1.7.25.jar:/home/sylvain/.m2/repository/com/h2database/h2/1.4.200/h2-1.4.200.jar:/home/sylvain/.m2/repository/org/hsqldb/hsqldb/2.5.2/hsqldb-2.5.2.jar:/home/sylvain/.m2/repository/com/ibm/db2/jcc/11.5.5.0/jcc-11.5.5.0.jar:/home/sylvain/.m2/repository/org/mariadb/jdbc/mariadb-java-client/2.7.3/mariadb-java-client-2.7.3.jar:/home/sylvain/.m2/repository/com/microsoft/sqlserver/mssql-jdbc/9.2.1.jre11/mssql-jdbc-9.2.1.jre11.jar:/home/sylvain/.m2/repository/mysql/mysql-connector-java/8.0.24/mysql-connector-java-8.0.24.jar:/home/sylvain/.m2/repository/com/google/protobuf/protobuf-java/3.11.4/protobuf-java-3.11.4.jar:/home/sylvain/.m2/repository/com/oracle/database/jdbc/ojdbc11/21.1.0.0/ojdbc11-21.1.0.0.jar:/home/sylvain/.m2/repository/org/postgresql/postgresql/42.2.20/postgresql-42.2.20.jar:/home/sylvain/.m2/repository/org/checkerframework/checker-qual/3.5.0/checker-qual-3.5.0.jar:/home/sylvain/.m2/repository/org/testcontainers/testcontainers/1.15.3/testcontainers-1.15.3.jar:/home/sylvain/.m2/repository/org/apache/commons/commons-compress/1.20/commons-compress-1.20.jar:/home/sylvain/.m2/repository/org/rnorth/duct-tape/duct-tape/1.0.8/duct-tape-1.0.8.jar:/home/sylvain/.m2/repository/org/rnorth/visible-assertions/visible-assertions/2.1.2/visible-assertions-2.1.2.jar:/home/sylvain/.m2/repository/net/java/dev/jna/jna/5.2.0/jna-5.2.0.jar:/home/sylvain/.m2/repository/com/github/docker-java/docker-java-api/3.2.8/docker-java-api-3.2.8.jar:/home/sylvain/.m2/repository/com/github/docker-java/docker-java-transport-zerodep/3.2.8/docker-java-transport-zerodep-3.2.8.jar:/home/sylvain/.m2/repository/com/github/docker-java/docker-java-transport/3.2.8/docker-java-transport-3.2.8.jar:/home/sylvain/Development/github/crud/testcontainers-junit4-stub/target/classes:/home/sylvain/.m2/repository/org/testcontainers/junit-jupiter/1.15.3/junit-jupiter-1.15.3.jar:/home/sylvain/.m2/repository/org/testcontainers/db2/1.15.3/db2-1.15.3.jar:/home/sylvain/.m2/repository/org/testcontainers/jdbc/1.15.3/jdbc-1.15.3.jar:/home/sylvain/.m2/repository/org/testcontainers/database-commons/1.15.3/database-commons-1.15.3.jar:/home/sylvain/.m2/repository/org/testcontainers/mariadb/1.15.3/mariadb-1.15.3.jar:/home/sylvain/.m2/repository/org/testcontainers/mssqlserver/1.15.3/mssqlserver-1.15.3.jar:/home/sylvain/.m2/repository/org/testcontainers/mysql/1.15.3/mysql-1.15.3.jar:/home/sylvain/.m2/repository/org/testcontainers/oracle-xe/1.15.3/oracle-xe-1.15.3.jar:/home/sylvain/.m2/repository/org/testcontainers/postgresql/1.15.3/postgresql-1.15.3.jar:"/>
    <property name="java.vm.vendor" value="Oracle Corporation"/>
    <property name="sun.arch.data.model" value="64"/>
    <property name="java.vendor.url" value="https://openjdk.java.net/"/>
    <property name="user.timezone" value="America/Montreal"/>
    <property name="os.name" value="Linux"/>
    <property name="java.vm.specification.version" value="15"/>
    <property name="sun.java.launcher" value="SUN_STANDARD"/>
    <property name="user.country" value="CA"/>
    <property name="sun.boot.library.path" value="/usr/lib/jvm/java-15-openjdk/lib"/>
    <property name="sun.java.command" value="/home/sylvain/Development/github/crud/autodb-data-access-jdbc/target/surefire/surefirebooter2451683235282261279.jar /home/sylvain/Development/github/crud/autodb-data-access-jdbc/target/surefire 2021-06-15T23-57-59_880-jvmRun1 surefire6185111387943339334tmp surefire_08523499816863968026tmp"/>
    <property name="jdk.debug" value="release"/>
    <property name="surefire.test.class.path" value="/home/sylvain/Development/github/crud/autodb-data-access-jdbc/target/test-classes:/home/sylvain/Development/github/crud/autodb-data-access-jdbc/target/classes:/home/sylvain/Development/github/crud/autodb-data-access-api/target/classes:/home/sylvain/.m2/repository/org/projectlombok/lombok/1.18.20/lombok-1.18.20.jar:/home/sylvain/.m2/repository/org/apache/logging/log4j/log4j-api/2.14.1/log4j-api-2.14.1.jar:/home/sylvain/.m2/repository/org/junit/jupiter/junit-jupiter/5.7.2/junit-jupiter-5.7.2.jar:/home/sylvain/.m2/repository/org/junit/jupiter/junit-jupiter-api/5.7.2/junit-jupiter-api-5.7.2.jar:/home/sylvain/.m2/repository/org/apiguardian/apiguardian-api/1.1.0/apiguardian-api-1.1.0.jar:/home/sylvain/.m2/repository/org/opentest4j/opentest4j/1.2.0/opentest4j-1.2.0.jar:/home/sylvain/.m2/repository/org/junit/platform/junit-platform-commons/1.7.2/junit-platform-commons-1.7.2.jar:/home/sylvain/.m2/repository/org/junit/jupiter/junit-jupiter-params/5.7.2/junit-jupiter-params-5.7.2.jar:/home/sylvain/.m2/repository/org/junit/jupiter/junit-jupiter-engine/5.7.2/junit-jupiter-engine-5.7.2.jar:/home/sylvain/.m2/repository/org/junit/platform/junit-platform-engine/1.7.2/junit-platform-engine-1.7.2.jar:/home/sylvain/.m2/repository/org/apache/logging/log4j/log4j-core/2.14.1/log4j-core-2.14.1.jar:/home/sylvain/.m2/repository/com/fasterxml/jackson/core/jackson-databind/2.12.2/jackson-databind-2.12.2.jar:/home/sylvain/.m2/repository/com/fasterxml/jackson/core/jackson-annotations/2.12.2/jackson-annotations-2.12.2.jar:/home/sylvain/.m2/repository/com/fasterxml/jackson/core/jackson-core/2.12.2/jackson-core-2.12.2.jar:/home/sylvain/.m2/repository/com/fasterxml/jackson/dataformat/jackson-dataformat-yaml/2.12.2/jackson-dataformat-yaml-2.12.2.jar:/home/sylvain/.m2/repository/org/yaml/snakeyaml/1.27/snakeyaml-1.27.jar:/home/sylvain/.m2/repository/org/apache/logging/log4j/log4j-slf4j-impl/2.14.1/log4j-slf4j-impl-2.14.1.jar:/home/sylvain/.m2/repository/org/slf4j/slf4j-api/1.7.25/slf4j-api-1.7.25.jar:/home/sylvain/.m2/repository/com/h2database/h2/1.4.200/h2-1.4.200.jar:/home/sylvain/.m2/repository/org/hsqldb/hsqldb/2.5.2/hsqldb-2.5.2.jar:/home/sylvain/.m2/repository/com/ibm/db2/jcc/11.5.5.0/jcc-11.5.5.0.jar:/home/sylvain/.m2/repository/org/mariadb/jdbc/mariadb-java-client/2.7.3/mariadb-java-client-2.7.3.jar:/home/sylvain/.m2/repository/com/microsoft/sqlserver/mssql-jdbc/9.2.1.jre11/mssql-jdbc-9.2.1.jre11.jar:/home/sylvain/.m2/repository/mysql/mysql-connector-java/8.0.24/mysql-connector-java-8.0.24.jar:/home/sylvain/.m2/repository/com/google/protobuf/protobuf-java/3.11.4/protobuf-java-3.11.4.jar:/home/sylvain/.m2/repository/com/oracle/database/jdbc/ojdbc11/21.1.0.0/ojdbc11-21.1.0.0.jar:/home/sylvain/.m2/repository/org/postgresql/postgresql/42.2.20/postgresql-42.2.20.jar:/home/sylvain/.m2/repository/org/checkerframework/checker-qual/3.5.0/checker-qual-3.5.0.jar:/home/sylvain/.m2/repository/org/testcontainers/testcontainers/1.15.3/testcontainers-1.15.3.jar:/home/sylvain/.m2/repository/org/apache/commons/commons-compress/1.20/commons-compress-1.20.jar:/home/sylvain/.m2/repository/org/rnorth/duct-tape/duct-tape/1.0.8/duct-tape-1.0.8.jar:/home/sylvain/.m2/repository/org/rnorth/visible-assertions/visible-assertions/2.1.2/visible-assertions-2.1.2.jar:/home/sylvain/.m2/repository/net/java/dev/jna/jna/5.2.0/jna-5.2.0.jar:/home/sylvain/.m2/repository/com/github/docker-java/docker-java-api/3.2.8/docker-java-api-3.2.8.jar:/home/sylvain/.m2/repository/com/github/docker-java/docker-java-transport-zerodep/3.2.8/docker-java-transport-zerodep-3.2.8.jar:/home/sylvain/.m2/repository/com/github/docker-java/docker-java-transport/3.2.8/docker-java-transport-3.2.8.jar:/home/sylvain/Development/github/crud/testcontainers-junit4-stub/target/classes:/home/sylvain/.m2/repository/org/testcontainers/junit-jupiter/1.15.3/junit-jupiter-1.15.3.jar:/home/sylvain/.m2/repository/org/testcontainers/db2/1.15.3/db2-1.15.3.jar:/home/sylvain/.m2/repository/org/testcontainers/jdbc/1.15.3/jdbc-1.15.3.jar:/home/sylvain/.m2/repository/org/testcontainers/database-commons/1.15.3/database-commons-1.15.3.jar:/home/sylvain/.m2/repository/org/testcontainers/mariadb/1.15.3/mariadb-1.15.3.jar:/home/sylvain/.m2/repository/org/testcontainers/mssqlserver/1.15.3/mssqlserver-1.15.3.jar:/home/sylvain/.m2/repository/org/testcontainers/mysql/1.15.3/mysql-1.15.3.jar:/home/sylvain/.m2/repository/org/testcontainers/oracle-xe/1.15.3/oracle-xe-1.15.3.jar:/home/sylvain/.m2/repository/org/testcontainers/postgresql/1.15.3/postgresql-1.15.3.jar:"/>
    <property name="sun.cpu.endian" value="little"/>
    <property name="user.home" value="/home/sylvain"/>
    <property name="user.language" value="en"/>
    <property name="java.specification.vendor" value="Oracle Corporation"/>
    <property name="java.version.date" value="2021-04-20"/>
    <property name="java.home" value="/usr/lib/jvm/java-15-openjdk"/>
    <property name="file.separator" value="/"/>
    <property name="basedir" value="/home/sylvain/Development/github/crud/autodb-data-access-jdbc"/>
    <property name="java.vm.compressedOopsMode" value="Zero based"/>
    <property name="line.separator" value="&#10;"/>
    <property name="java.vm.specification.vendor" value="Oracle Corporation"/>
    <property name="java.specification.name" value="Java Platform API Specification"/>
    <property name="surefire.real.class.path" value="/home/sylvain/Development/github/crud/autodb-data-access-jdbc/target/surefire/surefirebooter2451683235282261279.jar"/>
    <property name="sun.management.compiler" value="HotSpot 64-Bit Tiered Compilers"/>
    <property name="java.runtime.version" value="15.0.3+3"/>
    <property name="user.name" value="sylvain"/>
    <property name="path.separator" value=":"/>
    <property name="os.version" value="5.12.10-arch1-1"/>
    <property name="java.runtime.name" value="OpenJDK Runtime Environment"/>
    <property name="file.encoding" value="UTF-8"/>
    <property name="java.vm.name" value="OpenJDK 64-Bit Server VM"/>
    <property name="localRepository" value="/home/sylvain/.m2/repository"/>
    <property name="java.vendor.url.bug" value="https://bugreport.java.com/bugreport/"/>
    <property name="java.io.tmpdir" value="/tmp"/>
    <property name="idea.version" value="2021.1.2"/>
    <property name="java.version" value="15.0.3"/>
    <property name="user.dir" value="/home/sylvain/Development/github/crud/autodb-data-access-jdbc"/>
    <property name="os.arch" value="amd64"/>
    <property name="java.vm.specification.name" value="Java Virtual Machine Specification"/>
    <property name="java.library.path" value="/usr/java/packages/lib:/usr/lib64:/lib64:/lib:/usr/lib"/>
    <property name="java.vm.info" value="mixed mode"/>
    <property name="java.vendor" value="N/A"/>
    <property name="java.vm.version" value="15.0.3+3"/>
    <property name="sun.io.unicode.encoding" value="UnicodeLittle"/>
    <property name="java.class.version" value="59.0"/>
  </properties>
  <testcase name="testDetectManyToOne" classname="org.angnysa.autodb.metadata.jdbc.relations.TestJdbcRelation" time="0.002">
    <error type="java.lang.NullPointerException"><![CDATA[java.lang.NullPointerException: table is marked non-null but is null
	at org.angnysa.autodb.metadata.jdbc.relations.TestJdbcRelation.assertRelation(TestJdbcRelation.java:160)
	at org.angnysa.autodb.metadata.jdbc.relations.TestJdbcRelation.testDetectManyToOne(TestJdbcRelation.java:148)
]]></error>
  </testcase>
  <testcase name="testDetectManyToMany" classname="org.angnysa.autodb.metadata.jdbc.relations.TestJdbcRelation" time="0.001">
    <error type="java.lang.NullPointerException"><![CDATA[java.lang.NullPointerException: table is marked non-null but is null
	at org.angnysa.autodb.metadata.jdbc.relations.TestJdbcRelation.assertRelation(TestJdbcRelation.java:160)
	at org.angnysa.autodb.metadata.jdbc.relations.TestJdbcRelation.testDetectManyToMany(TestJdbcRelation.java:153)
]]></error>
  </testcase>
  <testcase name="testDetectOneToOne" classname="org.angnysa.autodb.metadata.jdbc.relations.TestJdbcRelation" time="0.01">
    <error type="java.lang.NullPointerException"><![CDATA[java.lang.NullPointerException: Cannot invoke "org.angnysa.autodb.metadata.jdbc.JdbcTable.getFullyQualifiedName()" because the return value of "org.angnysa.autodb.metadata.jdbc.JdbcIndex.getTable()" is null
	at org.angnysa.autodb.metadata.jdbc.relations.TestJdbcRelation.assertRelation(TestJdbcRelation.java:166)
	at org.angnysa.autodb.metadata.jdbc.relations.TestJdbcRelation.testDetectOneToOne(TestJdbcRelation.java:143)
]]></error>
    <system-out><![CDATA[23:58:03.649 [main] DEBUG org.angnysa.autodb.metadata.jdbc.relations.TestJdbcRelation - Relation: [!!!org.angnysa.autodb.metadata.jdbc.relations.JdbcOneToOne@78d92eef=>java.lang.NullPointerException:Cannot invoke "org.angnysa.autodb.metadata.api.Table.getFullyQualifiedName()" because the return value of "org.angnysa.autodb.metadata.api.Index.getTable()" is null!!!]
23:58:03.651 [main] DEBUG org.angnysa.autodb.metadata.jdbc.relations.TestJdbcRelation - Relation: [!!!org.angnysa.autodb.metadata.jdbc.relations.JdbcOneToOne@9b367c8=>java.lang.NullPointerException:Cannot invoke "org.angnysa.autodb.metadata.api.Table.getFullyQualifiedName()" because the return value of "org.angnysa.autodb.metadata.api.Index.getTable()" is null!!!]
23:58:03.651 [main] DEBUG org.angnysa.autodb.metadata.jdbc.relations.TestJdbcRelation - Expect Classes: 'JdbcOneToOne' ; 'JdbcOneToOne'
23:58:03.651 [main] DEBUG org.angnysa.autodb.metadata.jdbc.relations.TestJdbcRelation - Expect Names: 'ONETOONE' ; 'ONETOONE'
]]></system-out>
  </testcase>
</testsuite>