<?xml version="1.0" encoding="UTF-8"?>
<testsuite xmlns:xsi="http://www.w3.org/2001/XMLSchema-instance" xsi:noNamespaceSchemaLocation="https://maven.apache.org/surefire/maven-surefire-plugin/xsd/surefire-test-report-3.0.xsd" version="3.0" name="org.angnysa.autodb.metadata.jdbc.loader.db.TestJdbcMetadataLoader_HSqlDb" time="1.364" tests="43" errors="11" skipped="0" failures="7">
  <properties>
    <property name="java.specification.version" value="15"/>
    <property name="sun.jnu.encoding" value="UTF-8"/>
    <property name="java.class.path" value="/home/sylvain/Development/github/crud/autodb-data-access-jdbc/target/test-classes:/home/sylvain/Development/github/crud/autodb-data-access-jdbc/target/classes:/home/sylvain/Development/github/crud/autodb-data-access-api/target/classes:/home/sylvain/.m2/repository/org/projectlombok/lombok/1.18.20/lombok-1.18.20.jar:/home/sylvain/.m2/repository/org/apache/logging/log4j/log4j-api/2.14.1/log4j-api-2.14.1.jar:/home/sylvain/.m2/repository/org/junit/jupiter/junit-jupiter/5.7.2/junit-jupiter-5.7.2.jar:/home/sylvain/.m2/repository/org/junit/jupiter/junit-jupiter-api/5.7.2/junit-jupiter-api-5.7.2.jar:/home/sylvain/.m2/repository/org/apiguardian/apiguardian-api/1.1.0/apiguardian-api-1.1.0.jar:/home/sylvain/.m2/repository/org/opentest4j/opentest4j/1.2.0/opentest4j-1.2.0.jar:/home/sylvain/.m2/repository/org/junit/platform/junit-platform-commons/1.7.2/junit-platform-commons-1.7.2.jar:/home/sylvain/.m2/repository/org/junit/jupiter/junit-jupiter-params/5.7.2/junit-jupiter-params-5.7.2.jar:/home/sylvain/.m2/repository/org/junit/jupiter/junit-jupiter-engine/5.7.2/junit-jupiter-engine-5.7.2.jar:/home/sylvain/.m2/repository/org/junit/platform/junit-platform-engine/1.7.2/junit-platform-engine-1.7.2.jar:/home/sylvain/.m2/repository/org/apache/logging/log4j/log4j-core/2.14.1/log4j-core-2.14.1.jar:/home/sylvain/.m2/repository/com/fasterxml/jackson/core/jackson-databind/2.12.2/jackson-databind-2.12.2.jar:/home/sylvain/.m2/repository/com/fasterxml/jackson/core/jackson-annotations/2.12.2/jackson-annotations-2.12.2.jar:/home/sylvain/.m2/repository/com/fasterxml/jackson/core/jackson-core/2.12.2/jackson-core-2.12.2.jar:/home/sylvain/.m2/repository/com/fasterxml/jackson/dataformat/jackson-dataformat-yaml/2.12.2/jackson-dataformat-yaml-2.12.2.jar:/home/sylvain/.m2/repository/org/yaml/snakeyaml/1.27/snakeyaml-1.27.jar:/home/sylvain/.m2/repository/org/apache/logging/log4j/log4j-slf4j-impl/2.14.1/log4j-slf4j-impl-2.14.1.jar:/home/sylvain/.m2/repository/org/slf4j/slf4j-api/1.7.25/slf4j-api-1.7.25.jar:/home/sylvain/.m2/repository/com/h2database/h2/1.4.200/h2-1.4.200.jar:/home/sylvain/.m2/repository/org/hsqldb/hsqldb/2.5.2/hsqldb-2.5.2.jar:/home/sylvain/.m2/repository/com/ibm/db2/jcc/11.5.5.0/jcc-11.5.5.0.jar:/home/sylvain/.m2/repository/org/mariadb/jdbc/mariadb-java-client/2.7.3/mariadb-java-client-2.7.3.jar:/home/sylvain/.m2/repository/com/microsoft/sqlserver/mssql-jdbc/9.2.1.jre11/mssql-jdbc-9.2.1.jre11.jar:/home/sylvain/.m2/repository/mysql/mysql-connector-java/8.0.24/mysql-connector-java-8.0.24.jar:/home/sylvain/.m2/repository/com/google/protobuf/protobuf-java/3.11.4/protobuf-java-3.11.4.jar:/home/sylvain/.m2/repository/com/oracle/database/jdbc/ojdbc11/21.1.0.0/ojdbc11-21.1.0.0.jar:/home/sylvain/.m2/repository/org/postgresql/postgresql/42.2.20/postgresql-42.2.20.jar:/home/sylvain/.m2/repository/org/checkerframework/checker-qual/3.5.0/checker-qual-3.5.0.jar:/home/sylvain/.m2/repository/org/testcontainers/testcontainers/1.15.3/testcontainers-1.15.3.jar:/home/sylvain/.m2/repository/org/apache/commons/commons-compress/1.20/commons-compress-1.20.jar:/home/sylvain/.m2/repository/org/rnorth/duct-tape/duct-tape/1.0.8/duct-tape-1.0.8.jar:/home/sylvain/.m2/repository/org/rnorth/visible-assertions/visible-assertions/2.1.2/visible-assertions-2.1.2.jar:/home/sylvain/.m2/repository/net/java/dev/jna/jna/5.2.0/jna-5.2.0.jar:/home/sylvain/.m2/repository/com/github/docker-java/docker-java-api/3.2.8/docker-java-api-3.2.8.jar:/home/sylvain/.m2/repository/com/github/docker-java/docker-java-transport-zerodep/3.2.8/docker-java-transport-zerodep-3.2.8.jar:/home/sylvain/.m2/repository/com/github/docker-java/docker-java-transport/3.2.8/docker-java-transport-3.2.8.jar:/home/sylvain/Development/github/crud/testcontainers-junit4-stub/target/classes:/home/sylvain/.m2/repository/org/testcontainers/junit-jupiter/1.15.3/junit-jupiter-1.15.3.jar:/home/sylvain/.m2/repository/org/testcontainers/db2/1.15.3/db2-1.15.3.jar:/home/sylvain/.m2/repository/org/testcontainers/jdbc/1.15.3/jdbc-1.15.3.jar:/home/sylvain/.m2/repository/org/testcontainers/database-commons/1.15.3/database-commons-1.15.3.jar:/home/sylvain/.m2/repository/org/testcontainers/mariadb/1.15.3/mariadb-1.15.3.jar:/home/sylvain/.m2/repository/org/testcontainers/mssqlserver/1.15.3/mssqlserver-1.15.3.jar:/home/sylvain/.m2/repository/org/testcontainers/mysql/1.15.3/mysql-1.15.3.jar:/home/sylvain/.m2/repository/org/testcontainers/oracle-xe/1.15.3/oracle-xe-1.15.3.jar:/home/sylvain/.m2/repository/org/testcontainers/postgresql/1.15.3/postgresql-1.15.3.jar:"/>
    <property name="java.vm.vendor" value="Oracle Corporation"/>
    <property name="sun.arch.data.model" value="64"/>
    <property name="java.vendor.url" value="https://openjdk.java.net/"/>
    <property name="user.timezone" value="America/Montreal"/>
    <property name="os.name" value="Linux"/>
    <property name="java.vm.specification.version" value="15"/>
    <property name="sun.java.launcher" value="SUN_STANDARD"/>
    <property name="user.country" value="CA"/>
    <property name="sun.boot.library.path" value="/usr/lib/jvm/java-15-openjdk/lib"/>
    <property name="sun.java.command" value="/home/sylvain/Development/github/crud/autodb-data-access-jdbc/target/surefire/surefirebooter2451683235282261279.jar /home/sylvain/Development/github/crud/autodb-data-access-jdbc/target/surefire 2021-06-15T23-57-59_880-jvmRun1 surefire6185111387943339334tmp surefire_08523499816863968026tmp"/>
    <property name="jdk.debug" value="release"/>
    <property name="surefire.test.class.path" value="/home/sylvain/Development/github/crud/autodb-data-access-jdbc/target/test-classes:/home/sylvain/Development/github/crud/autodb-data-access-jdbc/target/classes:/home/sylvain/Development/github/crud/autodb-data-access-api/target/classes:/home/sylvain/.m2/repository/org/projectlombok/lombok/1.18.20/lombok-1.18.20.jar:/home/sylvain/.m2/repository/org/apache/logging/log4j/log4j-api/2.14.1/log4j-api-2.14.1.jar:/home/sylvain/.m2/repository/org/junit/jupiter/junit-jupiter/5.7.2/junit-jupiter-5.7.2.jar:/home/sylvain/.m2/repository/org/junit/jupiter/junit-jupiter-api/5.7.2/junit-jupiter-api-5.7.2.jar:/home/sylvain/.m2/repository/org/apiguardian/apiguardian-api/1.1.0/apiguardian-api-1.1.0.jar:/home/sylvain/.m2/repository/org/opentest4j/opentest4j/1.2.0/opentest4j-1.2.0.jar:/home/sylvain/.m2/repository/org/junit/platform/junit-platform-commons/1.7.2/junit-platform-commons-1.7.2.jar:/home/sylvain/.m2/repository/org/junit/jupiter/junit-jupiter-params/5.7.2/junit-jupiter-params-5.7.2.jar:/home/sylvain/.m2/repository/org/junit/jupiter/junit-jupiter-engine/5.7.2/junit-jupiter-engine-5.7.2.jar:/home/sylvain/.m2/repository/org/junit/platform/junit-platform-engine/1.7.2/junit-platform-engine-1.7.2.jar:/home/sylvain/.m2/repository/org/apache/logging/log4j/log4j-core/2.14.1/log4j-core-2.14.1.jar:/home/sylvain/.m2/repository/com/fasterxml/jackson/core/jackson-databind/2.12.2/jackson-databind-2.12.2.jar:/home/sylvain/.m2/repository/com/fasterxml/jackson/core/jackson-annotations/2.12.2/jackson-annotations-2.12.2.jar:/home/sylvain/.m2/repository/com/fasterxml/jackson/core/jackson-core/2.12.2/jackson-core-2.12.2.jar:/home/sylvain/.m2/repository/com/fasterxml/jackson/dataformat/jackson-dataformat-yaml/2.12.2/jackson-dataformat-yaml-2.12.2.jar:/home/sylvain/.m2/repository/org/yaml/snakeyaml/1.27/snakeyaml-1.27.jar:/home/sylvain/.m2/repository/org/apache/logging/log4j/log4j-slf4j-impl/2.14.1/log4j-slf4j-impl-2.14.1.jar:/home/sylvain/.m2/repository/org/slf4j/slf4j-api/1.7.25/slf4j-api-1.7.25.jar:/home/sylvain/.m2/repository/com/h2database/h2/1.4.200/h2-1.4.200.jar:/home/sylvain/.m2/repository/org/hsqldb/hsqldb/2.5.2/hsqldb-2.5.2.jar:/home/sylvain/.m2/repository/com/ibm/db2/jcc/11.5.5.0/jcc-11.5.5.0.jar:/home/sylvain/.m2/repository/org/mariadb/jdbc/mariadb-java-client/2.7.3/mariadb-java-client-2.7.3.jar:/home/sylvain/.m2/repository/com/microsoft/sqlserver/mssql-jdbc/9.2.1.jre11/mssql-jdbc-9.2.1.jre11.jar:/home/sylvain/.m2/repository/mysql/mysql-connector-java/8.0.24/mysql-connector-java-8.0.24.jar:/home/sylvain/.m2/repository/com/google/protobuf/protobuf-java/3.11.4/protobuf-java-3.11.4.jar:/home/sylvain/.m2/repository/com/oracle/database/jdbc/ojdbc11/21.1.0.0/ojdbc11-21.1.0.0.jar:/home/sylvain/.m2/repository/org/postgresql/postgresql/42.2.20/postgresql-42.2.20.jar:/home/sylvain/.m2/repository/org/checkerframework/checker-qual/3.5.0/checker-qual-3.5.0.jar:/home/sylvain/.m2/repository/org/testcontainers/testcontainers/1.15.3/testcontainers-1.15.3.jar:/home/sylvain/.m2/repository/org/apache/commons/commons-compress/1.20/commons-compress-1.20.jar:/home/sylvain/.m2/repository/org/rnorth/duct-tape/duct-tape/1.0.8/duct-tape-1.0.8.jar:/home/sylvain/.m2/repository/org/rnorth/visible-assertions/visible-assertions/2.1.2/visible-assertions-2.1.2.jar:/home/sylvain/.m2/repository/net/java/dev/jna/jna/5.2.0/jna-5.2.0.jar:/home/sylvain/.m2/repository/com/github/docker-java/docker-java-api/3.2.8/docker-java-api-3.2.8.jar:/home/sylvain/.m2/repository/com/github/docker-java/docker-java-transport-zerodep/3.2.8/docker-java-transport-zerodep-3.2.8.jar:/home/sylvain/.m2/repository/com/github/docker-java/docker-java-transport/3.2.8/docker-java-transport-3.2.8.jar:/home/sylvain/Development/github/crud/testcontainers-junit4-stub/target/classes:/home/sylvain/.m2/repository/org/testcontainers/junit-jupiter/1.15.3/junit-jupiter-1.15.3.jar:/home/sylvain/.m2/repository/org/testcontainers/db2/1.15.3/db2-1.15.3.jar:/home/sylvain/.m2/repository/org/testcontainers/jdbc/1.15.3/jdbc-1.15.3.jar:/home/sylvain/.m2/repository/org/testcontainers/database-commons/1.15.3/database-commons-1.15.3.jar:/home/sylvain/.m2/repository/org/testcontainers/mariadb/1.15.3/mariadb-1.15.3.jar:/home/sylvain/.m2/repository/org/testcontainers/mssqlserver/1.15.3/mssqlserver-1.15.3.jar:/home/sylvain/.m2/repository/org/testcontainers/mysql/1.15.3/mysql-1.15.3.jar:/home/sylvain/.m2/repository/org/testcontainers/oracle-xe/1.15.3/oracle-xe-1.15.3.jar:/home/sylvain/.m2/repository/org/testcontainers/postgresql/1.15.3/postgresql-1.15.3.jar:"/>
    <property name="sun.cpu.endian" value="little"/>
    <property name="user.home" value="/home/sylvain"/>
    <property name="user.language" value="en"/>
    <property name="java.specification.vendor" value="Oracle Corporation"/>
    <property name="java.version.date" value="2021-04-20"/>
    <property name="java.home" value="/usr/lib/jvm/java-15-openjdk"/>
    <property name="org.testcontainers.shaded.io.netty.packagePrefix" value="org.testcontainers.shaded."/>
    <property name="file.separator" value="/"/>
    <property name="basedir" value="/home/sylvain/Development/github/crud/autodb-data-access-jdbc"/>
    <property name="java.vm.compressedOopsMode" value="Zero based"/>
    <property name="line.separator" value="&#10;"/>
    <property name="java.vm.specification.vendor" value="Oracle Corporation"/>
    <property name="java.specification.name" value="Java Platform API Specification"/>
    <property name="surefire.real.class.path" value="/home/sylvain/Development/github/crud/autodb-data-access-jdbc/target/surefire/surefirebooter2451683235282261279.jar"/>
    <property name="sun.management.compiler" value="HotSpot 64-Bit Tiered Compilers"/>
    <property name="java.runtime.version" value="15.0.3+3"/>
    <property name="user.name" value="sylvain"/>
    <property name="path.separator" value=":"/>
    <property name="os.version" value="5.12.10-arch1-1"/>
    <property name="java.runtime.name" value="OpenJDK Runtime Environment"/>
    <property name="file.encoding" value="UTF-8"/>
    <property name="jnidispatch.path" value="/home/sylvain/.cache/JNA/temp/jna12934703425971136003.tmp"/>
    <property name="java.vm.name" value="OpenJDK 64-Bit Server VM"/>
    <property name="jna.platform.library.path" value="/usr/lib64:/lib64:/usr/lib:/lib:/usr/lib32:/usr/lib/openmpi:/usr/lib/libfakeroot"/>
    <property name="localRepository" value="/home/sylvain/.m2/repository"/>
    <property name="jna.loaded" value="true"/>
    <property name="java.vendor.url.bug" value="https://bugreport.java.com/bugreport/"/>
    <property name="java.io.tmpdir" value="/tmp"/>
    <property name="idea.version" value="2021.1.2"/>
    <property name="java.version" value="15.0.3"/>
    <property name="user.dir" value="/home/sylvain/Development/github/crud/autodb-data-access-jdbc"/>
    <property name="os.arch" value="amd64"/>
    <property name="java.vm.specification.name" value="Java Virtual Machine Specification"/>
    <property name="java.library.path" value="/usr/java/packages/lib:/usr/lib64:/lib64:/lib:/usr/lib"/>
    <property name="java.vm.info" value="mixed mode"/>
    <property name="java.vendor" value="N/A"/>
    <property name="java.vm.version" value="15.0.3+3"/>
    <property name="sun.io.unicode.encoding" value="UnicodeLittle"/>
    <property name="java.class.version" value="59.0"/>
  </properties>
  <testcase name="testLoadPrimaryKey" classname="org.angnysa.autodb.metadata.jdbc.loader.db.TestJdbcMetadataLoader_HSqlDb" time="0.058">
    <system-out><![CDATA[23:58:13.194 [main] DEBUG org.angnysa.autodb.query.jdbc.JdbcScriptRunner - Using database: HSQL Database Engine 2.6.0, driver: HSQL Database Engine Driver 2.6.0, default catalog: 'PUBLIC', default schema: 'PUBLIC'
23:58:13.194 [main] DEBUG org.angnysa.autodb.query.jdbc.JdbcScriptRunner - create table TEST_121_A (
  id1 int not null,
  id2 int not null,
  constraint PK_TEST_121_A primary key (id1, id2)
)

23:58:13.195 [main] DEBUG org.angnysa.autodb.query.jdbc.JdbcScriptRunner - create table TEST_121_B (
  id1 int not null,
  id2 int not null,
  a_id1 int not null,
  a_id2 int not null,
  constraint PK_TEST_121_B primary key (id1, id2),
  constraint UK_TEST_121_B unique (a_id1, a_id2),
  constraint FK_TEST_121_B_A foreign key (a_id1, a_id2) references TEST_121_A (id1, id2) on update cascade on delete restrict
)

23:58:13.196 [main] DEBUG org.angnysa.autodb.query.jdbc.JdbcScriptRunner - create table TEST_M21_A (
  id1 int not null,
  id2 int not null,
  constraint PK_TEST_M21_A primary key (id1, id2)
)

23:58:13.197 [main] DEBUG org.angnysa.autodb.query.jdbc.JdbcScriptRunner - create table TEST_M21_B (
  id1 int not null,
  id2 int not null,
  a_id1 int not null,
  a_id2 int not null,
  constraint PK_TEST_M21_B primary key (id1, id2),
  constraint FK_TEST_M21_B_A foreign key (a_id1, a_id2) references TEST_M21_A (id1, id2) on update cascade on delete restrict
)

23:58:13.198 [main] DEBUG org.angnysa.autodb.query.jdbc.JdbcScriptRunner - create index ID_TEST_M21_B_A on TEST_M21_B (a_id1, a_id2)

23:58:13.198 [main] DEBUG org.angnysa.autodb.query.jdbc.JdbcScriptRunner - create table TEST_M2M_A (
  id1 int not null,
  id2 int not null,
  constraint PK_TEST_M2M_A primary key (id1, id2)
)

23:58:13.199 [main] DEBUG org.angnysa.autodb.query.jdbc.JdbcScriptRunner - create table TEST_M2M_B (
  id1 int not null,
  id2 int not null,
  constraint PK_TEST_M2M_B primary key (id1, id2)
)

23:58:13.199 [main] DEBUG org.angnysa.autodb.query.jdbc.JdbcScriptRunner - create table TEST_M2M_REL (
  ab_id1 int not null,
  a_id2 int not null,
  b_id2 int not null,
  constraint PK_TEST_M2M_REL primary key (ab_id1, a_id2, b_id2),
  constraint FK_TEST_M2M_REL_A foreign key (ab_id1, a_id2) references TEST_M2M_A (id1, id2) on update cascade on delete restrict,
  constraint FK_TEST_M2M_REL_B foreign key (ab_id1, b_id2) references TEST_M2M_B (id1, id2) on update cascade on delete restrict
)

23:58:13.201 [main] DEBUG org.angnysa.autodb.metadata.jdbc.loader.AbstractJdbcMetadataLoaderTester - Using database: HSQL Database Engine 2.6.0, driver: HSQL Database Engine Driver 2.6.0, default catalog: 'PUBLIC', default schema: 'PUBLIC'
23:58:13.202 [main] DEBUG org.angnysa.autodb.metadata.jdbc.loader.AbstractJdbcMetadataLoaderTester - Target table: TEST_121_A
23:58:13.204 [main] DEBUG org.angnysa.autodb.metadata.jdbc.loader.AbstractJdbcMetadataLoaderTester - Expected Primary Key: ExpectedIndex(unique=true, columns=[ID1, ID2])
23:58:13.257 [main] TRACE org.angnysa.autodb.metadata.jdbc.loader.JdbcMetadataLoader - Column loaded: PUBLIC.PUBLIC.TEST_121_A :: JdbcColumn ID1 INTEGER(mandatory, len < 32) 
23:58:13.257 [main] TRACE org.angnysa.autodb.metadata.jdbc.loader.JdbcMetadataLoader - Column loaded: PUBLIC.PUBLIC.TEST_121_A :: JdbcColumn ID2 INTEGER(mandatory, len < 32) 
23:58:13.258 [main] TRACE org.angnysa.autodb.metadata.jdbc.loader.JdbcMetadataLoader - Primary Key loaded: PUBLIC.PUBLIC.TEST_121_A :: JdbcUniqueIndex [unique] name: 'PK_TEST_121_A', columns: ('ID1', 'ID2')
]]></system-out>
  </testcase>
  <testcase name="testLoadPrimaryKey" classname="org.angnysa.autodb.metadata.jdbc.loader.db.TestJdbcMetadataLoader_HSqlDb" time="0.025">
    <system-out><![CDATA[23:58:13.261 [main] DEBUG org.angnysa.autodb.metadata.jdbc.loader.AbstractJdbcMetadataLoaderTester - Target table: TEST_121_B
23:58:13.261 [main] DEBUG org.angnysa.autodb.metadata.jdbc.loader.AbstractJdbcMetadataLoaderTester - Expected Primary Key: ExpectedIndex(unique=true, columns=[ID1, ID2])
23:58:13.281 [main] TRACE org.angnysa.autodb.metadata.jdbc.loader.JdbcMetadataLoader - Column loaded: PUBLIC.PUBLIC.TEST_121_B :: JdbcColumn ID1 INTEGER(mandatory, len < 32) 
23:58:13.281 [main] TRACE org.angnysa.autodb.metadata.jdbc.loader.JdbcMetadataLoader - Column loaded: PUBLIC.PUBLIC.TEST_121_B :: JdbcColumn ID2 INTEGER(mandatory, len < 32) 
23:58:13.281 [main] TRACE org.angnysa.autodb.metadata.jdbc.loader.JdbcMetadataLoader - Column loaded: PUBLIC.PUBLIC.TEST_121_B :: JdbcColumn A_ID1 INTEGER(mandatory, len < 32) 
23:58:13.281 [main] TRACE org.angnysa.autodb.metadata.jdbc.loader.JdbcMetadataLoader - Column loaded: PUBLIC.PUBLIC.TEST_121_B :: JdbcColumn A_ID2 INTEGER(mandatory, len < 32) 
23:58:13.282 [main] TRACE org.angnysa.autodb.metadata.jdbc.loader.JdbcMetadataLoader - Primary Key loaded: PUBLIC.PUBLIC.TEST_121_B :: JdbcUniqueIndex [unique] name: 'PK_TEST_121_B', columns: ('ID1', 'ID2')
]]></system-out>
  </testcase>
  <testcase name="testLoadPrimaryKey" classname="org.angnysa.autodb.metadata.jdbc.loader.db.TestJdbcMetadataLoader_HSqlDb" time="0.028">
    <system-out><![CDATA[23:58:13.286 [main] DEBUG org.angnysa.autodb.metadata.jdbc.loader.AbstractJdbcMetadataLoaderTester - Target table: TEST_M21_A
23:58:13.286 [main] DEBUG org.angnysa.autodb.metadata.jdbc.loader.AbstractJdbcMetadataLoaderTester - Expected Primary Key: ExpectedIndex(unique=true, columns=[ID1, ID2])
23:58:13.310 [main] TRACE org.angnysa.autodb.metadata.jdbc.loader.JdbcMetadataLoader - Column loaded: PUBLIC.PUBLIC.TEST_M21_A :: JdbcColumn ID1 INTEGER(mandatory, len < 32) 
23:58:13.310 [main] TRACE org.angnysa.autodb.metadata.jdbc.loader.JdbcMetadataLoader - Column loaded: PUBLIC.PUBLIC.TEST_M21_A :: JdbcColumn ID2 INTEGER(mandatory, len < 32) 
23:58:13.314 [main] TRACE org.angnysa.autodb.metadata.jdbc.loader.JdbcMetadataLoader - Primary Key loaded: PUBLIC.PUBLIC.TEST_M21_A :: JdbcUniqueIndex [unique] name: 'PK_TEST_M21_A', columns: ('ID1', 'ID2')
]]></system-out>
  </testcase>
  <testcase name="testLoadPrimaryKey" classname="org.angnysa.autodb.metadata.jdbc.loader.db.TestJdbcMetadataLoader_HSqlDb" time="0.033">
    <system-out><![CDATA[23:58:13.315 [main] DEBUG org.angnysa.autodb.metadata.jdbc.loader.AbstractJdbcMetadataLoaderTester - Target table: TEST_M21_B
23:58:13.315 [main] DEBUG org.angnysa.autodb.metadata.jdbc.loader.AbstractJdbcMetadataLoaderTester - Expected Primary Key: ExpectedIndex(unique=true, columns=[ID1, ID2])
23:58:13.347 [main] TRACE org.angnysa.autodb.metadata.jdbc.loader.JdbcMetadataLoader - Column loaded: PUBLIC.PUBLIC.TEST_M21_B :: JdbcColumn ID1 INTEGER(mandatory, len < 32) 
23:58:13.347 [main] TRACE org.angnysa.autodb.metadata.jdbc.loader.JdbcMetadataLoader - Column loaded: PUBLIC.PUBLIC.TEST_M21_B :: JdbcColumn ID2 INTEGER(mandatory, len < 32) 
23:58:13.347 [main] TRACE org.angnysa.autodb.metadata.jdbc.loader.JdbcMetadataLoader - Column loaded: PUBLIC.PUBLIC.TEST_M21_B :: JdbcColumn A_ID1 INTEGER(mandatory, len < 32) 
23:58:13.347 [main] TRACE org.angnysa.autodb.metadata.jdbc.loader.JdbcMetadataLoader - Column loaded: PUBLIC.PUBLIC.TEST_M21_B :: JdbcColumn A_ID2 INTEGER(mandatory, len < 32) 
23:58:13.348 [main] TRACE org.angnysa.autodb.metadata.jdbc.loader.JdbcMetadataLoader - Primary Key loaded: PUBLIC.PUBLIC.TEST_M21_B :: JdbcUniqueIndex [unique] name: 'PK_TEST_M21_B', columns: ('ID1', 'ID2')
]]></system-out>
  </testcase>
  <testcase name="testLoadPrimaryKey" classname="org.angnysa.autodb.metadata.jdbc.loader.db.TestJdbcMetadataLoader_HSqlDb" time="0.014">
    <system-out><![CDATA[23:58:13.348 [main] DEBUG org.angnysa.autodb.metadata.jdbc.loader.AbstractJdbcMetadataLoaderTester - Target table: TEST_M2M_A
23:58:13.348 [main] DEBUG org.angnysa.autodb.metadata.jdbc.loader.AbstractJdbcMetadataLoaderTester - Expected Primary Key: ExpectedIndex(unique=true, columns=[ID1, ID2])
23:58:13.361 [main] TRACE org.angnysa.autodb.metadata.jdbc.loader.JdbcMetadataLoader - Column loaded: PUBLIC.PUBLIC.TEST_M2M_A :: JdbcColumn ID1 INTEGER(mandatory, len < 32) 
23:58:13.361 [main] TRACE org.angnysa.autodb.metadata.jdbc.loader.JdbcMetadataLoader - Column loaded: PUBLIC.PUBLIC.TEST_M2M_A :: JdbcColumn ID2 INTEGER(mandatory, len < 32) 
23:58:13.362 [main] TRACE org.angnysa.autodb.metadata.jdbc.loader.JdbcMetadataLoader - Primary Key loaded: PUBLIC.PUBLIC.TEST_M2M_A :: JdbcUniqueIndex [unique] name: 'PK_TEST_M2M_A', columns: ('ID1', 'ID2')
]]></system-out>
  </testcase>
  <testcase name="testLoadPrimaryKey" classname="org.angnysa.autodb.metadata.jdbc.loader.db.TestJdbcMetadataLoader_HSqlDb" time="0.017">
    <system-out><![CDATA[23:58:13.363 [main] DEBUG org.angnysa.autodb.metadata.jdbc.loader.AbstractJdbcMetadataLoaderTester - Target table: TEST_M2M_B
23:58:13.363 [main] DEBUG org.angnysa.autodb.metadata.jdbc.loader.AbstractJdbcMetadataLoaderTester - Expected Primary Key: ExpectedIndex(unique=true, columns=[ID1, ID2])
23:58:13.377 [main] TRACE org.angnysa.autodb.metadata.jdbc.loader.JdbcMetadataLoader - Column loaded: PUBLIC.PUBLIC.TEST_M2M_B :: JdbcColumn ID1 INTEGER(mandatory, len < 32) 
23:58:13.377 [main] TRACE org.angnysa.autodb.metadata.jdbc.loader.JdbcMetadataLoader - Column loaded: PUBLIC.PUBLIC.TEST_M2M_B :: JdbcColumn ID2 INTEGER(mandatory, len < 32) 
23:58:13.379 [main] TRACE org.angnysa.autodb.metadata.jdbc.loader.JdbcMetadataLoader - Primary Key loaded: PUBLIC.PUBLIC.TEST_M2M_B :: JdbcUniqueIndex [unique] name: 'PK_TEST_M2M_B', columns: ('ID1', 'ID2')
]]></system-out>
  </testcase>
  <testcase name="testLoadPrimaryKey" classname="org.angnysa.autodb.metadata.jdbc.loader.db.TestJdbcMetadataLoader_HSqlDb" time="0.017">
    <system-out><![CDATA[23:58:13.380 [main] DEBUG org.angnysa.autodb.metadata.jdbc.loader.AbstractJdbcMetadataLoaderTester - Target table: TEST_M2M_REL
23:58:13.380 [main] DEBUG org.angnysa.autodb.metadata.jdbc.loader.AbstractJdbcMetadataLoaderTester - Expected Primary Key: ExpectedIndex(unique=true, columns=[AB_ID1, A_ID2, B_ID2])
23:58:13.395 [main] TRACE org.angnysa.autodb.metadata.jdbc.loader.JdbcMetadataLoader - Column loaded: PUBLIC.PUBLIC.TEST_M2M_REL :: JdbcColumn AB_ID1 INTEGER(mandatory, len < 32) 
23:58:13.396 [main] TRACE org.angnysa.autodb.metadata.jdbc.loader.JdbcMetadataLoader - Column loaded: PUBLIC.PUBLIC.TEST_M2M_REL :: JdbcColumn A_ID2 INTEGER(mandatory, len < 32) 
23:58:13.396 [main] TRACE org.angnysa.autodb.metadata.jdbc.loader.JdbcMetadataLoader - Column loaded: PUBLIC.PUBLIC.TEST_M2M_REL :: JdbcColumn B_ID2 INTEGER(mandatory, len < 32) 
23:58:13.397 [main] TRACE org.angnysa.autodb.metadata.jdbc.loader.JdbcMetadataLoader - Primary Key loaded: PUBLIC.PUBLIC.TEST_M2M_REL :: JdbcUniqueIndex [unique] name: 'PK_TEST_M2M_REL', columns: ('AB_ID1', 'A_ID2', 'B_ID2')
]]></system-out>
  </testcase>
  <testcase name="testLoadRelations" classname="org.angnysa.autodb.metadata.jdbc.loader.db.TestJdbcMetadataLoader_HSqlDb" time="0.043">
    <error type="java.lang.IllegalStateException"><![CDATA[java.lang.IllegalStateException: No table named 'PUBLIC.PUBLIC.TEST_121_B'
]]></error>
    <system-out><![CDATA[23:58:13.398 [main] DEBUG org.angnysa.autodb.metadata.jdbc.loader.AbstractJdbcMetadataLoaderTester - Using database: HSQL Database Engine 2.6.0, driver: HSQL Database Engine Driver 2.6.0, default catalog: 'PUBLIC', default schema: 'PUBLIC'
23:58:13.404 [main] DEBUG org.angnysa.autodb.metadata.jdbc.loader.AbstractJdbcMetadataLoaderTester - Target table: TEST_121_A
23:58:13.404 [main] DEBUG org.angnysa.autodb.metadata.jdbc.loader.AbstractJdbcMetadataLoaderTester - Expected Relations: [ExpectedRelation(name=FK_TEST_121_B_A, type=OneToOne, mandatory=false, referencingColumns=[ID1, ID2], referencedTable=TEST_121_B, referencedColumns=[A_ID1, A_ID2])]
23:58:13.425 [main] TRACE org.angnysa.autodb.metadata.jdbc.loader.JdbcMetadataLoader - Column loaded: PUBLIC.PUBLIC.TEST_121_A :: JdbcColumn ID1 INTEGER(mandatory, len < 32) 
23:58:13.425 [main] TRACE org.angnysa.autodb.metadata.jdbc.loader.JdbcMetadataLoader - Column loaded: PUBLIC.PUBLIC.TEST_121_A :: JdbcColumn ID2 INTEGER(mandatory, len < 32) 
23:58:13.426 [main] TRACE org.angnysa.autodb.metadata.jdbc.loader.JdbcMetadataLoader - Index loaded: PUBLIC.PUBLIC.TEST_121_A :: JdbcUniqueIndex [unique] name: 'SYS_IDX_PK_TEST_121_A_10094', columns: ('ID1', 'ID2')
23:58:13.427 [main] TRACE org.angnysa.autodb.metadata.jdbc.loader.JdbcMetadataLoader - Primary Key loaded: PUBLIC.PUBLIC.TEST_121_A :: JdbcUniqueIndex [unique] name: 'PK_TEST_121_A', columns: ('ID1', 'ID2')
23:58:13.427 [main] TRACE org.angnysa.autodb.metadata.jdbc.loader.JdbcMetadataLoader - Table loaded:
[!!!org.angnysa.autodb.metadata.jdbc.JdbcTable@7776dee7=>java.lang.NullPointerException:Cannot invoke "org.angnysa.autodb.metadata.jdbc.JdbcDatabase.getRelations(org.angnysa.autodb.metadata.jdbc.JdbcTable)" because "this.database" is null!!!]
23:58:13.428 [main] TRACE org.angnysa.autodb.metadata.jdbc.loader.JdbcMetadataLoader - Column loaded: PUBLIC.PUBLIC.TEST_121_B :: JdbcColumn ID1 INTEGER(mandatory, len < 32) 
23:58:13.428 [main] TRACE org.angnysa.autodb.metadata.jdbc.loader.JdbcMetadataLoader - Column loaded: PUBLIC.PUBLIC.TEST_121_B :: JdbcColumn ID2 INTEGER(mandatory, len < 32) 
23:58:13.428 [main] TRACE org.angnysa.autodb.metadata.jdbc.loader.JdbcMetadataLoader - Column loaded: PUBLIC.PUBLIC.TEST_121_B :: JdbcColumn A_ID1 INTEGER(mandatory, len < 32) 
23:58:13.428 [main] TRACE org.angnysa.autodb.metadata.jdbc.loader.JdbcMetadataLoader - Column loaded: PUBLIC.PUBLIC.TEST_121_B :: JdbcColumn A_ID2 INTEGER(mandatory, len < 32) 
23:58:13.429 [main] TRACE org.angnysa.autodb.metadata.jdbc.loader.JdbcMetadataLoader - Index loaded: PUBLIC.PUBLIC.TEST_121_B :: JdbcUniqueIndex [unique] name: 'SYS_IDX_UK_TEST_121_B_10106', columns: ('A_ID1', 'A_ID2')
23:58:13.429 [main] TRACE org.angnysa.autodb.metadata.jdbc.loader.JdbcMetadataLoader - Index loaded: PUBLIC.PUBLIC.TEST_121_B :: JdbcUniqueIndex [unique] name: 'SYS_IDX_PK_TEST_121_B_10101', columns: ('ID1', 'ID2')
23:58:13.429 [main] TRACE org.angnysa.autodb.metadata.jdbc.loader.JdbcMetadataLoader - Index loaded: PUBLIC.PUBLIC.TEST_121_B :: JdbcIndex [index] name: 'SYS_IDX_FK_TEST_121_B_A_10107', columns: ('A_ID1', 'A_ID2')
23:58:13.429 [main] TRACE org.angnysa.autodb.metadata.jdbc.loader.JdbcMetadataLoader - Primary Key loaded: PUBLIC.PUBLIC.TEST_121_B :: JdbcUniqueIndex [unique] name: 'PK_TEST_121_B', columns: ('ID1', 'ID2')
23:58:13.429 [main] TRACE org.angnysa.autodb.metadata.jdbc.loader.JdbcMetadataLoader - Table loaded:
[!!!org.angnysa.autodb.metadata.jdbc.JdbcTable@403d9a5b=>java.lang.NullPointerException:Cannot invoke "org.angnysa.autodb.metadata.jdbc.JdbcDatabase.getRelations(org.angnysa.autodb.metadata.jdbc.JdbcTable)" because "this.database" is null!!!]
23:58:13.430 [main] TRACE org.angnysa.autodb.metadata.jdbc.loader.JdbcMetadataLoader - Column loaded: PUBLIC.PUBLIC.TEST_M21_A :: JdbcColumn ID1 INTEGER(mandatory, len < 32) 
23:58:13.430 [main] TRACE org.angnysa.autodb.metadata.jdbc.loader.JdbcMetadataLoader - Column loaded: PUBLIC.PUBLIC.TEST_M21_A :: JdbcColumn ID2 INTEGER(mandatory, len < 32) 
23:58:13.430 [main] TRACE org.angnysa.autodb.metadata.jdbc.loader.JdbcMetadataLoader - Index loaded: PUBLIC.PUBLIC.TEST_M21_A :: JdbcUniqueIndex [unique] name: 'SYS_IDX_PK_TEST_M21_A_10111', columns: ('ID1', 'ID2')
23:58:13.431 [main] TRACE org.angnysa.autodb.metadata.jdbc.loader.JdbcMetadataLoader - Primary Key loaded: PUBLIC.PUBLIC.TEST_M21_A :: JdbcUniqueIndex [unique] name: 'PK_TEST_M21_A', columns: ('ID1', 'ID2')
23:58:13.431 [main] TRACE org.angnysa.autodb.metadata.jdbc.loader.JdbcMetadataLoader - Table loaded:
[!!!org.angnysa.autodb.metadata.jdbc.JdbcTable@4b961cb6=>java.lang.NullPointerException:Cannot invoke "org.angnysa.autodb.metadata.jdbc.JdbcDatabase.getRelations(org.angnysa.autodb.metadata.jdbc.JdbcTable)" because "this.database" is null!!!]
23:58:13.432 [main] TRACE org.angnysa.autodb.metadata.jdbc.loader.JdbcMetadataLoader - Column loaded: PUBLIC.PUBLIC.TEST_M21_B :: JdbcColumn ID1 INTEGER(mandatory, len < 32) 
23:58:13.432 [main] TRACE org.angnysa.autodb.metadata.jdbc.loader.JdbcMetadataLoader - Column loaded: PUBLIC.PUBLIC.TEST_M21_B :: JdbcColumn ID2 INTEGER(mandatory, len < 32) 
23:58:13.432 [main] TRACE org.angnysa.autodb.metadata.jdbc.loader.JdbcMetadataLoader - Column loaded: PUBLIC.PUBLIC.TEST_M21_B :: JdbcColumn A_ID1 INTEGER(mandatory, len < 32) 
23:58:13.432 [main] TRACE org.angnysa.autodb.metadata.jdbc.loader.JdbcMetadataLoader - Column loaded: PUBLIC.PUBLIC.TEST_M21_B :: JdbcColumn A_ID2 INTEGER(mandatory, len < 32) 
23:58:13.432 [main] TRACE org.angnysa.autodb.metadata.jdbc.loader.JdbcMetadataLoader - Index loaded: PUBLIC.PUBLIC.TEST_M21_B :: JdbcIndex [index] name: 'ID_TEST_M21_B_A', columns: ('A_ID1', 'A_ID2')
23:58:13.432 [main] TRACE org.angnysa.autodb.metadata.jdbc.loader.JdbcMetadataLoader - Index loaded: PUBLIC.PUBLIC.TEST_M21_B :: JdbcIndex [index] name: 'SYS_IDX_FK_TEST_M21_B_A_10123', columns: ('A_ID1', 'A_ID2')
23:58:13.432 [main] TRACE org.angnysa.autodb.metadata.jdbc.loader.JdbcMetadataLoader - Index loaded: PUBLIC.PUBLIC.TEST_M21_B :: JdbcUniqueIndex [unique] name: 'SYS_IDX_PK_TEST_M21_B_10118', columns: ('ID1', 'ID2')
23:58:13.433 [main] TRACE org.angnysa.autodb.metadata.jdbc.loader.JdbcMetadataLoader - Primary Key loaded: PUBLIC.PUBLIC.TEST_M21_B :: JdbcUniqueIndex [unique] name: 'PK_TEST_M21_B', columns: ('ID1', 'ID2')
23:58:13.433 [main] TRACE org.angnysa.autodb.metadata.jdbc.loader.JdbcMetadataLoader - Table loaded:
[!!!org.angnysa.autodb.metadata.jdbc.JdbcTable@74ba4dac=>java.lang.NullPointerException:Cannot invoke "org.angnysa.autodb.metadata.jdbc.JdbcDatabase.getRelations(org.angnysa.autodb.metadata.jdbc.JdbcTable)" because "this.database" is null!!!]
23:58:13.434 [main] TRACE org.angnysa.autodb.metadata.jdbc.loader.JdbcMetadataLoader - Column loaded: PUBLIC.PUBLIC.TEST_M2M_A :: JdbcColumn ID1 INTEGER(mandatory, len < 32) 
23:58:13.434 [main] TRACE org.angnysa.autodb.metadata.jdbc.loader.JdbcMetadataLoader - Column loaded: PUBLIC.PUBLIC.TEST_M2M_A :: JdbcColumn ID2 INTEGER(mandatory, len < 32) 
23:58:13.434 [main] TRACE org.angnysa.autodb.metadata.jdbc.loader.JdbcMetadataLoader - Index loaded: PUBLIC.PUBLIC.TEST_M2M_A :: JdbcUniqueIndex [unique] name: 'SYS_IDX_PK_TEST_M2M_A_10127', columns: ('ID1', 'ID2')
23:58:13.435 [main] TRACE org.angnysa.autodb.metadata.jdbc.loader.JdbcMetadataLoader - Primary Key loaded: PUBLIC.PUBLIC.TEST_M2M_A :: JdbcUniqueIndex [unique] name: 'PK_TEST_M2M_A', columns: ('ID1', 'ID2')
23:58:13.435 [main] TRACE org.angnysa.autodb.metadata.jdbc.loader.JdbcMetadataLoader - Table loaded:
[!!!org.angnysa.autodb.metadata.jdbc.JdbcTable@22604e1c=>java.lang.NullPointerException:Cannot invoke "org.angnysa.autodb.metadata.jdbc.JdbcDatabase.getRelations(org.angnysa.autodb.metadata.jdbc.JdbcTable)" because "this.database" is null!!!]
23:58:13.436 [main] TRACE org.angnysa.autodb.metadata.jdbc.loader.JdbcMetadataLoader - Column loaded: PUBLIC.PUBLIC.TEST_M2M_B :: JdbcColumn ID1 INTEGER(mandatory, len < 32) 
23:58:13.436 [main] TRACE org.angnysa.autodb.metadata.jdbc.loader.JdbcMetadataLoader - Column loaded: PUBLIC.PUBLIC.TEST_M2M_B :: JdbcColumn ID2 INTEGER(mandatory, len < 32) 
23:58:13.436 [main] TRACE org.angnysa.autodb.metadata.jdbc.loader.JdbcMetadataLoader - Index loaded: PUBLIC.PUBLIC.TEST_M2M_B :: JdbcUniqueIndex [unique] name: 'SYS_IDX_PK_TEST_M2M_B_10132', columns: ('ID1', 'ID2')
23:58:13.437 [main] TRACE org.angnysa.autodb.metadata.jdbc.loader.JdbcMetadataLoader - Primary Key loaded: PUBLIC.PUBLIC.TEST_M2M_B :: JdbcUniqueIndex [unique] name: 'PK_TEST_M2M_B', columns: ('ID1', 'ID2')
23:58:13.437 [main] TRACE org.angnysa.autodb.metadata.jdbc.loader.JdbcMetadataLoader - Table loaded:
[!!!org.angnysa.autodb.metadata.jdbc.JdbcTable@462af4cf=>java.lang.NullPointerException:Cannot invoke "org.angnysa.autodb.metadata.jdbc.JdbcDatabase.getRelations(org.angnysa.autodb.metadata.jdbc.JdbcTable)" because "this.database" is null!!!]
23:58:13.437 [main] TRACE org.angnysa.autodb.metadata.jdbc.loader.JdbcMetadataLoader - Column loaded: PUBLIC.PUBLIC.TEST_M2M_REL :: JdbcColumn AB_ID1 INTEGER(mandatory, len < 32) 
23:58:13.437 [main] TRACE org.angnysa.autodb.metadata.jdbc.loader.JdbcMetadataLoader - Column loaded: PUBLIC.PUBLIC.TEST_M2M_REL :: JdbcColumn A_ID2 INTEGER(mandatory, len < 32) 
23:58:13.437 [main] TRACE org.angnysa.autodb.metadata.jdbc.loader.JdbcMetadataLoader - Column loaded: PUBLIC.PUBLIC.TEST_M2M_REL :: JdbcColumn B_ID2 INTEGER(mandatory, len < 32) 
23:58:13.438 [main] TRACE org.angnysa.autodb.metadata.jdbc.loader.JdbcMetadataLoader - Index loaded: PUBLIC.PUBLIC.TEST_M2M_REL :: JdbcIndex [index] name: 'SYS_IDX_FK_TEST_M2M_REL_B_10144', columns: ('AB_ID1', 'B_ID2')
23:58:13.438 [main] TRACE org.angnysa.autodb.metadata.jdbc.loader.JdbcMetadataLoader - Index loaded: PUBLIC.PUBLIC.TEST_M2M_REL :: JdbcUniqueIndex [unique] name: 'SYS_IDX_PK_TEST_M2M_REL_10138', columns: ('AB_ID1', 'A_ID2', 'B_ID2')
23:58:13.438 [main] TRACE org.angnysa.autodb.metadata.jdbc.loader.JdbcMetadataLoader - Index loaded: PUBLIC.PUBLIC.TEST_M2M_REL :: JdbcIndex [index] name: 'SYS_IDX_FK_TEST_M2M_REL_A_10142', columns: ('AB_ID1', 'A_ID2')
23:58:13.439 [main] TRACE org.angnysa.autodb.metadata.jdbc.loader.JdbcMetadataLoader - Primary Key loaded: PUBLIC.PUBLIC.TEST_M2M_REL :: JdbcUniqueIndex [unique] name: 'PK_TEST_M2M_REL', columns: ('AB_ID1', 'A_ID2', 'B_ID2')
23:58:13.439 [main] TRACE org.angnysa.autodb.metadata.jdbc.loader.JdbcMetadataLoader - Table loaded:
[!!!org.angnysa.autodb.metadata.jdbc.JdbcTable@2894519b=>java.lang.NullPointerException:Cannot invoke "org.angnysa.autodb.metadata.jdbc.JdbcDatabase.getRelations(org.angnysa.autodb.metadata.jdbc.JdbcTable)" because "this.database" is null!!!]
]]></system-out>
  </testcase>
  <testcase name="testLoadRelations" classname="org.angnysa.autodb.metadata.jdbc.loader.db.TestJdbcMetadataLoader_HSqlDb" time="0.034">
    <error type="java.lang.IllegalStateException"><![CDATA[java.lang.IllegalStateException: No table named 'PUBLIC.PUBLIC.TEST_121_B'
]]></error>
    <system-out><![CDATA[23:58:13.441 [main] DEBUG org.angnysa.autodb.metadata.jdbc.loader.AbstractJdbcMetadataLoaderTester - Target table: TEST_121_B
23:58:13.441 [main] DEBUG org.angnysa.autodb.metadata.jdbc.loader.AbstractJdbcMetadataLoaderTester - Expected Relations: [ExpectedRelation(name=FK_TEST_121_B_A, type=OneToOne, mandatory=true, referencingColumns=[A_ID1, A_ID2], referencedTable=TEST_121_A, referencedColumns=[ID1, ID2])]
23:58:13.462 [main] TRACE org.angnysa.autodb.metadata.jdbc.loader.JdbcMetadataLoader - Column loaded: PUBLIC.PUBLIC.TEST_121_A :: JdbcColumn ID1 INTEGER(mandatory, len < 32) 
23:58:13.462 [main] TRACE org.angnysa.autodb.metadata.jdbc.loader.JdbcMetadataLoader - Column loaded: PUBLIC.PUBLIC.TEST_121_A :: JdbcColumn ID2 INTEGER(mandatory, len < 32) 
23:58:13.463 [main] TRACE org.angnysa.autodb.metadata.jdbc.loader.JdbcMetadataLoader - Index loaded: PUBLIC.PUBLIC.TEST_121_A :: JdbcUniqueIndex [unique] name: 'SYS_IDX_PK_TEST_121_A_10094', columns: ('ID1', 'ID2')
23:58:13.463 [main] TRACE org.angnysa.autodb.metadata.jdbc.loader.JdbcMetadataLoader - Primary Key loaded: PUBLIC.PUBLIC.TEST_121_A :: JdbcUniqueIndex [unique] name: 'PK_TEST_121_A', columns: ('ID1', 'ID2')
23:58:13.464 [main] TRACE org.angnysa.autodb.metadata.jdbc.loader.JdbcMetadataLoader - Table loaded:
[!!!org.angnysa.autodb.metadata.jdbc.JdbcTable@6b18bdf7=>java.lang.NullPointerException:Cannot invoke "org.angnysa.autodb.metadata.jdbc.JdbcDatabase.getRelations(org.angnysa.autodb.metadata.jdbc.JdbcTable)" because "this.database" is null!!!]
23:58:13.464 [main] TRACE org.angnysa.autodb.metadata.jdbc.loader.JdbcMetadataLoader - Column loaded: PUBLIC.PUBLIC.TEST_121_B :: JdbcColumn ID1 INTEGER(mandatory, len < 32) 
23:58:13.464 [main] TRACE org.angnysa.autodb.metadata.jdbc.loader.JdbcMetadataLoader - Column loaded: PUBLIC.PUBLIC.TEST_121_B :: JdbcColumn ID2 INTEGER(mandatory, len < 32) 
23:58:13.464 [main] TRACE org.angnysa.autodb.metadata.jdbc.loader.JdbcMetadataLoader - Column loaded: PUBLIC.PUBLIC.TEST_121_B :: JdbcColumn A_ID1 INTEGER(mandatory, len < 32) 
23:58:13.464 [main] TRACE org.angnysa.autodb.metadata.jdbc.loader.JdbcMetadataLoader - Column loaded: PUBLIC.PUBLIC.TEST_121_B :: JdbcColumn A_ID2 INTEGER(mandatory, len < 32) 
23:58:13.465 [main] TRACE org.angnysa.autodb.metadata.jdbc.loader.JdbcMetadataLoader - Index loaded: PUBLIC.PUBLIC.TEST_121_B :: JdbcUniqueIndex [unique] name: 'SYS_IDX_UK_TEST_121_B_10106', columns: ('A_ID1', 'A_ID2')
23:58:13.465 [main] TRACE org.angnysa.autodb.metadata.jdbc.loader.JdbcMetadataLoader - Index loaded: PUBLIC.PUBLIC.TEST_121_B :: JdbcUniqueIndex [unique] name: 'SYS_IDX_PK_TEST_121_B_10101', columns: ('ID1', 'ID2')
23:58:13.465 [main] TRACE org.angnysa.autodb.metadata.jdbc.loader.JdbcMetadataLoader - Index loaded: PUBLIC.PUBLIC.TEST_121_B :: JdbcIndex [index] name: 'SYS_IDX_FK_TEST_121_B_A_10107', columns: ('A_ID1', 'A_ID2')
23:58:13.465 [main] TRACE org.angnysa.autodb.metadata.jdbc.loader.JdbcMetadataLoader - Primary Key loaded: PUBLIC.PUBLIC.TEST_121_B :: JdbcUniqueIndex [unique] name: 'PK_TEST_121_B', columns: ('ID1', 'ID2')
23:58:13.466 [main] TRACE org.angnysa.autodb.metadata.jdbc.loader.JdbcMetadataLoader - Table loaded:
[!!!org.angnysa.autodb.metadata.jdbc.JdbcTable@503e5a70=>java.lang.NullPointerException:Cannot invoke "org.angnysa.autodb.metadata.jdbc.JdbcDatabase.getRelations(org.angnysa.autodb.metadata.jdbc.JdbcTable)" because "this.database" is null!!!]
23:58:13.466 [main] TRACE org.angnysa.autodb.metadata.jdbc.loader.JdbcMetadataLoader - Column loaded: PUBLIC.PUBLIC.TEST_M21_A :: JdbcColumn ID1 INTEGER(mandatory, len < 32) 
23:58:13.466 [main] TRACE org.angnysa.autodb.metadata.jdbc.loader.JdbcMetadataLoader - Column loaded: PUBLIC.PUBLIC.TEST_M21_A :: JdbcColumn ID2 INTEGER(mandatory, len < 32) 
23:58:13.467 [main] TRACE org.angnysa.autodb.metadata.jdbc.loader.JdbcMetadataLoader - Index loaded: PUBLIC.PUBLIC.TEST_M21_A :: JdbcUniqueIndex [unique] name: 'SYS_IDX_PK_TEST_M21_A_10111', columns: ('ID1', 'ID2')
23:58:13.467 [main] TRACE org.angnysa.autodb.metadata.jdbc.loader.JdbcMetadataLoader - Primary Key loaded: PUBLIC.PUBLIC.TEST_M21_A :: JdbcUniqueIndex [unique] name: 'PK_TEST_M21_A', columns: ('ID1', 'ID2')
23:58:13.467 [main] TRACE org.angnysa.autodb.metadata.jdbc.loader.JdbcMetadataLoader - Table loaded:
[!!!org.angnysa.autodb.metadata.jdbc.JdbcTable@1f259685=>java.lang.NullPointerException:Cannot invoke "org.angnysa.autodb.metadata.jdbc.JdbcDatabase.getRelations(org.angnysa.autodb.metadata.jdbc.JdbcTable)" because "this.database" is null!!!]
23:58:13.468 [main] TRACE org.angnysa.autodb.metadata.jdbc.loader.JdbcMetadataLoader - Column loaded: PUBLIC.PUBLIC.TEST_M21_B :: JdbcColumn ID1 INTEGER(mandatory, len < 32) 
23:58:13.468 [main] TRACE org.angnysa.autodb.metadata.jdbc.loader.JdbcMetadataLoader - Column loaded: PUBLIC.PUBLIC.TEST_M21_B :: JdbcColumn ID2 INTEGER(mandatory, len < 32) 
23:58:13.468 [main] TRACE org.angnysa.autodb.metadata.jdbc.loader.JdbcMetadataLoader - Column loaded: PUBLIC.PUBLIC.TEST_M21_B :: JdbcColumn A_ID1 INTEGER(mandatory, len < 32) 
23:58:13.468 [main] TRACE org.angnysa.autodb.metadata.jdbc.loader.JdbcMetadataLoader - Column loaded: PUBLIC.PUBLIC.TEST_M21_B :: JdbcColumn A_ID2 INTEGER(mandatory, len < 32) 
23:58:13.468 [main] TRACE org.angnysa.autodb.metadata.jdbc.loader.JdbcMetadataLoader - Index loaded: PUBLIC.PUBLIC.TEST_M21_B :: JdbcIndex [index] name: 'ID_TEST_M21_B_A', columns: ('A_ID1', 'A_ID2')
23:58:13.468 [main] TRACE org.angnysa.autodb.metadata.jdbc.loader.JdbcMetadataLoader - Index loaded: PUBLIC.PUBLIC.TEST_M21_B :: JdbcIndex [index] name: 'SYS_IDX_FK_TEST_M21_B_A_10123', columns: ('A_ID1', 'A_ID2')
23:58:13.468 [main] TRACE org.angnysa.autodb.metadata.jdbc.loader.JdbcMetadataLoader - Index loaded: PUBLIC.PUBLIC.TEST_M21_B :: JdbcUniqueIndex [unique] name: 'SYS_IDX_PK_TEST_M21_B_10118', columns: ('ID1', 'ID2')
23:58:13.469 [main] TRACE org.angnysa.autodb.metadata.jdbc.loader.JdbcMetadataLoader - Primary Key loaded: PUBLIC.PUBLIC.TEST_M21_B :: JdbcUniqueIndex [unique] name: 'PK_TEST_M21_B', columns: ('ID1', 'ID2')
23:58:13.469 [main] TRACE org.angnysa.autodb.metadata.jdbc.loader.JdbcMetadataLoader - Table loaded:
[!!!org.angnysa.autodb.metadata.jdbc.JdbcTable@21378791=>java.lang.NullPointerException:Cannot invoke "org.angnysa.autodb.metadata.jdbc.JdbcDatabase.getRelations(org.angnysa.autodb.metadata.jdbc.JdbcTable)" because "this.database" is null!!!]
23:58:13.470 [main] TRACE org.angnysa.autodb.metadata.jdbc.loader.JdbcMetadataLoader - Column loaded: PUBLIC.PUBLIC.TEST_M2M_A :: JdbcColumn ID1 INTEGER(mandatory, len < 32) 
23:58:13.470 [main] TRACE org.angnysa.autodb.metadata.jdbc.loader.JdbcMetadataLoader - Column loaded: PUBLIC.PUBLIC.TEST_M2M_A :: JdbcColumn ID2 INTEGER(mandatory, len < 32) 
23:58:13.470 [main] TRACE org.angnysa.autodb.metadata.jdbc.loader.JdbcMetadataLoader - Index loaded: PUBLIC.PUBLIC.TEST_M2M_A :: JdbcUniqueIndex [unique] name: 'SYS_IDX_PK_TEST_M2M_A_10127', columns: ('ID1', 'ID2')
23:58:13.470 [main] TRACE org.angnysa.autodb.metadata.jdbc.loader.JdbcMetadataLoader - Primary Key loaded: PUBLIC.PUBLIC.TEST_M2M_A :: JdbcUniqueIndex [unique] name: 'PK_TEST_M2M_A', columns: ('ID1', 'ID2')
23:58:13.471 [main] TRACE org.angnysa.autodb.metadata.jdbc.loader.JdbcMetadataLoader - Table loaded:
[!!!org.angnysa.autodb.metadata.jdbc.JdbcTable@57321187=>java.lang.NullPointerException:Cannot invoke "org.angnysa.autodb.metadata.jdbc.JdbcDatabase.getRelations(org.angnysa.autodb.metadata.jdbc.JdbcTable)" because "this.database" is null!!!]
23:58:13.471 [main] TRACE org.angnysa.autodb.metadata.jdbc.loader.JdbcMetadataLoader - Column loaded: PUBLIC.PUBLIC.TEST_M2M_B :: JdbcColumn ID1 INTEGER(mandatory, len < 32) 
23:58:13.471 [main] TRACE org.angnysa.autodb.metadata.jdbc.loader.JdbcMetadataLoader - Column loaded: PUBLIC.PUBLIC.TEST_M2M_B :: JdbcColumn ID2 INTEGER(mandatory, len < 32) 
23:58:13.472 [main] TRACE org.angnysa.autodb.metadata.jdbc.loader.JdbcMetadataLoader - Index loaded: PUBLIC.PUBLIC.TEST_M2M_B :: JdbcUniqueIndex [unique] name: 'SYS_IDX_PK_TEST_M2M_B_10132', columns: ('ID1', 'ID2')
23:58:13.472 [main] TRACE org.angnysa.autodb.metadata.jdbc.loader.JdbcMetadataLoader - Primary Key loaded: PUBLIC.PUBLIC.TEST_M2M_B :: JdbcUniqueIndex [unique] name: 'PK_TEST_M2M_B', columns: ('ID1', 'ID2')
23:58:13.472 [main] TRACE org.angnysa.autodb.metadata.jdbc.loader.JdbcMetadataLoader - Table loaded:
[!!!org.angnysa.autodb.metadata.jdbc.JdbcTable@64539f36=>java.lang.NullPointerException:Cannot invoke "org.angnysa.autodb.metadata.jdbc.JdbcDatabase.getRelations(org.angnysa.autodb.metadata.jdbc.JdbcTable)" because "this.database" is null!!!]
23:58:13.473 [main] TRACE org.angnysa.autodb.metadata.jdbc.loader.JdbcMetadataLoader - Column loaded: PUBLIC.PUBLIC.TEST_M2M_REL :: JdbcColumn AB_ID1 INTEGER(mandatory, len < 32) 
23:58:13.473 [main] TRACE org.angnysa.autodb.metadata.jdbc.loader.JdbcMetadataLoader - Column loaded: PUBLIC.PUBLIC.TEST_M2M_REL :: JdbcColumn A_ID2 INTEGER(mandatory, len < 32) 
23:58:13.473 [main] TRACE org.angnysa.autodb.metadata.jdbc.loader.JdbcMetadataLoader - Column loaded: PUBLIC.PUBLIC.TEST_M2M_REL :: JdbcColumn B_ID2 INTEGER(mandatory, len < 32) 
23:58:13.473 [main] TRACE org.angnysa.autodb.metadata.jdbc.loader.JdbcMetadataLoader - Index loaded: PUBLIC.PUBLIC.TEST_M2M_REL :: JdbcIndex [index] name: 'SYS_IDX_FK_TEST_M2M_REL_B_10144', columns: ('AB_ID1', 'B_ID2')
23:58:13.473 [main] TRACE org.angnysa.autodb.metadata.jdbc.loader.JdbcMetadataLoader - Index loaded: PUBLIC.PUBLIC.TEST_M2M_REL :: JdbcUniqueIndex [unique] name: 'SYS_IDX_PK_TEST_M2M_REL_10138', columns: ('AB_ID1', 'A_ID2', 'B_ID2')
23:58:13.473 [main] TRACE org.angnysa.autodb.metadata.jdbc.loader.JdbcMetadataLoader - Index loaded: PUBLIC.PUBLIC.TEST_M2M_REL :: JdbcIndex [index] name: 'SYS_IDX_FK_TEST_M2M_REL_A_10142', columns: ('AB_ID1', 'A_ID2')
23:58:13.474 [main] TRACE org.angnysa.autodb.metadata.jdbc.loader.JdbcMetadataLoader - Primary Key loaded: PUBLIC.PUBLIC.TEST_M2M_REL :: JdbcUniqueIndex [unique] name: 'PK_TEST_M2M_REL', columns: ('AB_ID1', 'A_ID2', 'B_ID2')
23:58:13.474 [main] TRACE org.angnysa.autodb.metadata.jdbc.loader.JdbcMetadataLoader - Table loaded:
[!!!org.angnysa.autodb.metadata.jdbc.JdbcTable@67d30d56=>java.lang.NullPointerException:Cannot invoke "org.angnysa.autodb.metadata.jdbc.JdbcDatabase.getRelations(org.angnysa.autodb.metadata.jdbc.JdbcTable)" because "this.database" is null!!!]
]]></system-out>
  </testcase>
  <testcase name="testLoadRelations" classname="org.angnysa.autodb.metadata.jdbc.loader.db.TestJdbcMetadataLoader_HSqlDb" time="0.035">
    <error type="java.lang.IllegalStateException"><![CDATA[java.lang.IllegalStateException: No table named 'PUBLIC.PUBLIC.TEST_121_B'
]]></error>
    <system-out><![CDATA[23:58:13.476 [main] DEBUG org.angnysa.autodb.metadata.jdbc.loader.AbstractJdbcMetadataLoaderTester - Target table: TEST_M21_A
23:58:13.476 [main] DEBUG org.angnysa.autodb.metadata.jdbc.loader.AbstractJdbcMetadataLoaderTester - Expected Relations: [ExpectedRelation(name=FK_TEST_M21_B_A, type=OneToMany, mandatory=false, referencingColumns=[ID1, ID2], referencedTable=TEST_M21_B, referencedColumns=[A_ID1, A_ID2])]
23:58:13.499 [main] TRACE org.angnysa.autodb.metadata.jdbc.loader.JdbcMetadataLoader - Column loaded: PUBLIC.PUBLIC.TEST_121_A :: JdbcColumn ID1 INTEGER(mandatory, len < 32) 
23:58:13.499 [main] TRACE org.angnysa.autodb.metadata.jdbc.loader.JdbcMetadataLoader - Column loaded: PUBLIC.PUBLIC.TEST_121_A :: JdbcColumn ID2 INTEGER(mandatory, len < 32) 
23:58:13.500 [main] TRACE org.angnysa.autodb.metadata.jdbc.loader.JdbcMetadataLoader - Index loaded: PUBLIC.PUBLIC.TEST_121_A :: JdbcUniqueIndex [unique] name: 'SYS_IDX_PK_TEST_121_A_10094', columns: ('ID1', 'ID2')
23:58:13.500 [main] TRACE org.angnysa.autodb.metadata.jdbc.loader.JdbcMetadataLoader - Primary Key loaded: PUBLIC.PUBLIC.TEST_121_A :: JdbcUniqueIndex [unique] name: 'PK_TEST_121_A', columns: ('ID1', 'ID2')
23:58:13.500 [main] TRACE org.angnysa.autodb.metadata.jdbc.loader.JdbcMetadataLoader - Table loaded:
[!!!org.angnysa.autodb.metadata.jdbc.JdbcTable@37685102=>java.lang.NullPointerException:Cannot invoke "org.angnysa.autodb.metadata.jdbc.JdbcDatabase.getRelations(org.angnysa.autodb.metadata.jdbc.JdbcTable)" because "this.database" is null!!!]
23:58:13.501 [main] TRACE org.angnysa.autodb.metadata.jdbc.loader.JdbcMetadataLoader - Column loaded: PUBLIC.PUBLIC.TEST_121_B :: JdbcColumn ID1 INTEGER(mandatory, len < 32) 
23:58:13.501 [main] TRACE org.angnysa.autodb.metadata.jdbc.loader.JdbcMetadataLoader - Column loaded: PUBLIC.PUBLIC.TEST_121_B :: JdbcColumn ID2 INTEGER(mandatory, len < 32) 
23:58:13.501 [main] TRACE org.angnysa.autodb.metadata.jdbc.loader.JdbcMetadataLoader - Column loaded: PUBLIC.PUBLIC.TEST_121_B :: JdbcColumn A_ID1 INTEGER(mandatory, len < 32) 
23:58:13.501 [main] TRACE org.angnysa.autodb.metadata.jdbc.loader.JdbcMetadataLoader - Column loaded: PUBLIC.PUBLIC.TEST_121_B :: JdbcColumn A_ID2 INTEGER(mandatory, len < 32) 
23:58:13.502 [main] TRACE org.angnysa.autodb.metadata.jdbc.loader.JdbcMetadataLoader - Index loaded: PUBLIC.PUBLIC.TEST_121_B :: JdbcUniqueIndex [unique] name: 'SYS_IDX_UK_TEST_121_B_10106', columns: ('A_ID1', 'A_ID2')
23:58:13.502 [main] TRACE org.angnysa.autodb.metadata.jdbc.loader.JdbcMetadataLoader - Index loaded: PUBLIC.PUBLIC.TEST_121_B :: JdbcUniqueIndex [unique] name: 'SYS_IDX_PK_TEST_121_B_10101', columns: ('ID1', 'ID2')
23:58:13.502 [main] TRACE org.angnysa.autodb.metadata.jdbc.loader.JdbcMetadataLoader - Index loaded: PUBLIC.PUBLIC.TEST_121_B :: JdbcIndex [index] name: 'SYS_IDX_FK_TEST_121_B_A_10107', columns: ('A_ID1', 'A_ID2')
23:58:13.502 [main] TRACE org.angnysa.autodb.metadata.jdbc.loader.JdbcMetadataLoader - Primary Key loaded: PUBLIC.PUBLIC.TEST_121_B :: JdbcUniqueIndex [unique] name: 'PK_TEST_121_B', columns: ('ID1', 'ID2')
23:58:13.502 [main] TRACE org.angnysa.autodb.metadata.jdbc.loader.JdbcMetadataLoader - Table loaded:
[!!!org.angnysa.autodb.metadata.jdbc.JdbcTable@4a4cc870=>java.lang.NullPointerException:Cannot invoke "org.angnysa.autodb.metadata.jdbc.JdbcDatabase.getRelations(org.angnysa.autodb.metadata.jdbc.JdbcTable)" because "this.database" is null!!!]
23:58:13.503 [main] TRACE org.angnysa.autodb.metadata.jdbc.loader.JdbcMetadataLoader - Column loaded: PUBLIC.PUBLIC.TEST_M21_A :: JdbcColumn ID1 INTEGER(mandatory, len < 32) 
23:58:13.503 [main] TRACE org.angnysa.autodb.metadata.jdbc.loader.JdbcMetadataLoader - Column loaded: PUBLIC.PUBLIC.TEST_M21_A :: JdbcColumn ID2 INTEGER(mandatory, len < 32) 
23:58:13.503 [main] TRACE org.angnysa.autodb.metadata.jdbc.loader.JdbcMetadataLoader - Index loaded: PUBLIC.PUBLIC.TEST_M21_A :: JdbcUniqueIndex [unique] name: 'SYS_IDX_PK_TEST_M21_A_10111', columns: ('ID1', 'ID2')
23:58:13.504 [main] TRACE org.angnysa.autodb.metadata.jdbc.loader.JdbcMetadataLoader - Primary Key loaded: PUBLIC.PUBLIC.TEST_M21_A :: JdbcUniqueIndex [unique] name: 'PK_TEST_M21_A', columns: ('ID1', 'ID2')
23:58:13.504 [main] TRACE org.angnysa.autodb.metadata.jdbc.loader.JdbcMetadataLoader - Table loaded:
[!!!org.angnysa.autodb.metadata.jdbc.JdbcTable@79a4865e=>java.lang.NullPointerException:Cannot invoke "org.angnysa.autodb.metadata.jdbc.JdbcDatabase.getRelations(org.angnysa.autodb.metadata.jdbc.JdbcTable)" because "this.database" is null!!!]
23:58:13.504 [main] TRACE org.angnysa.autodb.metadata.jdbc.loader.JdbcMetadataLoader - Column loaded: PUBLIC.PUBLIC.TEST_M21_B :: JdbcColumn ID1 INTEGER(mandatory, len < 32) 
23:58:13.504 [main] TRACE org.angnysa.autodb.metadata.jdbc.loader.JdbcMetadataLoader - Column loaded: PUBLIC.PUBLIC.TEST_M21_B :: JdbcColumn ID2 INTEGER(mandatory, len < 32) 
23:58:13.504 [main] TRACE org.angnysa.autodb.metadata.jdbc.loader.JdbcMetadataLoader - Column loaded: PUBLIC.PUBLIC.TEST_M21_B :: JdbcColumn A_ID1 INTEGER(mandatory, len < 32) 
23:58:13.504 [main] TRACE org.angnysa.autodb.metadata.jdbc.loader.JdbcMetadataLoader - Column loaded: PUBLIC.PUBLIC.TEST_M21_B :: JdbcColumn A_ID2 INTEGER(mandatory, len < 32) 
23:58:13.505 [main] TRACE org.angnysa.autodb.metadata.jdbc.loader.JdbcMetadataLoader - Index loaded: PUBLIC.PUBLIC.TEST_M21_B :: JdbcIndex [index] name: 'ID_TEST_M21_B_A', columns: ('A_ID1', 'A_ID2')
23:58:13.505 [main] TRACE org.angnysa.autodb.metadata.jdbc.loader.JdbcMetadataLoader - Index loaded: PUBLIC.PUBLIC.TEST_M21_B :: JdbcIndex [index] name: 'SYS_IDX_FK_TEST_M21_B_A_10123', columns: ('A_ID1', 'A_ID2')
23:58:13.505 [main] TRACE org.angnysa.autodb.metadata.jdbc.loader.JdbcMetadataLoader - Index loaded: PUBLIC.PUBLIC.TEST_M21_B :: JdbcUniqueIndex [unique] name: 'SYS_IDX_PK_TEST_M21_B_10118', columns: ('ID1', 'ID2')
23:58:13.505 [main] TRACE org.angnysa.autodb.metadata.jdbc.loader.JdbcMetadataLoader - Primary Key loaded: PUBLIC.PUBLIC.TEST_M21_B :: JdbcUniqueIndex [unique] name: 'PK_TEST_M21_B', columns: ('ID1', 'ID2')
23:58:13.505 [main] TRACE org.angnysa.autodb.metadata.jdbc.loader.JdbcMetadataLoader - Table loaded:
[!!!org.angnysa.autodb.metadata.jdbc.JdbcTable@748ef9e=>java.lang.NullPointerException:Cannot invoke "org.angnysa.autodb.metadata.jdbc.JdbcDatabase.getRelations(org.angnysa.autodb.metadata.jdbc.JdbcTable)" because "this.database" is null!!!]
23:58:13.506 [main] TRACE org.angnysa.autodb.metadata.jdbc.loader.JdbcMetadataLoader - Column loaded: PUBLIC.PUBLIC.TEST_M2M_A :: JdbcColumn ID1 INTEGER(mandatory, len < 32) 
23:58:13.506 [main] TRACE org.angnysa.autodb.metadata.jdbc.loader.JdbcMetadataLoader - Column loaded: PUBLIC.PUBLIC.TEST_M2M_A :: JdbcColumn ID2 INTEGER(mandatory, len < 32) 
23:58:13.506 [main] TRACE org.angnysa.autodb.metadata.jdbc.loader.JdbcMetadataLoader - Index loaded: PUBLIC.PUBLIC.TEST_M2M_A :: JdbcUniqueIndex [unique] name: 'SYS_IDX_PK_TEST_M2M_A_10127', columns: ('ID1', 'ID2')
23:58:13.507 [main] TRACE org.angnysa.autodb.metadata.jdbc.loader.JdbcMetadataLoader - Primary Key loaded: PUBLIC.PUBLIC.TEST_M2M_A :: JdbcUniqueIndex [unique] name: 'PK_TEST_M2M_A', columns: ('ID1', 'ID2')
23:58:13.507 [main] TRACE org.angnysa.autodb.metadata.jdbc.loader.JdbcMetadataLoader - Table loaded:
[!!!org.angnysa.autodb.metadata.jdbc.JdbcTable@3fad151c=>java.lang.NullPointerException:Cannot invoke "org.angnysa.autodb.metadata.jdbc.JdbcDatabase.getRelations(org.angnysa.autodb.metadata.jdbc.JdbcTable)" because "this.database" is null!!!]
23:58:13.507 [main] TRACE org.angnysa.autodb.metadata.jdbc.loader.JdbcMetadataLoader - Column loaded: PUBLIC.PUBLIC.TEST_M2M_B :: JdbcColumn ID1 INTEGER(mandatory, len < 32) 
23:58:13.507 [main] TRACE org.angnysa.autodb.metadata.jdbc.loader.JdbcMetadataLoader - Column loaded: PUBLIC.PUBLIC.TEST_M2M_B :: JdbcColumn ID2 INTEGER(mandatory, len < 32) 
23:58:13.508 [main] TRACE org.angnysa.autodb.metadata.jdbc.loader.JdbcMetadataLoader - Index loaded: PUBLIC.PUBLIC.TEST_M2M_B :: JdbcUniqueIndex [unique] name: 'SYS_IDX_PK_TEST_M2M_B_10132', columns: ('ID1', 'ID2')
23:58:13.508 [main] TRACE org.angnysa.autodb.metadata.jdbc.loader.JdbcMetadataLoader - Primary Key loaded: PUBLIC.PUBLIC.TEST_M2M_B :: JdbcUniqueIndex [unique] name: 'PK_TEST_M2M_B', columns: ('ID1', 'ID2')
23:58:13.508 [main] TRACE org.angnysa.autodb.metadata.jdbc.loader.JdbcMetadataLoader - Table loaded:
[!!!org.angnysa.autodb.metadata.jdbc.JdbcTable@150a89d4=>java.lang.NullPointerException:Cannot invoke "org.angnysa.autodb.metadata.jdbc.JdbcDatabase.getRelations(org.angnysa.autodb.metadata.jdbc.JdbcTable)" because "this.database" is null!!!]
23:58:13.509 [main] TRACE org.angnysa.autodb.metadata.jdbc.loader.JdbcMetadataLoader - Column loaded: PUBLIC.PUBLIC.TEST_M2M_REL :: JdbcColumn AB_ID1 INTEGER(mandatory, len < 32) 
23:58:13.509 [main] TRACE org.angnysa.autodb.metadata.jdbc.loader.JdbcMetadataLoader - Column loaded: PUBLIC.PUBLIC.TEST_M2M_REL :: JdbcColumn A_ID2 INTEGER(mandatory, len < 32) 
23:58:13.509 [main] TRACE org.angnysa.autodb.metadata.jdbc.loader.JdbcMetadataLoader - Column loaded: PUBLIC.PUBLIC.TEST_M2M_REL :: JdbcColumn B_ID2 INTEGER(mandatory, len < 32) 
23:58:13.509 [main] TRACE org.angnysa.autodb.metadata.jdbc.loader.JdbcMetadataLoader - Index loaded: PUBLIC.PUBLIC.TEST_M2M_REL :: JdbcIndex [index] name: 'SYS_IDX_FK_TEST_M2M_REL_B_10144', columns: ('AB_ID1', 'B_ID2')
23:58:13.509 [main] TRACE org.angnysa.autodb.metadata.jdbc.loader.JdbcMetadataLoader - Index loaded: PUBLIC.PUBLIC.TEST_M2M_REL :: JdbcUniqueIndex [unique] name: 'SYS_IDX_PK_TEST_M2M_REL_10138', columns: ('AB_ID1', 'A_ID2', 'B_ID2')
23:58:13.509 [main] TRACE org.angnysa.autodb.metadata.jdbc.loader.JdbcMetadataLoader - Index loaded: PUBLIC.PUBLIC.TEST_M2M_REL :: JdbcIndex [index] name: 'SYS_IDX_FK_TEST_M2M_REL_A_10142', columns: ('AB_ID1', 'A_ID2')
23:58:13.510 [main] TRACE org.angnysa.autodb.metadata.jdbc.loader.JdbcMetadataLoader - Primary Key loaded: PUBLIC.PUBLIC.TEST_M2M_REL :: JdbcUniqueIndex [unique] name: 'PK_TEST_M2M_REL', columns: ('AB_ID1', 'A_ID2', 'B_ID2')
23:58:13.510 [main] TRACE org.angnysa.autodb.metadata.jdbc.loader.JdbcMetadataLoader - Table loaded:
[!!!org.angnysa.autodb.metadata.jdbc.JdbcTable@4cb62aac=>java.lang.NullPointerException:Cannot invoke "org.angnysa.autodb.metadata.jdbc.JdbcDatabase.getRelations(org.angnysa.autodb.metadata.jdbc.JdbcTable)" because "this.database" is null!!!]
]]></system-out>
  </testcase>
  <testcase name="testLoadRelations" classname="org.angnysa.autodb.metadata.jdbc.loader.db.TestJdbcMetadataLoader_HSqlDb" time="0.033">
    <error type="java.lang.IllegalStateException"><![CDATA[java.lang.IllegalStateException: No table named 'PUBLIC.PUBLIC.TEST_121_B'
]]></error>
    <system-out><![CDATA[23:58:13.512 [main] DEBUG org.angnysa.autodb.metadata.jdbc.loader.AbstractJdbcMetadataLoaderTester - Target table: TEST_M21_B
23:58:13.512 [main] DEBUG org.angnysa.autodb.metadata.jdbc.loader.AbstractJdbcMetadataLoaderTester - Expected Relations: [ExpectedRelation(name=FK_TEST_M21_B_A, type=ManyToOne, mandatory=true, referencingColumns=[A_ID1, A_ID2], referencedTable=TEST_M21_A, referencedColumns=[ID1, ID2])]
23:58:13.529 [main] TRACE org.angnysa.autodb.metadata.jdbc.loader.JdbcMetadataLoader - Column loaded: PUBLIC.PUBLIC.TEST_121_A :: JdbcColumn ID1 INTEGER(mandatory, len < 32) 
23:58:13.530 [main] TRACE org.angnysa.autodb.metadata.jdbc.loader.JdbcMetadataLoader - Column loaded: PUBLIC.PUBLIC.TEST_121_A :: JdbcColumn ID2 INTEGER(mandatory, len < 32) 
23:58:13.533 [main] TRACE org.angnysa.autodb.metadata.jdbc.loader.JdbcMetadataLoader - Index loaded: PUBLIC.PUBLIC.TEST_121_A :: JdbcUniqueIndex [unique] name: 'SYS_IDX_PK_TEST_121_A_10094', columns: ('ID1', 'ID2')
23:58:13.534 [main] TRACE org.angnysa.autodb.metadata.jdbc.loader.JdbcMetadataLoader - Primary Key loaded: PUBLIC.PUBLIC.TEST_121_A :: JdbcUniqueIndex [unique] name: 'PK_TEST_121_A', columns: ('ID1', 'ID2')
23:58:13.534 [main] TRACE org.angnysa.autodb.metadata.jdbc.loader.JdbcMetadataLoader - Table loaded:
[!!!org.angnysa.autodb.metadata.jdbc.JdbcTable@71e28a63=>java.lang.NullPointerException:Cannot invoke "org.angnysa.autodb.metadata.jdbc.JdbcDatabase.getRelations(org.angnysa.autodb.metadata.jdbc.JdbcTable)" because "this.database" is null!!!]
23:58:13.535 [main] TRACE org.angnysa.autodb.metadata.jdbc.loader.JdbcMetadataLoader - Column loaded: PUBLIC.PUBLIC.TEST_121_B :: JdbcColumn ID1 INTEGER(mandatory, len < 32) 
23:58:13.535 [main] TRACE org.angnysa.autodb.metadata.jdbc.loader.JdbcMetadataLoader - Column loaded: PUBLIC.PUBLIC.TEST_121_B :: JdbcColumn ID2 INTEGER(mandatory, len < 32) 
23:58:13.535 [main] TRACE org.angnysa.autodb.metadata.jdbc.loader.JdbcMetadataLoader - Column loaded: PUBLIC.PUBLIC.TEST_121_B :: JdbcColumn A_ID1 INTEGER(mandatory, len < 32) 
23:58:13.535 [main] TRACE org.angnysa.autodb.metadata.jdbc.loader.JdbcMetadataLoader - Column loaded: PUBLIC.PUBLIC.TEST_121_B :: JdbcColumn A_ID2 INTEGER(mandatory, len < 32) 
23:58:13.535 [main] TRACE org.angnysa.autodb.metadata.jdbc.loader.JdbcMetadataLoader - Index loaded: PUBLIC.PUBLIC.TEST_121_B :: JdbcUniqueIndex [unique] name: 'SYS_IDX_UK_TEST_121_B_10106', columns: ('A_ID1', 'A_ID2')
23:58:13.535 [main] TRACE org.angnysa.autodb.metadata.jdbc.loader.JdbcMetadataLoader - Index loaded: PUBLIC.PUBLIC.TEST_121_B :: JdbcUniqueIndex [unique] name: 'SYS_IDX_PK_TEST_121_B_10101', columns: ('ID1', 'ID2')
23:58:13.535 [main] TRACE org.angnysa.autodb.metadata.jdbc.loader.JdbcMetadataLoader - Index loaded: PUBLIC.PUBLIC.TEST_121_B :: JdbcIndex [index] name: 'SYS_IDX_FK_TEST_121_B_A_10107', columns: ('A_ID1', 'A_ID2')
23:58:13.535 [main] TRACE org.angnysa.autodb.metadata.jdbc.loader.JdbcMetadataLoader - Primary Key loaded: PUBLIC.PUBLIC.TEST_121_B :: JdbcUniqueIndex [unique] name: 'PK_TEST_121_B', columns: ('ID1', 'ID2')
23:58:13.536 [main] TRACE org.angnysa.autodb.metadata.jdbc.loader.JdbcMetadataLoader - Table loaded:
[!!!org.angnysa.autodb.metadata.jdbc.JdbcTable@7fb4c8bc=>java.lang.NullPointerException:Cannot invoke "org.angnysa.autodb.metadata.jdbc.JdbcDatabase.getRelations(org.angnysa.autodb.metadata.jdbc.JdbcTable)" because "this.database" is null!!!]
23:58:13.536 [main] TRACE org.angnysa.autodb.metadata.jdbc.loader.JdbcMetadataLoader - Column loaded: PUBLIC.PUBLIC.TEST_M21_A :: JdbcColumn ID1 INTEGER(mandatory, len < 32) 
23:58:13.536 [main] TRACE org.angnysa.autodb.metadata.jdbc.loader.JdbcMetadataLoader - Column loaded: PUBLIC.PUBLIC.TEST_M21_A :: JdbcColumn ID2 INTEGER(mandatory, len < 32) 
23:58:13.537 [main] TRACE org.angnysa.autodb.metadata.jdbc.loader.JdbcMetadataLoader - Index loaded: PUBLIC.PUBLIC.TEST_M21_A :: JdbcUniqueIndex [unique] name: 'SYS_IDX_PK_TEST_M21_A_10111', columns: ('ID1', 'ID2')
23:58:13.537 [main] TRACE org.angnysa.autodb.metadata.jdbc.loader.JdbcMetadataLoader - Primary Key loaded: PUBLIC.PUBLIC.TEST_M21_A :: JdbcUniqueIndex [unique] name: 'PK_TEST_M21_A', columns: ('ID1', 'ID2')
23:58:13.537 [main] TRACE org.angnysa.autodb.metadata.jdbc.loader.JdbcMetadataLoader - Table loaded:
[!!!org.angnysa.autodb.metadata.jdbc.JdbcTable@6af2203=>java.lang.NullPointerException:Cannot invoke "org.angnysa.autodb.metadata.jdbc.JdbcDatabase.getRelations(org.angnysa.autodb.metadata.jdbc.JdbcTable)" because "this.database" is null!!!]
23:58:13.537 [main] TRACE org.angnysa.autodb.metadata.jdbc.loader.JdbcMetadataLoader - Column loaded: PUBLIC.PUBLIC.TEST_M21_B :: JdbcColumn ID1 INTEGER(mandatory, len < 32) 
23:58:13.537 [main] TRACE org.angnysa.autodb.metadata.jdbc.loader.JdbcMetadataLoader - Column loaded: PUBLIC.PUBLIC.TEST_M21_B :: JdbcColumn ID2 INTEGER(mandatory, len < 32) 
23:58:13.537 [main] TRACE org.angnysa.autodb.metadata.jdbc.loader.JdbcMetadataLoader - Column loaded: PUBLIC.PUBLIC.TEST_M21_B :: JdbcColumn A_ID1 INTEGER(mandatory, len < 32) 
23:58:13.537 [main] TRACE org.angnysa.autodb.metadata.jdbc.loader.JdbcMetadataLoader - Column loaded: PUBLIC.PUBLIC.TEST_M21_B :: JdbcColumn A_ID2 INTEGER(mandatory, len < 32) 
23:58:13.538 [main] TRACE org.angnysa.autodb.metadata.jdbc.loader.JdbcMetadataLoader - Index loaded: PUBLIC.PUBLIC.TEST_M21_B :: JdbcIndex [index] name: 'ID_TEST_M21_B_A', columns: ('A_ID1', 'A_ID2')
23:58:13.538 [main] TRACE org.angnysa.autodb.metadata.jdbc.loader.JdbcMetadataLoader - Index loaded: PUBLIC.PUBLIC.TEST_M21_B :: JdbcIndex [index] name: 'SYS_IDX_FK_TEST_M21_B_A_10123', columns: ('A_ID1', 'A_ID2')
23:58:13.538 [main] TRACE org.angnysa.autodb.metadata.jdbc.loader.JdbcMetadataLoader - Index loaded: PUBLIC.PUBLIC.TEST_M21_B :: JdbcUniqueIndex [unique] name: 'SYS_IDX_PK_TEST_M21_B_10118', columns: ('ID1', 'ID2')
23:58:13.539 [main] TRACE org.angnysa.autodb.metadata.jdbc.loader.JdbcMetadataLoader - Primary Key loaded: PUBLIC.PUBLIC.TEST_M21_B :: JdbcUniqueIndex [unique] name: 'PK_TEST_M21_B', columns: ('ID1', 'ID2')
23:58:13.539 [main] TRACE org.angnysa.autodb.metadata.jdbc.loader.JdbcMetadataLoader - Table loaded:
[!!!org.angnysa.autodb.metadata.jdbc.JdbcTable@5258833e=>java.lang.NullPointerException:Cannot invoke "org.angnysa.autodb.metadata.jdbc.JdbcDatabase.getRelations(org.angnysa.autodb.metadata.jdbc.JdbcTable)" because "this.database" is null!!!]
23:58:13.539 [main] TRACE org.angnysa.autodb.metadata.jdbc.loader.JdbcMetadataLoader - Column loaded: PUBLIC.PUBLIC.TEST_M2M_A :: JdbcColumn ID1 INTEGER(mandatory, len < 32) 
23:58:13.539 [main] TRACE org.angnysa.autodb.metadata.jdbc.loader.JdbcMetadataLoader - Column loaded: PUBLIC.PUBLIC.TEST_M2M_A :: JdbcColumn ID2 INTEGER(mandatory, len < 32) 
23:58:13.540 [main] TRACE org.angnysa.autodb.metadata.jdbc.loader.JdbcMetadataLoader - Index loaded: PUBLIC.PUBLIC.TEST_M2M_A :: JdbcUniqueIndex [unique] name: 'SYS_IDX_PK_TEST_M2M_A_10127', columns: ('ID1', 'ID2')
23:58:13.540 [main] TRACE org.angnysa.autodb.metadata.jdbc.loader.JdbcMetadataLoader - Primary Key loaded: PUBLIC.PUBLIC.TEST_M2M_A :: JdbcUniqueIndex [unique] name: 'PK_TEST_M2M_A', columns: ('ID1', 'ID2')
23:58:13.540 [main] TRACE org.angnysa.autodb.metadata.jdbc.loader.JdbcMetadataLoader - Table loaded:
[!!!org.angnysa.autodb.metadata.jdbc.JdbcTable@4478bb7e=>java.lang.NullPointerException:Cannot invoke "org.angnysa.autodb.metadata.jdbc.JdbcDatabase.getRelations(org.angnysa.autodb.metadata.jdbc.JdbcTable)" because "this.database" is null!!!]
23:58:13.541 [main] TRACE org.angnysa.autodb.metadata.jdbc.loader.JdbcMetadataLoader - Column loaded: PUBLIC.PUBLIC.TEST_M2M_B :: JdbcColumn ID1 INTEGER(mandatory, len < 32) 
23:58:13.541 [main] TRACE org.angnysa.autodb.metadata.jdbc.loader.JdbcMetadataLoader - Column loaded: PUBLIC.PUBLIC.TEST_M2M_B :: JdbcColumn ID2 INTEGER(mandatory, len < 32) 
23:58:13.541 [main] TRACE org.angnysa.autodb.metadata.jdbc.loader.JdbcMetadataLoader - Index loaded: PUBLIC.PUBLIC.TEST_M2M_B :: JdbcUniqueIndex [unique] name: 'SYS_IDX_PK_TEST_M2M_B_10132', columns: ('ID1', 'ID2')
23:58:13.542 [main] TRACE org.angnysa.autodb.metadata.jdbc.loader.JdbcMetadataLoader - Primary Key loaded: PUBLIC.PUBLIC.TEST_M2M_B :: JdbcUniqueIndex [unique] name: 'PK_TEST_M2M_B', columns: ('ID1', 'ID2')
23:58:13.542 [main] TRACE org.angnysa.autodb.metadata.jdbc.loader.JdbcMetadataLoader - Table loaded:
[!!!org.angnysa.autodb.metadata.jdbc.JdbcTable@7552c30e=>java.lang.NullPointerException:Cannot invoke "org.angnysa.autodb.metadata.jdbc.JdbcDatabase.getRelations(org.angnysa.autodb.metadata.jdbc.JdbcTable)" because "this.database" is null!!!]
23:58:13.542 [main] TRACE org.angnysa.autodb.metadata.jdbc.loader.JdbcMetadataLoader - Column loaded: PUBLIC.PUBLIC.TEST_M2M_REL :: JdbcColumn AB_ID1 INTEGER(mandatory, len < 32) 
23:58:13.542 [main] TRACE org.angnysa.autodb.metadata.jdbc.loader.JdbcMetadataLoader - Column loaded: PUBLIC.PUBLIC.TEST_M2M_REL :: JdbcColumn A_ID2 INTEGER(mandatory, len < 32) 
23:58:13.542 [main] TRACE org.angnysa.autodb.metadata.jdbc.loader.JdbcMetadataLoader - Column loaded: PUBLIC.PUBLIC.TEST_M2M_REL :: JdbcColumn B_ID2 INTEGER(mandatory, len < 32) 
23:58:13.543 [main] TRACE org.angnysa.autodb.metadata.jdbc.loader.JdbcMetadataLoader - Index loaded: PUBLIC.PUBLIC.TEST_M2M_REL :: JdbcIndex [index] name: 'SYS_IDX_FK_TEST_M2M_REL_B_10144', columns: ('AB_ID1', 'B_ID2')
23:58:13.543 [main] TRACE org.angnysa.autodb.metadata.jdbc.loader.JdbcMetadataLoader - Index loaded: PUBLIC.PUBLIC.TEST_M2M_REL :: JdbcUniqueIndex [unique] name: 'SYS_IDX_PK_TEST_M2M_REL_10138', columns: ('AB_ID1', 'A_ID2', 'B_ID2')
23:58:13.543 [main] TRACE org.angnysa.autodb.metadata.jdbc.loader.JdbcMetadataLoader - Index loaded: PUBLIC.PUBLIC.TEST_M2M_REL :: JdbcIndex [index] name: 'SYS_IDX_FK_TEST_M2M_REL_A_10142', columns: ('AB_ID1', 'A_ID2')
23:58:13.543 [main] TRACE org.angnysa.autodb.metadata.jdbc.loader.JdbcMetadataLoader - Primary Key loaded: PUBLIC.PUBLIC.TEST_M2M_REL :: JdbcUniqueIndex [unique] name: 'PK_TEST_M2M_REL', columns: ('AB_ID1', 'A_ID2', 'B_ID2')
23:58:13.543 [main] TRACE org.angnysa.autodb.metadata.jdbc.loader.JdbcMetadataLoader - Table loaded:
[!!!org.angnysa.autodb.metadata.jdbc.JdbcTable@6c9e24c4=>java.lang.NullPointerException:Cannot invoke "org.angnysa.autodb.metadata.jdbc.JdbcDatabase.getRelations(org.angnysa.autodb.metadata.jdbc.JdbcTable)" because "this.database" is null!!!]
]]></system-out>
  </testcase>
  <testcase name="testLoadRelations" classname="org.angnysa.autodb.metadata.jdbc.loader.db.TestJdbcMetadataLoader_HSqlDb" time="0.025">
    <error type="java.lang.IllegalStateException"><![CDATA[java.lang.IllegalStateException: No table named 'PUBLIC.PUBLIC.TEST_121_B'
]]></error>
    <system-out><![CDATA[23:58:13.546 [main] DEBUG org.angnysa.autodb.metadata.jdbc.loader.AbstractJdbcMetadataLoaderTester - Target table: TEST_M2M_A
23:58:13.546 [main] DEBUG org.angnysa.autodb.metadata.jdbc.loader.AbstractJdbcMetadataLoaderTester - Expected Relations: [ExpectedRelation(name=FK_TEST_M2M_REL_A, type=ManyToMany, mandatory=false, referencingColumns=[ID1, ID2], referencedTable=TEST_M2M_B, referencedColumns=[ID1, ID2])]
23:58:13.560 [main] TRACE org.angnysa.autodb.metadata.jdbc.loader.JdbcMetadataLoader - Column loaded: PUBLIC.PUBLIC.TEST_121_A :: JdbcColumn ID1 INTEGER(mandatory, len < 32) 
23:58:13.560 [main] TRACE org.angnysa.autodb.metadata.jdbc.loader.JdbcMetadataLoader - Column loaded: PUBLIC.PUBLIC.TEST_121_A :: JdbcColumn ID2 INTEGER(mandatory, len < 32) 
23:58:13.561 [main] TRACE org.angnysa.autodb.metadata.jdbc.loader.JdbcMetadataLoader - Index loaded: PUBLIC.PUBLIC.TEST_121_A :: JdbcUniqueIndex [unique] name: 'SYS_IDX_PK_TEST_121_A_10094', columns: ('ID1', 'ID2')
23:58:13.561 [main] TRACE org.angnysa.autodb.metadata.jdbc.loader.JdbcMetadataLoader - Primary Key loaded: PUBLIC.PUBLIC.TEST_121_A :: JdbcUniqueIndex [unique] name: 'PK_TEST_121_A', columns: ('ID1', 'ID2')
23:58:13.561 [main] TRACE org.angnysa.autodb.metadata.jdbc.loader.JdbcMetadataLoader - Table loaded:
[!!!org.angnysa.autodb.metadata.jdbc.JdbcTable@4cd29de4=>java.lang.NullPointerException:Cannot invoke "org.angnysa.autodb.metadata.jdbc.JdbcDatabase.getRelations(org.angnysa.autodb.metadata.jdbc.JdbcTable)" because "this.database" is null!!!]
23:58:13.562 [main] TRACE org.angnysa.autodb.metadata.jdbc.loader.JdbcMetadataLoader - Column loaded: PUBLIC.PUBLIC.TEST_121_B :: JdbcColumn ID1 INTEGER(mandatory, len < 32) 
23:58:13.562 [main] TRACE org.angnysa.autodb.metadata.jdbc.loader.JdbcMetadataLoader - Column loaded: PUBLIC.PUBLIC.TEST_121_B :: JdbcColumn ID2 INTEGER(mandatory, len < 32) 
23:58:13.562 [main] TRACE org.angnysa.autodb.metadata.jdbc.loader.JdbcMetadataLoader - Column loaded: PUBLIC.PUBLIC.TEST_121_B :: JdbcColumn A_ID1 INTEGER(mandatory, len < 32) 
23:58:13.562 [main] TRACE org.angnysa.autodb.metadata.jdbc.loader.JdbcMetadataLoader - Column loaded: PUBLIC.PUBLIC.TEST_121_B :: JdbcColumn A_ID2 INTEGER(mandatory, len < 32) 
23:58:13.562 [main] TRACE org.angnysa.autodb.metadata.jdbc.loader.JdbcMetadataLoader - Index loaded: PUBLIC.PUBLIC.TEST_121_B :: JdbcUniqueIndex [unique] name: 'SYS_IDX_UK_TEST_121_B_10106', columns: ('A_ID1', 'A_ID2')
23:58:13.562 [main] TRACE org.angnysa.autodb.metadata.jdbc.loader.JdbcMetadataLoader - Index loaded: PUBLIC.PUBLIC.TEST_121_B :: JdbcUniqueIndex [unique] name: 'SYS_IDX_PK_TEST_121_B_10101', columns: ('ID1', 'ID2')
23:58:13.562 [main] TRACE org.angnysa.autodb.metadata.jdbc.loader.JdbcMetadataLoader - Index loaded: PUBLIC.PUBLIC.TEST_121_B :: JdbcIndex [index] name: 'SYS_IDX_FK_TEST_121_B_A_10107', columns: ('A_ID1', 'A_ID2')
23:58:13.563 [main] TRACE org.angnysa.autodb.metadata.jdbc.loader.JdbcMetadataLoader - Primary Key loaded: PUBLIC.PUBLIC.TEST_121_B :: JdbcUniqueIndex [unique] name: 'PK_TEST_121_B', columns: ('ID1', 'ID2')
23:58:13.563 [main] TRACE org.angnysa.autodb.metadata.jdbc.loader.JdbcMetadataLoader - Table loaded:
[!!!org.angnysa.autodb.metadata.jdbc.JdbcTable@3b626720=>java.lang.NullPointerException:Cannot invoke "org.angnysa.autodb.metadata.jdbc.JdbcDatabase.getRelations(org.angnysa.autodb.metadata.jdbc.JdbcTable)" because "this.database" is null!!!]
23:58:13.563 [main] TRACE org.angnysa.autodb.metadata.jdbc.loader.JdbcMetadataLoader - Column loaded: PUBLIC.PUBLIC.TEST_M21_A :: JdbcColumn ID1 INTEGER(mandatory, len < 32) 
23:58:13.563 [main] TRACE org.angnysa.autodb.metadata.jdbc.loader.JdbcMetadataLoader - Column loaded: PUBLIC.PUBLIC.TEST_M21_A :: JdbcColumn ID2 INTEGER(mandatory, len < 32) 
23:58:13.564 [main] TRACE org.angnysa.autodb.metadata.jdbc.loader.JdbcMetadataLoader - Index loaded: PUBLIC.PUBLIC.TEST_M21_A :: JdbcUniqueIndex [unique] name: 'SYS_IDX_PK_TEST_M21_A_10111', columns: ('ID1', 'ID2')
23:58:13.564 [main] TRACE org.angnysa.autodb.metadata.jdbc.loader.JdbcMetadataLoader - Primary Key loaded: PUBLIC.PUBLIC.TEST_M21_A :: JdbcUniqueIndex [unique] name: 'PK_TEST_M21_A', columns: ('ID1', 'ID2')
23:58:13.564 [main] TRACE org.angnysa.autodb.metadata.jdbc.loader.JdbcMetadataLoader - Table loaded:
[!!!org.angnysa.autodb.metadata.jdbc.JdbcTable@53851bb9=>java.lang.NullPointerException:Cannot invoke "org.angnysa.autodb.metadata.jdbc.JdbcDatabase.getRelations(org.angnysa.autodb.metadata.jdbc.JdbcTable)" because "this.database" is null!!!]
23:58:13.565 [main] TRACE org.angnysa.autodb.metadata.jdbc.loader.JdbcMetadataLoader - Column loaded: PUBLIC.PUBLIC.TEST_M21_B :: JdbcColumn ID1 INTEGER(mandatory, len < 32) 
23:58:13.565 [main] TRACE org.angnysa.autodb.metadata.jdbc.loader.JdbcMetadataLoader - Column loaded: PUBLIC.PUBLIC.TEST_M21_B :: JdbcColumn ID2 INTEGER(mandatory, len < 32) 
23:58:13.565 [main] TRACE org.angnysa.autodb.metadata.jdbc.loader.JdbcMetadataLoader - Column loaded: PUBLIC.PUBLIC.TEST_M21_B :: JdbcColumn A_ID1 INTEGER(mandatory, len < 32) 
23:58:13.565 [main] TRACE org.angnysa.autodb.metadata.jdbc.loader.JdbcMetadataLoader - Column loaded: PUBLIC.PUBLIC.TEST_M21_B :: JdbcColumn A_ID2 INTEGER(mandatory, len < 32) 
23:58:13.565 [main] TRACE org.angnysa.autodb.metadata.jdbc.loader.JdbcMetadataLoader - Index loaded: PUBLIC.PUBLIC.TEST_M21_B :: JdbcIndex [index] name: 'ID_TEST_M21_B_A', columns: ('A_ID1', 'A_ID2')
23:58:13.565 [main] TRACE org.angnysa.autodb.metadata.jdbc.loader.JdbcMetadataLoader - Index loaded: PUBLIC.PUBLIC.TEST_M21_B :: JdbcIndex [index] name: 'SYS_IDX_FK_TEST_M21_B_A_10123', columns: ('A_ID1', 'A_ID2')
23:58:13.565 [main] TRACE org.angnysa.autodb.metadata.jdbc.loader.JdbcMetadataLoader - Index loaded: PUBLIC.PUBLIC.TEST_M21_B :: JdbcUniqueIndex [unique] name: 'SYS_IDX_PK_TEST_M21_B_10118', columns: ('ID1', 'ID2')
23:58:13.566 [main] TRACE org.angnysa.autodb.metadata.jdbc.loader.JdbcMetadataLoader - Primary Key loaded: PUBLIC.PUBLIC.TEST_M21_B :: JdbcUniqueIndex [unique] name: 'PK_TEST_M21_B', columns: ('ID1', 'ID2')
23:58:13.566 [main] TRACE org.angnysa.autodb.metadata.jdbc.loader.JdbcMetadataLoader - Table loaded:
[!!!org.angnysa.autodb.metadata.jdbc.JdbcTable@34eff199=>java.lang.NullPointerException:Cannot invoke "org.angnysa.autodb.metadata.jdbc.JdbcDatabase.getRelations(org.angnysa.autodb.metadata.jdbc.JdbcTable)" because "this.database" is null!!!]
23:58:13.566 [main] TRACE org.angnysa.autodb.metadata.jdbc.loader.JdbcMetadataLoader - Column loaded: PUBLIC.PUBLIC.TEST_M2M_A :: JdbcColumn ID1 INTEGER(mandatory, len < 32) 
23:58:13.566 [main] TRACE org.angnysa.autodb.metadata.jdbc.loader.JdbcMetadataLoader - Column loaded: PUBLIC.PUBLIC.TEST_M2M_A :: JdbcColumn ID2 INTEGER(mandatory, len < 32) 
23:58:13.567 [main] TRACE org.angnysa.autodb.metadata.jdbc.loader.JdbcMetadataLoader - Index loaded: PUBLIC.PUBLIC.TEST_M2M_A :: JdbcUniqueIndex [unique] name: 'SYS_IDX_PK_TEST_M2M_A_10127', columns: ('ID1', 'ID2')
23:58:13.567 [main] TRACE org.angnysa.autodb.metadata.jdbc.loader.JdbcMetadataLoader - Primary Key loaded: PUBLIC.PUBLIC.TEST_M2M_A :: JdbcUniqueIndex [unique] name: 'PK_TEST_M2M_A', columns: ('ID1', 'ID2')
23:58:13.567 [main] TRACE org.angnysa.autodb.metadata.jdbc.loader.JdbcMetadataLoader - Table loaded:
[!!!org.angnysa.autodb.metadata.jdbc.JdbcTable@e0957b5=>java.lang.NullPointerException:Cannot invoke "org.angnysa.autodb.metadata.jdbc.JdbcDatabase.getRelations(org.angnysa.autodb.metadata.jdbc.JdbcTable)" because "this.database" is null!!!]
23:58:13.568 [main] TRACE org.angnysa.autodb.metadata.jdbc.loader.JdbcMetadataLoader - Column loaded: PUBLIC.PUBLIC.TEST_M2M_B :: JdbcColumn ID1 INTEGER(mandatory, len < 32) 
23:58:13.568 [main] TRACE org.angnysa.autodb.metadata.jdbc.loader.JdbcMetadataLoader - Column loaded: PUBLIC.PUBLIC.TEST_M2M_B :: JdbcColumn ID2 INTEGER(mandatory, len < 32) 
23:58:13.568 [main] TRACE org.angnysa.autodb.metadata.jdbc.loader.JdbcMetadataLoader - Index loaded: PUBLIC.PUBLIC.TEST_M2M_B :: JdbcUniqueIndex [unique] name: 'SYS_IDX_PK_TEST_M2M_B_10132', columns: ('ID1', 'ID2')
23:58:13.568 [main] TRACE org.angnysa.autodb.metadata.jdbc.loader.JdbcMetadataLoader - Primary Key loaded: PUBLIC.PUBLIC.TEST_M2M_B :: JdbcUniqueIndex [unique] name: 'PK_TEST_M2M_B', columns: ('ID1', 'ID2')
23:58:13.568 [main] TRACE org.angnysa.autodb.metadata.jdbc.loader.JdbcMetadataLoader - Table loaded:
[!!!org.angnysa.autodb.metadata.jdbc.JdbcTable@5454e13f=>java.lang.NullPointerException:Cannot invoke "org.angnysa.autodb.metadata.jdbc.JdbcDatabase.getRelations(org.angnysa.autodb.metadata.jdbc.JdbcTable)" because "this.database" is null!!!]
23:58:13.569 [main] TRACE org.angnysa.autodb.metadata.jdbc.loader.JdbcMetadataLoader - Column loaded: PUBLIC.PUBLIC.TEST_M2M_REL :: JdbcColumn AB_ID1 INTEGER(mandatory, len < 32) 
23:58:13.569 [main] TRACE org.angnysa.autodb.metadata.jdbc.loader.JdbcMetadataLoader - Column loaded: PUBLIC.PUBLIC.TEST_M2M_REL :: JdbcColumn A_ID2 INTEGER(mandatory, len < 32) 
23:58:13.569 [main] TRACE org.angnysa.autodb.metadata.jdbc.loader.JdbcMetadataLoader - Column loaded: PUBLIC.PUBLIC.TEST_M2M_REL :: JdbcColumn B_ID2 INTEGER(mandatory, len < 32) 
23:58:13.569 [main] TRACE org.angnysa.autodb.metadata.jdbc.loader.JdbcMetadataLoader - Index loaded: PUBLIC.PUBLIC.TEST_M2M_REL :: JdbcIndex [index] name: 'SYS_IDX_FK_TEST_M2M_REL_B_10144', columns: ('AB_ID1', 'B_ID2')
23:58:13.569 [main] TRACE org.angnysa.autodb.metadata.jdbc.loader.JdbcMetadataLoader - Index loaded: PUBLIC.PUBLIC.TEST_M2M_REL :: JdbcUniqueIndex [unique] name: 'SYS_IDX_PK_TEST_M2M_REL_10138', columns: ('AB_ID1', 'A_ID2', 'B_ID2')
23:58:13.569 [main] TRACE org.angnysa.autodb.metadata.jdbc.loader.JdbcMetadataLoader - Index loaded: PUBLIC.PUBLIC.TEST_M2M_REL :: JdbcIndex [index] name: 'SYS_IDX_FK_TEST_M2M_REL_A_10142', columns: ('AB_ID1', 'A_ID2')
23:58:13.570 [main] TRACE org.angnysa.autodb.metadata.jdbc.loader.JdbcMetadataLoader - Primary Key loaded: PUBLIC.PUBLIC.TEST_M2M_REL :: JdbcUniqueIndex [unique] name: 'PK_TEST_M2M_REL', columns: ('AB_ID1', 'A_ID2', 'B_ID2')
23:58:13.570 [main] TRACE org.angnysa.autodb.metadata.jdbc.loader.JdbcMetadataLoader - Table loaded:
[!!!org.angnysa.autodb.metadata.jdbc.JdbcTable@25b8748=>java.lang.NullPointerException:Cannot invoke "org.angnysa.autodb.metadata.jdbc.JdbcDatabase.getRelations(org.angnysa.autodb.metadata.jdbc.JdbcTable)" because "this.database" is null!!!]
]]></system-out>
  </testcase>
  <testcase name="testLoadRelations" classname="org.angnysa.autodb.metadata.jdbc.loader.db.TestJdbcMetadataLoader_HSqlDb" time="0.032">
    <error type="java.lang.IllegalStateException"><![CDATA[java.lang.IllegalStateException: No table named 'PUBLIC.PUBLIC.TEST_121_B'
]]></error>
    <system-out><![CDATA[23:58:13.573 [main] DEBUG org.angnysa.autodb.metadata.jdbc.loader.AbstractJdbcMetadataLoaderTester - Target table: TEST_M2M_B
23:58:13.573 [main] DEBUG org.angnysa.autodb.metadata.jdbc.loader.AbstractJdbcMetadataLoaderTester - Expected Relations: [ExpectedRelation(name=FK_TEST_M2M_REL_B, type=ManyToMany, mandatory=false, referencingColumns=[ID1, ID2], referencedTable=TEST_M2M_A, referencedColumns=[ID1, ID2])]
23:58:13.593 [main] TRACE org.angnysa.autodb.metadata.jdbc.loader.JdbcMetadataLoader - Column loaded: PUBLIC.PUBLIC.TEST_121_A :: JdbcColumn ID1 INTEGER(mandatory, len < 32) 
23:58:13.594 [main] TRACE org.angnysa.autodb.metadata.jdbc.loader.JdbcMetadataLoader - Column loaded: PUBLIC.PUBLIC.TEST_121_A :: JdbcColumn ID2 INTEGER(mandatory, len < 32) 
23:58:13.594 [main] TRACE org.angnysa.autodb.metadata.jdbc.loader.JdbcMetadataLoader - Index loaded: PUBLIC.PUBLIC.TEST_121_A :: JdbcUniqueIndex [unique] name: 'SYS_IDX_PK_TEST_121_A_10094', columns: ('ID1', 'ID2')
23:58:13.595 [main] TRACE org.angnysa.autodb.metadata.jdbc.loader.JdbcMetadataLoader - Primary Key loaded: PUBLIC.PUBLIC.TEST_121_A :: JdbcUniqueIndex [unique] name: 'PK_TEST_121_A', columns: ('ID1', 'ID2')
23:58:13.595 [main] TRACE org.angnysa.autodb.metadata.jdbc.loader.JdbcMetadataLoader - Table loaded:
[!!!org.angnysa.autodb.metadata.jdbc.JdbcTable@52972465=>java.lang.NullPointerException:Cannot invoke "org.angnysa.autodb.metadata.jdbc.JdbcDatabase.getRelations(org.angnysa.autodb.metadata.jdbc.JdbcTable)" because "this.database" is null!!!]
23:58:13.596 [main] TRACE org.angnysa.autodb.metadata.jdbc.loader.JdbcMetadataLoader - Column loaded: PUBLIC.PUBLIC.TEST_121_B :: JdbcColumn ID1 INTEGER(mandatory, len < 32) 
23:58:13.596 [main] TRACE org.angnysa.autodb.metadata.jdbc.loader.JdbcMetadataLoader - Column loaded: PUBLIC.PUBLIC.TEST_121_B :: JdbcColumn ID2 INTEGER(mandatory, len < 32) 
23:58:13.596 [main] TRACE org.angnysa.autodb.metadata.jdbc.loader.JdbcMetadataLoader - Column loaded: PUBLIC.PUBLIC.TEST_121_B :: JdbcColumn A_ID1 INTEGER(mandatory, len < 32) 
23:58:13.596 [main] TRACE org.angnysa.autodb.metadata.jdbc.loader.JdbcMetadataLoader - Column loaded: PUBLIC.PUBLIC.TEST_121_B :: JdbcColumn A_ID2 INTEGER(mandatory, len < 32) 
23:58:13.596 [main] TRACE org.angnysa.autodb.metadata.jdbc.loader.JdbcMetadataLoader - Index loaded: PUBLIC.PUBLIC.TEST_121_B :: JdbcUniqueIndex [unique] name: 'SYS_IDX_UK_TEST_121_B_10106', columns: ('A_ID1', 'A_ID2')
23:58:13.596 [main] TRACE org.angnysa.autodb.metadata.jdbc.loader.JdbcMetadataLoader - Index loaded: PUBLIC.PUBLIC.TEST_121_B :: JdbcUniqueIndex [unique] name: 'SYS_IDX_PK_TEST_121_B_10101', columns: ('ID1', 'ID2')
23:58:13.596 [main] TRACE org.angnysa.autodb.metadata.jdbc.loader.JdbcMetadataLoader - Index loaded: PUBLIC.PUBLIC.TEST_121_B :: JdbcIndex [index] name: 'SYS_IDX_FK_TEST_121_B_A_10107', columns: ('A_ID1', 'A_ID2')
23:58:13.597 [main] TRACE org.angnysa.autodb.metadata.jdbc.loader.JdbcMetadataLoader - Primary Key loaded: PUBLIC.PUBLIC.TEST_121_B :: JdbcUniqueIndex [unique] name: 'PK_TEST_121_B', columns: ('ID1', 'ID2')
23:58:13.597 [main] TRACE org.angnysa.autodb.metadata.jdbc.loader.JdbcMetadataLoader - Table loaded:
[!!!org.angnysa.autodb.metadata.jdbc.JdbcTable@7fef02d9=>java.lang.NullPointerException:Cannot invoke "org.angnysa.autodb.metadata.jdbc.JdbcDatabase.getRelations(org.angnysa.autodb.metadata.jdbc.JdbcTable)" because "this.database" is null!!!]
23:58:13.597 [main] TRACE org.angnysa.autodb.metadata.jdbc.loader.JdbcMetadataLoader - Column loaded: PUBLIC.PUBLIC.TEST_M21_A :: JdbcColumn ID1 INTEGER(mandatory, len < 32) 
23:58:13.597 [main] TRACE org.angnysa.autodb.metadata.jdbc.loader.JdbcMetadataLoader - Column loaded: PUBLIC.PUBLIC.TEST_M21_A :: JdbcColumn ID2 INTEGER(mandatory, len < 32) 
23:58:13.598 [main] TRACE org.angnysa.autodb.metadata.jdbc.loader.JdbcMetadataLoader - Index loaded: PUBLIC.PUBLIC.TEST_M21_A :: JdbcUniqueIndex [unique] name: 'SYS_IDX_PK_TEST_M21_A_10111', columns: ('ID1', 'ID2')
23:58:13.598 [main] TRACE org.angnysa.autodb.metadata.jdbc.loader.JdbcMetadataLoader - Primary Key loaded: PUBLIC.PUBLIC.TEST_M21_A :: JdbcUniqueIndex [unique] name: 'PK_TEST_M21_A', columns: ('ID1', 'ID2')
23:58:13.598 [main] TRACE org.angnysa.autodb.metadata.jdbc.loader.JdbcMetadataLoader - Table loaded:
[!!!org.angnysa.autodb.metadata.jdbc.JdbcTable@7169c184=>java.lang.NullPointerException:Cannot invoke "org.angnysa.autodb.metadata.jdbc.JdbcDatabase.getRelations(org.angnysa.autodb.metadata.jdbc.JdbcTable)" because "this.database" is null!!!]
23:58:13.599 [main] TRACE org.angnysa.autodb.metadata.jdbc.loader.JdbcMetadataLoader - Column loaded: PUBLIC.PUBLIC.TEST_M21_B :: JdbcColumn ID1 INTEGER(mandatory, len < 32) 
23:58:13.599 [main] TRACE org.angnysa.autodb.metadata.jdbc.loader.JdbcMetadataLoader - Column loaded: PUBLIC.PUBLIC.TEST_M21_B :: JdbcColumn ID2 INTEGER(mandatory, len < 32) 
23:58:13.599 [main] TRACE org.angnysa.autodb.metadata.jdbc.loader.JdbcMetadataLoader - Column loaded: PUBLIC.PUBLIC.TEST_M21_B :: JdbcColumn A_ID1 INTEGER(mandatory, len < 32) 
23:58:13.599 [main] TRACE org.angnysa.autodb.metadata.jdbc.loader.JdbcMetadataLoader - Column loaded: PUBLIC.PUBLIC.TEST_M21_B :: JdbcColumn A_ID2 INTEGER(mandatory, len < 32) 
23:58:13.599 [main] TRACE org.angnysa.autodb.metadata.jdbc.loader.JdbcMetadataLoader - Index loaded: PUBLIC.PUBLIC.TEST_M21_B :: JdbcIndex [index] name: 'ID_TEST_M21_B_A', columns: ('A_ID1', 'A_ID2')
23:58:13.599 [main] TRACE org.angnysa.autodb.metadata.jdbc.loader.JdbcMetadataLoader - Index loaded: PUBLIC.PUBLIC.TEST_M21_B :: JdbcIndex [index] name: 'SYS_IDX_FK_TEST_M21_B_A_10123', columns: ('A_ID1', 'A_ID2')
23:58:13.599 [main] TRACE org.angnysa.autodb.metadata.jdbc.loader.JdbcMetadataLoader - Index loaded: PUBLIC.PUBLIC.TEST_M21_B :: JdbcUniqueIndex [unique] name: 'SYS_IDX_PK_TEST_M21_B_10118', columns: ('ID1', 'ID2')
23:58:13.599 [main] TRACE org.angnysa.autodb.metadata.jdbc.loader.JdbcMetadataLoader - Primary Key loaded: PUBLIC.PUBLIC.TEST_M21_B :: JdbcUniqueIndex [unique] name: 'PK_TEST_M21_B', columns: ('ID1', 'ID2')
23:58:13.599 [main] TRACE org.angnysa.autodb.metadata.jdbc.loader.JdbcMetadataLoader - Table loaded:
[!!!org.angnysa.autodb.metadata.jdbc.JdbcTable@1820910f=>java.lang.NullPointerException:Cannot invoke "org.angnysa.autodb.metadata.jdbc.JdbcDatabase.getRelations(org.angnysa.autodb.metadata.jdbc.JdbcTable)" because "this.database" is null!!!]
23:58:13.600 [main] TRACE org.angnysa.autodb.metadata.jdbc.loader.JdbcMetadataLoader - Column loaded: PUBLIC.PUBLIC.TEST_M2M_A :: JdbcColumn ID1 INTEGER(mandatory, len < 32) 
23:58:13.600 [main] TRACE org.angnysa.autodb.metadata.jdbc.loader.JdbcMetadataLoader - Column loaded: PUBLIC.PUBLIC.TEST_M2M_A :: JdbcColumn ID2 INTEGER(mandatory, len < 32) 
23:58:13.600 [main] TRACE org.angnysa.autodb.metadata.jdbc.loader.JdbcMetadataLoader - Index loaded: PUBLIC.PUBLIC.TEST_M2M_A :: JdbcUniqueIndex [unique] name: 'SYS_IDX_PK_TEST_M2M_A_10127', columns: ('ID1', 'ID2')
23:58:13.601 [main] TRACE org.angnysa.autodb.metadata.jdbc.loader.JdbcMetadataLoader - Primary Key loaded: PUBLIC.PUBLIC.TEST_M2M_A :: JdbcUniqueIndex [unique] name: 'PK_TEST_M2M_A', columns: ('ID1', 'ID2')
23:58:13.601 [main] TRACE org.angnysa.autodb.metadata.jdbc.loader.JdbcMetadataLoader - Table loaded:
[!!!org.angnysa.autodb.metadata.jdbc.JdbcTable@c4a2db8=>java.lang.NullPointerException:Cannot invoke "org.angnysa.autodb.metadata.jdbc.JdbcDatabase.getRelations(org.angnysa.autodb.metadata.jdbc.JdbcTable)" because "this.database" is null!!!]
23:58:13.601 [main] TRACE org.angnysa.autodb.metadata.jdbc.loader.JdbcMetadataLoader - Column loaded: PUBLIC.PUBLIC.TEST_M2M_B :: JdbcColumn ID1 INTEGER(mandatory, len < 32) 
23:58:13.601 [main] TRACE org.angnysa.autodb.metadata.jdbc.loader.JdbcMetadataLoader - Column loaded: PUBLIC.PUBLIC.TEST_M2M_B :: JdbcColumn ID2 INTEGER(mandatory, len < 32) 
23:58:13.602 [main] TRACE org.angnysa.autodb.metadata.jdbc.loader.JdbcMetadataLoader - Index loaded: PUBLIC.PUBLIC.TEST_M2M_B :: JdbcUniqueIndex [unique] name: 'SYS_IDX_PK_TEST_M2M_B_10132', columns: ('ID1', 'ID2')
23:58:13.602 [main] TRACE org.angnysa.autodb.metadata.jdbc.loader.JdbcMetadataLoader - Primary Key loaded: PUBLIC.PUBLIC.TEST_M2M_B :: JdbcUniqueIndex [unique] name: 'PK_TEST_M2M_B', columns: ('ID1', 'ID2')
23:58:13.602 [main] TRACE org.angnysa.autodb.metadata.jdbc.loader.JdbcMetadataLoader - Table loaded:
[!!!org.angnysa.autodb.metadata.jdbc.JdbcTable@72789f90=>java.lang.NullPointerException:Cannot invoke "org.angnysa.autodb.metadata.jdbc.JdbcDatabase.getRelations(org.angnysa.autodb.metadata.jdbc.JdbcTable)" because "this.database" is null!!!]
23:58:13.603 [main] TRACE org.angnysa.autodb.metadata.jdbc.loader.JdbcMetadataLoader - Column loaded: PUBLIC.PUBLIC.TEST_M2M_REL :: JdbcColumn AB_ID1 INTEGER(mandatory, len < 32) 
23:58:13.603 [main] TRACE org.angnysa.autodb.metadata.jdbc.loader.JdbcMetadataLoader - Column loaded: PUBLIC.PUBLIC.TEST_M2M_REL :: JdbcColumn A_ID2 INTEGER(mandatory, len < 32) 
23:58:13.603 [main] TRACE org.angnysa.autodb.metadata.jdbc.loader.JdbcMetadataLoader - Column loaded: PUBLIC.PUBLIC.TEST_M2M_REL :: JdbcColumn B_ID2 INTEGER(mandatory, len < 32) 
23:58:13.603 [main] TRACE org.angnysa.autodb.metadata.jdbc.loader.JdbcMetadataLoader - Index loaded: PUBLIC.PUBLIC.TEST_M2M_REL :: JdbcIndex [index] name: 'SYS_IDX_FK_TEST_M2M_REL_B_10144', columns: ('AB_ID1', 'B_ID2')
23:58:13.603 [main] TRACE org.angnysa.autodb.metadata.jdbc.loader.JdbcMetadataLoader - Index loaded: PUBLIC.PUBLIC.TEST_M2M_REL :: JdbcUniqueIndex [unique] name: 'SYS_IDX_PK_TEST_M2M_REL_10138', columns: ('AB_ID1', 'A_ID2', 'B_ID2')
23:58:13.603 [main] TRACE org.angnysa.autodb.metadata.jdbc.loader.JdbcMetadataLoader - Index loaded: PUBLIC.PUBLIC.TEST_M2M_REL :: JdbcIndex [index] name: 'SYS_IDX_FK_TEST_M2M_REL_A_10142', columns: ('AB_ID1', 'A_ID2')
23:58:13.603 [main] TRACE org.angnysa.autodb.metadata.jdbc.loader.JdbcMetadataLoader - Primary Key loaded: PUBLIC.PUBLIC.TEST_M2M_REL :: JdbcUniqueIndex [unique] name: 'PK_TEST_M2M_REL', columns: ('AB_ID1', 'A_ID2', 'B_ID2')
23:58:13.604 [main] TRACE org.angnysa.autodb.metadata.jdbc.loader.JdbcMetadataLoader - Table loaded:
[!!!org.angnysa.autodb.metadata.jdbc.JdbcTable@e8d54fb=>java.lang.NullPointerException:Cannot invoke "org.angnysa.autodb.metadata.jdbc.JdbcDatabase.getRelations(org.angnysa.autodb.metadata.jdbc.JdbcTable)" because "this.database" is null!!!]
]]></system-out>
  </testcase>
  <testcase name="testLoadRelations" classname="org.angnysa.autodb.metadata.jdbc.loader.db.TestJdbcMetadataLoader_HSqlDb" time="0.04">
    <error type="java.lang.IllegalStateException"><![CDATA[java.lang.IllegalStateException: No table named 'PUBLIC.PUBLIC.TEST_121_B'
]]></error>
    <system-out><![CDATA[23:58:13.605 [main] DEBUG org.angnysa.autodb.metadata.jdbc.loader.AbstractJdbcMetadataLoaderTester - Target table: TEST_M2M_REL
23:58:13.606 [main] DEBUG org.angnysa.autodb.metadata.jdbc.loader.AbstractJdbcMetadataLoaderTester - Expected Relations: []
23:58:13.634 [main] TRACE org.angnysa.autodb.metadata.jdbc.loader.JdbcMetadataLoader - Column loaded: PUBLIC.PUBLIC.TEST_121_A :: JdbcColumn ID1 INTEGER(mandatory, len < 32) 
23:58:13.634 [main] TRACE org.angnysa.autodb.metadata.jdbc.loader.JdbcMetadataLoader - Column loaded: PUBLIC.PUBLIC.TEST_121_A :: JdbcColumn ID2 INTEGER(mandatory, len < 32) 
23:58:13.635 [main] TRACE org.angnysa.autodb.metadata.jdbc.loader.JdbcMetadataLoader - Index loaded: PUBLIC.PUBLIC.TEST_121_A :: JdbcUniqueIndex [unique] name: 'SYS_IDX_PK_TEST_121_A_10094', columns: ('ID1', 'ID2')
23:58:13.635 [main] TRACE org.angnysa.autodb.metadata.jdbc.loader.JdbcMetadataLoader - Primary Key loaded: PUBLIC.PUBLIC.TEST_121_A :: JdbcUniqueIndex [unique] name: 'PK_TEST_121_A', columns: ('ID1', 'ID2')
23:58:13.635 [main] TRACE org.angnysa.autodb.metadata.jdbc.loader.JdbcMetadataLoader - Table loaded:
[!!!org.angnysa.autodb.metadata.jdbc.JdbcTable@3993c2be=>java.lang.NullPointerException:Cannot invoke "org.angnysa.autodb.metadata.jdbc.JdbcDatabase.getRelations(org.angnysa.autodb.metadata.jdbc.JdbcTable)" because "this.database" is null!!!]
23:58:13.636 [main] TRACE org.angnysa.autodb.metadata.jdbc.loader.JdbcMetadataLoader - Column loaded: PUBLIC.PUBLIC.TEST_121_B :: JdbcColumn ID1 INTEGER(mandatory, len < 32) 
23:58:13.636 [main] TRACE org.angnysa.autodb.metadata.jdbc.loader.JdbcMetadataLoader - Column loaded: PUBLIC.PUBLIC.TEST_121_B :: JdbcColumn ID2 INTEGER(mandatory, len < 32) 
23:58:13.636 [main] TRACE org.angnysa.autodb.metadata.jdbc.loader.JdbcMetadataLoader - Column loaded: PUBLIC.PUBLIC.TEST_121_B :: JdbcColumn A_ID1 INTEGER(mandatory, len < 32) 
23:58:13.636 [main] TRACE org.angnysa.autodb.metadata.jdbc.loader.JdbcMetadataLoader - Column loaded: PUBLIC.PUBLIC.TEST_121_B :: JdbcColumn A_ID2 INTEGER(mandatory, len < 32) 
23:58:13.636 [main] TRACE org.angnysa.autodb.metadata.jdbc.loader.JdbcMetadataLoader - Index loaded: PUBLIC.PUBLIC.TEST_121_B :: JdbcUniqueIndex [unique] name: 'SYS_IDX_UK_TEST_121_B_10106', columns: ('A_ID1', 'A_ID2')
23:58:13.636 [main] TRACE org.angnysa.autodb.metadata.jdbc.loader.JdbcMetadataLoader - Index loaded: PUBLIC.PUBLIC.TEST_121_B :: JdbcUniqueIndex [unique] name: 'SYS_IDX_PK_TEST_121_B_10101', columns: ('ID1', 'ID2')
23:58:13.636 [main] TRACE org.angnysa.autodb.metadata.jdbc.loader.JdbcMetadataLoader - Index loaded: PUBLIC.PUBLIC.TEST_121_B :: JdbcIndex [index] name: 'SYS_IDX_FK_TEST_121_B_A_10107', columns: ('A_ID1', 'A_ID2')
23:58:13.637 [main] TRACE org.angnysa.autodb.metadata.jdbc.loader.JdbcMetadataLoader - Primary Key loaded: PUBLIC.PUBLIC.TEST_121_B :: JdbcUniqueIndex [unique] name: 'PK_TEST_121_B', columns: ('ID1', 'ID2')
23:58:13.637 [main] TRACE org.angnysa.autodb.metadata.jdbc.loader.JdbcMetadataLoader - Table loaded:
[!!!org.angnysa.autodb.metadata.jdbc.JdbcTable@29a920fe=>java.lang.NullPointerException:Cannot invoke "org.angnysa.autodb.metadata.jdbc.JdbcDatabase.getRelations(org.angnysa.autodb.metadata.jdbc.JdbcTable)" because "this.database" is null!!!]
23:58:13.637 [main] TRACE org.angnysa.autodb.metadata.jdbc.loader.JdbcMetadataLoader - Column loaded: PUBLIC.PUBLIC.TEST_M21_A :: JdbcColumn ID1 INTEGER(mandatory, len < 32) 
23:58:13.637 [main] TRACE org.angnysa.autodb.metadata.jdbc.loader.JdbcMetadataLoader - Column loaded: PUBLIC.PUBLIC.TEST_M21_A :: JdbcColumn ID2 INTEGER(mandatory, len < 32) 
23:58:13.638 [main] TRACE org.angnysa.autodb.metadata.jdbc.loader.JdbcMetadataLoader - Index loaded: PUBLIC.PUBLIC.TEST_M21_A :: JdbcUniqueIndex [unique] name: 'SYS_IDX_PK_TEST_M21_A_10111', columns: ('ID1', 'ID2')
23:58:13.638 [main] TRACE org.angnysa.autodb.metadata.jdbc.loader.JdbcMetadataLoader - Primary Key loaded: PUBLIC.PUBLIC.TEST_M21_A :: JdbcUniqueIndex [unique] name: 'PK_TEST_M21_A', columns: ('ID1', 'ID2')
23:58:13.638 [main] TRACE org.angnysa.autodb.metadata.jdbc.loader.JdbcMetadataLoader - Table loaded:
[!!!org.angnysa.autodb.metadata.jdbc.JdbcTable@6e0fe9cd=>java.lang.NullPointerException:Cannot invoke "org.angnysa.autodb.metadata.jdbc.JdbcDatabase.getRelations(org.angnysa.autodb.metadata.jdbc.JdbcTable)" because "this.database" is null!!!]
23:58:13.639 [main] TRACE org.angnysa.autodb.metadata.jdbc.loader.JdbcMetadataLoader - Column loaded: PUBLIC.PUBLIC.TEST_M21_B :: JdbcColumn ID1 INTEGER(mandatory, len < 32) 
23:58:13.639 [main] TRACE org.angnysa.autodb.metadata.jdbc.loader.JdbcMetadataLoader - Column loaded: PUBLIC.PUBLIC.TEST_M21_B :: JdbcColumn ID2 INTEGER(mandatory, len < 32) 
23:58:13.639 [main] TRACE org.angnysa.autodb.metadata.jdbc.loader.JdbcMetadataLoader - Column loaded: PUBLIC.PUBLIC.TEST_M21_B :: JdbcColumn A_ID1 INTEGER(mandatory, len < 32) 
23:58:13.639 [main] TRACE org.angnysa.autodb.metadata.jdbc.loader.JdbcMetadataLoader - Column loaded: PUBLIC.PUBLIC.TEST_M21_B :: JdbcColumn A_ID2 INTEGER(mandatory, len < 32) 
23:58:13.639 [main] TRACE org.angnysa.autodb.metadata.jdbc.loader.JdbcMetadataLoader - Index loaded: PUBLIC.PUBLIC.TEST_M21_B :: JdbcIndex [index] name: 'ID_TEST_M21_B_A', columns: ('A_ID1', 'A_ID2')
23:58:13.639 [main] TRACE org.angnysa.autodb.metadata.jdbc.loader.JdbcMetadataLoader - Index loaded: PUBLIC.PUBLIC.TEST_M21_B :: JdbcIndex [index] name: 'SYS_IDX_FK_TEST_M21_B_A_10123', columns: ('A_ID1', 'A_ID2')
23:58:13.639 [main] TRACE org.angnysa.autodb.metadata.jdbc.loader.JdbcMetadataLoader - Index loaded: PUBLIC.PUBLIC.TEST_M21_B :: JdbcUniqueIndex [unique] name: 'SYS_IDX_PK_TEST_M21_B_10118', columns: ('ID1', 'ID2')
23:58:13.639 [main] TRACE org.angnysa.autodb.metadata.jdbc.loader.JdbcMetadataLoader - Primary Key loaded: PUBLIC.PUBLIC.TEST_M21_B :: JdbcUniqueIndex [unique] name: 'PK_TEST_M21_B', columns: ('ID1', 'ID2')
23:58:13.640 [main] TRACE org.angnysa.autodb.metadata.jdbc.loader.JdbcMetadataLoader - Table loaded:
[!!!org.angnysa.autodb.metadata.jdbc.JdbcTable@49ccecb0=>java.lang.NullPointerException:Cannot invoke "org.angnysa.autodb.metadata.jdbc.JdbcDatabase.getRelations(org.angnysa.autodb.metadata.jdbc.JdbcTable)" because "this.database" is null!!!]
23:58:13.640 [main] TRACE org.angnysa.autodb.metadata.jdbc.loader.JdbcMetadataLoader - Column loaded: PUBLIC.PUBLIC.TEST_M2M_A :: JdbcColumn ID1 INTEGER(mandatory, len < 32) 
23:58:13.640 [main] TRACE org.angnysa.autodb.metadata.jdbc.loader.JdbcMetadataLoader - Column loaded: PUBLIC.PUBLIC.TEST_M2M_A :: JdbcColumn ID2 INTEGER(mandatory, len < 32) 
23:58:13.640 [main] TRACE org.angnysa.autodb.metadata.jdbc.loader.JdbcMetadataLoader - Index loaded: PUBLIC.PUBLIC.TEST_M2M_A :: JdbcUniqueIndex [unique] name: 'SYS_IDX_PK_TEST_M2M_A_10127', columns: ('ID1', 'ID2')
23:58:13.641 [main] TRACE org.angnysa.autodb.metadata.jdbc.loader.JdbcMetadataLoader - Primary Key loaded: PUBLIC.PUBLIC.TEST_M2M_A :: JdbcUniqueIndex [unique] name: 'PK_TEST_M2M_A', columns: ('ID1', 'ID2')
23:58:13.641 [main] TRACE org.angnysa.autodb.metadata.jdbc.loader.JdbcMetadataLoader - Table loaded:
[!!!org.angnysa.autodb.metadata.jdbc.JdbcTable@36bc1a23=>java.lang.NullPointerException:Cannot invoke "org.angnysa.autodb.metadata.jdbc.JdbcDatabase.getRelations(org.angnysa.autodb.metadata.jdbc.JdbcTable)" because "this.database" is null!!!]
23:58:13.641 [main] TRACE org.angnysa.autodb.metadata.jdbc.loader.JdbcMetadataLoader - Column loaded: PUBLIC.PUBLIC.TEST_M2M_B :: JdbcColumn ID1 INTEGER(mandatory, len < 32) 
23:58:13.641 [main] TRACE org.angnysa.autodb.metadata.jdbc.loader.JdbcMetadataLoader - Column loaded: PUBLIC.PUBLIC.TEST_M2M_B :: JdbcColumn ID2 INTEGER(mandatory, len < 32) 
23:58:13.642 [main] TRACE org.angnysa.autodb.metadata.jdbc.loader.JdbcMetadataLoader - Index loaded: PUBLIC.PUBLIC.TEST_M2M_B :: JdbcUniqueIndex [unique] name: 'SYS_IDX_PK_TEST_M2M_B_10132', columns: ('ID1', 'ID2')
23:58:13.642 [main] TRACE org.angnysa.autodb.metadata.jdbc.loader.JdbcMetadataLoader - Primary Key loaded: PUBLIC.PUBLIC.TEST_M2M_B :: JdbcUniqueIndex [unique] name: 'PK_TEST_M2M_B', columns: ('ID1', 'ID2')
23:58:13.642 [main] TRACE org.angnysa.autodb.metadata.jdbc.loader.JdbcMetadataLoader - Table loaded:
[!!!org.angnysa.autodb.metadata.jdbc.JdbcTable@1eeb3ae6=>java.lang.NullPointerException:Cannot invoke "org.angnysa.autodb.metadata.jdbc.JdbcDatabase.getRelations(org.angnysa.autodb.metadata.jdbc.JdbcTable)" because "this.database" is null!!!]
23:58:13.643 [main] TRACE org.angnysa.autodb.metadata.jdbc.loader.JdbcMetadataLoader - Column loaded: PUBLIC.PUBLIC.TEST_M2M_REL :: JdbcColumn AB_ID1 INTEGER(mandatory, len < 32) 
23:58:13.643 [main] TRACE org.angnysa.autodb.metadata.jdbc.loader.JdbcMetadataLoader - Column loaded: PUBLIC.PUBLIC.TEST_M2M_REL :: JdbcColumn A_ID2 INTEGER(mandatory, len < 32) 
23:58:13.643 [main] TRACE org.angnysa.autodb.metadata.jdbc.loader.JdbcMetadataLoader - Column loaded: PUBLIC.PUBLIC.TEST_M2M_REL :: JdbcColumn B_ID2 INTEGER(mandatory, len < 32) 
23:58:13.643 [main] TRACE org.angnysa.autodb.metadata.jdbc.loader.JdbcMetadataLoader - Index loaded: PUBLIC.PUBLIC.TEST_M2M_REL :: JdbcIndex [index] name: 'SYS_IDX_FK_TEST_M2M_REL_B_10144', columns: ('AB_ID1', 'B_ID2')
23:58:13.643 [main] TRACE org.angnysa.autodb.metadata.jdbc.loader.JdbcMetadataLoader - Index loaded: PUBLIC.PUBLIC.TEST_M2M_REL :: JdbcUniqueIndex [unique] name: 'SYS_IDX_PK_TEST_M2M_REL_10138', columns: ('AB_ID1', 'A_ID2', 'B_ID2')
23:58:13.643 [main] TRACE org.angnysa.autodb.metadata.jdbc.loader.JdbcMetadataLoader - Index loaded: PUBLIC.PUBLIC.TEST_M2M_REL :: JdbcIndex [index] name: 'SYS_IDX_FK_TEST_M2M_REL_A_10142', columns: ('AB_ID1', 'A_ID2')
23:58:13.643 [main] TRACE org.angnysa.autodb.metadata.jdbc.loader.JdbcMetadataLoader - Primary Key loaded: PUBLIC.PUBLIC.TEST_M2M_REL :: JdbcUniqueIndex [unique] name: 'PK_TEST_M2M_REL', columns: ('AB_ID1', 'A_ID2', 'B_ID2')
23:58:13.644 [main] TRACE org.angnysa.autodb.metadata.jdbc.loader.JdbcMetadataLoader - Table loaded:
[!!!org.angnysa.autodb.metadata.jdbc.JdbcTable@4d0f58a9=>java.lang.NullPointerException:Cannot invoke "org.angnysa.autodb.metadata.jdbc.JdbcDatabase.getRelations(org.angnysa.autodb.metadata.jdbc.JdbcTable)" because "this.database" is null!!!]
]]></system-out>
  </testcase>
  <testcase name="testLoadTables" classname="org.angnysa.autodb.metadata.jdbc.loader.db.TestJdbcMetadataLoader_HSqlDb" time="0.029">
    <failure type="org.opentest4j.AssertionFailedError"><![CDATA[org.opentest4j.AssertionFailedError: Expected the key 'ID1' to be present ==> expected: <true> but was: <false>
]]></failure>
    <system-out><![CDATA[23:58:13.646 [main] DEBUG org.angnysa.autodb.metadata.jdbc.loader.AbstractJdbcMetadataLoaderTester - Using database: HSQL Database Engine 2.6.0, driver: HSQL Database Engine Driver 2.6.0, default catalog: 'PUBLIC', default schema: 'PUBLIC'
23:58:13.666 [main] TRACE org.angnysa.autodb.metadata.jdbc.loader.JdbcMetadataLoader - Column loaded: PUBLIC.PUBLIC.TEST_121_A :: JdbcColumn ID1 INTEGER(mandatory, len < 32) 
23:58:13.666 [main] TRACE org.angnysa.autodb.metadata.jdbc.loader.JdbcMetadataLoader - Column loaded: PUBLIC.PUBLIC.TEST_121_A :: JdbcColumn ID2 INTEGER(mandatory, len < 32) 
23:58:13.667 [main] TRACE org.angnysa.autodb.metadata.jdbc.loader.JdbcMetadataLoader - Index loaded: PUBLIC.PUBLIC.TEST_121_A :: JdbcUniqueIndex [unique] name: 'SYS_IDX_PK_TEST_121_A_10094', columns: ('ID1', 'ID2')
23:58:13.667 [main] TRACE org.angnysa.autodb.metadata.jdbc.loader.JdbcMetadataLoader - Primary Key loaded: PUBLIC.PUBLIC.TEST_121_A :: JdbcUniqueIndex [unique] name: 'PK_TEST_121_A', columns: ('ID1', 'ID2')
23:58:13.667 [main] TRACE org.angnysa.autodb.metadata.jdbc.loader.JdbcMetadataLoader - Table loaded:
[!!!org.angnysa.autodb.metadata.jdbc.JdbcTable@2858d667=>java.lang.NullPointerException:Cannot invoke "org.angnysa.autodb.metadata.jdbc.JdbcDatabase.getRelations(org.angnysa.autodb.metadata.jdbc.JdbcTable)" because "this.database" is null!!!]
23:58:13.668 [main] TRACE org.angnysa.autodb.metadata.jdbc.loader.JdbcMetadataLoader - Column loaded: PUBLIC.PUBLIC.TEST_121_B :: JdbcColumn ID1 INTEGER(mandatory, len < 32) 
23:58:13.668 [main] TRACE org.angnysa.autodb.metadata.jdbc.loader.JdbcMetadataLoader - Column loaded: PUBLIC.PUBLIC.TEST_121_B :: JdbcColumn ID2 INTEGER(mandatory, len < 32) 
23:58:13.668 [main] TRACE org.angnysa.autodb.metadata.jdbc.loader.JdbcMetadataLoader - Column loaded: PUBLIC.PUBLIC.TEST_121_B :: JdbcColumn A_ID1 INTEGER(mandatory, len < 32) 
23:58:13.668 [main] TRACE org.angnysa.autodb.metadata.jdbc.loader.JdbcMetadataLoader - Column loaded: PUBLIC.PUBLIC.TEST_121_B :: JdbcColumn A_ID2 INTEGER(mandatory, len < 32) 
23:58:13.668 [main] TRACE org.angnysa.autodb.metadata.jdbc.loader.JdbcMetadataLoader - Index loaded: PUBLIC.PUBLIC.TEST_121_B :: JdbcUniqueIndex [unique] name: 'SYS_IDX_UK_TEST_121_B_10106', columns: ('A_ID1', 'A_ID2')
23:58:13.668 [main] TRACE org.angnysa.autodb.metadata.jdbc.loader.JdbcMetadataLoader - Index loaded: PUBLIC.PUBLIC.TEST_121_B :: JdbcUniqueIndex [unique] name: 'SYS_IDX_PK_TEST_121_B_10101', columns: ('ID1', 'ID2')
23:58:13.668 [main] TRACE org.angnysa.autodb.metadata.jdbc.loader.JdbcMetadataLoader - Index loaded: PUBLIC.PUBLIC.TEST_121_B :: JdbcIndex [index] name: 'SYS_IDX_FK_TEST_121_B_A_10107', columns: ('A_ID1', 'A_ID2')
23:58:13.669 [main] TRACE org.angnysa.autodb.metadata.jdbc.loader.JdbcMetadataLoader - Primary Key loaded: PUBLIC.PUBLIC.TEST_121_B :: JdbcUniqueIndex [unique] name: 'PK_TEST_121_B', columns: ('ID1', 'ID2')
23:58:13.669 [main] TRACE org.angnysa.autodb.metadata.jdbc.loader.JdbcMetadataLoader - Table loaded:
[!!!org.angnysa.autodb.metadata.jdbc.JdbcTable@552f37ae=>java.lang.NullPointerException:Cannot invoke "org.angnysa.autodb.metadata.jdbc.JdbcDatabase.getRelations(org.angnysa.autodb.metadata.jdbc.JdbcTable)" because "this.database" is null!!!]
23:58:13.669 [main] TRACE org.angnysa.autodb.metadata.jdbc.loader.JdbcMetadataLoader - Column loaded: PUBLIC.PUBLIC.TEST_M21_A :: JdbcColumn ID1 INTEGER(mandatory, len < 32) 
23:58:13.669 [main] TRACE org.angnysa.autodb.metadata.jdbc.loader.JdbcMetadataLoader - Column loaded: PUBLIC.PUBLIC.TEST_M21_A :: JdbcColumn ID2 INTEGER(mandatory, len < 32) 
23:58:13.670 [main] TRACE org.angnysa.autodb.metadata.jdbc.loader.JdbcMetadataLoader - Index loaded: PUBLIC.PUBLIC.TEST_M21_A :: JdbcUniqueIndex [unique] name: 'SYS_IDX_PK_TEST_M21_A_10111', columns: ('ID1', 'ID2')
23:58:13.670 [main] TRACE org.angnysa.autodb.metadata.jdbc.loader.JdbcMetadataLoader - Primary Key loaded: PUBLIC.PUBLIC.TEST_M21_A :: JdbcUniqueIndex [unique] name: 'PK_TEST_M21_A', columns: ('ID1', 'ID2')
23:58:13.670 [main] TRACE org.angnysa.autodb.metadata.jdbc.loader.JdbcMetadataLoader - Table loaded:
[!!!org.angnysa.autodb.metadata.jdbc.JdbcTable@6376534c=>java.lang.NullPointerException:Cannot invoke "org.angnysa.autodb.metadata.jdbc.JdbcDatabase.getRelations(org.angnysa.autodb.metadata.jdbc.JdbcTable)" because "this.database" is null!!!]
23:58:13.670 [main] TRACE org.angnysa.autodb.metadata.jdbc.loader.JdbcMetadataLoader - Column loaded: PUBLIC.PUBLIC.TEST_M21_B :: JdbcColumn ID1 INTEGER(mandatory, len < 32) 
23:58:13.671 [main] TRACE org.angnysa.autodb.metadata.jdbc.loader.JdbcMetadataLoader - Column loaded: PUBLIC.PUBLIC.TEST_M21_B :: JdbcColumn ID2 INTEGER(mandatory, len < 32) 
23:58:13.671 [main] TRACE org.angnysa.autodb.metadata.jdbc.loader.JdbcMetadataLoader - Column loaded: PUBLIC.PUBLIC.TEST_M21_B :: JdbcColumn A_ID1 INTEGER(mandatory, len < 32) 
23:58:13.671 [main] TRACE org.angnysa.autodb.metadata.jdbc.loader.JdbcMetadataLoader - Column loaded: PUBLIC.PUBLIC.TEST_M21_B :: JdbcColumn A_ID2 INTEGER(mandatory, len < 32) 
23:58:13.671 [main] TRACE org.angnysa.autodb.metadata.jdbc.loader.JdbcMetadataLoader - Index loaded: PUBLIC.PUBLIC.TEST_M21_B :: JdbcIndex [index] name: 'ID_TEST_M21_B_A', columns: ('A_ID1', 'A_ID2')
23:58:13.671 [main] TRACE org.angnysa.autodb.metadata.jdbc.loader.JdbcMetadataLoader - Index loaded: PUBLIC.PUBLIC.TEST_M21_B :: JdbcIndex [index] name: 'SYS_IDX_FK_TEST_M21_B_A_10123', columns: ('A_ID1', 'A_ID2')
23:58:13.671 [main] TRACE org.angnysa.autodb.metadata.jdbc.loader.JdbcMetadataLoader - Index loaded: PUBLIC.PUBLIC.TEST_M21_B :: JdbcUniqueIndex [unique] name: 'SYS_IDX_PK_TEST_M21_B_10118', columns: ('ID1', 'ID2')
23:58:13.671 [main] TRACE org.angnysa.autodb.metadata.jdbc.loader.JdbcMetadataLoader - Primary Key loaded: PUBLIC.PUBLIC.TEST_M21_B :: JdbcUniqueIndex [unique] name: 'PK_TEST_M21_B', columns: ('ID1', 'ID2')
23:58:13.672 [main] TRACE org.angnysa.autodb.metadata.jdbc.loader.JdbcMetadataLoader - Table loaded:
[!!!org.angnysa.autodb.metadata.jdbc.JdbcTable@352f9163=>java.lang.NullPointerException:Cannot invoke "org.angnysa.autodb.metadata.jdbc.JdbcDatabase.getRelations(org.angnysa.autodb.metadata.jdbc.JdbcTable)" because "this.database" is null!!!]
23:58:13.672 [main] TRACE org.angnysa.autodb.metadata.jdbc.loader.JdbcMetadataLoader - Column loaded: PUBLIC.PUBLIC.TEST_M2M_A :: JdbcColumn ID1 INTEGER(mandatory, len < 32) 
23:58:13.672 [main] TRACE org.angnysa.autodb.metadata.jdbc.loader.JdbcMetadataLoader - Column loaded: PUBLIC.PUBLIC.TEST_M2M_A :: JdbcColumn ID2 INTEGER(mandatory, len < 32) 
23:58:13.672 [main] TRACE org.angnysa.autodb.metadata.jdbc.loader.JdbcMetadataLoader - Index loaded: PUBLIC.PUBLIC.TEST_M2M_A :: JdbcUniqueIndex [unique] name: 'SYS_IDX_PK_TEST_M2M_A_10127', columns: ('ID1', 'ID2')
23:58:13.673 [main] TRACE org.angnysa.autodb.metadata.jdbc.loader.JdbcMetadataLoader - Primary Key loaded: PUBLIC.PUBLIC.TEST_M2M_A :: JdbcUniqueIndex [unique] name: 'PK_TEST_M2M_A', columns: ('ID1', 'ID2')
23:58:13.673 [main] TRACE org.angnysa.autodb.metadata.jdbc.loader.JdbcMetadataLoader - Table loaded:
[!!!org.angnysa.autodb.metadata.jdbc.JdbcTable@2e2da422=>java.lang.NullPointerException:Cannot invoke "org.angnysa.autodb.metadata.jdbc.JdbcDatabase.getRelations(org.angnysa.autodb.metadata.jdbc.JdbcTable)" because "this.database" is null!!!]
23:58:13.673 [main] TRACE org.angnysa.autodb.metadata.jdbc.loader.JdbcMetadataLoader - Column loaded: PUBLIC.PUBLIC.TEST_M2M_B :: JdbcColumn ID1 INTEGER(mandatory, len < 32) 
23:58:13.673 [main] TRACE org.angnysa.autodb.metadata.jdbc.loader.JdbcMetadataLoader - Column loaded: PUBLIC.PUBLIC.TEST_M2M_B :: JdbcColumn ID2 INTEGER(mandatory, len < 32) 
23:58:13.673 [main] TRACE org.angnysa.autodb.metadata.jdbc.loader.JdbcMetadataLoader - Index loaded: PUBLIC.PUBLIC.TEST_M2M_B :: JdbcUniqueIndex [unique] name: 'SYS_IDX_PK_TEST_M2M_B_10132', columns: ('ID1', 'ID2')
23:58:13.674 [main] TRACE org.angnysa.autodb.metadata.jdbc.loader.JdbcMetadataLoader - Primary Key loaded: PUBLIC.PUBLIC.TEST_M2M_B :: JdbcUniqueIndex [unique] name: 'PK_TEST_M2M_B', columns: ('ID1', 'ID2')
23:58:13.674 [main] TRACE org.angnysa.autodb.metadata.jdbc.loader.JdbcMetadataLoader - Table loaded:
[!!!org.angnysa.autodb.metadata.jdbc.JdbcTable@4e78b5bb=>java.lang.NullPointerException:Cannot invoke "org.angnysa.autodb.metadata.jdbc.JdbcDatabase.getRelations(org.angnysa.autodb.metadata.jdbc.JdbcTable)" because "this.database" is null!!!]
23:58:13.674 [main] TRACE org.angnysa.autodb.metadata.jdbc.loader.JdbcMetadataLoader - Column loaded: PUBLIC.PUBLIC.TEST_M2M_REL :: JdbcColumn AB_ID1 INTEGER(mandatory, len < 32) 
23:58:13.674 [main] TRACE org.angnysa.autodb.metadata.jdbc.loader.JdbcMetadataLoader - Column loaded: PUBLIC.PUBLIC.TEST_M2M_REL :: JdbcColumn A_ID2 INTEGER(mandatory, len < 32) 
23:58:13.674 [main] TRACE org.angnysa.autodb.metadata.jdbc.loader.JdbcMetadataLoader - Column loaded: PUBLIC.PUBLIC.TEST_M2M_REL :: JdbcColumn B_ID2 INTEGER(mandatory, len < 32) 
23:58:13.674 [main] TRACE org.angnysa.autodb.metadata.jdbc.loader.JdbcMetadataLoader - Index loaded: PUBLIC.PUBLIC.TEST_M2M_REL :: JdbcIndex [index] name: 'SYS_IDX_FK_TEST_M2M_REL_B_10144', columns: ('AB_ID1', 'B_ID2')
23:58:13.674 [main] TRACE org.angnysa.autodb.metadata.jdbc.loader.JdbcMetadataLoader - Index loaded: PUBLIC.PUBLIC.TEST_M2M_REL :: JdbcUniqueIndex [unique] name: 'SYS_IDX_PK_TEST_M2M_REL_10138', columns: ('AB_ID1', 'A_ID2', 'B_ID2')
23:58:13.675 [main] TRACE org.angnysa.autodb.metadata.jdbc.loader.JdbcMetadataLoader - Index loaded: PUBLIC.PUBLIC.TEST_M2M_REL :: JdbcIndex [index] name: 'SYS_IDX_FK_TEST_M2M_REL_A_10142', columns: ('AB_ID1', 'A_ID2')
23:58:13.675 [main] TRACE org.angnysa.autodb.metadata.jdbc.loader.JdbcMetadataLoader - Primary Key loaded: PUBLIC.PUBLIC.TEST_M2M_REL :: JdbcUniqueIndex [unique] name: 'PK_TEST_M2M_REL', columns: ('AB_ID1', 'A_ID2', 'B_ID2')
23:58:13.675 [main] TRACE org.angnysa.autodb.metadata.jdbc.loader.JdbcMetadataLoader - Table loaded:
[!!!org.angnysa.autodb.metadata.jdbc.JdbcTable@a0bbbed=>java.lang.NullPointerException:Cannot invoke "org.angnysa.autodb.metadata.jdbc.JdbcDatabase.getRelations(org.angnysa.autodb.metadata.jdbc.JdbcTable)" because "this.database" is null!!!]
23:58:13.675 [main] DEBUG org.angnysa.autodb.metadata.jdbc.loader.AbstractJdbcMetadataLoaderTester - Verifying column: TEST_121_A :: ID1
23:58:13.675 [main] DEBUG org.angnysa.autodb.metadata.jdbc.loader.AbstractJdbcMetadataLoaderTester - Verifying column: TEST_121_A :: ID2
]]></system-out>
  </testcase>
  <testcase name="testLoadTables" classname="org.angnysa.autodb.metadata.jdbc.loader.db.TestJdbcMetadataLoader_HSqlDb" time="0.025">
    <failure type="org.opentest4j.AssertionFailedError"><![CDATA[org.opentest4j.AssertionFailedError: Expected the key 'ID1' to be present ==> expected: <true> but was: <false>
]]></failure>
    <system-out><![CDATA[23:58:13.689 [main] TRACE org.angnysa.autodb.metadata.jdbc.loader.JdbcMetadataLoader - Column loaded: PUBLIC.PUBLIC.TEST_121_A :: JdbcColumn ID1 INTEGER(mandatory, len < 32) 
23:58:13.689 [main] TRACE org.angnysa.autodb.metadata.jdbc.loader.JdbcMetadataLoader - Column loaded: PUBLIC.PUBLIC.TEST_121_A :: JdbcColumn ID2 INTEGER(mandatory, len < 32) 
23:58:13.690 [main] TRACE org.angnysa.autodb.metadata.jdbc.loader.JdbcMetadataLoader - Index loaded: PUBLIC.PUBLIC.TEST_121_A :: JdbcUniqueIndex [unique] name: 'SYS_IDX_PK_TEST_121_A_10094', columns: ('ID1', 'ID2')
23:58:13.693 [main] TRACE org.angnysa.autodb.metadata.jdbc.loader.JdbcMetadataLoader - Primary Key loaded: PUBLIC.PUBLIC.TEST_121_A :: JdbcUniqueIndex [unique] name: 'PK_TEST_121_A', columns: ('ID1', 'ID2')
23:58:13.693 [main] TRACE org.angnysa.autodb.metadata.jdbc.loader.JdbcMetadataLoader - Table loaded:
[!!!org.angnysa.autodb.metadata.jdbc.JdbcTable@d64aeb0=>java.lang.NullPointerException:Cannot invoke "org.angnysa.autodb.metadata.jdbc.JdbcDatabase.getRelations(org.angnysa.autodb.metadata.jdbc.JdbcTable)" because "this.database" is null!!!]
23:58:13.694 [main] TRACE org.angnysa.autodb.metadata.jdbc.loader.JdbcMetadataLoader - Column loaded: PUBLIC.PUBLIC.TEST_121_B :: JdbcColumn ID1 INTEGER(mandatory, len < 32) 
23:58:13.694 [main] TRACE org.angnysa.autodb.metadata.jdbc.loader.JdbcMetadataLoader - Column loaded: PUBLIC.PUBLIC.TEST_121_B :: JdbcColumn ID2 INTEGER(mandatory, len < 32) 
23:58:13.694 [main] TRACE org.angnysa.autodb.metadata.jdbc.loader.JdbcMetadataLoader - Column loaded: PUBLIC.PUBLIC.TEST_121_B :: JdbcColumn A_ID1 INTEGER(mandatory, len < 32) 
23:58:13.694 [main] TRACE org.angnysa.autodb.metadata.jdbc.loader.JdbcMetadataLoader - Column loaded: PUBLIC.PUBLIC.TEST_121_B :: JdbcColumn A_ID2 INTEGER(mandatory, len < 32) 
23:58:13.694 [main] TRACE org.angnysa.autodb.metadata.jdbc.loader.JdbcMetadataLoader - Index loaded: PUBLIC.PUBLIC.TEST_121_B :: JdbcUniqueIndex [unique] name: 'SYS_IDX_UK_TEST_121_B_10106', columns: ('A_ID1', 'A_ID2')
23:58:13.694 [main] TRACE org.angnysa.autodb.metadata.jdbc.loader.JdbcMetadataLoader - Index loaded: PUBLIC.PUBLIC.TEST_121_B :: JdbcUniqueIndex [unique] name: 'SYS_IDX_PK_TEST_121_B_10101', columns: ('ID1', 'ID2')
23:58:13.694 [main] TRACE org.angnysa.autodb.metadata.jdbc.loader.JdbcMetadataLoader - Index loaded: PUBLIC.PUBLIC.TEST_121_B :: JdbcIndex [index] name: 'SYS_IDX_FK_TEST_121_B_A_10107', columns: ('A_ID1', 'A_ID2')
23:58:13.694 [main] TRACE org.angnysa.autodb.metadata.jdbc.loader.JdbcMetadataLoader - Primary Key loaded: PUBLIC.PUBLIC.TEST_121_B :: JdbcUniqueIndex [unique] name: 'PK_TEST_121_B', columns: ('ID1', 'ID2')
23:58:13.695 [main] TRACE org.angnysa.autodb.metadata.jdbc.loader.JdbcMetadataLoader - Table loaded:
[!!!org.angnysa.autodb.metadata.jdbc.JdbcTable@153bc688=>java.lang.NullPointerException:Cannot invoke "org.angnysa.autodb.metadata.jdbc.JdbcDatabase.getRelations(org.angnysa.autodb.metadata.jdbc.JdbcTable)" because "this.database" is null!!!]
23:58:13.695 [main] TRACE org.angnysa.autodb.metadata.jdbc.loader.JdbcMetadataLoader - Column loaded: PUBLIC.PUBLIC.TEST_M21_A :: JdbcColumn ID1 INTEGER(mandatory, len < 32) 
23:58:13.695 [main] TRACE org.angnysa.autodb.metadata.jdbc.loader.JdbcMetadataLoader - Column loaded: PUBLIC.PUBLIC.TEST_M21_A :: JdbcColumn ID2 INTEGER(mandatory, len < 32) 
23:58:13.695 [main] TRACE org.angnysa.autodb.metadata.jdbc.loader.JdbcMetadataLoader - Index loaded: PUBLIC.PUBLIC.TEST_M21_A :: JdbcUniqueIndex [unique] name: 'SYS_IDX_PK_TEST_M21_A_10111', columns: ('ID1', 'ID2')
23:58:13.696 [main] TRACE org.angnysa.autodb.metadata.jdbc.loader.JdbcMetadataLoader - Primary Key loaded: PUBLIC.PUBLIC.TEST_M21_A :: JdbcUniqueIndex [unique] name: 'PK_TEST_M21_A', columns: ('ID1', 'ID2')
23:58:13.696 [main] TRACE org.angnysa.autodb.metadata.jdbc.loader.JdbcMetadataLoader - Table loaded:
[!!!org.angnysa.autodb.metadata.jdbc.JdbcTable@59db8e7e=>java.lang.NullPointerException:Cannot invoke "org.angnysa.autodb.metadata.jdbc.JdbcDatabase.getRelations(org.angnysa.autodb.metadata.jdbc.JdbcTable)" because "this.database" is null!!!]
23:58:13.696 [main] TRACE org.angnysa.autodb.metadata.jdbc.loader.JdbcMetadataLoader - Column loaded: PUBLIC.PUBLIC.TEST_M21_B :: JdbcColumn ID1 INTEGER(mandatory, len < 32) 
23:58:13.696 [main] TRACE org.angnysa.autodb.metadata.jdbc.loader.JdbcMetadataLoader - Column loaded: PUBLIC.PUBLIC.TEST_M21_B :: JdbcColumn ID2 INTEGER(mandatory, len < 32) 
23:58:13.696 [main] TRACE org.angnysa.autodb.metadata.jdbc.loader.JdbcMetadataLoader - Column loaded: PUBLIC.PUBLIC.TEST_M21_B :: JdbcColumn A_ID1 INTEGER(mandatory, len < 32) 
23:58:13.696 [main] TRACE org.angnysa.autodb.metadata.jdbc.loader.JdbcMetadataLoader - Column loaded: PUBLIC.PUBLIC.TEST_M21_B :: JdbcColumn A_ID2 INTEGER(mandatory, len < 32) 
23:58:13.697 [main] TRACE org.angnysa.autodb.metadata.jdbc.loader.JdbcMetadataLoader - Index loaded: PUBLIC.PUBLIC.TEST_M21_B :: JdbcIndex [index] name: 'ID_TEST_M21_B_A', columns: ('A_ID1', 'A_ID2')
23:58:13.697 [main] TRACE org.angnysa.autodb.metadata.jdbc.loader.JdbcMetadataLoader - Index loaded: PUBLIC.PUBLIC.TEST_M21_B :: JdbcIndex [index] name: 'SYS_IDX_FK_TEST_M21_B_A_10123', columns: ('A_ID1', 'A_ID2')
23:58:13.697 [main] TRACE org.angnysa.autodb.metadata.jdbc.loader.JdbcMetadataLoader - Index loaded: PUBLIC.PUBLIC.TEST_M21_B :: JdbcUniqueIndex [unique] name: 'SYS_IDX_PK_TEST_M21_B_10118', columns: ('ID1', 'ID2')
23:58:13.697 [main] TRACE org.angnysa.autodb.metadata.jdbc.loader.JdbcMetadataLoader - Primary Key loaded: PUBLIC.PUBLIC.TEST_M21_B :: JdbcUniqueIndex [unique] name: 'PK_TEST_M21_B', columns: ('ID1', 'ID2')
23:58:13.697 [main] TRACE org.angnysa.autodb.metadata.jdbc.loader.JdbcMetadataLoader - Table loaded:
[!!!org.angnysa.autodb.metadata.jdbc.JdbcTable@3139ab0e=>java.lang.NullPointerException:Cannot invoke "org.angnysa.autodb.metadata.jdbc.JdbcDatabase.getRelations(org.angnysa.autodb.metadata.jdbc.JdbcTable)" because "this.database" is null!!!]
23:58:13.698 [main] TRACE org.angnysa.autodb.metadata.jdbc.loader.JdbcMetadataLoader - Column loaded: PUBLIC.PUBLIC.TEST_M2M_A :: JdbcColumn ID1 INTEGER(mandatory, len < 32) 
23:58:13.698 [main] TRACE org.angnysa.autodb.metadata.jdbc.loader.JdbcMetadataLoader - Column loaded: PUBLIC.PUBLIC.TEST_M2M_A :: JdbcColumn ID2 INTEGER(mandatory, len < 32) 
23:58:13.698 [main] TRACE org.angnysa.autodb.metadata.jdbc.loader.JdbcMetadataLoader - Index loaded: PUBLIC.PUBLIC.TEST_M2M_A :: JdbcUniqueIndex [unique] name: 'SYS_IDX_PK_TEST_M2M_A_10127', columns: ('ID1', 'ID2')
23:58:13.698 [main] TRACE org.angnysa.autodb.metadata.jdbc.loader.JdbcMetadataLoader - Primary Key loaded: PUBLIC.PUBLIC.TEST_M2M_A :: JdbcUniqueIndex [unique] name: 'PK_TEST_M2M_A', columns: ('ID1', 'ID2')
23:58:13.698 [main] TRACE org.angnysa.autodb.metadata.jdbc.loader.JdbcMetadataLoader - Table loaded:
[!!!org.angnysa.autodb.metadata.jdbc.JdbcTable@7ee2b3e3=>java.lang.NullPointerException:Cannot invoke "org.angnysa.autodb.metadata.jdbc.JdbcDatabase.getRelations(org.angnysa.autodb.metadata.jdbc.JdbcTable)" because "this.database" is null!!!]
23:58:13.699 [main] TRACE org.angnysa.autodb.metadata.jdbc.loader.JdbcMetadataLoader - Column loaded: PUBLIC.PUBLIC.TEST_M2M_B :: JdbcColumn ID1 INTEGER(mandatory, len < 32) 
23:58:13.699 [main] TRACE org.angnysa.autodb.metadata.jdbc.loader.JdbcMetadataLoader - Column loaded: PUBLIC.PUBLIC.TEST_M2M_B :: JdbcColumn ID2 INTEGER(mandatory, len < 32) 
23:58:13.699 [main] TRACE org.angnysa.autodb.metadata.jdbc.loader.JdbcMetadataLoader - Index loaded: PUBLIC.PUBLIC.TEST_M2M_B :: JdbcUniqueIndex [unique] name: 'SYS_IDX_PK_TEST_M2M_B_10132', columns: ('ID1', 'ID2')
23:58:13.699 [main] TRACE org.angnysa.autodb.metadata.jdbc.loader.JdbcMetadataLoader - Primary Key loaded: PUBLIC.PUBLIC.TEST_M2M_B :: JdbcUniqueIndex [unique] name: 'PK_TEST_M2M_B', columns: ('ID1', 'ID2')
23:58:13.699 [main] TRACE org.angnysa.autodb.metadata.jdbc.loader.JdbcMetadataLoader - Table loaded:
[!!!org.angnysa.autodb.metadata.jdbc.JdbcTable@2fdf4d08=>java.lang.NullPointerException:Cannot invoke "org.angnysa.autodb.metadata.jdbc.JdbcDatabase.getRelations(org.angnysa.autodb.metadata.jdbc.JdbcTable)" because "this.database" is null!!!]
23:58:13.700 [main] TRACE org.angnysa.autodb.metadata.jdbc.loader.JdbcMetadataLoader - Column loaded: PUBLIC.PUBLIC.TEST_M2M_REL :: JdbcColumn AB_ID1 INTEGER(mandatory, len < 32) 
23:58:13.700 [main] TRACE org.angnysa.autodb.metadata.jdbc.loader.JdbcMetadataLoader - Column loaded: PUBLIC.PUBLIC.TEST_M2M_REL :: JdbcColumn A_ID2 INTEGER(mandatory, len < 32) 
23:58:13.700 [main] TRACE org.angnysa.autodb.metadata.jdbc.loader.JdbcMetadataLoader - Column loaded: PUBLIC.PUBLIC.TEST_M2M_REL :: JdbcColumn B_ID2 INTEGER(mandatory, len < 32) 
23:58:13.700 [main] TRACE org.angnysa.autodb.metadata.jdbc.loader.JdbcMetadataLoader - Index loaded: PUBLIC.PUBLIC.TEST_M2M_REL :: JdbcIndex [index] name: 'SYS_IDX_FK_TEST_M2M_REL_B_10144', columns: ('AB_ID1', 'B_ID2')
23:58:13.700 [main] TRACE org.angnysa.autodb.metadata.jdbc.loader.JdbcMetadataLoader - Index loaded: PUBLIC.PUBLIC.TEST_M2M_REL :: JdbcUniqueIndex [unique] name: 'SYS_IDX_PK_TEST_M2M_REL_10138', columns: ('AB_ID1', 'A_ID2', 'B_ID2')
23:58:13.700 [main] TRACE org.angnysa.autodb.metadata.jdbc.loader.JdbcMetadataLoader - Index loaded: PUBLIC.PUBLIC.TEST_M2M_REL :: JdbcIndex [index] name: 'SYS_IDX_FK_TEST_M2M_REL_A_10142', columns: ('AB_ID1', 'A_ID2')
23:58:13.701 [main] TRACE org.angnysa.autodb.metadata.jdbc.loader.JdbcMetadataLoader - Primary Key loaded: PUBLIC.PUBLIC.TEST_M2M_REL :: JdbcUniqueIndex [unique] name: 'PK_TEST_M2M_REL', columns: ('AB_ID1', 'A_ID2', 'B_ID2')
23:58:13.701 [main] TRACE org.angnysa.autodb.metadata.jdbc.loader.JdbcMetadataLoader - Table loaded:
[!!!org.angnysa.autodb.metadata.jdbc.JdbcTable@4a50f850=>java.lang.NullPointerException:Cannot invoke "org.angnysa.autodb.metadata.jdbc.JdbcDatabase.getRelations(org.angnysa.autodb.metadata.jdbc.JdbcTable)" because "this.database" is null!!!]
23:58:13.701 [main] DEBUG org.angnysa.autodb.metadata.jdbc.loader.AbstractJdbcMetadataLoaderTester - Verifying column: TEST_121_B :: ID1
23:58:13.701 [main] DEBUG org.angnysa.autodb.metadata.jdbc.loader.AbstractJdbcMetadataLoaderTester - Verifying column: TEST_121_B :: ID2
23:58:13.701 [main] DEBUG org.angnysa.autodb.metadata.jdbc.loader.AbstractJdbcMetadataLoaderTester - Verifying column: TEST_121_B :: A_ID1
23:58:13.701 [main] DEBUG org.angnysa.autodb.metadata.jdbc.loader.AbstractJdbcMetadataLoaderTester - Verifying column: TEST_121_B :: A_ID2
]]></system-out>
  </testcase>
  <testcase name="testLoadTables" classname="org.angnysa.autodb.metadata.jdbc.loader.db.TestJdbcMetadataLoader_HSqlDb" time="0.024">
    <failure type="org.opentest4j.AssertionFailedError"><![CDATA[org.opentest4j.AssertionFailedError: Expected the key 'ID1' to be present ==> expected: <true> but was: <false>
]]></failure>
    <system-out><![CDATA[23:58:13.720 [main] TRACE org.angnysa.autodb.metadata.jdbc.loader.JdbcMetadataLoader - Column loaded: PUBLIC.PUBLIC.TEST_121_A :: JdbcColumn ID1 INTEGER(mandatory, len < 32) 
23:58:13.720 [main] TRACE org.angnysa.autodb.metadata.jdbc.loader.JdbcMetadataLoader - Column loaded: PUBLIC.PUBLIC.TEST_121_A :: JdbcColumn ID2 INTEGER(mandatory, len < 32) 
23:58:13.720 [main] TRACE org.angnysa.autodb.metadata.jdbc.loader.JdbcMetadataLoader - Index loaded: PUBLIC.PUBLIC.TEST_121_A :: JdbcUniqueIndex [unique] name: 'SYS_IDX_PK_TEST_121_A_10094', columns: ('ID1', 'ID2')
23:58:13.723 [main] TRACE org.angnysa.autodb.metadata.jdbc.loader.JdbcMetadataLoader - Primary Key loaded: PUBLIC.PUBLIC.TEST_121_A :: JdbcUniqueIndex [unique] name: 'PK_TEST_121_A', columns: ('ID1', 'ID2')
23:58:13.723 [main] TRACE org.angnysa.autodb.metadata.jdbc.loader.JdbcMetadataLoader - Table loaded:
[!!!org.angnysa.autodb.metadata.jdbc.JdbcTable@7c2c3098=>java.lang.NullPointerException:Cannot invoke "org.angnysa.autodb.metadata.jdbc.JdbcDatabase.getRelations(org.angnysa.autodb.metadata.jdbc.JdbcTable)" because "this.database" is null!!!]
23:58:13.723 [main] TRACE org.angnysa.autodb.metadata.jdbc.loader.JdbcMetadataLoader - Column loaded: PUBLIC.PUBLIC.TEST_121_B :: JdbcColumn ID1 INTEGER(mandatory, len < 32) 
23:58:13.723 [main] TRACE org.angnysa.autodb.metadata.jdbc.loader.JdbcMetadataLoader - Column loaded: PUBLIC.PUBLIC.TEST_121_B :: JdbcColumn ID2 INTEGER(mandatory, len < 32) 
23:58:13.723 [main] TRACE org.angnysa.autodb.metadata.jdbc.loader.JdbcMetadataLoader - Column loaded: PUBLIC.PUBLIC.TEST_121_B :: JdbcColumn A_ID1 INTEGER(mandatory, len < 32) 
23:58:13.723 [main] TRACE org.angnysa.autodb.metadata.jdbc.loader.JdbcMetadataLoader - Column loaded: PUBLIC.PUBLIC.TEST_121_B :: JdbcColumn A_ID2 INTEGER(mandatory, len < 32) 
23:58:13.724 [main] TRACE org.angnysa.autodb.metadata.jdbc.loader.JdbcMetadataLoader - Index loaded: PUBLIC.PUBLIC.TEST_121_B :: JdbcUniqueIndex [unique] name: 'SYS_IDX_UK_TEST_121_B_10106', columns: ('A_ID1', 'A_ID2')
23:58:13.724 [main] TRACE org.angnysa.autodb.metadata.jdbc.loader.JdbcMetadataLoader - Index loaded: PUBLIC.PUBLIC.TEST_121_B :: JdbcUniqueIndex [unique] name: 'SYS_IDX_PK_TEST_121_B_10101', columns: ('ID1', 'ID2')
23:58:13.724 [main] TRACE org.angnysa.autodb.metadata.jdbc.loader.JdbcMetadataLoader - Index loaded: PUBLIC.PUBLIC.TEST_121_B :: JdbcIndex [index] name: 'SYS_IDX_FK_TEST_121_B_A_10107', columns: ('A_ID1', 'A_ID2')
23:58:13.724 [main] TRACE org.angnysa.autodb.metadata.jdbc.loader.JdbcMetadataLoader - Primary Key loaded: PUBLIC.PUBLIC.TEST_121_B :: JdbcUniqueIndex [unique] name: 'PK_TEST_121_B', columns: ('ID1', 'ID2')
23:58:13.724 [main] TRACE org.angnysa.autodb.metadata.jdbc.loader.JdbcMetadataLoader - Table loaded:
[!!!org.angnysa.autodb.metadata.jdbc.JdbcTable@2c2a8c3d=>java.lang.NullPointerException:Cannot invoke "org.angnysa.autodb.metadata.jdbc.JdbcDatabase.getRelations(org.angnysa.autodb.metadata.jdbc.JdbcTable)" because "this.database" is null!!!]
23:58:13.724 [main] TRACE org.angnysa.autodb.metadata.jdbc.loader.JdbcMetadataLoader - Column loaded: PUBLIC.PUBLIC.TEST_M21_A :: JdbcColumn ID1 INTEGER(mandatory, len < 32) 
23:58:13.724 [main] TRACE org.angnysa.autodb.metadata.jdbc.loader.JdbcMetadataLoader - Column loaded: PUBLIC.PUBLIC.TEST_M21_A :: JdbcColumn ID2 INTEGER(mandatory, len < 32) 
23:58:13.725 [main] TRACE org.angnysa.autodb.metadata.jdbc.loader.JdbcMetadataLoader - Index loaded: PUBLIC.PUBLIC.TEST_M21_A :: JdbcUniqueIndex [unique] name: 'SYS_IDX_PK_TEST_M21_A_10111', columns: ('ID1', 'ID2')
23:58:13.725 [main] TRACE org.angnysa.autodb.metadata.jdbc.loader.JdbcMetadataLoader - Primary Key loaded: PUBLIC.PUBLIC.TEST_M21_A :: JdbcUniqueIndex [unique] name: 'PK_TEST_M21_A', columns: ('ID1', 'ID2')
23:58:13.725 [main] TRACE org.angnysa.autodb.metadata.jdbc.loader.JdbcMetadataLoader - Table loaded:
[!!!org.angnysa.autodb.metadata.jdbc.JdbcTable@eae8dd=>java.lang.NullPointerException:Cannot invoke "org.angnysa.autodb.metadata.jdbc.JdbcDatabase.getRelations(org.angnysa.autodb.metadata.jdbc.JdbcTable)" because "this.database" is null!!!]
23:58:13.726 [main] TRACE org.angnysa.autodb.metadata.jdbc.loader.JdbcMetadataLoader - Column loaded: PUBLIC.PUBLIC.TEST_M21_B :: JdbcColumn ID1 INTEGER(mandatory, len < 32) 
23:58:13.726 [main] TRACE org.angnysa.autodb.metadata.jdbc.loader.JdbcMetadataLoader - Column loaded: PUBLIC.PUBLIC.TEST_M21_B :: JdbcColumn ID2 INTEGER(mandatory, len < 32) 
23:58:13.726 [main] TRACE org.angnysa.autodb.metadata.jdbc.loader.JdbcMetadataLoader - Column loaded: PUBLIC.PUBLIC.TEST_M21_B :: JdbcColumn A_ID1 INTEGER(mandatory, len < 32) 
23:58:13.726 [main] TRACE org.angnysa.autodb.metadata.jdbc.loader.JdbcMetadataLoader - Column loaded: PUBLIC.PUBLIC.TEST_M21_B :: JdbcColumn A_ID2 INTEGER(mandatory, len < 32) 
23:58:13.726 [main] TRACE org.angnysa.autodb.metadata.jdbc.loader.JdbcMetadataLoader - Index loaded: PUBLIC.PUBLIC.TEST_M21_B :: JdbcIndex [index] name: 'ID_TEST_M21_B_A', columns: ('A_ID1', 'A_ID2')
23:58:13.726 [main] TRACE org.angnysa.autodb.metadata.jdbc.loader.JdbcMetadataLoader - Index loaded: PUBLIC.PUBLIC.TEST_M21_B :: JdbcIndex [index] name: 'SYS_IDX_FK_TEST_M21_B_A_10123', columns: ('A_ID1', 'A_ID2')
23:58:13.726 [main] TRACE org.angnysa.autodb.metadata.jdbc.loader.JdbcMetadataLoader - Index loaded: PUBLIC.PUBLIC.TEST_M21_B :: JdbcUniqueIndex [unique] name: 'SYS_IDX_PK_TEST_M21_B_10118', columns: ('ID1', 'ID2')
23:58:13.726 [main] TRACE org.angnysa.autodb.metadata.jdbc.loader.JdbcMetadataLoader - Primary Key loaded: PUBLIC.PUBLIC.TEST_M21_B :: JdbcUniqueIndex [unique] name: 'PK_TEST_M21_B', columns: ('ID1', 'ID2')
23:58:13.726 [main] TRACE org.angnysa.autodb.metadata.jdbc.loader.JdbcMetadataLoader - Table loaded:
[!!!org.angnysa.autodb.metadata.jdbc.JdbcTable@57c7e57=>java.lang.NullPointerException:Cannot invoke "org.angnysa.autodb.metadata.jdbc.JdbcDatabase.getRelations(org.angnysa.autodb.metadata.jdbc.JdbcTable)" because "this.database" is null!!!]
23:58:13.727 [main] TRACE org.angnysa.autodb.metadata.jdbc.loader.JdbcMetadataLoader - Column loaded: PUBLIC.PUBLIC.TEST_M2M_A :: JdbcColumn ID1 INTEGER(mandatory, len < 32) 
23:58:13.727 [main] TRACE org.angnysa.autodb.metadata.jdbc.loader.JdbcMetadataLoader - Column loaded: PUBLIC.PUBLIC.TEST_M2M_A :: JdbcColumn ID2 INTEGER(mandatory, len < 32) 
23:58:13.727 [main] TRACE org.angnysa.autodb.metadata.jdbc.loader.JdbcMetadataLoader - Index loaded: PUBLIC.PUBLIC.TEST_M2M_A :: JdbcUniqueIndex [unique] name: 'SYS_IDX_PK_TEST_M2M_A_10127', columns: ('ID1', 'ID2')
23:58:13.727 [main] TRACE org.angnysa.autodb.metadata.jdbc.loader.JdbcMetadataLoader - Primary Key loaded: PUBLIC.PUBLIC.TEST_M2M_A :: JdbcUniqueIndex [unique] name: 'PK_TEST_M2M_A', columns: ('ID1', 'ID2')
23:58:13.728 [main] TRACE org.angnysa.autodb.metadata.jdbc.loader.JdbcMetadataLoader - Table loaded:
[!!!org.angnysa.autodb.metadata.jdbc.JdbcTable@129529e3=>java.lang.NullPointerException:Cannot invoke "org.angnysa.autodb.metadata.jdbc.JdbcDatabase.getRelations(org.angnysa.autodb.metadata.jdbc.JdbcTable)" because "this.database" is null!!!]
23:58:13.728 [main] TRACE org.angnysa.autodb.metadata.jdbc.loader.JdbcMetadataLoader - Column loaded: PUBLIC.PUBLIC.TEST_M2M_B :: JdbcColumn ID1 INTEGER(mandatory, len < 32) 
23:58:13.728 [main] TRACE org.angnysa.autodb.metadata.jdbc.loader.JdbcMetadataLoader - Column loaded: PUBLIC.PUBLIC.TEST_M2M_B :: JdbcColumn ID2 INTEGER(mandatory, len < 32) 
23:58:13.728 [main] TRACE org.angnysa.autodb.metadata.jdbc.loader.JdbcMetadataLoader - Index loaded: PUBLIC.PUBLIC.TEST_M2M_B :: JdbcUniqueIndex [unique] name: 'SYS_IDX_PK_TEST_M2M_B_10132', columns: ('ID1', 'ID2')
23:58:13.728 [main] TRACE org.angnysa.autodb.metadata.jdbc.loader.JdbcMetadataLoader - Primary Key loaded: PUBLIC.PUBLIC.TEST_M2M_B :: JdbcUniqueIndex [unique] name: 'PK_TEST_M2M_B', columns: ('ID1', 'ID2')
23:58:13.729 [main] TRACE org.angnysa.autodb.metadata.jdbc.loader.JdbcMetadataLoader - Table loaded:
[!!!org.angnysa.autodb.metadata.jdbc.JdbcTable@35653d6f=>java.lang.NullPointerException:Cannot invoke "org.angnysa.autodb.metadata.jdbc.JdbcDatabase.getRelations(org.angnysa.autodb.metadata.jdbc.JdbcTable)" because "this.database" is null!!!]
23:58:13.729 [main] TRACE org.angnysa.autodb.metadata.jdbc.loader.JdbcMetadataLoader - Column loaded: PUBLIC.PUBLIC.TEST_M2M_REL :: JdbcColumn AB_ID1 INTEGER(mandatory, len < 32) 
23:58:13.729 [main] TRACE org.angnysa.autodb.metadata.jdbc.loader.JdbcMetadataLoader - Column loaded: PUBLIC.PUBLIC.TEST_M2M_REL :: JdbcColumn A_ID2 INTEGER(mandatory, len < 32) 
23:58:13.729 [main] TRACE org.angnysa.autodb.metadata.jdbc.loader.JdbcMetadataLoader - Column loaded: PUBLIC.PUBLIC.TEST_M2M_REL :: JdbcColumn B_ID2 INTEGER(mandatory, len < 32) 
23:58:13.729 [main] TRACE org.angnysa.autodb.metadata.jdbc.loader.JdbcMetadataLoader - Index loaded: PUBLIC.PUBLIC.TEST_M2M_REL :: JdbcIndex [index] name: 'SYS_IDX_FK_TEST_M2M_REL_B_10144', columns: ('AB_ID1', 'B_ID2')
23:58:13.729 [main] TRACE org.angnysa.autodb.metadata.jdbc.loader.JdbcMetadataLoader - Index loaded: PUBLIC.PUBLIC.TEST_M2M_REL :: JdbcUniqueIndex [unique] name: 'SYS_IDX_PK_TEST_M2M_REL_10138', columns: ('AB_ID1', 'A_ID2', 'B_ID2')
23:58:13.729 [main] TRACE org.angnysa.autodb.metadata.jdbc.loader.JdbcMetadataLoader - Index loaded: PUBLIC.PUBLIC.TEST_M2M_REL :: JdbcIndex [index] name: 'SYS_IDX_FK_TEST_M2M_REL_A_10142', columns: ('AB_ID1', 'A_ID2')
23:58:13.729 [main] TRACE org.angnysa.autodb.metadata.jdbc.loader.JdbcMetadataLoader - Primary Key loaded: PUBLIC.PUBLIC.TEST_M2M_REL :: JdbcUniqueIndex [unique] name: 'PK_TEST_M2M_REL', columns: ('AB_ID1', 'A_ID2', 'B_ID2')
23:58:13.730 [main] TRACE org.angnysa.autodb.metadata.jdbc.loader.JdbcMetadataLoader - Table loaded:
[!!!org.angnysa.autodb.metadata.jdbc.JdbcTable@1f974b5d=>java.lang.NullPointerException:Cannot invoke "org.angnysa.autodb.metadata.jdbc.JdbcDatabase.getRelations(org.angnysa.autodb.metadata.jdbc.JdbcTable)" because "this.database" is null!!!]
23:58:13.730 [main] DEBUG org.angnysa.autodb.metadata.jdbc.loader.AbstractJdbcMetadataLoaderTester - Verifying column: TEST_M21_A :: ID1
23:58:13.730 [main] DEBUG org.angnysa.autodb.metadata.jdbc.loader.AbstractJdbcMetadataLoaderTester - Verifying column: TEST_M21_A :: ID2
]]></system-out>
  </testcase>
  <testcase name="testLoadTables" classname="org.angnysa.autodb.metadata.jdbc.loader.db.TestJdbcMetadataLoader_HSqlDb" time="0.021">
    <failure type="org.opentest4j.AssertionFailedError"><![CDATA[org.opentest4j.AssertionFailedError: Expected the key 'ID1' to be present ==> expected: <true> but was: <false>
]]></failure>
    <system-out><![CDATA[23:58:13.743 [main] TRACE org.angnysa.autodb.metadata.jdbc.loader.JdbcMetadataLoader - Column loaded: PUBLIC.PUBLIC.TEST_121_A :: JdbcColumn ID1 INTEGER(mandatory, len < 32) 
23:58:13.743 [main] TRACE org.angnysa.autodb.metadata.jdbc.loader.JdbcMetadataLoader - Column loaded: PUBLIC.PUBLIC.TEST_121_A :: JdbcColumn ID2 INTEGER(mandatory, len < 32) 
23:58:13.744 [main] TRACE org.angnysa.autodb.metadata.jdbc.loader.JdbcMetadataLoader - Index loaded: PUBLIC.PUBLIC.TEST_121_A :: JdbcUniqueIndex [unique] name: 'SYS_IDX_PK_TEST_121_A_10094', columns: ('ID1', 'ID2')
23:58:13.745 [main] TRACE org.angnysa.autodb.metadata.jdbc.loader.JdbcMetadataLoader - Primary Key loaded: PUBLIC.PUBLIC.TEST_121_A :: JdbcUniqueIndex [unique] name: 'PK_TEST_121_A', columns: ('ID1', 'ID2')
23:58:13.745 [main] TRACE org.angnysa.autodb.metadata.jdbc.loader.JdbcMetadataLoader - Table loaded:
[!!!org.angnysa.autodb.metadata.jdbc.JdbcTable@886a0f5=>java.lang.NullPointerException:Cannot invoke "org.angnysa.autodb.metadata.jdbc.JdbcDatabase.getRelations(org.angnysa.autodb.metadata.jdbc.JdbcTable)" because "this.database" is null!!!]
23:58:13.745 [main] TRACE org.angnysa.autodb.metadata.jdbc.loader.JdbcMetadataLoader - Column loaded: PUBLIC.PUBLIC.TEST_121_B :: JdbcColumn ID1 INTEGER(mandatory, len < 32) 
23:58:13.745 [main] TRACE org.angnysa.autodb.metadata.jdbc.loader.JdbcMetadataLoader - Column loaded: PUBLIC.PUBLIC.TEST_121_B :: JdbcColumn ID2 INTEGER(mandatory, len < 32) 
23:58:13.745 [main] TRACE org.angnysa.autodb.metadata.jdbc.loader.JdbcMetadataLoader - Column loaded: PUBLIC.PUBLIC.TEST_121_B :: JdbcColumn A_ID1 INTEGER(mandatory, len < 32) 
23:58:13.745 [main] TRACE org.angnysa.autodb.metadata.jdbc.loader.JdbcMetadataLoader - Column loaded: PUBLIC.PUBLIC.TEST_121_B :: JdbcColumn A_ID2 INTEGER(mandatory, len < 32) 
23:58:13.746 [main] TRACE org.angnysa.autodb.metadata.jdbc.loader.JdbcMetadataLoader - Index loaded: PUBLIC.PUBLIC.TEST_121_B :: JdbcUniqueIndex [unique] name: 'SYS_IDX_UK_TEST_121_B_10106', columns: ('A_ID1', 'A_ID2')
23:58:13.746 [main] TRACE org.angnysa.autodb.metadata.jdbc.loader.JdbcMetadataLoader - Index loaded: PUBLIC.PUBLIC.TEST_121_B :: JdbcUniqueIndex [unique] name: 'SYS_IDX_PK_TEST_121_B_10101', columns: ('ID1', 'ID2')
23:58:13.746 [main] TRACE org.angnysa.autodb.metadata.jdbc.loader.JdbcMetadataLoader - Index loaded: PUBLIC.PUBLIC.TEST_121_B :: JdbcIndex [index] name: 'SYS_IDX_FK_TEST_121_B_A_10107', columns: ('A_ID1', 'A_ID2')
23:58:13.746 [main] TRACE org.angnysa.autodb.metadata.jdbc.loader.JdbcMetadataLoader - Primary Key loaded: PUBLIC.PUBLIC.TEST_121_B :: JdbcUniqueIndex [unique] name: 'PK_TEST_121_B', columns: ('ID1', 'ID2')
23:58:13.746 [main] TRACE org.angnysa.autodb.metadata.jdbc.loader.JdbcMetadataLoader - Table loaded:
[!!!org.angnysa.autodb.metadata.jdbc.JdbcTable@487d4cbb=>java.lang.NullPointerException:Cannot invoke "org.angnysa.autodb.metadata.jdbc.JdbcDatabase.getRelations(org.angnysa.autodb.metadata.jdbc.JdbcTable)" because "this.database" is null!!!]
23:58:13.746 [main] TRACE org.angnysa.autodb.metadata.jdbc.loader.JdbcMetadataLoader - Column loaded: PUBLIC.PUBLIC.TEST_M21_A :: JdbcColumn ID1 INTEGER(mandatory, len < 32) 
23:58:13.747 [main] TRACE org.angnysa.autodb.metadata.jdbc.loader.JdbcMetadataLoader - Column loaded: PUBLIC.PUBLIC.TEST_M21_A :: JdbcColumn ID2 INTEGER(mandatory, len < 32) 
23:58:13.747 [main] TRACE org.angnysa.autodb.metadata.jdbc.loader.JdbcMetadataLoader - Index loaded: PUBLIC.PUBLIC.TEST_M21_A :: JdbcUniqueIndex [unique] name: 'SYS_IDX_PK_TEST_M21_A_10111', columns: ('ID1', 'ID2')
23:58:13.747 [main] TRACE org.angnysa.autodb.metadata.jdbc.loader.JdbcMetadataLoader - Primary Key loaded: PUBLIC.PUBLIC.TEST_M21_A :: JdbcUniqueIndex [unique] name: 'PK_TEST_M21_A', columns: ('ID1', 'ID2')
23:58:13.747 [main] TRACE org.angnysa.autodb.metadata.jdbc.loader.JdbcMetadataLoader - Table loaded:
[!!!org.angnysa.autodb.metadata.jdbc.JdbcTable@3a435908=>java.lang.NullPointerException:Cannot invoke "org.angnysa.autodb.metadata.jdbc.JdbcDatabase.getRelations(org.angnysa.autodb.metadata.jdbc.JdbcTable)" because "this.database" is null!!!]
23:58:13.748 [main] TRACE org.angnysa.autodb.metadata.jdbc.loader.JdbcMetadataLoader - Column loaded: PUBLIC.PUBLIC.TEST_M21_B :: JdbcColumn ID1 INTEGER(mandatory, len < 32) 
23:58:13.748 [main] TRACE org.angnysa.autodb.metadata.jdbc.loader.JdbcMetadataLoader - Column loaded: PUBLIC.PUBLIC.TEST_M21_B :: JdbcColumn ID2 INTEGER(mandatory, len < 32) 
23:58:13.748 [main] TRACE org.angnysa.autodb.metadata.jdbc.loader.JdbcMetadataLoader - Column loaded: PUBLIC.PUBLIC.TEST_M21_B :: JdbcColumn A_ID1 INTEGER(mandatory, len < 32) 
23:58:13.748 [main] TRACE org.angnysa.autodb.metadata.jdbc.loader.JdbcMetadataLoader - Column loaded: PUBLIC.PUBLIC.TEST_M21_B :: JdbcColumn A_ID2 INTEGER(mandatory, len < 32) 
23:58:13.748 [main] TRACE org.angnysa.autodb.metadata.jdbc.loader.JdbcMetadataLoader - Index loaded: PUBLIC.PUBLIC.TEST_M21_B :: JdbcIndex [index] name: 'ID_TEST_M21_B_A', columns: ('A_ID1', 'A_ID2')
23:58:13.748 [main] TRACE org.angnysa.autodb.metadata.jdbc.loader.JdbcMetadataLoader - Index loaded: PUBLIC.PUBLIC.TEST_M21_B :: JdbcIndex [index] name: 'SYS_IDX_FK_TEST_M21_B_A_10123', columns: ('A_ID1', 'A_ID2')
23:58:13.748 [main] TRACE org.angnysa.autodb.metadata.jdbc.loader.JdbcMetadataLoader - Index loaded: PUBLIC.PUBLIC.TEST_M21_B :: JdbcUniqueIndex [unique] name: 'SYS_IDX_PK_TEST_M21_B_10118', columns: ('ID1', 'ID2')
23:58:13.748 [main] TRACE org.angnysa.autodb.metadata.jdbc.loader.JdbcMetadataLoader - Primary Key loaded: PUBLIC.PUBLIC.TEST_M21_B :: JdbcUniqueIndex [unique] name: 'PK_TEST_M21_B', columns: ('ID1', 'ID2')
23:58:13.748 [main] TRACE org.angnysa.autodb.metadata.jdbc.loader.JdbcMetadataLoader - Table loaded:
[!!!org.angnysa.autodb.metadata.jdbc.JdbcTable@6db47658=>java.lang.NullPointerException:Cannot invoke "org.angnysa.autodb.metadata.jdbc.JdbcDatabase.getRelations(org.angnysa.autodb.metadata.jdbc.JdbcTable)" because "this.database" is null!!!]
23:58:13.749 [main] TRACE org.angnysa.autodb.metadata.jdbc.loader.JdbcMetadataLoader - Column loaded: PUBLIC.PUBLIC.TEST_M2M_A :: JdbcColumn ID1 INTEGER(mandatory, len < 32) 
23:58:13.749 [main] TRACE org.angnysa.autodb.metadata.jdbc.loader.JdbcMetadataLoader - Column loaded: PUBLIC.PUBLIC.TEST_M2M_A :: JdbcColumn ID2 INTEGER(mandatory, len < 32) 
23:58:13.749 [main] TRACE org.angnysa.autodb.metadata.jdbc.loader.JdbcMetadataLoader - Index loaded: PUBLIC.PUBLIC.TEST_M2M_A :: JdbcUniqueIndex [unique] name: 'SYS_IDX_PK_TEST_M2M_A_10127', columns: ('ID1', 'ID2')
23:58:13.749 [main] TRACE org.angnysa.autodb.metadata.jdbc.loader.JdbcMetadataLoader - Primary Key loaded: PUBLIC.PUBLIC.TEST_M2M_A :: JdbcUniqueIndex [unique] name: 'PK_TEST_M2M_A', columns: ('ID1', 'ID2')
23:58:13.749 [main] TRACE org.angnysa.autodb.metadata.jdbc.loader.JdbcMetadataLoader - Table loaded:
[!!!org.angnysa.autodb.metadata.jdbc.JdbcTable@121e3c62=>java.lang.NullPointerException:Cannot invoke "org.angnysa.autodb.metadata.jdbc.JdbcDatabase.getRelations(org.angnysa.autodb.metadata.jdbc.JdbcTable)" because "this.database" is null!!!]
23:58:13.750 [main] TRACE org.angnysa.autodb.metadata.jdbc.loader.JdbcMetadataLoader - Column loaded: PUBLIC.PUBLIC.TEST_M2M_B :: JdbcColumn ID1 INTEGER(mandatory, len < 32) 
23:58:13.750 [main] TRACE org.angnysa.autodb.metadata.jdbc.loader.JdbcMetadataLoader - Column loaded: PUBLIC.PUBLIC.TEST_M2M_B :: JdbcColumn ID2 INTEGER(mandatory, len < 32) 
23:58:13.750 [main] TRACE org.angnysa.autodb.metadata.jdbc.loader.JdbcMetadataLoader - Index loaded: PUBLIC.PUBLIC.TEST_M2M_B :: JdbcUniqueIndex [unique] name: 'SYS_IDX_PK_TEST_M2M_B_10132', columns: ('ID1', 'ID2')
23:58:13.750 [main] TRACE org.angnysa.autodb.metadata.jdbc.loader.JdbcMetadataLoader - Primary Key loaded: PUBLIC.PUBLIC.TEST_M2M_B :: JdbcUniqueIndex [unique] name: 'PK_TEST_M2M_B', columns: ('ID1', 'ID2')
23:58:13.750 [main] TRACE org.angnysa.autodb.metadata.jdbc.loader.JdbcMetadataLoader - Table loaded:
[!!!org.angnysa.autodb.metadata.jdbc.JdbcTable@1f4fc447=>java.lang.NullPointerException:Cannot invoke "org.angnysa.autodb.metadata.jdbc.JdbcDatabase.getRelations(org.angnysa.autodb.metadata.jdbc.JdbcTable)" because "this.database" is null!!!]
23:58:13.751 [main] TRACE org.angnysa.autodb.metadata.jdbc.loader.JdbcMetadataLoader - Column loaded: PUBLIC.PUBLIC.TEST_M2M_REL :: JdbcColumn AB_ID1 INTEGER(mandatory, len < 32) 
23:58:13.751 [main] TRACE org.angnysa.autodb.metadata.jdbc.loader.JdbcMetadataLoader - Column loaded: PUBLIC.PUBLIC.TEST_M2M_REL :: JdbcColumn A_ID2 INTEGER(mandatory, len < 32) 
23:58:13.751 [main] TRACE org.angnysa.autodb.metadata.jdbc.loader.JdbcMetadataLoader - Column loaded: PUBLIC.PUBLIC.TEST_M2M_REL :: JdbcColumn B_ID2 INTEGER(mandatory, len < 32) 
23:58:13.751 [main] TRACE org.angnysa.autodb.metadata.jdbc.loader.JdbcMetadataLoader - Index loaded: PUBLIC.PUBLIC.TEST_M2M_REL :: JdbcIndex [index] name: 'SYS_IDX_FK_TEST_M2M_REL_B_10144', columns: ('AB_ID1', 'B_ID2')
23:58:13.751 [main] TRACE org.angnysa.autodb.metadata.jdbc.loader.JdbcMetadataLoader - Index loaded: PUBLIC.PUBLIC.TEST_M2M_REL :: JdbcUniqueIndex [unique] name: 'SYS_IDX_PK_TEST_M2M_REL_10138', columns: ('AB_ID1', 'A_ID2', 'B_ID2')
23:58:13.751 [main] TRACE org.angnysa.autodb.metadata.jdbc.loader.JdbcMetadataLoader - Index loaded: PUBLIC.PUBLIC.TEST_M2M_REL :: JdbcIndex [index] name: 'SYS_IDX_FK_TEST_M2M_REL_A_10142', columns: ('AB_ID1', 'A_ID2')
23:58:13.751 [main] TRACE org.angnysa.autodb.metadata.jdbc.loader.JdbcMetadataLoader - Primary Key loaded: PUBLIC.PUBLIC.TEST_M2M_REL :: JdbcUniqueIndex [unique] name: 'PK_TEST_M2M_REL', columns: ('AB_ID1', 'A_ID2', 'B_ID2')
23:58:13.751 [main] TRACE org.angnysa.autodb.metadata.jdbc.loader.JdbcMetadataLoader - Table loaded:
[!!!org.angnysa.autodb.metadata.jdbc.JdbcTable@41db4a32=>java.lang.NullPointerException:Cannot invoke "org.angnysa.autodb.metadata.jdbc.JdbcDatabase.getRelations(org.angnysa.autodb.metadata.jdbc.JdbcTable)" because "this.database" is null!!!]
23:58:13.751 [main] DEBUG org.angnysa.autodb.metadata.jdbc.loader.AbstractJdbcMetadataLoaderTester - Verifying column: TEST_M21_B :: ID1
23:58:13.751 [main] DEBUG org.angnysa.autodb.metadata.jdbc.loader.AbstractJdbcMetadataLoaderTester - Verifying column: TEST_M21_B :: ID2
23:58:13.751 [main] DEBUG org.angnysa.autodb.metadata.jdbc.loader.AbstractJdbcMetadataLoaderTester - Verifying column: TEST_M21_B :: A_ID1
23:58:13.751 [main] DEBUG org.angnysa.autodb.metadata.jdbc.loader.AbstractJdbcMetadataLoaderTester - Verifying column: TEST_M21_B :: A_ID2
]]></system-out>
  </testcase>
  <testcase name="testLoadTables" classname="org.angnysa.autodb.metadata.jdbc.loader.db.TestJdbcMetadataLoader_HSqlDb" time="0.023">
    <failure type="org.opentest4j.AssertionFailedError"><![CDATA[org.opentest4j.AssertionFailedError: Expected the key 'ID1' to be present ==> expected: <true> but was: <false>
]]></failure>
    <system-out><![CDATA[23:58:13.765 [main] TRACE org.angnysa.autodb.metadata.jdbc.loader.JdbcMetadataLoader - Column loaded: PUBLIC.PUBLIC.TEST_121_A :: JdbcColumn ID1 INTEGER(mandatory, len < 32) 
23:58:13.765 [main] TRACE org.angnysa.autodb.metadata.jdbc.loader.JdbcMetadataLoader - Column loaded: PUBLIC.PUBLIC.TEST_121_A :: JdbcColumn ID2 INTEGER(mandatory, len < 32) 
23:58:13.766 [main] TRACE org.angnysa.autodb.metadata.jdbc.loader.JdbcMetadataLoader - Index loaded: PUBLIC.PUBLIC.TEST_121_A :: JdbcUniqueIndex [unique] name: 'SYS_IDX_PK_TEST_121_A_10094', columns: ('ID1', 'ID2')
23:58:13.766 [main] TRACE org.angnysa.autodb.metadata.jdbc.loader.JdbcMetadataLoader - Primary Key loaded: PUBLIC.PUBLIC.TEST_121_A :: JdbcUniqueIndex [unique] name: 'PK_TEST_121_A', columns: ('ID1', 'ID2')
23:58:13.766 [main] TRACE org.angnysa.autodb.metadata.jdbc.loader.JdbcMetadataLoader - Table loaded:
[!!!org.angnysa.autodb.metadata.jdbc.JdbcTable@c382f4f=>java.lang.NullPointerException:Cannot invoke "org.angnysa.autodb.metadata.jdbc.JdbcDatabase.getRelations(org.angnysa.autodb.metadata.jdbc.JdbcTable)" because "this.database" is null!!!]
23:58:13.767 [main] TRACE org.angnysa.autodb.metadata.jdbc.loader.JdbcMetadataLoader - Column loaded: PUBLIC.PUBLIC.TEST_121_B :: JdbcColumn ID1 INTEGER(mandatory, len < 32) 
23:58:13.767 [main] TRACE org.angnysa.autodb.metadata.jdbc.loader.JdbcMetadataLoader - Column loaded: PUBLIC.PUBLIC.TEST_121_B :: JdbcColumn ID2 INTEGER(mandatory, len < 32) 
23:58:13.767 [main] TRACE org.angnysa.autodb.metadata.jdbc.loader.JdbcMetadataLoader - Column loaded: PUBLIC.PUBLIC.TEST_121_B :: JdbcColumn A_ID1 INTEGER(mandatory, len < 32) 
23:58:13.767 [main] TRACE org.angnysa.autodb.metadata.jdbc.loader.JdbcMetadataLoader - Column loaded: PUBLIC.PUBLIC.TEST_121_B :: JdbcColumn A_ID2 INTEGER(mandatory, len < 32) 
23:58:13.767 [main] TRACE org.angnysa.autodb.metadata.jdbc.loader.JdbcMetadataLoader - Index loaded: PUBLIC.PUBLIC.TEST_121_B :: JdbcUniqueIndex [unique] name: 'SYS_IDX_UK_TEST_121_B_10106', columns: ('A_ID1', 'A_ID2')
23:58:13.767 [main] TRACE org.angnysa.autodb.metadata.jdbc.loader.JdbcMetadataLoader - Index loaded: PUBLIC.PUBLIC.TEST_121_B :: JdbcUniqueIndex [unique] name: 'SYS_IDX_PK_TEST_121_B_10101', columns: ('ID1', 'ID2')
23:58:13.767 [main] TRACE org.angnysa.autodb.metadata.jdbc.loader.JdbcMetadataLoader - Index loaded: PUBLIC.PUBLIC.TEST_121_B :: JdbcIndex [index] name: 'SYS_IDX_FK_TEST_121_B_A_10107', columns: ('A_ID1', 'A_ID2')
23:58:13.767 [main] TRACE org.angnysa.autodb.metadata.jdbc.loader.JdbcMetadataLoader - Primary Key loaded: PUBLIC.PUBLIC.TEST_121_B :: JdbcUniqueIndex [unique] name: 'PK_TEST_121_B', columns: ('ID1', 'ID2')
23:58:13.768 [main] TRACE org.angnysa.autodb.metadata.jdbc.loader.JdbcMetadataLoader - Table loaded:
[!!!org.angnysa.autodb.metadata.jdbc.JdbcTable@1d74b85d=>java.lang.NullPointerException:Cannot invoke "org.angnysa.autodb.metadata.jdbc.JdbcDatabase.getRelations(org.angnysa.autodb.metadata.jdbc.JdbcTable)" because "this.database" is null!!!]
23:58:13.768 [main] TRACE org.angnysa.autodb.metadata.jdbc.loader.JdbcMetadataLoader - Column loaded: PUBLIC.PUBLIC.TEST_M21_A :: JdbcColumn ID1 INTEGER(mandatory, len < 32) 
23:58:13.768 [main] TRACE org.angnysa.autodb.metadata.jdbc.loader.JdbcMetadataLoader - Column loaded: PUBLIC.PUBLIC.TEST_M21_A :: JdbcColumn ID2 INTEGER(mandatory, len < 32) 
23:58:13.768 [main] TRACE org.angnysa.autodb.metadata.jdbc.loader.JdbcMetadataLoader - Index loaded: PUBLIC.PUBLIC.TEST_M21_A :: JdbcUniqueIndex [unique] name: 'SYS_IDX_PK_TEST_M21_A_10111', columns: ('ID1', 'ID2')
23:58:13.768 [main] TRACE org.angnysa.autodb.metadata.jdbc.loader.JdbcMetadataLoader - Primary Key loaded: PUBLIC.PUBLIC.TEST_M21_A :: JdbcUniqueIndex [unique] name: 'PK_TEST_M21_A', columns: ('ID1', 'ID2')
23:58:13.769 [main] TRACE org.angnysa.autodb.metadata.jdbc.loader.JdbcMetadataLoader - Table loaded:
[!!!org.angnysa.autodb.metadata.jdbc.JdbcTable@7139ff5a=>java.lang.NullPointerException:Cannot invoke "org.angnysa.autodb.metadata.jdbc.JdbcDatabase.getRelations(org.angnysa.autodb.metadata.jdbc.JdbcTable)" because "this.database" is null!!!]
23:58:13.769 [main] TRACE org.angnysa.autodb.metadata.jdbc.loader.JdbcMetadataLoader - Column loaded: PUBLIC.PUBLIC.TEST_M21_B :: JdbcColumn ID1 INTEGER(mandatory, len < 32) 
23:58:13.769 [main] TRACE org.angnysa.autodb.metadata.jdbc.loader.JdbcMetadataLoader - Column loaded: PUBLIC.PUBLIC.TEST_M21_B :: JdbcColumn ID2 INTEGER(mandatory, len < 32) 
23:58:13.769 [main] TRACE org.angnysa.autodb.metadata.jdbc.loader.JdbcMetadataLoader - Column loaded: PUBLIC.PUBLIC.TEST_M21_B :: JdbcColumn A_ID1 INTEGER(mandatory, len < 32) 
23:58:13.769 [main] TRACE org.angnysa.autodb.metadata.jdbc.loader.JdbcMetadataLoader - Column loaded: PUBLIC.PUBLIC.TEST_M21_B :: JdbcColumn A_ID2 INTEGER(mandatory, len < 32) 
23:58:13.771 [main] TRACE org.angnysa.autodb.metadata.jdbc.loader.JdbcMetadataLoader - Index loaded: PUBLIC.PUBLIC.TEST_M21_B :: JdbcIndex [index] name: 'ID_TEST_M21_B_A', columns: ('A_ID1', 'A_ID2')
23:58:13.771 [main] TRACE org.angnysa.autodb.metadata.jdbc.loader.JdbcMetadataLoader - Index loaded: PUBLIC.PUBLIC.TEST_M21_B :: JdbcIndex [index] name: 'SYS_IDX_FK_TEST_M21_B_A_10123', columns: ('A_ID1', 'A_ID2')
23:58:13.771 [main] TRACE org.angnysa.autodb.metadata.jdbc.loader.JdbcMetadataLoader - Index loaded: PUBLIC.PUBLIC.TEST_M21_B :: JdbcUniqueIndex [unique] name: 'SYS_IDX_PK_TEST_M21_B_10118', columns: ('ID1', 'ID2')
23:58:13.772 [main] TRACE org.angnysa.autodb.metadata.jdbc.loader.JdbcMetadataLoader - Primary Key loaded: PUBLIC.PUBLIC.TEST_M21_B :: JdbcUniqueIndex [unique] name: 'PK_TEST_M21_B', columns: ('ID1', 'ID2')
23:58:13.772 [main] TRACE org.angnysa.autodb.metadata.jdbc.loader.JdbcMetadataLoader - Table loaded:
[!!!org.angnysa.autodb.metadata.jdbc.JdbcTable@3c4b9a8f=>java.lang.NullPointerException:Cannot invoke "org.angnysa.autodb.metadata.jdbc.JdbcDatabase.getRelations(org.angnysa.autodb.metadata.jdbc.JdbcTable)" because "this.database" is null!!!]
23:58:13.772 [main] TRACE org.angnysa.autodb.metadata.jdbc.loader.JdbcMetadataLoader - Column loaded: PUBLIC.PUBLIC.TEST_M2M_A :: JdbcColumn ID1 INTEGER(mandatory, len < 32) 
23:58:13.772 [main] TRACE org.angnysa.autodb.metadata.jdbc.loader.JdbcMetadataLoader - Column loaded: PUBLIC.PUBLIC.TEST_M2M_A :: JdbcColumn ID2 INTEGER(mandatory, len < 32) 
23:58:13.772 [main] TRACE org.angnysa.autodb.metadata.jdbc.loader.JdbcMetadataLoader - Index loaded: PUBLIC.PUBLIC.TEST_M2M_A :: JdbcUniqueIndex [unique] name: 'SYS_IDX_PK_TEST_M2M_A_10127', columns: ('ID1', 'ID2')
23:58:13.773 [main] TRACE org.angnysa.autodb.metadata.jdbc.loader.JdbcMetadataLoader - Primary Key loaded: PUBLIC.PUBLIC.TEST_M2M_A :: JdbcUniqueIndex [unique] name: 'PK_TEST_M2M_A', columns: ('ID1', 'ID2')
23:58:13.773 [main] TRACE org.angnysa.autodb.metadata.jdbc.loader.JdbcMetadataLoader - Table loaded:
[!!!org.angnysa.autodb.metadata.jdbc.JdbcTable@553f850d=>java.lang.NullPointerException:Cannot invoke "org.angnysa.autodb.metadata.jdbc.JdbcDatabase.getRelations(org.angnysa.autodb.metadata.jdbc.JdbcTable)" because "this.database" is null!!!]
23:58:13.773 [main] TRACE org.angnysa.autodb.metadata.jdbc.loader.JdbcMetadataLoader - Column loaded: PUBLIC.PUBLIC.TEST_M2M_B :: JdbcColumn ID1 INTEGER(mandatory, len < 32) 
23:58:13.773 [main] TRACE org.angnysa.autodb.metadata.jdbc.loader.JdbcMetadataLoader - Column loaded: PUBLIC.PUBLIC.TEST_M2M_B :: JdbcColumn ID2 INTEGER(mandatory, len < 32) 
23:58:13.773 [main] TRACE org.angnysa.autodb.metadata.jdbc.loader.JdbcMetadataLoader - Index loaded: PUBLIC.PUBLIC.TEST_M2M_B :: JdbcUniqueIndex [unique] name: 'SYS_IDX_PK_TEST_M2M_B_10132', columns: ('ID1', 'ID2')
23:58:13.774 [main] TRACE org.angnysa.autodb.metadata.jdbc.loader.JdbcMetadataLoader - Primary Key loaded: PUBLIC.PUBLIC.TEST_M2M_B :: JdbcUniqueIndex [unique] name: 'PK_TEST_M2M_B', columns: ('ID1', 'ID2')
23:58:13.774 [main] TRACE org.angnysa.autodb.metadata.jdbc.loader.JdbcMetadataLoader - Table loaded:
[!!!org.angnysa.autodb.metadata.jdbc.JdbcTable@5d15c5f7=>java.lang.NullPointerException:Cannot invoke "org.angnysa.autodb.metadata.jdbc.JdbcDatabase.getRelations(org.angnysa.autodb.metadata.jdbc.JdbcTable)" because "this.database" is null!!!]
23:58:13.774 [main] TRACE org.angnysa.autodb.metadata.jdbc.loader.JdbcMetadataLoader - Column loaded: PUBLIC.PUBLIC.TEST_M2M_REL :: JdbcColumn AB_ID1 INTEGER(mandatory, len < 32) 
23:58:13.774 [main] TRACE org.angnysa.autodb.metadata.jdbc.loader.JdbcMetadataLoader - Column loaded: PUBLIC.PUBLIC.TEST_M2M_REL :: JdbcColumn A_ID2 INTEGER(mandatory, len < 32) 
23:58:13.774 [main] TRACE org.angnysa.autodb.metadata.jdbc.loader.JdbcMetadataLoader - Column loaded: PUBLIC.PUBLIC.TEST_M2M_REL :: JdbcColumn B_ID2 INTEGER(mandatory, len < 32) 
23:58:13.774 [main] TRACE org.angnysa.autodb.metadata.jdbc.loader.JdbcMetadataLoader - Index loaded: PUBLIC.PUBLIC.TEST_M2M_REL :: JdbcIndex [index] name: 'SYS_IDX_FK_TEST_M2M_REL_B_10144', columns: ('AB_ID1', 'B_ID2')
23:58:13.774 [main] TRACE org.angnysa.autodb.metadata.jdbc.loader.JdbcMetadataLoader - Index loaded: PUBLIC.PUBLIC.TEST_M2M_REL :: JdbcUniqueIndex [unique] name: 'SYS_IDX_PK_TEST_M2M_REL_10138', columns: ('AB_ID1', 'A_ID2', 'B_ID2')
23:58:13.774 [main] TRACE org.angnysa.autodb.metadata.jdbc.loader.JdbcMetadataLoader - Index loaded: PUBLIC.PUBLIC.TEST_M2M_REL :: JdbcIndex [index] name: 'SYS_IDX_FK_TEST_M2M_REL_A_10142', columns: ('AB_ID1', 'A_ID2')
23:58:13.775 [main] TRACE org.angnysa.autodb.metadata.jdbc.loader.JdbcMetadataLoader - Primary Key loaded: PUBLIC.PUBLIC.TEST_M2M_REL :: JdbcUniqueIndex [unique] name: 'PK_TEST_M2M_REL', columns: ('AB_ID1', 'A_ID2', 'B_ID2')
23:58:13.775 [main] TRACE org.angnysa.autodb.metadata.jdbc.loader.JdbcMetadataLoader - Table loaded:
[!!!org.angnysa.autodb.metadata.jdbc.JdbcTable@41ec768e=>java.lang.NullPointerException:Cannot invoke "org.angnysa.autodb.metadata.jdbc.JdbcDatabase.getRelations(org.angnysa.autodb.metadata.jdbc.JdbcTable)" because "this.database" is null!!!]
23:58:13.775 [main] DEBUG org.angnysa.autodb.metadata.jdbc.loader.AbstractJdbcMetadataLoaderTester - Verifying column: TEST_M2M_A :: ID1
23:58:13.775 [main] DEBUG org.angnysa.autodb.metadata.jdbc.loader.AbstractJdbcMetadataLoaderTester - Verifying column: TEST_M2M_A :: ID2
]]></system-out>
  </testcase>
  <testcase name="testLoadTables" classname="org.angnysa.autodb.metadata.jdbc.loader.db.TestJdbcMetadataLoader_HSqlDb" time="0.023">
    <failure type="org.opentest4j.AssertionFailedError"><![CDATA[org.opentest4j.AssertionFailedError: Expected the key 'ID1' to be present ==> expected: <true> but was: <false>
]]></failure>
    <system-out><![CDATA[23:58:13.786 [main] TRACE org.angnysa.autodb.metadata.jdbc.loader.JdbcMetadataLoader - Column loaded: PUBLIC.PUBLIC.TEST_121_A :: JdbcColumn ID1 INTEGER(mandatory, len < 32) 
23:58:13.786 [main] TRACE org.angnysa.autodb.metadata.jdbc.loader.JdbcMetadataLoader - Column loaded: PUBLIC.PUBLIC.TEST_121_A :: JdbcColumn ID2 INTEGER(mandatory, len < 32) 
23:58:13.790 [main] TRACE org.angnysa.autodb.metadata.jdbc.loader.JdbcMetadataLoader - Index loaded: PUBLIC.PUBLIC.TEST_121_A :: JdbcUniqueIndex [unique] name: 'SYS_IDX_PK_TEST_121_A_10094', columns: ('ID1', 'ID2')
23:58:13.790 [main] TRACE org.angnysa.autodb.metadata.jdbc.loader.JdbcMetadataLoader - Primary Key loaded: PUBLIC.PUBLIC.TEST_121_A :: JdbcUniqueIndex [unique] name: 'PK_TEST_121_A', columns: ('ID1', 'ID2')
23:58:13.791 [main] TRACE org.angnysa.autodb.metadata.jdbc.loader.JdbcMetadataLoader - Table loaded:
[!!!org.angnysa.autodb.metadata.jdbc.JdbcTable@4eee43a=>java.lang.NullPointerException:Cannot invoke "org.angnysa.autodb.metadata.jdbc.JdbcDatabase.getRelations(org.angnysa.autodb.metadata.jdbc.JdbcTable)" because "this.database" is null!!!]
23:58:13.791 [main] TRACE org.angnysa.autodb.metadata.jdbc.loader.JdbcMetadataLoader - Column loaded: PUBLIC.PUBLIC.TEST_121_B :: JdbcColumn ID1 INTEGER(mandatory, len < 32) 
23:58:13.791 [main] TRACE org.angnysa.autodb.metadata.jdbc.loader.JdbcMetadataLoader - Column loaded: PUBLIC.PUBLIC.TEST_121_B :: JdbcColumn ID2 INTEGER(mandatory, len < 32) 
23:58:13.791 [main] TRACE org.angnysa.autodb.metadata.jdbc.loader.JdbcMetadataLoader - Column loaded: PUBLIC.PUBLIC.TEST_121_B :: JdbcColumn A_ID1 INTEGER(mandatory, len < 32) 
23:58:13.791 [main] TRACE org.angnysa.autodb.metadata.jdbc.loader.JdbcMetadataLoader - Column loaded: PUBLIC.PUBLIC.TEST_121_B :: JdbcColumn A_ID2 INTEGER(mandatory, len < 32) 
23:58:13.791 [main] TRACE org.angnysa.autodb.metadata.jdbc.loader.JdbcMetadataLoader - Index loaded: PUBLIC.PUBLIC.TEST_121_B :: JdbcUniqueIndex [unique] name: 'SYS_IDX_UK_TEST_121_B_10106', columns: ('A_ID1', 'A_ID2')
23:58:13.791 [main] TRACE org.angnysa.autodb.metadata.jdbc.loader.JdbcMetadataLoader - Index loaded: PUBLIC.PUBLIC.TEST_121_B :: JdbcUniqueIndex [unique] name: 'SYS_IDX_PK_TEST_121_B_10101', columns: ('ID1', 'ID2')
23:58:13.791 [main] TRACE org.angnysa.autodb.metadata.jdbc.loader.JdbcMetadataLoader - Index loaded: PUBLIC.PUBLIC.TEST_121_B :: JdbcIndex [index] name: 'SYS_IDX_FK_TEST_121_B_A_10107', columns: ('A_ID1', 'A_ID2')
23:58:13.792 [main] TRACE org.angnysa.autodb.metadata.jdbc.loader.JdbcMetadataLoader - Primary Key loaded: PUBLIC.PUBLIC.TEST_121_B :: JdbcUniqueIndex [unique] name: 'PK_TEST_121_B', columns: ('ID1', 'ID2')
23:58:13.792 [main] TRACE org.angnysa.autodb.metadata.jdbc.loader.JdbcMetadataLoader - Table loaded:
[!!!org.angnysa.autodb.metadata.jdbc.JdbcTable@77073238=>java.lang.NullPointerException:Cannot invoke "org.angnysa.autodb.metadata.jdbc.JdbcDatabase.getRelations(org.angnysa.autodb.metadata.jdbc.JdbcTable)" because "this.database" is null!!!]
23:58:13.792 [main] TRACE org.angnysa.autodb.metadata.jdbc.loader.JdbcMetadataLoader - Column loaded: PUBLIC.PUBLIC.TEST_M21_A :: JdbcColumn ID1 INTEGER(mandatory, len < 32) 
23:58:13.792 [main] TRACE org.angnysa.autodb.metadata.jdbc.loader.JdbcMetadataLoader - Column loaded: PUBLIC.PUBLIC.TEST_M21_A :: JdbcColumn ID2 INTEGER(mandatory, len < 32) 
23:58:13.793 [main] TRACE org.angnysa.autodb.metadata.jdbc.loader.JdbcMetadataLoader - Index loaded: PUBLIC.PUBLIC.TEST_M21_A :: JdbcUniqueIndex [unique] name: 'SYS_IDX_PK_TEST_M21_A_10111', columns: ('ID1', 'ID2')
23:58:13.793 [main] TRACE org.angnysa.autodb.metadata.jdbc.loader.JdbcMetadataLoader - Primary Key loaded: PUBLIC.PUBLIC.TEST_M21_A :: JdbcUniqueIndex [unique] name: 'PK_TEST_M21_A', columns: ('ID1', 'ID2')
23:58:13.793 [main] TRACE org.angnysa.autodb.metadata.jdbc.loader.JdbcMetadataLoader - Table loaded:
[!!!org.angnysa.autodb.metadata.jdbc.JdbcTable@6c1b015c=>java.lang.NullPointerException:Cannot invoke "org.angnysa.autodb.metadata.jdbc.JdbcDatabase.getRelations(org.angnysa.autodb.metadata.jdbc.JdbcTable)" because "this.database" is null!!!]
23:58:13.793 [main] TRACE org.angnysa.autodb.metadata.jdbc.loader.JdbcMetadataLoader - Column loaded: PUBLIC.PUBLIC.TEST_M21_B :: JdbcColumn ID1 INTEGER(mandatory, len < 32) 
23:58:13.793 [main] TRACE org.angnysa.autodb.metadata.jdbc.loader.JdbcMetadataLoader - Column loaded: PUBLIC.PUBLIC.TEST_M21_B :: JdbcColumn ID2 INTEGER(mandatory, len < 32) 
23:58:13.793 [main] TRACE org.angnysa.autodb.metadata.jdbc.loader.JdbcMetadataLoader - Column loaded: PUBLIC.PUBLIC.TEST_M21_B :: JdbcColumn A_ID1 INTEGER(mandatory, len < 32) 
23:58:13.793 [main] TRACE org.angnysa.autodb.metadata.jdbc.loader.JdbcMetadataLoader - Column loaded: PUBLIC.PUBLIC.TEST_M21_B :: JdbcColumn A_ID2 INTEGER(mandatory, len < 32) 
23:58:13.794 [main] TRACE org.angnysa.autodb.metadata.jdbc.loader.JdbcMetadataLoader - Index loaded: PUBLIC.PUBLIC.TEST_M21_B :: JdbcIndex [index] name: 'ID_TEST_M21_B_A', columns: ('A_ID1', 'A_ID2')
23:58:13.794 [main] TRACE org.angnysa.autodb.metadata.jdbc.loader.JdbcMetadataLoader - Index loaded: PUBLIC.PUBLIC.TEST_M21_B :: JdbcIndex [index] name: 'SYS_IDX_FK_TEST_M21_B_A_10123', columns: ('A_ID1', 'A_ID2')
23:58:13.794 [main] TRACE org.angnysa.autodb.metadata.jdbc.loader.JdbcMetadataLoader - Index loaded: PUBLIC.PUBLIC.TEST_M21_B :: JdbcUniqueIndex [unique] name: 'SYS_IDX_PK_TEST_M21_B_10118', columns: ('ID1', 'ID2')
23:58:13.794 [main] TRACE org.angnysa.autodb.metadata.jdbc.loader.JdbcMetadataLoader - Primary Key loaded: PUBLIC.PUBLIC.TEST_M21_B :: JdbcUniqueIndex [unique] name: 'PK_TEST_M21_B', columns: ('ID1', 'ID2')
23:58:13.794 [main] TRACE org.angnysa.autodb.metadata.jdbc.loader.JdbcMetadataLoader - Table loaded:
[!!!org.angnysa.autodb.metadata.jdbc.JdbcTable@15f0e0aa=>java.lang.NullPointerException:Cannot invoke "org.angnysa.autodb.metadata.jdbc.JdbcDatabase.getRelations(org.angnysa.autodb.metadata.jdbc.JdbcTable)" because "this.database" is null!!!]
23:58:13.794 [main] TRACE org.angnysa.autodb.metadata.jdbc.loader.JdbcMetadataLoader - Column loaded: PUBLIC.PUBLIC.TEST_M2M_A :: JdbcColumn ID1 INTEGER(mandatory, len < 32) 
23:58:13.794 [main] TRACE org.angnysa.autodb.metadata.jdbc.loader.JdbcMetadataLoader - Column loaded: PUBLIC.PUBLIC.TEST_M2M_A :: JdbcColumn ID2 INTEGER(mandatory, len < 32) 
23:58:13.796 [main] TRACE org.angnysa.autodb.metadata.jdbc.loader.JdbcMetadataLoader - Index loaded: PUBLIC.PUBLIC.TEST_M2M_A :: JdbcUniqueIndex [unique] name: 'SYS_IDX_PK_TEST_M2M_A_10127', columns: ('ID1', 'ID2')
23:58:13.797 [main] TRACE org.angnysa.autodb.metadata.jdbc.loader.JdbcMetadataLoader - Primary Key loaded: PUBLIC.PUBLIC.TEST_M2M_A :: JdbcUniqueIndex [unique] name: 'PK_TEST_M2M_A', columns: ('ID1', 'ID2')
23:58:13.797 [main] TRACE org.angnysa.autodb.metadata.jdbc.loader.JdbcMetadataLoader - Table loaded:
[!!!org.angnysa.autodb.metadata.jdbc.JdbcTable@2feafb71=>java.lang.NullPointerException:Cannot invoke "org.angnysa.autodb.metadata.jdbc.JdbcDatabase.getRelations(org.angnysa.autodb.metadata.jdbc.JdbcTable)" because "this.database" is null!!!]
23:58:13.797 [main] TRACE org.angnysa.autodb.metadata.jdbc.loader.JdbcMetadataLoader - Column loaded: PUBLIC.PUBLIC.TEST_M2M_B :: JdbcColumn ID1 INTEGER(mandatory, len < 32) 
23:58:13.797 [main] TRACE org.angnysa.autodb.metadata.jdbc.loader.JdbcMetadataLoader - Column loaded: PUBLIC.PUBLIC.TEST_M2M_B :: JdbcColumn ID2 INTEGER(mandatory, len < 32) 
23:58:13.797 [main] TRACE org.angnysa.autodb.metadata.jdbc.loader.JdbcMetadataLoader - Index loaded: PUBLIC.PUBLIC.TEST_M2M_B :: JdbcUniqueIndex [unique] name: 'SYS_IDX_PK_TEST_M2M_B_10132', columns: ('ID1', 'ID2')
23:58:13.798 [main] TRACE org.angnysa.autodb.metadata.jdbc.loader.JdbcMetadataLoader - Primary Key loaded: PUBLIC.PUBLIC.TEST_M2M_B :: JdbcUniqueIndex [unique] name: 'PK_TEST_M2M_B', columns: ('ID1', 'ID2')
23:58:13.798 [main] TRACE org.angnysa.autodb.metadata.jdbc.loader.JdbcMetadataLoader - Table loaded:
[!!!org.angnysa.autodb.metadata.jdbc.JdbcTable@7504b290=>java.lang.NullPointerException:Cannot invoke "org.angnysa.autodb.metadata.jdbc.JdbcDatabase.getRelations(org.angnysa.autodb.metadata.jdbc.JdbcTable)" because "this.database" is null!!!]
23:58:13.798 [main] TRACE org.angnysa.autodb.metadata.jdbc.loader.JdbcMetadataLoader - Column loaded: PUBLIC.PUBLIC.TEST_M2M_REL :: JdbcColumn AB_ID1 INTEGER(mandatory, len < 32) 
23:58:13.798 [main] TRACE org.angnysa.autodb.metadata.jdbc.loader.JdbcMetadataLoader - Column loaded: PUBLIC.PUBLIC.TEST_M2M_REL :: JdbcColumn A_ID2 INTEGER(mandatory, len < 32) 
23:58:13.798 [main] TRACE org.angnysa.autodb.metadata.jdbc.loader.JdbcMetadataLoader - Column loaded: PUBLIC.PUBLIC.TEST_M2M_REL :: JdbcColumn B_ID2 INTEGER(mandatory, len < 32) 
23:58:13.799 [main] TRACE org.angnysa.autodb.metadata.jdbc.loader.JdbcMetadataLoader - Index loaded: PUBLIC.PUBLIC.TEST_M2M_REL :: JdbcIndex [index] name: 'SYS_IDX_FK_TEST_M2M_REL_B_10144', columns: ('AB_ID1', 'B_ID2')
23:58:13.799 [main] TRACE org.angnysa.autodb.metadata.jdbc.loader.JdbcMetadataLoader - Index loaded: PUBLIC.PUBLIC.TEST_M2M_REL :: JdbcUniqueIndex [unique] name: 'SYS_IDX_PK_TEST_M2M_REL_10138', columns: ('AB_ID1', 'A_ID2', 'B_ID2')
23:58:13.799 [main] TRACE org.angnysa.autodb.metadata.jdbc.loader.JdbcMetadataLoader - Index loaded: PUBLIC.PUBLIC.TEST_M2M_REL :: JdbcIndex [index] name: 'SYS_IDX_FK_TEST_M2M_REL_A_10142', columns: ('AB_ID1', 'A_ID2')
23:58:13.799 [main] TRACE org.angnysa.autodb.metadata.jdbc.loader.JdbcMetadataLoader - Primary Key loaded: PUBLIC.PUBLIC.TEST_M2M_REL :: JdbcUniqueIndex [unique] name: 'PK_TEST_M2M_REL', columns: ('AB_ID1', 'A_ID2', 'B_ID2')
23:58:13.799 [main] TRACE org.angnysa.autodb.metadata.jdbc.loader.JdbcMetadataLoader - Table loaded:
[!!!org.angnysa.autodb.metadata.jdbc.JdbcTable@38b46854=>java.lang.NullPointerException:Cannot invoke "org.angnysa.autodb.metadata.jdbc.JdbcDatabase.getRelations(org.angnysa.autodb.metadata.jdbc.JdbcTable)" because "this.database" is null!!!]
23:58:13.799 [main] DEBUG org.angnysa.autodb.metadata.jdbc.loader.AbstractJdbcMetadataLoaderTester - Verifying column: TEST_M2M_B :: ID1
23:58:13.799 [main] DEBUG org.angnysa.autodb.metadata.jdbc.loader.AbstractJdbcMetadataLoaderTester - Verifying column: TEST_M2M_B :: ID2
]]></system-out>
  </testcase>
  <testcase name="testLoadTables" classname="org.angnysa.autodb.metadata.jdbc.loader.db.TestJdbcMetadataLoader_HSqlDb" time="0.022">
    <failure type="org.opentest4j.AssertionFailedError"><![CDATA[org.opentest4j.AssertionFailedError: Expected the key 'AB_ID1' to be present ==> expected: <true> but was: <false>
]]></failure>
    <system-out><![CDATA[23:58:13.813 [main] TRACE org.angnysa.autodb.metadata.jdbc.loader.JdbcMetadataLoader - Column loaded: PUBLIC.PUBLIC.TEST_121_A :: JdbcColumn ID1 INTEGER(mandatory, len < 32) 
23:58:13.813 [main] TRACE org.angnysa.autodb.metadata.jdbc.loader.JdbcMetadataLoader - Column loaded: PUBLIC.PUBLIC.TEST_121_A :: JdbcColumn ID2 INTEGER(mandatory, len < 32) 
23:58:13.814 [main] TRACE org.angnysa.autodb.metadata.jdbc.loader.JdbcMetadataLoader - Index loaded: PUBLIC.PUBLIC.TEST_121_A :: JdbcUniqueIndex [unique] name: 'SYS_IDX_PK_TEST_121_A_10094', columns: ('ID1', 'ID2')
23:58:13.814 [main] TRACE org.angnysa.autodb.metadata.jdbc.loader.JdbcMetadataLoader - Primary Key loaded: PUBLIC.PUBLIC.TEST_121_A :: JdbcUniqueIndex [unique] name: 'PK_TEST_121_A', columns: ('ID1', 'ID2')
23:58:13.815 [main] TRACE org.angnysa.autodb.metadata.jdbc.loader.JdbcMetadataLoader - Table loaded:
[!!!org.angnysa.autodb.metadata.jdbc.JdbcTable@58bb2185=>java.lang.NullPointerException:Cannot invoke "org.angnysa.autodb.metadata.jdbc.JdbcDatabase.getRelations(org.angnysa.autodb.metadata.jdbc.JdbcTable)" because "this.database" is null!!!]
23:58:13.815 [main] TRACE org.angnysa.autodb.metadata.jdbc.loader.JdbcMetadataLoader - Column loaded: PUBLIC.PUBLIC.TEST_121_B :: JdbcColumn ID1 INTEGER(mandatory, len < 32) 
23:58:13.815 [main] TRACE org.angnysa.autodb.metadata.jdbc.loader.JdbcMetadataLoader - Column loaded: PUBLIC.PUBLIC.TEST_121_B :: JdbcColumn ID2 INTEGER(mandatory, len < 32) 
23:58:13.815 [main] TRACE org.angnysa.autodb.metadata.jdbc.loader.JdbcMetadataLoader - Column loaded: PUBLIC.PUBLIC.TEST_121_B :: JdbcColumn A_ID1 INTEGER(mandatory, len < 32) 
23:58:13.815 [main] TRACE org.angnysa.autodb.metadata.jdbc.loader.JdbcMetadataLoader - Column loaded: PUBLIC.PUBLIC.TEST_121_B :: JdbcColumn A_ID2 INTEGER(mandatory, len < 32) 
23:58:13.815 [main] TRACE org.angnysa.autodb.metadata.jdbc.loader.JdbcMetadataLoader - Index loaded: PUBLIC.PUBLIC.TEST_121_B :: JdbcUniqueIndex [unique] name: 'SYS_IDX_UK_TEST_121_B_10106', columns: ('A_ID1', 'A_ID2')
23:58:13.815 [main] TRACE org.angnysa.autodb.metadata.jdbc.loader.JdbcMetadataLoader - Index loaded: PUBLIC.PUBLIC.TEST_121_B :: JdbcUniqueIndex [unique] name: 'SYS_IDX_PK_TEST_121_B_10101', columns: ('ID1', 'ID2')
23:58:13.815 [main] TRACE org.angnysa.autodb.metadata.jdbc.loader.JdbcMetadataLoader - Index loaded: PUBLIC.PUBLIC.TEST_121_B :: JdbcIndex [index] name: 'SYS_IDX_FK_TEST_121_B_A_10107', columns: ('A_ID1', 'A_ID2')
23:58:13.816 [main] TRACE org.angnysa.autodb.metadata.jdbc.loader.JdbcMetadataLoader - Primary Key loaded: PUBLIC.PUBLIC.TEST_121_B :: JdbcUniqueIndex [unique] name: 'PK_TEST_121_B', columns: ('ID1', 'ID2')
23:58:13.816 [main] TRACE org.angnysa.autodb.metadata.jdbc.loader.JdbcMetadataLoader - Table loaded:
[!!!org.angnysa.autodb.metadata.jdbc.JdbcTable@235cbf67=>java.lang.NullPointerException:Cannot invoke "org.angnysa.autodb.metadata.jdbc.JdbcDatabase.getRelations(org.angnysa.autodb.metadata.jdbc.JdbcTable)" because "this.database" is null!!!]
23:58:13.816 [main] TRACE org.angnysa.autodb.metadata.jdbc.loader.JdbcMetadataLoader - Column loaded: PUBLIC.PUBLIC.TEST_M21_A :: JdbcColumn ID1 INTEGER(mandatory, len < 32) 
23:58:13.816 [main] TRACE org.angnysa.autodb.metadata.jdbc.loader.JdbcMetadataLoader - Column loaded: PUBLIC.PUBLIC.TEST_M21_A :: JdbcColumn ID2 INTEGER(mandatory, len < 32) 
23:58:13.816 [main] TRACE org.angnysa.autodb.metadata.jdbc.loader.JdbcMetadataLoader - Index loaded: PUBLIC.PUBLIC.TEST_M21_A :: JdbcUniqueIndex [unique] name: 'SYS_IDX_PK_TEST_M21_A_10111', columns: ('ID1', 'ID2')
23:58:13.817 [main] TRACE org.angnysa.autodb.metadata.jdbc.loader.JdbcMetadataLoader - Primary Key loaded: PUBLIC.PUBLIC.TEST_M21_A :: JdbcUniqueIndex [unique] name: 'PK_TEST_M21_A', columns: ('ID1', 'ID2')
23:58:13.817 [main] TRACE org.angnysa.autodb.metadata.jdbc.loader.JdbcMetadataLoader - Table loaded:
[!!!org.angnysa.autodb.metadata.jdbc.JdbcTable@32241504=>java.lang.NullPointerException:Cannot invoke "org.angnysa.autodb.metadata.jdbc.JdbcDatabase.getRelations(org.angnysa.autodb.metadata.jdbc.JdbcTable)" because "this.database" is null!!!]
23:58:13.817 [main] TRACE org.angnysa.autodb.metadata.jdbc.loader.JdbcMetadataLoader - Column loaded: PUBLIC.PUBLIC.TEST_M21_B :: JdbcColumn ID1 INTEGER(mandatory, len < 32) 
23:58:13.817 [main] TRACE org.angnysa.autodb.metadata.jdbc.loader.JdbcMetadataLoader - Column loaded: PUBLIC.PUBLIC.TEST_M21_B :: JdbcColumn ID2 INTEGER(mandatory, len < 32) 
23:58:13.817 [main] TRACE org.angnysa.autodb.metadata.jdbc.loader.JdbcMetadataLoader - Column loaded: PUBLIC.PUBLIC.TEST_M21_B :: JdbcColumn A_ID1 INTEGER(mandatory, len < 32) 
23:58:13.817 [main] TRACE org.angnysa.autodb.metadata.jdbc.loader.JdbcMetadataLoader - Column loaded: PUBLIC.PUBLIC.TEST_M21_B :: JdbcColumn A_ID2 INTEGER(mandatory, len < 32) 
23:58:13.817 [main] TRACE org.angnysa.autodb.metadata.jdbc.loader.JdbcMetadataLoader - Index loaded: PUBLIC.PUBLIC.TEST_M21_B :: JdbcIndex [index] name: 'ID_TEST_M21_B_A', columns: ('A_ID1', 'A_ID2')
23:58:13.817 [main] TRACE org.angnysa.autodb.metadata.jdbc.loader.JdbcMetadataLoader - Index loaded: PUBLIC.PUBLIC.TEST_M21_B :: JdbcIndex [index] name: 'SYS_IDX_FK_TEST_M21_B_A_10123', columns: ('A_ID1', 'A_ID2')
23:58:13.817 [main] TRACE org.angnysa.autodb.metadata.jdbc.loader.JdbcMetadataLoader - Index loaded: PUBLIC.PUBLIC.TEST_M21_B :: JdbcUniqueIndex [unique] name: 'SYS_IDX_PK_TEST_M21_B_10118', columns: ('ID1', 'ID2')
23:58:13.817 [main] TRACE org.angnysa.autodb.metadata.jdbc.loader.JdbcMetadataLoader - Primary Key loaded: PUBLIC.PUBLIC.TEST_M21_B :: JdbcUniqueIndex [unique] name: 'PK_TEST_M21_B', columns: ('ID1', 'ID2')
23:58:13.818 [main] TRACE org.angnysa.autodb.metadata.jdbc.loader.JdbcMetadataLoader - Table loaded:
[!!!org.angnysa.autodb.metadata.jdbc.JdbcTable@113050bf=>java.lang.NullPointerException:Cannot invoke "org.angnysa.autodb.metadata.jdbc.JdbcDatabase.getRelations(org.angnysa.autodb.metadata.jdbc.JdbcTable)" because "this.database" is null!!!]
23:58:13.818 [main] TRACE org.angnysa.autodb.metadata.jdbc.loader.JdbcMetadataLoader - Column loaded: PUBLIC.PUBLIC.TEST_M2M_A :: JdbcColumn ID1 INTEGER(mandatory, len < 32) 
23:58:13.818 [main] TRACE org.angnysa.autodb.metadata.jdbc.loader.JdbcMetadataLoader - Column loaded: PUBLIC.PUBLIC.TEST_M2M_A :: JdbcColumn ID2 INTEGER(mandatory, len < 32) 
23:58:13.818 [main] TRACE org.angnysa.autodb.metadata.jdbc.loader.JdbcMetadataLoader - Index loaded: PUBLIC.PUBLIC.TEST_M2M_A :: JdbcUniqueIndex [unique] name: 'SYS_IDX_PK_TEST_M2M_A_10127', columns: ('ID1', 'ID2')
23:58:13.820 [main] TRACE org.angnysa.autodb.metadata.jdbc.loader.JdbcMetadataLoader - Primary Key loaded: PUBLIC.PUBLIC.TEST_M2M_A :: JdbcUniqueIndex [unique] name: 'PK_TEST_M2M_A', columns: ('ID1', 'ID2')
23:58:13.820 [main] TRACE org.angnysa.autodb.metadata.jdbc.loader.JdbcMetadataLoader - Table loaded:
[!!!org.angnysa.autodb.metadata.jdbc.JdbcTable@39ccab78=>java.lang.NullPointerException:Cannot invoke "org.angnysa.autodb.metadata.jdbc.JdbcDatabase.getRelations(org.angnysa.autodb.metadata.jdbc.JdbcTable)" because "this.database" is null!!!]
23:58:13.820 [main] TRACE org.angnysa.autodb.metadata.jdbc.loader.JdbcMetadataLoader - Column loaded: PUBLIC.PUBLIC.TEST_M2M_B :: JdbcColumn ID1 INTEGER(mandatory, len < 32) 
23:58:13.820 [main] TRACE org.angnysa.autodb.metadata.jdbc.loader.JdbcMetadataLoader - Column loaded: PUBLIC.PUBLIC.TEST_M2M_B :: JdbcColumn ID2 INTEGER(mandatory, len < 32) 
23:58:13.821 [main] TRACE org.angnysa.autodb.metadata.jdbc.loader.JdbcMetadataLoader - Index loaded: PUBLIC.PUBLIC.TEST_M2M_B :: JdbcUniqueIndex [unique] name: 'SYS_IDX_PK_TEST_M2M_B_10132', columns: ('ID1', 'ID2')
23:58:13.821 [main] TRACE org.angnysa.autodb.metadata.jdbc.loader.JdbcMetadataLoader - Primary Key loaded: PUBLIC.PUBLIC.TEST_M2M_B :: JdbcUniqueIndex [unique] name: 'PK_TEST_M2M_B', columns: ('ID1', 'ID2')
23:58:13.821 [main] TRACE org.angnysa.autodb.metadata.jdbc.loader.JdbcMetadataLoader - Table loaded:
[!!!org.angnysa.autodb.metadata.jdbc.JdbcTable@3af1dda5=>java.lang.NullPointerException:Cannot invoke "org.angnysa.autodb.metadata.jdbc.JdbcDatabase.getRelations(org.angnysa.autodb.metadata.jdbc.JdbcTable)" because "this.database" is null!!!]
23:58:13.821 [main] TRACE org.angnysa.autodb.metadata.jdbc.loader.JdbcMetadataLoader - Column loaded: PUBLIC.PUBLIC.TEST_M2M_REL :: JdbcColumn AB_ID1 INTEGER(mandatory, len < 32) 
23:58:13.821 [main] TRACE org.angnysa.autodb.metadata.jdbc.loader.JdbcMetadataLoader - Column loaded: PUBLIC.PUBLIC.TEST_M2M_REL :: JdbcColumn A_ID2 INTEGER(mandatory, len < 32) 
23:58:13.821 [main] TRACE org.angnysa.autodb.metadata.jdbc.loader.JdbcMetadataLoader - Column loaded: PUBLIC.PUBLIC.TEST_M2M_REL :: JdbcColumn B_ID2 INTEGER(mandatory, len < 32) 
23:58:13.821 [main] TRACE org.angnysa.autodb.metadata.jdbc.loader.JdbcMetadataLoader - Index loaded: PUBLIC.PUBLIC.TEST_M2M_REL :: JdbcIndex [index] name: 'SYS_IDX_FK_TEST_M2M_REL_B_10144', columns: ('AB_ID1', 'B_ID2')
23:58:13.821 [main] TRACE org.angnysa.autodb.metadata.jdbc.loader.JdbcMetadataLoader - Index loaded: PUBLIC.PUBLIC.TEST_M2M_REL :: JdbcUniqueIndex [unique] name: 'SYS_IDX_PK_TEST_M2M_REL_10138', columns: ('AB_ID1', 'A_ID2', 'B_ID2')
23:58:13.821 [main] TRACE org.angnysa.autodb.metadata.jdbc.loader.JdbcMetadataLoader - Index loaded: PUBLIC.PUBLIC.TEST_M2M_REL :: JdbcIndex [index] name: 'SYS_IDX_FK_TEST_M2M_REL_A_10142', columns: ('AB_ID1', 'A_ID2')
23:58:13.822 [main] TRACE org.angnysa.autodb.metadata.jdbc.loader.JdbcMetadataLoader - Primary Key loaded: PUBLIC.PUBLIC.TEST_M2M_REL :: JdbcUniqueIndex [unique] name: 'PK_TEST_M2M_REL', columns: ('AB_ID1', 'A_ID2', 'B_ID2')
23:58:13.822 [main] TRACE org.angnysa.autodb.metadata.jdbc.loader.JdbcMetadataLoader - Table loaded:
[!!!org.angnysa.autodb.metadata.jdbc.JdbcTable@43b551ce=>java.lang.NullPointerException:Cannot invoke "org.angnysa.autodb.metadata.jdbc.JdbcDatabase.getRelations(org.angnysa.autodb.metadata.jdbc.JdbcTable)" because "this.database" is null!!!]
23:58:13.822 [main] DEBUG org.angnysa.autodb.metadata.jdbc.loader.AbstractJdbcMetadataLoaderTester - Verifying column: TEST_M2M_REL :: AB_ID1
23:58:13.822 [main] DEBUG org.angnysa.autodb.metadata.jdbc.loader.AbstractJdbcMetadataLoaderTester - Verifying column: TEST_M2M_REL :: A_ID2
23:58:13.822 [main] DEBUG org.angnysa.autodb.metadata.jdbc.loader.AbstractJdbcMetadataLoaderTester - Verifying column: TEST_M2M_REL :: B_ID2
]]></system-out>
  </testcase>
  <testcase name="testLoadColumns" classname="org.angnysa.autodb.metadata.jdbc.loader.db.TestJdbcMetadataLoader_HSqlDb" time="0.012">
    <system-out><![CDATA[23:58:13.827 [main] DEBUG org.angnysa.autodb.metadata.jdbc.loader.AbstractJdbcMetadataLoaderTester - Using database: HSQL Database Engine 2.6.0, driver: HSQL Database Engine Driver 2.6.0, default catalog: 'PUBLIC', default schema: 'PUBLIC'
23:58:13.827 [main] DEBUG org.angnysa.autodb.metadata.jdbc.loader.AbstractJdbcMetadataLoaderTester - Target table: TEST_121_A
23:58:13.828 [main] DEBUG org.angnysa.autodb.metadata.jdbc.loader.AbstractJdbcMetadataLoaderTester - Expected columns: [ExpectedColumn(name=ID1, type=INTEGER, mandatory=true), ExpectedColumn(name=ID2, type=INTEGER, mandatory=true)]
23:58:13.839 [main] TRACE org.angnysa.autodb.metadata.jdbc.loader.JdbcMetadataLoader - Column loaded: PUBLIC.PUBLIC.TEST_121_A :: JdbcColumn ID1 INTEGER(mandatory, len < 32) 
23:58:13.839 [main] TRACE org.angnysa.autodb.metadata.jdbc.loader.JdbcMetadataLoader - Column loaded: PUBLIC.PUBLIC.TEST_121_A :: JdbcColumn ID2 INTEGER(mandatory, len < 32) 
23:58:13.839 [main] DEBUG org.angnysa.autodb.metadata.jdbc.loader.AbstractJdbcMetadataLoaderTester - Verifying column: null :: ID1
23:58:13.839 [main] DEBUG org.angnysa.autodb.metadata.jdbc.loader.AbstractJdbcMetadataLoaderTester - Verifying column: null :: ID2
]]></system-out>
  </testcase>
  <testcase name="testLoadColumns" classname="org.angnysa.autodb.metadata.jdbc.loader.db.TestJdbcMetadataLoader_HSqlDb" time="0.014">
    <system-out><![CDATA[23:58:13.840 [main] DEBUG org.angnysa.autodb.metadata.jdbc.loader.AbstractJdbcMetadataLoaderTester - Target table: TEST_121_B
23:58:13.840 [main] DEBUG org.angnysa.autodb.metadata.jdbc.loader.AbstractJdbcMetadataLoaderTester - Expected columns: [ExpectedColumn(name=ID1, type=INTEGER, mandatory=true), ExpectedColumn(name=ID2, type=INTEGER, mandatory=true), ExpectedColumn(name=A_ID1, type=INTEGER, mandatory=true), ExpectedColumn(name=A_ID2, type=INTEGER, mandatory=true)]
23:58:13.853 [main] TRACE org.angnysa.autodb.metadata.jdbc.loader.JdbcMetadataLoader - Column loaded: PUBLIC.PUBLIC.TEST_121_B :: JdbcColumn ID1 INTEGER(mandatory, len < 32) 
23:58:13.853 [main] TRACE org.angnysa.autodb.metadata.jdbc.loader.JdbcMetadataLoader - Column loaded: PUBLIC.PUBLIC.TEST_121_B :: JdbcColumn ID2 INTEGER(mandatory, len < 32) 
23:58:13.853 [main] TRACE org.angnysa.autodb.metadata.jdbc.loader.JdbcMetadataLoader - Column loaded: PUBLIC.PUBLIC.TEST_121_B :: JdbcColumn A_ID1 INTEGER(mandatory, len < 32) 
23:58:13.853 [main] TRACE org.angnysa.autodb.metadata.jdbc.loader.JdbcMetadataLoader - Column loaded: PUBLIC.PUBLIC.TEST_121_B :: JdbcColumn A_ID2 INTEGER(mandatory, len < 32) 
23:58:13.853 [main] DEBUG org.angnysa.autodb.metadata.jdbc.loader.AbstractJdbcMetadataLoaderTester - Verifying column: null :: ID1
23:58:13.853 [main] DEBUG org.angnysa.autodb.metadata.jdbc.loader.AbstractJdbcMetadataLoaderTester - Verifying column: null :: ID2
23:58:13.853 [main] DEBUG org.angnysa.autodb.metadata.jdbc.loader.AbstractJdbcMetadataLoaderTester - Verifying column: null :: A_ID1
23:58:13.853 [main] DEBUG org.angnysa.autodb.metadata.jdbc.loader.AbstractJdbcMetadataLoaderTester - Verifying column: null :: A_ID2
]]></system-out>
  </testcase>
  <testcase name="testLoadColumns" classname="org.angnysa.autodb.metadata.jdbc.loader.db.TestJdbcMetadataLoader_HSqlDb" time="0.014">
    <system-out><![CDATA[23:58:13.854 [main] DEBUG org.angnysa.autodb.metadata.jdbc.loader.AbstractJdbcMetadataLoaderTester - Target table: TEST_M21_A
23:58:13.854 [main] DEBUG org.angnysa.autodb.metadata.jdbc.loader.AbstractJdbcMetadataLoaderTester - Expected columns: [ExpectedColumn(name=ID1, type=INTEGER, mandatory=true), ExpectedColumn(name=ID2, type=INTEGER, mandatory=true)]
23:58:13.867 [main] TRACE org.angnysa.autodb.metadata.jdbc.loader.JdbcMetadataLoader - Column loaded: PUBLIC.PUBLIC.TEST_M21_A :: JdbcColumn ID1 INTEGER(mandatory, len < 32) 
23:58:13.867 [main] TRACE org.angnysa.autodb.metadata.jdbc.loader.JdbcMetadataLoader - Column loaded: PUBLIC.PUBLIC.TEST_M21_A :: JdbcColumn ID2 INTEGER(mandatory, len < 32) 
23:58:13.867 [main] DEBUG org.angnysa.autodb.metadata.jdbc.loader.AbstractJdbcMetadataLoaderTester - Verifying column: null :: ID1
23:58:13.867 [main] DEBUG org.angnysa.autodb.metadata.jdbc.loader.AbstractJdbcMetadataLoaderTester - Verifying column: null :: ID2
]]></system-out>
  </testcase>
  <testcase name="testLoadColumns" classname="org.angnysa.autodb.metadata.jdbc.loader.db.TestJdbcMetadataLoader_HSqlDb" time="0.013">
    <system-out><![CDATA[23:58:13.868 [main] DEBUG org.angnysa.autodb.metadata.jdbc.loader.AbstractJdbcMetadataLoaderTester - Target table: TEST_M21_B
23:58:13.868 [main] DEBUG org.angnysa.autodb.metadata.jdbc.loader.AbstractJdbcMetadataLoaderTester - Expected columns: [ExpectedColumn(name=ID1, type=INTEGER, mandatory=true), ExpectedColumn(name=ID2, type=INTEGER, mandatory=true), ExpectedColumn(name=A_ID1, type=INTEGER, mandatory=true), ExpectedColumn(name=A_ID2, type=INTEGER, mandatory=true)]
23:58:13.880 [main] TRACE org.angnysa.autodb.metadata.jdbc.loader.JdbcMetadataLoader - Column loaded: PUBLIC.PUBLIC.TEST_M21_B :: JdbcColumn ID1 INTEGER(mandatory, len < 32) 
23:58:13.880 [main] TRACE org.angnysa.autodb.metadata.jdbc.loader.JdbcMetadataLoader - Column loaded: PUBLIC.PUBLIC.TEST_M21_B :: JdbcColumn ID2 INTEGER(mandatory, len < 32) 
23:58:13.880 [main] TRACE org.angnysa.autodb.metadata.jdbc.loader.JdbcMetadataLoader - Column loaded: PUBLIC.PUBLIC.TEST_M21_B :: JdbcColumn A_ID1 INTEGER(mandatory, len < 32) 
23:58:13.880 [main] TRACE org.angnysa.autodb.metadata.jdbc.loader.JdbcMetadataLoader - Column loaded: PUBLIC.PUBLIC.TEST_M21_B :: JdbcColumn A_ID2 INTEGER(mandatory, len < 32) 
23:58:13.880 [main] DEBUG org.angnysa.autodb.metadata.jdbc.loader.AbstractJdbcMetadataLoaderTester - Verifying column: null :: ID1
23:58:13.880 [main] DEBUG org.angnysa.autodb.metadata.jdbc.loader.AbstractJdbcMetadataLoaderTester - Verifying column: null :: ID2
23:58:13.880 [main] DEBUG org.angnysa.autodb.metadata.jdbc.loader.AbstractJdbcMetadataLoaderTester - Verifying column: null :: A_ID1
23:58:13.880 [main] DEBUG org.angnysa.autodb.metadata.jdbc.loader.AbstractJdbcMetadataLoaderTester - Verifying column: null :: A_ID2
]]></system-out>
  </testcase>
  <testcase name="testLoadColumns" classname="org.angnysa.autodb.metadata.jdbc.loader.db.TestJdbcMetadataLoader_HSqlDb" time="0.013">
    <system-out><![CDATA[23:58:13.880 [main] DEBUG org.angnysa.autodb.metadata.jdbc.loader.AbstractJdbcMetadataLoaderTester - Target table: TEST_M2M_A
23:58:13.881 [main] DEBUG org.angnysa.autodb.metadata.jdbc.loader.AbstractJdbcMetadataLoaderTester - Expected columns: [ExpectedColumn(name=ID1, type=INTEGER, mandatory=true), ExpectedColumn(name=ID2, type=INTEGER, mandatory=true)]
23:58:13.893 [main] TRACE org.angnysa.autodb.metadata.jdbc.loader.JdbcMetadataLoader - Column loaded: PUBLIC.PUBLIC.TEST_M2M_A :: JdbcColumn ID1 INTEGER(mandatory, len < 32) 
23:58:13.893 [main] TRACE org.angnysa.autodb.metadata.jdbc.loader.JdbcMetadataLoader - Column loaded: PUBLIC.PUBLIC.TEST_M2M_A :: JdbcColumn ID2 INTEGER(mandatory, len < 32) 
23:58:13.893 [main] DEBUG org.angnysa.autodb.metadata.jdbc.loader.AbstractJdbcMetadataLoaderTester - Verifying column: null :: ID1
23:58:13.893 [main] DEBUG org.angnysa.autodb.metadata.jdbc.loader.AbstractJdbcMetadataLoaderTester - Verifying column: null :: ID2
]]></system-out>
  </testcase>
  <testcase name="testLoadColumns" classname="org.angnysa.autodb.metadata.jdbc.loader.db.TestJdbcMetadataLoader_HSqlDb" time="0.012">
    <system-out><![CDATA[23:58:13.893 [main] DEBUG org.angnysa.autodb.metadata.jdbc.loader.AbstractJdbcMetadataLoaderTester - Target table: TEST_M2M_B
23:58:13.893 [main] DEBUG org.angnysa.autodb.metadata.jdbc.loader.AbstractJdbcMetadataLoaderTester - Expected columns: [ExpectedColumn(name=ID1, type=INTEGER, mandatory=true), ExpectedColumn(name=ID2, type=INTEGER, mandatory=true)]
23:58:13.905 [main] TRACE org.angnysa.autodb.metadata.jdbc.loader.JdbcMetadataLoader - Column loaded: PUBLIC.PUBLIC.TEST_M2M_B :: JdbcColumn ID1 INTEGER(mandatory, len < 32) 
23:58:13.905 [main] TRACE org.angnysa.autodb.metadata.jdbc.loader.JdbcMetadataLoader - Column loaded: PUBLIC.PUBLIC.TEST_M2M_B :: JdbcColumn ID2 INTEGER(mandatory, len < 32) 
23:58:13.905 [main] DEBUG org.angnysa.autodb.metadata.jdbc.loader.AbstractJdbcMetadataLoaderTester - Verifying column: null :: ID1
23:58:13.905 [main] DEBUG org.angnysa.autodb.metadata.jdbc.loader.AbstractJdbcMetadataLoaderTester - Verifying column: null :: ID2
]]></system-out>
  </testcase>
  <testcase name="testLoadColumns" classname="org.angnysa.autodb.metadata.jdbc.loader.db.TestJdbcMetadataLoader_HSqlDb" time="0.012">
    <system-out><![CDATA[23:58:13.906 [main] DEBUG org.angnysa.autodb.metadata.jdbc.loader.AbstractJdbcMetadataLoaderTester - Target table: TEST_M2M_REL
23:58:13.906 [main] DEBUG org.angnysa.autodb.metadata.jdbc.loader.AbstractJdbcMetadataLoaderTester - Expected columns: [ExpectedColumn(name=AB_ID1, type=INTEGER, mandatory=true), ExpectedColumn(name=A_ID2, type=INTEGER, mandatory=true), ExpectedColumn(name=B_ID2, type=INTEGER, mandatory=true)]
23:58:13.918 [main] TRACE org.angnysa.autodb.metadata.jdbc.loader.JdbcMetadataLoader - Column loaded: PUBLIC.PUBLIC.TEST_M2M_REL :: JdbcColumn AB_ID1 INTEGER(mandatory, len < 32) 
23:58:13.918 [main] TRACE org.angnysa.autodb.metadata.jdbc.loader.JdbcMetadataLoader - Column loaded: PUBLIC.PUBLIC.TEST_M2M_REL :: JdbcColumn A_ID2 INTEGER(mandatory, len < 32) 
23:58:13.918 [main] TRACE org.angnysa.autodb.metadata.jdbc.loader.JdbcMetadataLoader - Column loaded: PUBLIC.PUBLIC.TEST_M2M_REL :: JdbcColumn B_ID2 INTEGER(mandatory, len < 32) 
23:58:13.918 [main] DEBUG org.angnysa.autodb.metadata.jdbc.loader.AbstractJdbcMetadataLoaderTester - Verifying column: null :: AB_ID1
23:58:13.918 [main] DEBUG org.angnysa.autodb.metadata.jdbc.loader.AbstractJdbcMetadataLoaderTester - Verifying column: null :: A_ID2
23:58:13.918 [main] DEBUG org.angnysa.autodb.metadata.jdbc.loader.AbstractJdbcMetadataLoaderTester - Verifying column: null :: B_ID2
]]></system-out>
  </testcase>
  <testcase name="testLoadDatabase" classname="org.angnysa.autodb.metadata.jdbc.loader.db.TestJdbcMetadataLoader_HSqlDb" time="0.02">
    <error type="java.lang.IllegalStateException"><![CDATA[java.lang.IllegalStateException: No table named 'PUBLIC.PUBLIC.TEST_121_B'
]]></error>
    <system-out><![CDATA[23:58:13.919 [main] DEBUG org.angnysa.autodb.metadata.jdbc.loader.AbstractJdbcMetadataLoaderTester - Using database: HSQL Database Engine 2.6.0, driver: HSQL Database Engine Driver 2.6.0, default catalog: 'PUBLIC', default schema: 'PUBLIC'
23:58:13.930 [main] TRACE org.angnysa.autodb.metadata.jdbc.loader.JdbcMetadataLoader - Column loaded: PUBLIC.PUBLIC.TEST_121_A :: JdbcColumn ID1 INTEGER(mandatory, len < 32) 
23:58:13.930 [main] TRACE org.angnysa.autodb.metadata.jdbc.loader.JdbcMetadataLoader - Column loaded: PUBLIC.PUBLIC.TEST_121_A :: JdbcColumn ID2 INTEGER(mandatory, len < 32) 
23:58:13.930 [main] TRACE org.angnysa.autodb.metadata.jdbc.loader.JdbcMetadataLoader - Index loaded: PUBLIC.PUBLIC.TEST_121_A :: JdbcUniqueIndex [unique] name: 'SYS_IDX_PK_TEST_121_A_10094', columns: ('ID1', 'ID2')
23:58:13.931 [main] TRACE org.angnysa.autodb.metadata.jdbc.loader.JdbcMetadataLoader - Primary Key loaded: PUBLIC.PUBLIC.TEST_121_A :: JdbcUniqueIndex [unique] name: 'PK_TEST_121_A', columns: ('ID1', 'ID2')
23:58:13.931 [main] TRACE org.angnysa.autodb.metadata.jdbc.loader.JdbcMetadataLoader - Table loaded:
[!!!org.angnysa.autodb.metadata.jdbc.JdbcTable@17b2a1e7=>java.lang.NullPointerException:Cannot invoke "org.angnysa.autodb.metadata.jdbc.JdbcDatabase.getRelations(org.angnysa.autodb.metadata.jdbc.JdbcTable)" because "this.database" is null!!!]
23:58:13.931 [main] TRACE org.angnysa.autodb.metadata.jdbc.loader.JdbcMetadataLoader - Column loaded: PUBLIC.PUBLIC.TEST_121_B :: JdbcColumn ID1 INTEGER(mandatory, len < 32) 
23:58:13.931 [main] TRACE org.angnysa.autodb.metadata.jdbc.loader.JdbcMetadataLoader - Column loaded: PUBLIC.PUBLIC.TEST_121_B :: JdbcColumn ID2 INTEGER(mandatory, len < 32) 
23:58:13.931 [main] TRACE org.angnysa.autodb.metadata.jdbc.loader.JdbcMetadataLoader - Column loaded: PUBLIC.PUBLIC.TEST_121_B :: JdbcColumn A_ID1 INTEGER(mandatory, len < 32) 
23:58:13.931 [main] TRACE org.angnysa.autodb.metadata.jdbc.loader.JdbcMetadataLoader - Column loaded: PUBLIC.PUBLIC.TEST_121_B :: JdbcColumn A_ID2 INTEGER(mandatory, len < 32) 
23:58:13.931 [main] TRACE org.angnysa.autodb.metadata.jdbc.loader.JdbcMetadataLoader - Index loaded: PUBLIC.PUBLIC.TEST_121_B :: JdbcUniqueIndex [unique] name: 'SYS_IDX_UK_TEST_121_B_10106', columns: ('A_ID1', 'A_ID2')
23:58:13.932 [main] TRACE org.angnysa.autodb.metadata.jdbc.loader.JdbcMetadataLoader - Index loaded: PUBLIC.PUBLIC.TEST_121_B :: JdbcUniqueIndex [unique] name: 'SYS_IDX_PK_TEST_121_B_10101', columns: ('ID1', 'ID2')
23:58:13.932 [main] TRACE org.angnysa.autodb.metadata.jdbc.loader.JdbcMetadataLoader - Index loaded: PUBLIC.PUBLIC.TEST_121_B :: JdbcIndex [index] name: 'SYS_IDX_FK_TEST_121_B_A_10107', columns: ('A_ID1', 'A_ID2')
23:58:13.932 [main] TRACE org.angnysa.autodb.metadata.jdbc.loader.JdbcMetadataLoader - Primary Key loaded: PUBLIC.PUBLIC.TEST_121_B :: JdbcUniqueIndex [unique] name: 'PK_TEST_121_B', columns: ('ID1', 'ID2')
23:58:13.932 [main] TRACE org.angnysa.autodb.metadata.jdbc.loader.JdbcMetadataLoader - Table loaded:
[!!!org.angnysa.autodb.metadata.jdbc.JdbcTable@5336cdfe=>java.lang.NullPointerException:Cannot invoke "org.angnysa.autodb.metadata.jdbc.JdbcDatabase.getRelations(org.angnysa.autodb.metadata.jdbc.JdbcTable)" because "this.database" is null!!!]
23:58:13.932 [main] TRACE org.angnysa.autodb.metadata.jdbc.loader.JdbcMetadataLoader - Column loaded: PUBLIC.PUBLIC.TEST_M21_A :: JdbcColumn ID1 INTEGER(mandatory, len < 32) 
23:58:13.932 [main] TRACE org.angnysa.autodb.metadata.jdbc.loader.JdbcMetadataLoader - Column loaded: PUBLIC.PUBLIC.TEST_M21_A :: JdbcColumn ID2 INTEGER(mandatory, len < 32) 
23:58:13.932 [main] TRACE org.angnysa.autodb.metadata.jdbc.loader.JdbcMetadataLoader - Index loaded: PUBLIC.PUBLIC.TEST_M21_A :: JdbcUniqueIndex [unique] name: 'SYS_IDX_PK_TEST_M21_A_10111', columns: ('ID1', 'ID2')
23:58:13.933 [main] TRACE org.angnysa.autodb.metadata.jdbc.loader.JdbcMetadataLoader - Primary Key loaded: PUBLIC.PUBLIC.TEST_M21_A :: JdbcUniqueIndex [unique] name: 'PK_TEST_M21_A', columns: ('ID1', 'ID2')
23:58:13.933 [main] TRACE org.angnysa.autodb.metadata.jdbc.loader.JdbcMetadataLoader - Table loaded:
[!!!org.angnysa.autodb.metadata.jdbc.JdbcTable@c71d7c=>java.lang.NullPointerException:Cannot invoke "org.angnysa.autodb.metadata.jdbc.JdbcDatabase.getRelations(org.angnysa.autodb.metadata.jdbc.JdbcTable)" because "this.database" is null!!!]
23:58:13.934 [main] TRACE org.angnysa.autodb.metadata.jdbc.loader.JdbcMetadataLoader - Column loaded: PUBLIC.PUBLIC.TEST_M21_B :: JdbcColumn ID1 INTEGER(mandatory, len < 32) 
23:58:13.934 [main] TRACE org.angnysa.autodb.metadata.jdbc.loader.JdbcMetadataLoader - Column loaded: PUBLIC.PUBLIC.TEST_M21_B :: JdbcColumn ID2 INTEGER(mandatory, len < 32) 
23:58:13.934 [main] TRACE org.angnysa.autodb.metadata.jdbc.loader.JdbcMetadataLoader - Column loaded: PUBLIC.PUBLIC.TEST_M21_B :: JdbcColumn A_ID1 INTEGER(mandatory, len < 32) 
23:58:13.934 [main] TRACE org.angnysa.autodb.metadata.jdbc.loader.JdbcMetadataLoader - Column loaded: PUBLIC.PUBLIC.TEST_M21_B :: JdbcColumn A_ID2 INTEGER(mandatory, len < 32) 
23:58:13.934 [main] TRACE org.angnysa.autodb.metadata.jdbc.loader.JdbcMetadataLoader - Index loaded: PUBLIC.PUBLIC.TEST_M21_B :: JdbcIndex [index] name: 'ID_TEST_M21_B_A', columns: ('A_ID1', 'A_ID2')
23:58:13.934 [main] TRACE org.angnysa.autodb.metadata.jdbc.loader.JdbcMetadataLoader - Index loaded: PUBLIC.PUBLIC.TEST_M21_B :: JdbcIndex [index] name: 'SYS_IDX_FK_TEST_M21_B_A_10123', columns: ('A_ID1', 'A_ID2')
23:58:13.934 [main] TRACE org.angnysa.autodb.metadata.jdbc.loader.JdbcMetadataLoader - Index loaded: PUBLIC.PUBLIC.TEST_M21_B :: JdbcUniqueIndex [unique] name: 'SYS_IDX_PK_TEST_M21_B_10118', columns: ('ID1', 'ID2')
23:58:13.934 [main] TRACE org.angnysa.autodb.metadata.jdbc.loader.JdbcMetadataLoader - Primary Key loaded: PUBLIC.PUBLIC.TEST_M21_B :: JdbcUniqueIndex [unique] name: 'PK_TEST_M21_B', columns: ('ID1', 'ID2')
23:58:13.935 [main] TRACE org.angnysa.autodb.metadata.jdbc.loader.JdbcMetadataLoader - Table loaded:
[!!!org.angnysa.autodb.metadata.jdbc.JdbcTable@733c01ab=>java.lang.NullPointerException:Cannot invoke "org.angnysa.autodb.metadata.jdbc.JdbcDatabase.getRelations(org.angnysa.autodb.metadata.jdbc.JdbcTable)" because "this.database" is null!!!]
23:58:13.935 [main] TRACE org.angnysa.autodb.metadata.jdbc.loader.JdbcMetadataLoader - Column loaded: PUBLIC.PUBLIC.TEST_M2M_A :: JdbcColumn ID1 INTEGER(mandatory, len < 32) 
23:58:13.935 [main] TRACE org.angnysa.autodb.metadata.jdbc.loader.JdbcMetadataLoader - Column loaded: PUBLIC.PUBLIC.TEST_M2M_A :: JdbcColumn ID2 INTEGER(mandatory, len < 32) 
23:58:13.935 [main] TRACE org.angnysa.autodb.metadata.jdbc.loader.JdbcMetadataLoader - Index loaded: PUBLIC.PUBLIC.TEST_M2M_A :: JdbcUniqueIndex [unique] name: 'SYS_IDX_PK_TEST_M2M_A_10127', columns: ('ID1', 'ID2')
23:58:13.935 [main] TRACE org.angnysa.autodb.metadata.jdbc.loader.JdbcMetadataLoader - Primary Key loaded: PUBLIC.PUBLIC.TEST_M2M_A :: JdbcUniqueIndex [unique] name: 'PK_TEST_M2M_A', columns: ('ID1', 'ID2')
23:58:13.936 [main] TRACE org.angnysa.autodb.metadata.jdbc.loader.JdbcMetadataLoader - Table loaded:
[!!!org.angnysa.autodb.metadata.jdbc.JdbcTable@453cd994=>java.lang.NullPointerException:Cannot invoke "org.angnysa.autodb.metadata.jdbc.JdbcDatabase.getRelations(org.angnysa.autodb.metadata.jdbc.JdbcTable)" because "this.database" is null!!!]
23:58:13.936 [main] TRACE org.angnysa.autodb.metadata.jdbc.loader.JdbcMetadataLoader - Column loaded: PUBLIC.PUBLIC.TEST_M2M_B :: JdbcColumn ID1 INTEGER(mandatory, len < 32) 
23:58:13.936 [main] TRACE org.angnysa.autodb.metadata.jdbc.loader.JdbcMetadataLoader - Column loaded: PUBLIC.PUBLIC.TEST_M2M_B :: JdbcColumn ID2 INTEGER(mandatory, len < 32) 
23:58:13.936 [main] TRACE org.angnysa.autodb.metadata.jdbc.loader.JdbcMetadataLoader - Index loaded: PUBLIC.PUBLIC.TEST_M2M_B :: JdbcUniqueIndex [unique] name: 'SYS_IDX_PK_TEST_M2M_B_10132', columns: ('ID1', 'ID2')
23:58:13.936 [main] TRACE org.angnysa.autodb.metadata.jdbc.loader.JdbcMetadataLoader - Primary Key loaded: PUBLIC.PUBLIC.TEST_M2M_B :: JdbcUniqueIndex [unique] name: 'PK_TEST_M2M_B', columns: ('ID1', 'ID2')
23:58:13.936 [main] TRACE org.angnysa.autodb.metadata.jdbc.loader.JdbcMetadataLoader - Table loaded:
[!!!org.angnysa.autodb.metadata.jdbc.JdbcTable@63d23c9=>java.lang.NullPointerException:Cannot invoke "org.angnysa.autodb.metadata.jdbc.JdbcDatabase.getRelations(org.angnysa.autodb.metadata.jdbc.JdbcTable)" because "this.database" is null!!!]
23:58:13.937 [main] TRACE org.angnysa.autodb.metadata.jdbc.loader.JdbcMetadataLoader - Column loaded: PUBLIC.PUBLIC.TEST_M2M_REL :: JdbcColumn AB_ID1 INTEGER(mandatory, len < 32) 
23:58:13.937 [main] TRACE org.angnysa.autodb.metadata.jdbc.loader.JdbcMetadataLoader - Column loaded: PUBLIC.PUBLIC.TEST_M2M_REL :: JdbcColumn A_ID2 INTEGER(mandatory, len < 32) 
23:58:13.937 [main] TRACE org.angnysa.autodb.metadata.jdbc.loader.JdbcMetadataLoader - Column loaded: PUBLIC.PUBLIC.TEST_M2M_REL :: JdbcColumn B_ID2 INTEGER(mandatory, len < 32) 
23:58:13.937 [main] TRACE org.angnysa.autodb.metadata.jdbc.loader.JdbcMetadataLoader - Index loaded: PUBLIC.PUBLIC.TEST_M2M_REL :: JdbcIndex [index] name: 'SYS_IDX_FK_TEST_M2M_REL_B_10144', columns: ('AB_ID1', 'B_ID2')
23:58:13.937 [main] TRACE org.angnysa.autodb.metadata.jdbc.loader.JdbcMetadataLoader - Index loaded: PUBLIC.PUBLIC.TEST_M2M_REL :: JdbcUniqueIndex [unique] name: 'SYS_IDX_PK_TEST_M2M_REL_10138', columns: ('AB_ID1', 'A_ID2', 'B_ID2')
23:58:13.937 [main] TRACE org.angnysa.autodb.metadata.jdbc.loader.JdbcMetadataLoader - Index loaded: PUBLIC.PUBLIC.TEST_M2M_REL :: JdbcIndex [index] name: 'SYS_IDX_FK_TEST_M2M_REL_A_10142', columns: ('AB_ID1', 'A_ID2')
23:58:13.937 [main] TRACE org.angnysa.autodb.metadata.jdbc.loader.JdbcMetadataLoader - Primary Key loaded: PUBLIC.PUBLIC.TEST_M2M_REL :: JdbcUniqueIndex [unique] name: 'PK_TEST_M2M_REL', columns: ('AB_ID1', 'A_ID2', 'B_ID2')
23:58:13.937 [main] TRACE org.angnysa.autodb.metadata.jdbc.loader.JdbcMetadataLoader - Table loaded:
[!!!org.angnysa.autodb.metadata.jdbc.JdbcTable@8ff8955=>java.lang.NullPointerException:Cannot invoke "org.angnysa.autodb.metadata.jdbc.JdbcDatabase.getRelations(org.angnysa.autodb.metadata.jdbc.JdbcTable)" because "this.database" is null!!!]
]]></system-out>
  </testcase>
  <testcase name="testLoadIndices" classname="org.angnysa.autodb.metadata.jdbc.loader.db.TestJdbcMetadataLoader_HSqlDb" time="0.013">
    <system-out><![CDATA[23:58:13.940 [main] DEBUG org.angnysa.autodb.metadata.jdbc.loader.AbstractJdbcMetadataLoaderTester - Using database: HSQL Database Engine 2.6.0, driver: HSQL Database Engine Driver 2.6.0, default catalog: 'PUBLIC', default schema: 'PUBLIC'
23:58:13.941 [main] DEBUG org.angnysa.autodb.metadata.jdbc.loader.AbstractJdbcMetadataLoaderTester - Target table: TEST_121_A
23:58:13.941 [main] DEBUG org.angnysa.autodb.metadata.jdbc.loader.AbstractJdbcMetadataLoaderTester - Expected Indices: []
23:58:13.953 [main] TRACE org.angnysa.autodb.metadata.jdbc.loader.JdbcMetadataLoader - Column loaded: PUBLIC.PUBLIC.TEST_121_A :: JdbcColumn ID1 INTEGER(mandatory, len < 32) 
23:58:13.953 [main] TRACE org.angnysa.autodb.metadata.jdbc.loader.JdbcMetadataLoader - Column loaded: PUBLIC.PUBLIC.TEST_121_A :: JdbcColumn ID2 INTEGER(mandatory, len < 32) 
23:58:13.953 [main] TRACE org.angnysa.autodb.metadata.jdbc.loader.JdbcMetadataLoader - Index loaded: PUBLIC.PUBLIC.TEST_121_A :: JdbcUniqueIndex [unique] name: 'SYS_IDX_PK_TEST_121_A_10094', columns: ('ID1', 'ID2')
]]></system-out>
  </testcase>
  <testcase name="testLoadIndices" classname="org.angnysa.autodb.metadata.jdbc.loader.db.TestJdbcMetadataLoader_HSqlDb" time="0.013">
    <system-out><![CDATA[23:58:13.954 [main] DEBUG org.angnysa.autodb.metadata.jdbc.loader.AbstractJdbcMetadataLoaderTester - Target table: TEST_121_B
23:58:13.954 [main] DEBUG org.angnysa.autodb.metadata.jdbc.loader.AbstractJdbcMetadataLoaderTester - Expected Indices: [ExpectedIndex(unique=true, columns=[A_ID2, A_ID2])]
23:58:13.966 [main] TRACE org.angnysa.autodb.metadata.jdbc.loader.JdbcMetadataLoader - Column loaded: PUBLIC.PUBLIC.TEST_121_B :: JdbcColumn ID1 INTEGER(mandatory, len < 32) 
23:58:13.966 [main] TRACE org.angnysa.autodb.metadata.jdbc.loader.JdbcMetadataLoader - Column loaded: PUBLIC.PUBLIC.TEST_121_B :: JdbcColumn ID2 INTEGER(mandatory, len < 32) 
23:58:13.966 [main] TRACE org.angnysa.autodb.metadata.jdbc.loader.JdbcMetadataLoader - Column loaded: PUBLIC.PUBLIC.TEST_121_B :: JdbcColumn A_ID1 INTEGER(mandatory, len < 32) 
23:58:13.966 [main] TRACE org.angnysa.autodb.metadata.jdbc.loader.JdbcMetadataLoader - Column loaded: PUBLIC.PUBLIC.TEST_121_B :: JdbcColumn A_ID2 INTEGER(mandatory, len < 32) 
23:58:13.967 [main] TRACE org.angnysa.autodb.metadata.jdbc.loader.JdbcMetadataLoader - Index loaded: PUBLIC.PUBLIC.TEST_121_B :: JdbcUniqueIndex [unique] name: 'SYS_IDX_UK_TEST_121_B_10106', columns: ('A_ID1', 'A_ID2')
23:58:13.967 [main] TRACE org.angnysa.autodb.metadata.jdbc.loader.JdbcMetadataLoader - Index loaded: PUBLIC.PUBLIC.TEST_121_B :: JdbcUniqueIndex [unique] name: 'SYS_IDX_PK_TEST_121_B_10101', columns: ('ID1', 'ID2')
23:58:13.967 [main] TRACE org.angnysa.autodb.metadata.jdbc.loader.JdbcMetadataLoader - Index loaded: PUBLIC.PUBLIC.TEST_121_B :: JdbcIndex [index] name: 'SYS_IDX_FK_TEST_121_B_A_10107', columns: ('A_ID1', 'A_ID2')
23:58:13.967 [main] DEBUG org.angnysa.autodb.metadata.jdbc.loader.AbstractJdbcMetadataLoaderTester - Verifying index: null :: [A_ID2, A_ID2]
]]></system-out>
  </testcase>
  <testcase name="testLoadIndices" classname="org.angnysa.autodb.metadata.jdbc.loader.db.TestJdbcMetadataLoader_HSqlDb" time="0.014">
    <system-out><![CDATA[23:58:13.968 [main] DEBUG org.angnysa.autodb.metadata.jdbc.loader.AbstractJdbcMetadataLoaderTester - Target table: TEST_M21_A
23:58:13.968 [main] DEBUG org.angnysa.autodb.metadata.jdbc.loader.AbstractJdbcMetadataLoaderTester - Expected Indices: []
23:58:13.980 [main] TRACE org.angnysa.autodb.metadata.jdbc.loader.JdbcMetadataLoader - Column loaded: PUBLIC.PUBLIC.TEST_M21_A :: JdbcColumn ID1 INTEGER(mandatory, len < 32) 
23:58:13.980 [main] TRACE org.angnysa.autodb.metadata.jdbc.loader.JdbcMetadataLoader - Column loaded: PUBLIC.PUBLIC.TEST_M21_A :: JdbcColumn ID2 INTEGER(mandatory, len < 32) 
23:58:13.980 [main] TRACE org.angnysa.autodb.metadata.jdbc.loader.JdbcMetadataLoader - Index loaded: PUBLIC.PUBLIC.TEST_M21_A :: JdbcUniqueIndex [unique] name: 'SYS_IDX_PK_TEST_M21_A_10111', columns: ('ID1', 'ID2')
]]></system-out>
  </testcase>
  <testcase name="testLoadIndices" classname="org.angnysa.autodb.metadata.jdbc.loader.db.TestJdbcMetadataLoader_HSqlDb" time="0.014">
    <system-out><![CDATA[23:58:13.981 [main] DEBUG org.angnysa.autodb.metadata.jdbc.loader.AbstractJdbcMetadataLoaderTester - Target table: TEST_M21_B
23:58:13.981 [main] DEBUG org.angnysa.autodb.metadata.jdbc.loader.AbstractJdbcMetadataLoaderTester - Expected Indices: [ExpectedIndex(unique=false, columns=[A_ID2, A_ID2])]
23:58:13.993 [main] TRACE org.angnysa.autodb.metadata.jdbc.loader.JdbcMetadataLoader - Column loaded: PUBLIC.PUBLIC.TEST_M21_B :: JdbcColumn ID1 INTEGER(mandatory, len < 32) 
23:58:13.994 [main] TRACE org.angnysa.autodb.metadata.jdbc.loader.JdbcMetadataLoader - Column loaded: PUBLIC.PUBLIC.TEST_M21_B :: JdbcColumn ID2 INTEGER(mandatory, len < 32) 
23:58:13.994 [main] TRACE org.angnysa.autodb.metadata.jdbc.loader.JdbcMetadataLoader - Column loaded: PUBLIC.PUBLIC.TEST_M21_B :: JdbcColumn A_ID1 INTEGER(mandatory, len < 32) 
23:58:13.994 [main] TRACE org.angnysa.autodb.metadata.jdbc.loader.JdbcMetadataLoader - Column loaded: PUBLIC.PUBLIC.TEST_M21_B :: JdbcColumn A_ID2 INTEGER(mandatory, len < 32) 
23:58:13.994 [main] TRACE org.angnysa.autodb.metadata.jdbc.loader.JdbcMetadataLoader - Index loaded: PUBLIC.PUBLIC.TEST_M21_B :: JdbcIndex [index] name: 'ID_TEST_M21_B_A', columns: ('A_ID1', 'A_ID2')
23:58:13.994 [main] TRACE org.angnysa.autodb.metadata.jdbc.loader.JdbcMetadataLoader - Index loaded: PUBLIC.PUBLIC.TEST_M21_B :: JdbcIndex [index] name: 'SYS_IDX_FK_TEST_M21_B_A_10123', columns: ('A_ID1', 'A_ID2')
23:58:13.994 [main] TRACE org.angnysa.autodb.metadata.jdbc.loader.JdbcMetadataLoader - Index loaded: PUBLIC.PUBLIC.TEST_M21_B :: JdbcUniqueIndex [unique] name: 'SYS_IDX_PK_TEST_M21_B_10118', columns: ('ID1', 'ID2')
23:58:13.994 [main] DEBUG org.angnysa.autodb.metadata.jdbc.loader.AbstractJdbcMetadataLoaderTester - Verifying index: null :: [A_ID2, A_ID2]
]]></system-out>
  </testcase>
  <testcase name="testLoadIndices" classname="org.angnysa.autodb.metadata.jdbc.loader.db.TestJdbcMetadataLoader_HSqlDb" time="0.013">
    <system-out><![CDATA[23:58:13.995 [main] DEBUG org.angnysa.autodb.metadata.jdbc.loader.AbstractJdbcMetadataLoaderTester - Target table: TEST_M2M_A
23:58:13.995 [main] DEBUG org.angnysa.autodb.metadata.jdbc.loader.AbstractJdbcMetadataLoaderTester - Expected Indices: []
23:58:14.007 [main] TRACE org.angnysa.autodb.metadata.jdbc.loader.JdbcMetadataLoader - Column loaded: PUBLIC.PUBLIC.TEST_M2M_A :: JdbcColumn ID1 INTEGER(mandatory, len < 32) 
23:58:14.007 [main] TRACE org.angnysa.autodb.metadata.jdbc.loader.JdbcMetadataLoader - Column loaded: PUBLIC.PUBLIC.TEST_M2M_A :: JdbcColumn ID2 INTEGER(mandatory, len < 32) 
23:58:14.008 [main] TRACE org.angnysa.autodb.metadata.jdbc.loader.JdbcMetadataLoader - Index loaded: PUBLIC.PUBLIC.TEST_M2M_A :: JdbcUniqueIndex [unique] name: 'SYS_IDX_PK_TEST_M2M_A_10127', columns: ('ID1', 'ID2')
]]></system-out>
  </testcase>
  <testcase name="testLoadIndices" classname="org.angnysa.autodb.metadata.jdbc.loader.db.TestJdbcMetadataLoader_HSqlDb" time="0.014">
    <system-out><![CDATA[23:58:14.012 [main] DEBUG org.angnysa.autodb.metadata.jdbc.loader.AbstractJdbcMetadataLoaderTester - Target table: TEST_M2M_B
23:58:14.012 [main] DEBUG org.angnysa.autodb.metadata.jdbc.loader.AbstractJdbcMetadataLoaderTester - Expected Indices: []
23:58:14.024 [main] TRACE org.angnysa.autodb.metadata.jdbc.loader.JdbcMetadataLoader - Column loaded: PUBLIC.PUBLIC.TEST_M2M_B :: JdbcColumn ID1 INTEGER(mandatory, len < 32) 
23:58:14.024 [main] TRACE org.angnysa.autodb.metadata.jdbc.loader.JdbcMetadataLoader - Column loaded: PUBLIC.PUBLIC.TEST_M2M_B :: JdbcColumn ID2 INTEGER(mandatory, len < 32) 
23:58:14.025 [main] TRACE org.angnysa.autodb.metadata.jdbc.loader.JdbcMetadataLoader - Index loaded: PUBLIC.PUBLIC.TEST_M2M_B :: JdbcUniqueIndex [unique] name: 'SYS_IDX_PK_TEST_M2M_B_10132', columns: ('ID1', 'ID2')
]]></system-out>
  </testcase>
  <testcase name="testLoadIndices" classname="org.angnysa.autodb.metadata.jdbc.loader.db.TestJdbcMetadataLoader_HSqlDb" time="0.015">
    <system-out><![CDATA[23:58:14.025 [main] DEBUG org.angnysa.autodb.metadata.jdbc.loader.AbstractJdbcMetadataLoaderTester - Target table: TEST_M2M_REL
23:58:14.026 [main] DEBUG org.angnysa.autodb.metadata.jdbc.loader.AbstractJdbcMetadataLoaderTester - Expected Indices: [ExpectedIndex(unique=false, columns=[AB_ID1, A_ID2]), ExpectedIndex(unique=false, columns=[AB_ID1, B_ID2])]
23:58:14.039 [main] TRACE org.angnysa.autodb.metadata.jdbc.loader.JdbcMetadataLoader - Column loaded: PUBLIC.PUBLIC.TEST_M2M_REL :: JdbcColumn AB_ID1 INTEGER(mandatory, len < 32) 
23:58:14.039 [main] TRACE org.angnysa.autodb.metadata.jdbc.loader.JdbcMetadataLoader - Column loaded: PUBLIC.PUBLIC.TEST_M2M_REL :: JdbcColumn A_ID2 INTEGER(mandatory, len < 32) 
23:58:14.039 [main] TRACE org.angnysa.autodb.metadata.jdbc.loader.JdbcMetadataLoader - Column loaded: PUBLIC.PUBLIC.TEST_M2M_REL :: JdbcColumn B_ID2 INTEGER(mandatory, len < 32) 
23:58:14.040 [main] TRACE org.angnysa.autodb.metadata.jdbc.loader.JdbcMetadataLoader - Index loaded: PUBLIC.PUBLIC.TEST_M2M_REL :: JdbcIndex [index] name: 'SYS_IDX_FK_TEST_M2M_REL_B_10144', columns: ('AB_ID1', 'B_ID2')
23:58:14.040 [main] TRACE org.angnysa.autodb.metadata.jdbc.loader.JdbcMetadataLoader - Index loaded: PUBLIC.PUBLIC.TEST_M2M_REL :: JdbcUniqueIndex [unique] name: 'SYS_IDX_PK_TEST_M2M_REL_10138', columns: ('AB_ID1', 'A_ID2', 'B_ID2')
23:58:14.040 [main] TRACE org.angnysa.autodb.metadata.jdbc.loader.JdbcMetadataLoader - Index loaded: PUBLIC.PUBLIC.TEST_M2M_REL :: JdbcIndex [index] name: 'SYS_IDX_FK_TEST_M2M_REL_A_10142', columns: ('AB_ID1', 'A_ID2')
23:58:14.040 [main] DEBUG org.angnysa.autodb.metadata.jdbc.loader.AbstractJdbcMetadataLoaderTester - Verifying index: null :: [AB_ID1, A_ID2]
23:58:14.040 [main] DEBUG org.angnysa.autodb.metadata.jdbc.loader.AbstractJdbcMetadataLoaderTester - Verifying index: null :: [AB_ID1, B_ID2]
]]></system-out>
  </testcase>
  <testcase name="testLoadForeignKeys" classname="org.angnysa.autodb.metadata.jdbc.loader.db.TestJdbcMetadataLoader_HSqlDb" time="0.019">
    <system-out><![CDATA[23:58:14.041 [main] DEBUG org.angnysa.autodb.metadata.jdbc.loader.AbstractJdbcMetadataLoaderTester - Using database: HSQL Database Engine 2.6.0, driver: HSQL Database Engine Driver 2.6.0, default catalog: 'PUBLIC', default schema: 'PUBLIC'
23:58:14.041 [main] DEBUG org.angnysa.autodb.metadata.jdbc.loader.AbstractJdbcMetadataLoaderTester - Target table: TEST_121_A
23:58:14.041 [main] DEBUG org.angnysa.autodb.metadata.jdbc.loader.AbstractJdbcMetadataLoaderTester - Expected Foreign Keys: []
23:58:14.053 [main] TRACE org.angnysa.autodb.metadata.jdbc.loader.JdbcMetadataLoader - Column loaded: PUBLIC.PUBLIC.TEST_121_A :: JdbcColumn ID1 INTEGER(mandatory, len < 32) 
23:58:14.053 [main] TRACE org.angnysa.autodb.metadata.jdbc.loader.JdbcMetadataLoader - Column loaded: PUBLIC.PUBLIC.TEST_121_A :: JdbcColumn ID2 INTEGER(mandatory, len < 32) 
23:58:14.054 [main] TRACE org.angnysa.autodb.metadata.jdbc.loader.JdbcMetadataLoader - Index loaded: PUBLIC.PUBLIC.TEST_121_A :: JdbcUniqueIndex [unique] name: 'SYS_IDX_PK_TEST_121_A_10094', columns: ('ID1', 'ID2')
23:58:14.054 [main] TRACE org.angnysa.autodb.metadata.jdbc.loader.JdbcMetadataLoader - Primary Key loaded: PUBLIC.PUBLIC.TEST_121_A :: JdbcUniqueIndex [unique] name: 'PK_TEST_121_A', columns: ('ID1', 'ID2')
23:58:14.054 [main] TRACE org.angnysa.autodb.metadata.jdbc.loader.JdbcMetadataLoader - Table loaded:
[!!!org.angnysa.autodb.metadata.jdbc.JdbcTable@508ea8c7=>java.lang.NullPointerException:Cannot invoke "org.angnysa.autodb.metadata.jdbc.JdbcDatabase.getRelations(org.angnysa.autodb.metadata.jdbc.JdbcTable)" because "this.database" is null!!!]
23:58:14.055 [main] TRACE org.angnysa.autodb.metadata.jdbc.loader.JdbcMetadataLoader - Column loaded: PUBLIC.PUBLIC.TEST_121_B :: JdbcColumn ID1 INTEGER(mandatory, len < 32) 
23:58:14.055 [main] TRACE org.angnysa.autodb.metadata.jdbc.loader.JdbcMetadataLoader - Column loaded: PUBLIC.PUBLIC.TEST_121_B :: JdbcColumn ID2 INTEGER(mandatory, len < 32) 
23:58:14.055 [main] TRACE org.angnysa.autodb.metadata.jdbc.loader.JdbcMetadataLoader - Column loaded: PUBLIC.PUBLIC.TEST_121_B :: JdbcColumn A_ID1 INTEGER(mandatory, len < 32) 
23:58:14.055 [main] TRACE org.angnysa.autodb.metadata.jdbc.loader.JdbcMetadataLoader - Column loaded: PUBLIC.PUBLIC.TEST_121_B :: JdbcColumn A_ID2 INTEGER(mandatory, len < 32) 
23:58:14.055 [main] TRACE org.angnysa.autodb.metadata.jdbc.loader.JdbcMetadataLoader - Index loaded: PUBLIC.PUBLIC.TEST_121_B :: JdbcUniqueIndex [unique] name: 'SYS_IDX_UK_TEST_121_B_10106', columns: ('A_ID1', 'A_ID2')
23:58:14.055 [main] TRACE org.angnysa.autodb.metadata.jdbc.loader.JdbcMetadataLoader - Index loaded: PUBLIC.PUBLIC.TEST_121_B :: JdbcUniqueIndex [unique] name: 'SYS_IDX_PK_TEST_121_B_10101', columns: ('ID1', 'ID2')
23:58:14.055 [main] TRACE org.angnysa.autodb.metadata.jdbc.loader.JdbcMetadataLoader - Index loaded: PUBLIC.PUBLIC.TEST_121_B :: JdbcIndex [index] name: 'SYS_IDX_FK_TEST_121_B_A_10107', columns: ('A_ID1', 'A_ID2')
23:58:14.055 [main] TRACE org.angnysa.autodb.metadata.jdbc.loader.JdbcMetadataLoader - Primary Key loaded: PUBLIC.PUBLIC.TEST_121_B :: JdbcUniqueIndex [unique] name: 'PK_TEST_121_B', columns: ('ID1', 'ID2')
23:58:14.055 [main] TRACE org.angnysa.autodb.metadata.jdbc.loader.JdbcMetadataLoader - Table loaded:
[!!!org.angnysa.autodb.metadata.jdbc.JdbcTable@30cdb46=>java.lang.NullPointerException:Cannot invoke "org.angnysa.autodb.metadata.jdbc.JdbcDatabase.getRelations(org.angnysa.autodb.metadata.jdbc.JdbcTable)" because "this.database" is null!!!]
23:58:14.056 [main] TRACE org.angnysa.autodb.metadata.jdbc.loader.JdbcMetadataLoader - Column loaded: PUBLIC.PUBLIC.TEST_M21_A :: JdbcColumn ID1 INTEGER(mandatory, len < 32) 
23:58:14.056 [main] TRACE org.angnysa.autodb.metadata.jdbc.loader.JdbcMetadataLoader - Column loaded: PUBLIC.PUBLIC.TEST_M21_A :: JdbcColumn ID2 INTEGER(mandatory, len < 32) 
23:58:14.056 [main] TRACE org.angnysa.autodb.metadata.jdbc.loader.JdbcMetadataLoader - Index loaded: PUBLIC.PUBLIC.TEST_M21_A :: JdbcUniqueIndex [unique] name: 'SYS_IDX_PK_TEST_M21_A_10111', columns: ('ID1', 'ID2')
23:58:14.056 [main] TRACE org.angnysa.autodb.metadata.jdbc.loader.JdbcMetadataLoader - Primary Key loaded: PUBLIC.PUBLIC.TEST_M21_A :: JdbcUniqueIndex [unique] name: 'PK_TEST_M21_A', columns: ('ID1', 'ID2')
23:58:14.056 [main] TRACE org.angnysa.autodb.metadata.jdbc.loader.JdbcMetadataLoader - Table loaded:
[!!!org.angnysa.autodb.metadata.jdbc.JdbcTable@5a365e06=>java.lang.NullPointerException:Cannot invoke "org.angnysa.autodb.metadata.jdbc.JdbcDatabase.getRelations(org.angnysa.autodb.metadata.jdbc.JdbcTable)" because "this.database" is null!!!]
23:58:14.057 [main] TRACE org.angnysa.autodb.metadata.jdbc.loader.JdbcMetadataLoader - Column loaded: PUBLIC.PUBLIC.TEST_M21_B :: JdbcColumn ID1 INTEGER(mandatory, len < 32) 
23:58:14.057 [main] TRACE org.angnysa.autodb.metadata.jdbc.loader.JdbcMetadataLoader - Column loaded: PUBLIC.PUBLIC.TEST_M21_B :: JdbcColumn ID2 INTEGER(mandatory, len < 32) 
23:58:14.057 [main] TRACE org.angnysa.autodb.metadata.jdbc.loader.JdbcMetadataLoader - Column loaded: PUBLIC.PUBLIC.TEST_M21_B :: JdbcColumn A_ID1 INTEGER(mandatory, len < 32) 
23:58:14.057 [main] TRACE org.angnysa.autodb.metadata.jdbc.loader.JdbcMetadataLoader - Column loaded: PUBLIC.PUBLIC.TEST_M21_B :: JdbcColumn A_ID2 INTEGER(mandatory, len < 32) 
23:58:14.057 [main] TRACE org.angnysa.autodb.metadata.jdbc.loader.JdbcMetadataLoader - Index loaded: PUBLIC.PUBLIC.TEST_M21_B :: JdbcIndex [index] name: 'ID_TEST_M21_B_A', columns: ('A_ID1', 'A_ID2')
23:58:14.057 [main] TRACE org.angnysa.autodb.metadata.jdbc.loader.JdbcMetadataLoader - Index loaded: PUBLIC.PUBLIC.TEST_M21_B :: JdbcIndex [index] name: 'SYS_IDX_FK_TEST_M21_B_A_10123', columns: ('A_ID1', 'A_ID2')
23:58:14.057 [main] TRACE org.angnysa.autodb.metadata.jdbc.loader.JdbcMetadataLoader - Index loaded: PUBLIC.PUBLIC.TEST_M21_B :: JdbcUniqueIndex [unique] name: 'SYS_IDX_PK_TEST_M21_B_10118', columns: ('ID1', 'ID2')
23:58:14.057 [main] TRACE org.angnysa.autodb.metadata.jdbc.loader.JdbcMetadataLoader - Primary Key loaded: PUBLIC.PUBLIC.TEST_M21_B :: JdbcUniqueIndex [unique] name: 'PK_TEST_M21_B', columns: ('ID1', 'ID2')
23:58:14.057 [main] TRACE org.angnysa.autodb.metadata.jdbc.loader.JdbcMetadataLoader - Table loaded:
[!!!org.angnysa.autodb.metadata.jdbc.JdbcTable@696dea11=>java.lang.NullPointerException:Cannot invoke "org.angnysa.autodb.metadata.jdbc.JdbcDatabase.getRelations(org.angnysa.autodb.metadata.jdbc.JdbcTable)" because "this.database" is null!!!]
23:58:14.058 [main] TRACE org.angnysa.autodb.metadata.jdbc.loader.JdbcMetadataLoader - Column loaded: PUBLIC.PUBLIC.TEST_M2M_A :: JdbcColumn ID1 INTEGER(mandatory, len < 32) 
23:58:14.058 [main] TRACE org.angnysa.autodb.metadata.jdbc.loader.JdbcMetadataLoader - Column loaded: PUBLIC.PUBLIC.TEST_M2M_A :: JdbcColumn ID2 INTEGER(mandatory, len < 32) 
23:58:14.058 [main] TRACE org.angnysa.autodb.metadata.jdbc.loader.JdbcMetadataLoader - Index loaded: PUBLIC.PUBLIC.TEST_M2M_A :: JdbcUniqueIndex [unique] name: 'SYS_IDX_PK_TEST_M2M_A_10127', columns: ('ID1', 'ID2')
23:58:14.058 [main] TRACE org.angnysa.autodb.metadata.jdbc.loader.JdbcMetadataLoader - Primary Key loaded: PUBLIC.PUBLIC.TEST_M2M_A :: JdbcUniqueIndex [unique] name: 'PK_TEST_M2M_A', columns: ('ID1', 'ID2')
23:58:14.058 [main] TRACE org.angnysa.autodb.metadata.jdbc.loader.JdbcMetadataLoader - Table loaded:
[!!!org.angnysa.autodb.metadata.jdbc.JdbcTable@4a30fa8f=>java.lang.NullPointerException:Cannot invoke "org.angnysa.autodb.metadata.jdbc.JdbcDatabase.getRelations(org.angnysa.autodb.metadata.jdbc.JdbcTable)" because "this.database" is null!!!]
23:58:14.058 [main] TRACE org.angnysa.autodb.metadata.jdbc.loader.JdbcMetadataLoader - Column loaded: PUBLIC.PUBLIC.TEST_M2M_B :: JdbcColumn ID1 INTEGER(mandatory, len < 32) 
23:58:14.058 [main] TRACE org.angnysa.autodb.metadata.jdbc.loader.JdbcMetadataLoader - Column loaded: PUBLIC.PUBLIC.TEST_M2M_B :: JdbcColumn ID2 INTEGER(mandatory, len < 32) 
23:58:14.058 [main] TRACE org.angnysa.autodb.metadata.jdbc.loader.JdbcMetadataLoader - Index loaded: PUBLIC.PUBLIC.TEST_M2M_B :: JdbcUniqueIndex [unique] name: 'SYS_IDX_PK_TEST_M2M_B_10132', columns: ('ID1', 'ID2')
23:58:14.059 [main] TRACE org.angnysa.autodb.metadata.jdbc.loader.JdbcMetadataLoader - Primary Key loaded: PUBLIC.PUBLIC.TEST_M2M_B :: JdbcUniqueIndex [unique] name: 'PK_TEST_M2M_B', columns: ('ID1', 'ID2')
23:58:14.059 [main] TRACE org.angnysa.autodb.metadata.jdbc.loader.JdbcMetadataLoader - Table loaded:
[!!!org.angnysa.autodb.metadata.jdbc.JdbcTable@78c93cdc=>java.lang.NullPointerException:Cannot invoke "org.angnysa.autodb.metadata.jdbc.JdbcDatabase.getRelations(org.angnysa.autodb.metadata.jdbc.JdbcTable)" because "this.database" is null!!!]
23:58:14.059 [main] TRACE org.angnysa.autodb.metadata.jdbc.loader.JdbcMetadataLoader - Column loaded: PUBLIC.PUBLIC.TEST_M2M_REL :: JdbcColumn AB_ID1 INTEGER(mandatory, len < 32) 
23:58:14.059 [main] TRACE org.angnysa.autodb.metadata.jdbc.loader.JdbcMetadataLoader - Column loaded: PUBLIC.PUBLIC.TEST_M2M_REL :: JdbcColumn A_ID2 INTEGER(mandatory, len < 32) 
23:58:14.059 [main] TRACE org.angnysa.autodb.metadata.jdbc.loader.JdbcMetadataLoader - Column loaded: PUBLIC.PUBLIC.TEST_M2M_REL :: JdbcColumn B_ID2 INTEGER(mandatory, len < 32) 
23:58:14.059 [main] TRACE org.angnysa.autodb.metadata.jdbc.loader.JdbcMetadataLoader - Index loaded: PUBLIC.PUBLIC.TEST_M2M_REL :: JdbcIndex [index] name: 'SYS_IDX_FK_TEST_M2M_REL_B_10144', columns: ('AB_ID1', 'B_ID2')
23:58:14.059 [main] TRACE org.angnysa.autodb.metadata.jdbc.loader.JdbcMetadataLoader - Index loaded: PUBLIC.PUBLIC.TEST_M2M_REL :: JdbcUniqueIndex [unique] name: 'SYS_IDX_PK_TEST_M2M_REL_10138', columns: ('AB_ID1', 'A_ID2', 'B_ID2')
23:58:14.059 [main] TRACE org.angnysa.autodb.metadata.jdbc.loader.JdbcMetadataLoader - Index loaded: PUBLIC.PUBLIC.TEST_M2M_REL :: JdbcIndex [index] name: 'SYS_IDX_FK_TEST_M2M_REL_A_10142', columns: ('AB_ID1', 'A_ID2')
23:58:14.060 [main] TRACE org.angnysa.autodb.metadata.jdbc.loader.JdbcMetadataLoader - Primary Key loaded: PUBLIC.PUBLIC.TEST_M2M_REL :: JdbcUniqueIndex [unique] name: 'PK_TEST_M2M_REL', columns: ('AB_ID1', 'A_ID2', 'B_ID2')
23:58:14.060 [main] TRACE org.angnysa.autodb.metadata.jdbc.loader.JdbcMetadataLoader - Table loaded:
[!!!org.angnysa.autodb.metadata.jdbc.JdbcTable@1ba9cb25=>java.lang.NullPointerException:Cannot invoke "org.angnysa.autodb.metadata.jdbc.JdbcDatabase.getRelations(org.angnysa.autodb.metadata.jdbc.JdbcTable)" because "this.database" is null!!!]
]]></system-out>
  </testcase>
  <testcase name="testLoadForeignKeys" classname="org.angnysa.autodb.metadata.jdbc.loader.db.TestJdbcMetadataLoader_HSqlDb" time="0.03">
    <error type="java.lang.IllegalStateException"><![CDATA[java.lang.IllegalStateException: No table named 'PUBLIC.PUBLIC.TEST_121_B'
]]></error>
    <system-out><![CDATA[23:58:14.061 [main] DEBUG org.angnysa.autodb.metadata.jdbc.loader.AbstractJdbcMetadataLoaderTester - Target table: TEST_121_B
23:58:14.061 [main] DEBUG org.angnysa.autodb.metadata.jdbc.loader.AbstractJdbcMetadataLoaderTester - Expected Foreign Keys: [ExpectedForeignKey(name=FK_TEST_121_B_A, mandatory=true, referencingColumns=[A_ID1, A_ID2], referencedTable=TEST_121_A, referencedColumns=[ID1, ID2])]
23:58:14.083 [main] TRACE org.angnysa.autodb.metadata.jdbc.loader.JdbcMetadataLoader - Column loaded: PUBLIC.PUBLIC.TEST_121_A :: JdbcColumn ID1 INTEGER(mandatory, len < 32) 
23:58:14.083 [main] TRACE org.angnysa.autodb.metadata.jdbc.loader.JdbcMetadataLoader - Column loaded: PUBLIC.PUBLIC.TEST_121_A :: JdbcColumn ID2 INTEGER(mandatory, len < 32) 
23:58:14.084 [main] TRACE org.angnysa.autodb.metadata.jdbc.loader.JdbcMetadataLoader - Index loaded: PUBLIC.PUBLIC.TEST_121_A :: JdbcUniqueIndex [unique] name: 'SYS_IDX_PK_TEST_121_A_10094', columns: ('ID1', 'ID2')
23:58:14.085 [main] TRACE org.angnysa.autodb.metadata.jdbc.loader.JdbcMetadataLoader - Primary Key loaded: PUBLIC.PUBLIC.TEST_121_A :: JdbcUniqueIndex [unique] name: 'PK_TEST_121_A', columns: ('ID1', 'ID2')
23:58:14.085 [main] TRACE org.angnysa.autodb.metadata.jdbc.loader.JdbcMetadataLoader - Table loaded:
[!!!org.angnysa.autodb.metadata.jdbc.JdbcTable@7609b7c5=>java.lang.NullPointerException:Cannot invoke "org.angnysa.autodb.metadata.jdbc.JdbcDatabase.getRelations(org.angnysa.autodb.metadata.jdbc.JdbcTable)" because "this.database" is null!!!]
23:58:14.085 [main] TRACE org.angnysa.autodb.metadata.jdbc.loader.JdbcMetadataLoader - Column loaded: PUBLIC.PUBLIC.TEST_121_B :: JdbcColumn ID1 INTEGER(mandatory, len < 32) 
23:58:14.085 [main] TRACE org.angnysa.autodb.metadata.jdbc.loader.JdbcMetadataLoader - Column loaded: PUBLIC.PUBLIC.TEST_121_B :: JdbcColumn ID2 INTEGER(mandatory, len < 32) 
23:58:14.085 [main] TRACE org.angnysa.autodb.metadata.jdbc.loader.JdbcMetadataLoader - Column loaded: PUBLIC.PUBLIC.TEST_121_B :: JdbcColumn A_ID1 INTEGER(mandatory, len < 32) 
23:58:14.085 [main] TRACE org.angnysa.autodb.metadata.jdbc.loader.JdbcMetadataLoader - Column loaded: PUBLIC.PUBLIC.TEST_121_B :: JdbcColumn A_ID2 INTEGER(mandatory, len < 32) 
23:58:14.085 [main] TRACE org.angnysa.autodb.metadata.jdbc.loader.JdbcMetadataLoader - Index loaded: PUBLIC.PUBLIC.TEST_121_B :: JdbcUniqueIndex [unique] name: 'SYS_IDX_UK_TEST_121_B_10106', columns: ('A_ID1', 'A_ID2')
23:58:14.085 [main] TRACE org.angnysa.autodb.metadata.jdbc.loader.JdbcMetadataLoader - Index loaded: PUBLIC.PUBLIC.TEST_121_B :: JdbcUniqueIndex [unique] name: 'SYS_IDX_PK_TEST_121_B_10101', columns: ('ID1', 'ID2')
23:58:14.085 [main] TRACE org.angnysa.autodb.metadata.jdbc.loader.JdbcMetadataLoader - Index loaded: PUBLIC.PUBLIC.TEST_121_B :: JdbcIndex [index] name: 'SYS_IDX_FK_TEST_121_B_A_10107', columns: ('A_ID1', 'A_ID2')
23:58:14.086 [main] TRACE org.angnysa.autodb.metadata.jdbc.loader.JdbcMetadataLoader - Primary Key loaded: PUBLIC.PUBLIC.TEST_121_B :: JdbcUniqueIndex [unique] name: 'PK_TEST_121_B', columns: ('ID1', 'ID2')
23:58:14.086 [main] TRACE org.angnysa.autodb.metadata.jdbc.loader.JdbcMetadataLoader - Table loaded:
[!!!org.angnysa.autodb.metadata.jdbc.JdbcTable@331bd9f2=>java.lang.NullPointerException:Cannot invoke "org.angnysa.autodb.metadata.jdbc.JdbcDatabase.getRelations(org.angnysa.autodb.metadata.jdbc.JdbcTable)" because "this.database" is null!!!]
23:58:14.086 [main] TRACE org.angnysa.autodb.metadata.jdbc.loader.JdbcMetadataLoader - Column loaded: PUBLIC.PUBLIC.TEST_M21_A :: JdbcColumn ID1 INTEGER(mandatory, len < 32) 
23:58:14.086 [main] TRACE org.angnysa.autodb.metadata.jdbc.loader.JdbcMetadataLoader - Column loaded: PUBLIC.PUBLIC.TEST_M21_A :: JdbcColumn ID2 INTEGER(mandatory, len < 32) 
23:58:14.086 [main] TRACE org.angnysa.autodb.metadata.jdbc.loader.JdbcMetadataLoader - Index loaded: PUBLIC.PUBLIC.TEST_M21_A :: JdbcUniqueIndex [unique] name: 'SYS_IDX_PK_TEST_M21_A_10111', columns: ('ID1', 'ID2')
23:58:14.086 [main] TRACE org.angnysa.autodb.metadata.jdbc.loader.JdbcMetadataLoader - Primary Key loaded: PUBLIC.PUBLIC.TEST_M21_A :: JdbcUniqueIndex [unique] name: 'PK_TEST_M21_A', columns: ('ID1', 'ID2')
23:58:14.086 [main] TRACE org.angnysa.autodb.metadata.jdbc.loader.JdbcMetadataLoader - Table loaded:
[!!!org.angnysa.autodb.metadata.jdbc.JdbcTable@337ab4a2=>java.lang.NullPointerException:Cannot invoke "org.angnysa.autodb.metadata.jdbc.JdbcDatabase.getRelations(org.angnysa.autodb.metadata.jdbc.JdbcTable)" because "this.database" is null!!!]
23:58:14.087 [main] TRACE org.angnysa.autodb.metadata.jdbc.loader.JdbcMetadataLoader - Column loaded: PUBLIC.PUBLIC.TEST_M21_B :: JdbcColumn ID1 INTEGER(mandatory, len < 32) 
23:58:14.087 [main] TRACE org.angnysa.autodb.metadata.jdbc.loader.JdbcMetadataLoader - Column loaded: PUBLIC.PUBLIC.TEST_M21_B :: JdbcColumn ID2 INTEGER(mandatory, len < 32) 
23:58:14.087 [main] TRACE org.angnysa.autodb.metadata.jdbc.loader.JdbcMetadataLoader - Column loaded: PUBLIC.PUBLIC.TEST_M21_B :: JdbcColumn A_ID1 INTEGER(mandatory, len < 32) 
23:58:14.087 [main] TRACE org.angnysa.autodb.metadata.jdbc.loader.JdbcMetadataLoader - Column loaded: PUBLIC.PUBLIC.TEST_M21_B :: JdbcColumn A_ID2 INTEGER(mandatory, len < 32) 
23:58:14.087 [main] TRACE org.angnysa.autodb.metadata.jdbc.loader.JdbcMetadataLoader - Index loaded: PUBLIC.PUBLIC.TEST_M21_B :: JdbcIndex [index] name: 'ID_TEST_M21_B_A', columns: ('A_ID1', 'A_ID2')
23:58:14.087 [main] TRACE org.angnysa.autodb.metadata.jdbc.loader.JdbcMetadataLoader - Index loaded: PUBLIC.PUBLIC.TEST_M21_B :: JdbcIndex [index] name: 'SYS_IDX_FK_TEST_M21_B_A_10123', columns: ('A_ID1', 'A_ID2')
23:58:14.087 [main] TRACE org.angnysa.autodb.metadata.jdbc.loader.JdbcMetadataLoader - Index loaded: PUBLIC.PUBLIC.TEST_M21_B :: JdbcUniqueIndex [unique] name: 'SYS_IDX_PK_TEST_M21_B_10118', columns: ('ID1', 'ID2')
23:58:14.087 [main] TRACE org.angnysa.autodb.metadata.jdbc.loader.JdbcMetadataLoader - Primary Key loaded: PUBLIC.PUBLIC.TEST_M21_B :: JdbcUniqueIndex [unique] name: 'PK_TEST_M21_B', columns: ('ID1', 'ID2')
23:58:14.087 [main] TRACE org.angnysa.autodb.metadata.jdbc.loader.JdbcMetadataLoader - Table loaded:
[!!!org.angnysa.autodb.metadata.jdbc.JdbcTable@141cc645=>java.lang.NullPointerException:Cannot invoke "org.angnysa.autodb.metadata.jdbc.JdbcDatabase.getRelations(org.angnysa.autodb.metadata.jdbc.JdbcTable)" because "this.database" is null!!!]
23:58:14.088 [main] TRACE org.angnysa.autodb.metadata.jdbc.loader.JdbcMetadataLoader - Column loaded: PUBLIC.PUBLIC.TEST_M2M_A :: JdbcColumn ID1 INTEGER(mandatory, len < 32) 
23:58:14.088 [main] TRACE org.angnysa.autodb.metadata.jdbc.loader.JdbcMetadataLoader - Column loaded: PUBLIC.PUBLIC.TEST_M2M_A :: JdbcColumn ID2 INTEGER(mandatory, len < 32) 
23:58:14.088 [main] TRACE org.angnysa.autodb.metadata.jdbc.loader.JdbcMetadataLoader - Index loaded: PUBLIC.PUBLIC.TEST_M2M_A :: JdbcUniqueIndex [unique] name: 'SYS_IDX_PK_TEST_M2M_A_10127', columns: ('ID1', 'ID2')
23:58:14.088 [main] TRACE org.angnysa.autodb.metadata.jdbc.loader.JdbcMetadataLoader - Primary Key loaded: PUBLIC.PUBLIC.TEST_M2M_A :: JdbcUniqueIndex [unique] name: 'PK_TEST_M2M_A', columns: ('ID1', 'ID2')
23:58:14.088 [main] TRACE org.angnysa.autodb.metadata.jdbc.loader.JdbcMetadataLoader - Table loaded:
[!!!org.angnysa.autodb.metadata.jdbc.JdbcTable@4184aa78=>java.lang.NullPointerException:Cannot invoke "org.angnysa.autodb.metadata.jdbc.JdbcDatabase.getRelations(org.angnysa.autodb.metadata.jdbc.JdbcTable)" because "this.database" is null!!!]
23:58:14.088 [main] TRACE org.angnysa.autodb.metadata.jdbc.loader.JdbcMetadataLoader - Column loaded: PUBLIC.PUBLIC.TEST_M2M_B :: JdbcColumn ID1 INTEGER(mandatory, len < 32) 
23:58:14.088 [main] TRACE org.angnysa.autodb.metadata.jdbc.loader.JdbcMetadataLoader - Column loaded: PUBLIC.PUBLIC.TEST_M2M_B :: JdbcColumn ID2 INTEGER(mandatory, len < 32) 
23:58:14.089 [main] TRACE org.angnysa.autodb.metadata.jdbc.loader.JdbcMetadataLoader - Index loaded: PUBLIC.PUBLIC.TEST_M2M_B :: JdbcUniqueIndex [unique] name: 'SYS_IDX_PK_TEST_M2M_B_10132', columns: ('ID1', 'ID2')
23:58:14.089 [main] TRACE org.angnysa.autodb.metadata.jdbc.loader.JdbcMetadataLoader - Primary Key loaded: PUBLIC.PUBLIC.TEST_M2M_B :: JdbcUniqueIndex [unique] name: 'PK_TEST_M2M_B', columns: ('ID1', 'ID2')
23:58:14.089 [main] TRACE org.angnysa.autodb.metadata.jdbc.loader.JdbcMetadataLoader - Table loaded:
[!!!org.angnysa.autodb.metadata.jdbc.JdbcTable@9f1f42c=>java.lang.NullPointerException:Cannot invoke "org.angnysa.autodb.metadata.jdbc.JdbcDatabase.getRelations(org.angnysa.autodb.metadata.jdbc.JdbcTable)" because "this.database" is null!!!]
23:58:14.089 [main] TRACE org.angnysa.autodb.metadata.jdbc.loader.JdbcMetadataLoader - Column loaded: PUBLIC.PUBLIC.TEST_M2M_REL :: JdbcColumn AB_ID1 INTEGER(mandatory, len < 32) 
23:58:14.089 [main] TRACE org.angnysa.autodb.metadata.jdbc.loader.JdbcMetadataLoader - Column loaded: PUBLIC.PUBLIC.TEST_M2M_REL :: JdbcColumn A_ID2 INTEGER(mandatory, len < 32) 
23:58:14.089 [main] TRACE org.angnysa.autodb.metadata.jdbc.loader.JdbcMetadataLoader - Column loaded: PUBLIC.PUBLIC.TEST_M2M_REL :: JdbcColumn B_ID2 INTEGER(mandatory, len < 32) 
23:58:14.089 [main] TRACE org.angnysa.autodb.metadata.jdbc.loader.JdbcMetadataLoader - Index loaded: PUBLIC.PUBLIC.TEST_M2M_REL :: JdbcIndex [index] name: 'SYS_IDX_FK_TEST_M2M_REL_B_10144', columns: ('AB_ID1', 'B_ID2')
23:58:14.089 [main] TRACE org.angnysa.autodb.metadata.jdbc.loader.JdbcMetadataLoader - Index loaded: PUBLIC.PUBLIC.TEST_M2M_REL :: JdbcUniqueIndex [unique] name: 'SYS_IDX_PK_TEST_M2M_REL_10138', columns: ('AB_ID1', 'A_ID2', 'B_ID2')
23:58:14.090 [main] TRACE org.angnysa.autodb.metadata.jdbc.loader.JdbcMetadataLoader - Index loaded: PUBLIC.PUBLIC.TEST_M2M_REL :: JdbcIndex [index] name: 'SYS_IDX_FK_TEST_M2M_REL_A_10142', columns: ('AB_ID1', 'A_ID2')
23:58:14.090 [main] TRACE org.angnysa.autodb.metadata.jdbc.loader.JdbcMetadataLoader - Primary Key loaded: PUBLIC.PUBLIC.TEST_M2M_REL :: JdbcUniqueIndex [unique] name: 'PK_TEST_M2M_REL', columns: ('AB_ID1', 'A_ID2', 'B_ID2')
23:58:14.090 [main] TRACE org.angnysa.autodb.metadata.jdbc.loader.JdbcMetadataLoader - Table loaded:
[!!!org.angnysa.autodb.metadata.jdbc.JdbcTable@20337a79=>java.lang.NullPointerException:Cannot invoke "org.angnysa.autodb.metadata.jdbc.JdbcDatabase.getRelations(org.angnysa.autodb.metadata.jdbc.JdbcTable)" because "this.database" is null!!!]
]]></system-out>
  </testcase>
  <testcase name="testLoadForeignKeys" classname="org.angnysa.autodb.metadata.jdbc.loader.db.TestJdbcMetadataLoader_HSqlDb" time="0.029">
    <system-out><![CDATA[23:58:14.091 [main] DEBUG org.angnysa.autodb.metadata.jdbc.loader.AbstractJdbcMetadataLoaderTester - Target table: TEST_M21_A
23:58:14.091 [main] DEBUG org.angnysa.autodb.metadata.jdbc.loader.AbstractJdbcMetadataLoaderTester - Expected Foreign Keys: []
23:58:14.109 [main] TRACE org.angnysa.autodb.metadata.jdbc.loader.JdbcMetadataLoader - Column loaded: PUBLIC.PUBLIC.TEST_121_A :: JdbcColumn ID1 INTEGER(mandatory, len < 32) 
23:58:14.109 [main] TRACE org.angnysa.autodb.metadata.jdbc.loader.JdbcMetadataLoader - Column loaded: PUBLIC.PUBLIC.TEST_121_A :: JdbcColumn ID2 INTEGER(mandatory, len < 32) 
23:58:14.110 [main] TRACE org.angnysa.autodb.metadata.jdbc.loader.JdbcMetadataLoader - Index loaded: PUBLIC.PUBLIC.TEST_121_A :: JdbcUniqueIndex [unique] name: 'SYS_IDX_PK_TEST_121_A_10094', columns: ('ID1', 'ID2')
23:58:14.110 [main] TRACE org.angnysa.autodb.metadata.jdbc.loader.JdbcMetadataLoader - Primary Key loaded: PUBLIC.PUBLIC.TEST_121_A :: JdbcUniqueIndex [unique] name: 'PK_TEST_121_A', columns: ('ID1', 'ID2')
23:58:14.110 [main] TRACE org.angnysa.autodb.metadata.jdbc.loader.JdbcMetadataLoader - Table loaded:
[!!!org.angnysa.autodb.metadata.jdbc.JdbcTable@379ebfa0=>java.lang.NullPointerException:Cannot invoke "org.angnysa.autodb.metadata.jdbc.JdbcDatabase.getRelations(org.angnysa.autodb.metadata.jdbc.JdbcTable)" because "this.database" is null!!!]
23:58:14.111 [main] TRACE org.angnysa.autodb.metadata.jdbc.loader.JdbcMetadataLoader - Column loaded: PUBLIC.PUBLIC.TEST_121_B :: JdbcColumn ID1 INTEGER(mandatory, len < 32) 
23:58:14.111 [main] TRACE org.angnysa.autodb.metadata.jdbc.loader.JdbcMetadataLoader - Column loaded: PUBLIC.PUBLIC.TEST_121_B :: JdbcColumn ID2 INTEGER(mandatory, len < 32) 
23:58:14.111 [main] TRACE org.angnysa.autodb.metadata.jdbc.loader.JdbcMetadataLoader - Column loaded: PUBLIC.PUBLIC.TEST_121_B :: JdbcColumn A_ID1 INTEGER(mandatory, len < 32) 
23:58:14.111 [main] TRACE org.angnysa.autodb.metadata.jdbc.loader.JdbcMetadataLoader - Column loaded: PUBLIC.PUBLIC.TEST_121_B :: JdbcColumn A_ID2 INTEGER(mandatory, len < 32) 
23:58:14.111 [main] TRACE org.angnysa.autodb.metadata.jdbc.loader.JdbcMetadataLoader - Index loaded: PUBLIC.PUBLIC.TEST_121_B :: JdbcUniqueIndex [unique] name: 'SYS_IDX_UK_TEST_121_B_10106', columns: ('A_ID1', 'A_ID2')
23:58:14.111 [main] TRACE org.angnysa.autodb.metadata.jdbc.loader.JdbcMetadataLoader - Index loaded: PUBLIC.PUBLIC.TEST_121_B :: JdbcUniqueIndex [unique] name: 'SYS_IDX_PK_TEST_121_B_10101', columns: ('ID1', 'ID2')
23:58:14.111 [main] TRACE org.angnysa.autodb.metadata.jdbc.loader.JdbcMetadataLoader - Index loaded: PUBLIC.PUBLIC.TEST_121_B :: JdbcIndex [index] name: 'SYS_IDX_FK_TEST_121_B_A_10107', columns: ('A_ID1', 'A_ID2')
23:58:14.111 [main] TRACE org.angnysa.autodb.metadata.jdbc.loader.JdbcMetadataLoader - Primary Key loaded: PUBLIC.PUBLIC.TEST_121_B :: JdbcUniqueIndex [unique] name: 'PK_TEST_121_B', columns: ('ID1', 'ID2')
23:58:14.111 [main] TRACE org.angnysa.autodb.metadata.jdbc.loader.JdbcMetadataLoader - Table loaded:
[!!!org.angnysa.autodb.metadata.jdbc.JdbcTable@5589b8ed=>java.lang.NullPointerException:Cannot invoke "org.angnysa.autodb.metadata.jdbc.JdbcDatabase.getRelations(org.angnysa.autodb.metadata.jdbc.JdbcTable)" because "this.database" is null!!!]
23:58:14.112 [main] TRACE org.angnysa.autodb.metadata.jdbc.loader.JdbcMetadataLoader - Column loaded: PUBLIC.PUBLIC.TEST_M21_A :: JdbcColumn ID1 INTEGER(mandatory, len < 32) 
23:58:14.112 [main] TRACE org.angnysa.autodb.metadata.jdbc.loader.JdbcMetadataLoader - Column loaded: PUBLIC.PUBLIC.TEST_M21_A :: JdbcColumn ID2 INTEGER(mandatory, len < 32) 
23:58:14.112 [main] TRACE org.angnysa.autodb.metadata.jdbc.loader.JdbcMetadataLoader - Index loaded: PUBLIC.PUBLIC.TEST_M21_A :: JdbcUniqueIndex [unique] name: 'SYS_IDX_PK_TEST_M21_A_10111', columns: ('ID1', 'ID2')
23:58:14.112 [main] TRACE org.angnysa.autodb.metadata.jdbc.loader.JdbcMetadataLoader - Primary Key loaded: PUBLIC.PUBLIC.TEST_M21_A :: JdbcUniqueIndex [unique] name: 'PK_TEST_M21_A', columns: ('ID1', 'ID2')
23:58:14.112 [main] TRACE org.angnysa.autodb.metadata.jdbc.loader.JdbcMetadataLoader - Table loaded:
[!!!org.angnysa.autodb.metadata.jdbc.JdbcTable@2d8d2832=>java.lang.NullPointerException:Cannot invoke "org.angnysa.autodb.metadata.jdbc.JdbcDatabase.getRelations(org.angnysa.autodb.metadata.jdbc.JdbcTable)" because "this.database" is null!!!]
23:58:14.112 [main] TRACE org.angnysa.autodb.metadata.jdbc.loader.JdbcMetadataLoader - Column loaded: PUBLIC.PUBLIC.TEST_M21_B :: JdbcColumn ID1 INTEGER(mandatory, len < 32) 
23:58:14.112 [main] TRACE org.angnysa.autodb.metadata.jdbc.loader.JdbcMetadataLoader - Column loaded: PUBLIC.PUBLIC.TEST_M21_B :: JdbcColumn ID2 INTEGER(mandatory, len < 32) 
23:58:14.112 [main] TRACE org.angnysa.autodb.metadata.jdbc.loader.JdbcMetadataLoader - Column loaded: PUBLIC.PUBLIC.TEST_M21_B :: JdbcColumn A_ID1 INTEGER(mandatory, len < 32) 
23:58:14.112 [main] TRACE org.angnysa.autodb.metadata.jdbc.loader.JdbcMetadataLoader - Column loaded: PUBLIC.PUBLIC.TEST_M21_B :: JdbcColumn A_ID2 INTEGER(mandatory, len < 32) 
23:58:14.113 [main] TRACE org.angnysa.autodb.metadata.jdbc.loader.JdbcMetadataLoader - Index loaded: PUBLIC.PUBLIC.TEST_M21_B :: JdbcIndex [index] name: 'ID_TEST_M21_B_A', columns: ('A_ID1', 'A_ID2')
23:58:14.113 [main] TRACE org.angnysa.autodb.metadata.jdbc.loader.JdbcMetadataLoader - Index loaded: PUBLIC.PUBLIC.TEST_M21_B :: JdbcIndex [index] name: 'SYS_IDX_FK_TEST_M21_B_A_10123', columns: ('A_ID1', 'A_ID2')
23:58:14.113 [main] TRACE org.angnysa.autodb.metadata.jdbc.loader.JdbcMetadataLoader - Index loaded: PUBLIC.PUBLIC.TEST_M21_B :: JdbcUniqueIndex [unique] name: 'SYS_IDX_PK_TEST_M21_B_10118', columns: ('ID1', 'ID2')
23:58:14.116 [main] TRACE org.angnysa.autodb.metadata.jdbc.loader.JdbcMetadataLoader - Primary Key loaded: PUBLIC.PUBLIC.TEST_M21_B :: JdbcUniqueIndex [unique] name: 'PK_TEST_M21_B', columns: ('ID1', 'ID2')
23:58:14.117 [main] TRACE org.angnysa.autodb.metadata.jdbc.loader.JdbcMetadataLoader - Table loaded:
[!!!org.angnysa.autodb.metadata.jdbc.JdbcTable@2ad557a5=>java.lang.NullPointerException:Cannot invoke "org.angnysa.autodb.metadata.jdbc.JdbcDatabase.getRelations(org.angnysa.autodb.metadata.jdbc.JdbcTable)" because "this.database" is null!!!]
23:58:14.117 [main] TRACE org.angnysa.autodb.metadata.jdbc.loader.JdbcMetadataLoader - Column loaded: PUBLIC.PUBLIC.TEST_M2M_A :: JdbcColumn ID1 INTEGER(mandatory, len < 32) 
23:58:14.117 [main] TRACE org.angnysa.autodb.metadata.jdbc.loader.JdbcMetadataLoader - Column loaded: PUBLIC.PUBLIC.TEST_M2M_A :: JdbcColumn ID2 INTEGER(mandatory, len < 32) 
23:58:14.117 [main] TRACE org.angnysa.autodb.metadata.jdbc.loader.JdbcMetadataLoader - Index loaded: PUBLIC.PUBLIC.TEST_M2M_A :: JdbcUniqueIndex [unique] name: 'SYS_IDX_PK_TEST_M2M_A_10127', columns: ('ID1', 'ID2')
23:58:14.118 [main] TRACE org.angnysa.autodb.metadata.jdbc.loader.JdbcMetadataLoader - Primary Key loaded: PUBLIC.PUBLIC.TEST_M2M_A :: JdbcUniqueIndex [unique] name: 'PK_TEST_M2M_A', columns: ('ID1', 'ID2')
23:58:14.118 [main] TRACE org.angnysa.autodb.metadata.jdbc.loader.JdbcMetadataLoader - Table loaded:
[!!!org.angnysa.autodb.metadata.jdbc.JdbcTable@29ed425e=>java.lang.NullPointerException:Cannot invoke "org.angnysa.autodb.metadata.jdbc.JdbcDatabase.getRelations(org.angnysa.autodb.metadata.jdbc.JdbcTable)" because "this.database" is null!!!]
23:58:14.118 [main] TRACE org.angnysa.autodb.metadata.jdbc.loader.JdbcMetadataLoader - Column loaded: PUBLIC.PUBLIC.TEST_M2M_B :: JdbcColumn ID1 INTEGER(mandatory, len < 32) 
23:58:14.118 [main] TRACE org.angnysa.autodb.metadata.jdbc.loader.JdbcMetadataLoader - Column loaded: PUBLIC.PUBLIC.TEST_M2M_B :: JdbcColumn ID2 INTEGER(mandatory, len < 32) 
23:58:14.118 [main] TRACE org.angnysa.autodb.metadata.jdbc.loader.JdbcMetadataLoader - Index loaded: PUBLIC.PUBLIC.TEST_M2M_B :: JdbcUniqueIndex [unique] name: 'SYS_IDX_PK_TEST_M2M_B_10132', columns: ('ID1', 'ID2')
23:58:14.118 [main] TRACE org.angnysa.autodb.metadata.jdbc.loader.JdbcMetadataLoader - Primary Key loaded: PUBLIC.PUBLIC.TEST_M2M_B :: JdbcUniqueIndex [unique] name: 'PK_TEST_M2M_B', columns: ('ID1', 'ID2')
23:58:14.118 [main] TRACE org.angnysa.autodb.metadata.jdbc.loader.JdbcMetadataLoader - Table loaded:
[!!!org.angnysa.autodb.metadata.jdbc.JdbcTable@341df52=>java.lang.NullPointerException:Cannot invoke "org.angnysa.autodb.metadata.jdbc.JdbcDatabase.getRelations(org.angnysa.autodb.metadata.jdbc.JdbcTable)" because "this.database" is null!!!]
23:58:14.119 [main] TRACE org.angnysa.autodb.metadata.jdbc.loader.JdbcMetadataLoader - Column loaded: PUBLIC.PUBLIC.TEST_M2M_REL :: JdbcColumn AB_ID1 INTEGER(mandatory, len < 32) 
23:58:14.119 [main] TRACE org.angnysa.autodb.metadata.jdbc.loader.JdbcMetadataLoader - Column loaded: PUBLIC.PUBLIC.TEST_M2M_REL :: JdbcColumn A_ID2 INTEGER(mandatory, len < 32) 
23:58:14.119 [main] TRACE org.angnysa.autodb.metadata.jdbc.loader.JdbcMetadataLoader - Column loaded: PUBLIC.PUBLIC.TEST_M2M_REL :: JdbcColumn B_ID2 INTEGER(mandatory, len < 32) 
23:58:14.119 [main] TRACE org.angnysa.autodb.metadata.jdbc.loader.JdbcMetadataLoader - Index loaded: PUBLIC.PUBLIC.TEST_M2M_REL :: JdbcIndex [index] name: 'SYS_IDX_FK_TEST_M2M_REL_B_10144', columns: ('AB_ID1', 'B_ID2')
23:58:14.119 [main] TRACE org.angnysa.autodb.metadata.jdbc.loader.JdbcMetadataLoader - Index loaded: PUBLIC.PUBLIC.TEST_M2M_REL :: JdbcUniqueIndex [unique] name: 'SYS_IDX_PK_TEST_M2M_REL_10138', columns: ('AB_ID1', 'A_ID2', 'B_ID2')
23:58:14.119 [main] TRACE org.angnysa.autodb.metadata.jdbc.loader.JdbcMetadataLoader - Index loaded: PUBLIC.PUBLIC.TEST_M2M_REL :: JdbcIndex [index] name: 'SYS_IDX_FK_TEST_M2M_REL_A_10142', columns: ('AB_ID1', 'A_ID2')
23:58:14.119 [main] TRACE org.angnysa.autodb.metadata.jdbc.loader.JdbcMetadataLoader - Primary Key loaded: PUBLIC.PUBLIC.TEST_M2M_REL :: JdbcUniqueIndex [unique] name: 'PK_TEST_M2M_REL', columns: ('AB_ID1', 'A_ID2', 'B_ID2')
23:58:14.119 [main] TRACE org.angnysa.autodb.metadata.jdbc.loader.JdbcMetadataLoader - Table loaded:
[!!!org.angnysa.autodb.metadata.jdbc.JdbcTable@27d8008a=>java.lang.NullPointerException:Cannot invoke "org.angnysa.autodb.metadata.jdbc.JdbcDatabase.getRelations(org.angnysa.autodb.metadata.jdbc.JdbcTable)" because "this.database" is null!!!]
]]></system-out>
  </testcase>
  <testcase name="testLoadForeignKeys" classname="org.angnysa.autodb.metadata.jdbc.loader.db.TestJdbcMetadataLoader_HSqlDb" time="0.033">
    <error type="java.lang.IllegalStateException"><![CDATA[java.lang.IllegalStateException: No table named 'PUBLIC.PUBLIC.TEST_M21_B'
]]></error>
    <system-out><![CDATA[23:58:14.120 [main] DEBUG org.angnysa.autodb.metadata.jdbc.loader.AbstractJdbcMetadataLoaderTester - Target table: TEST_M21_B
23:58:14.126 [main] DEBUG org.angnysa.autodb.metadata.jdbc.loader.AbstractJdbcMetadataLoaderTester - Expected Foreign Keys: [ExpectedForeignKey(name=FK_TEST_M21_B_A, mandatory=true, referencingColumns=[A_ID1, A_ID2], referencedTable=TEST_M21_A, referencedColumns=[ID1, ID2])]
23:58:14.147 [main] TRACE org.angnysa.autodb.metadata.jdbc.loader.JdbcMetadataLoader - Column loaded: PUBLIC.PUBLIC.TEST_121_A :: JdbcColumn ID1 INTEGER(mandatory, len < 32) 
23:58:14.147 [main] TRACE org.angnysa.autodb.metadata.jdbc.loader.JdbcMetadataLoader - Column loaded: PUBLIC.PUBLIC.TEST_121_A :: JdbcColumn ID2 INTEGER(mandatory, len < 32) 
23:58:14.148 [main] TRACE org.angnysa.autodb.metadata.jdbc.loader.JdbcMetadataLoader - Index loaded: PUBLIC.PUBLIC.TEST_121_A :: JdbcUniqueIndex [unique] name: 'SYS_IDX_PK_TEST_121_A_10094', columns: ('ID1', 'ID2')
23:58:14.148 [main] TRACE org.angnysa.autodb.metadata.jdbc.loader.JdbcMetadataLoader - Primary Key loaded: PUBLIC.PUBLIC.TEST_121_A :: JdbcUniqueIndex [unique] name: 'PK_TEST_121_A', columns: ('ID1', 'ID2')
23:58:14.148 [main] TRACE org.angnysa.autodb.metadata.jdbc.loader.JdbcMetadataLoader - Table loaded:
[!!!org.angnysa.autodb.metadata.jdbc.JdbcTable@61c3d248=>java.lang.NullPointerException:Cannot invoke "org.angnysa.autodb.metadata.jdbc.JdbcDatabase.getRelations(org.angnysa.autodb.metadata.jdbc.JdbcTable)" because "this.database" is null!!!]
23:58:14.148 [main] TRACE org.angnysa.autodb.metadata.jdbc.loader.JdbcMetadataLoader - Column loaded: PUBLIC.PUBLIC.TEST_121_B :: JdbcColumn ID1 INTEGER(mandatory, len < 32) 
23:58:14.148 [main] TRACE org.angnysa.autodb.metadata.jdbc.loader.JdbcMetadataLoader - Column loaded: PUBLIC.PUBLIC.TEST_121_B :: JdbcColumn ID2 INTEGER(mandatory, len < 32) 
23:58:14.148 [main] TRACE org.angnysa.autodb.metadata.jdbc.loader.JdbcMetadataLoader - Column loaded: PUBLIC.PUBLIC.TEST_121_B :: JdbcColumn A_ID1 INTEGER(mandatory, len < 32) 
23:58:14.148 [main] TRACE org.angnysa.autodb.metadata.jdbc.loader.JdbcMetadataLoader - Column loaded: PUBLIC.PUBLIC.TEST_121_B :: JdbcColumn A_ID2 INTEGER(mandatory, len < 32) 
23:58:14.149 [main] TRACE org.angnysa.autodb.metadata.jdbc.loader.JdbcMetadataLoader - Index loaded: PUBLIC.PUBLIC.TEST_121_B :: JdbcUniqueIndex [unique] name: 'SYS_IDX_UK_TEST_121_B_10106', columns: ('A_ID1', 'A_ID2')
23:58:14.149 [main] TRACE org.angnysa.autodb.metadata.jdbc.loader.JdbcMetadataLoader - Index loaded: PUBLIC.PUBLIC.TEST_121_B :: JdbcUniqueIndex [unique] name: 'SYS_IDX_PK_TEST_121_B_10101', columns: ('ID1', 'ID2')
23:58:14.149 [main] TRACE org.angnysa.autodb.metadata.jdbc.loader.JdbcMetadataLoader - Index loaded: PUBLIC.PUBLIC.TEST_121_B :: JdbcIndex [index] name: 'SYS_IDX_FK_TEST_121_B_A_10107', columns: ('A_ID1', 'A_ID2')
23:58:14.149 [main] TRACE org.angnysa.autodb.metadata.jdbc.loader.JdbcMetadataLoader - Primary Key loaded: PUBLIC.PUBLIC.TEST_121_B :: JdbcUniqueIndex [unique] name: 'PK_TEST_121_B', columns: ('ID1', 'ID2')
23:58:14.149 [main] TRACE org.angnysa.autodb.metadata.jdbc.loader.JdbcMetadataLoader - Table loaded:
[!!!org.angnysa.autodb.metadata.jdbc.JdbcTable@50a59a0b=>java.lang.NullPointerException:Cannot invoke "org.angnysa.autodb.metadata.jdbc.JdbcDatabase.getRelations(org.angnysa.autodb.metadata.jdbc.JdbcTable)" because "this.database" is null!!!]
23:58:14.149 [main] TRACE org.angnysa.autodb.metadata.jdbc.loader.JdbcMetadataLoader - Column loaded: PUBLIC.PUBLIC.TEST_M21_A :: JdbcColumn ID1 INTEGER(mandatory, len < 32) 
23:58:14.149 [main] TRACE org.angnysa.autodb.metadata.jdbc.loader.JdbcMetadataLoader - Column loaded: PUBLIC.PUBLIC.TEST_M21_A :: JdbcColumn ID2 INTEGER(mandatory, len < 32) 
23:58:14.149 [main] TRACE org.angnysa.autodb.metadata.jdbc.loader.JdbcMetadataLoader - Index loaded: PUBLIC.PUBLIC.TEST_M21_A :: JdbcUniqueIndex [unique] name: 'SYS_IDX_PK_TEST_M21_A_10111', columns: ('ID1', 'ID2')
23:58:14.150 [main] TRACE org.angnysa.autodb.metadata.jdbc.loader.JdbcMetadataLoader - Primary Key loaded: PUBLIC.PUBLIC.TEST_M21_A :: JdbcUniqueIndex [unique] name: 'PK_TEST_M21_A', columns: ('ID1', 'ID2')
23:58:14.150 [main] TRACE org.angnysa.autodb.metadata.jdbc.loader.JdbcMetadataLoader - Table loaded:
[!!!org.angnysa.autodb.metadata.jdbc.JdbcTable@4d236a2b=>java.lang.NullPointerException:Cannot invoke "org.angnysa.autodb.metadata.jdbc.JdbcDatabase.getRelations(org.angnysa.autodb.metadata.jdbc.JdbcTable)" because "this.database" is null!!!]
23:58:14.150 [main] TRACE org.angnysa.autodb.metadata.jdbc.loader.JdbcMetadataLoader - Column loaded: PUBLIC.PUBLIC.TEST_M21_B :: JdbcColumn ID1 INTEGER(mandatory, len < 32) 
23:58:14.150 [main] TRACE org.angnysa.autodb.metadata.jdbc.loader.JdbcMetadataLoader - Column loaded: PUBLIC.PUBLIC.TEST_M21_B :: JdbcColumn ID2 INTEGER(mandatory, len < 32) 
23:58:14.150 [main] TRACE org.angnysa.autodb.metadata.jdbc.loader.JdbcMetadataLoader - Column loaded: PUBLIC.PUBLIC.TEST_M21_B :: JdbcColumn A_ID1 INTEGER(mandatory, len < 32) 
23:58:14.150 [main] TRACE org.angnysa.autodb.metadata.jdbc.loader.JdbcMetadataLoader - Column loaded: PUBLIC.PUBLIC.TEST_M21_B :: JdbcColumn A_ID2 INTEGER(mandatory, len < 32) 
23:58:14.150 [main] TRACE org.angnysa.autodb.metadata.jdbc.loader.JdbcMetadataLoader - Index loaded: PUBLIC.PUBLIC.TEST_M21_B :: JdbcIndex [index] name: 'ID_TEST_M21_B_A', columns: ('A_ID1', 'A_ID2')
23:58:14.150 [main] TRACE org.angnysa.autodb.metadata.jdbc.loader.JdbcMetadataLoader - Index loaded: PUBLIC.PUBLIC.TEST_M21_B :: JdbcIndex [index] name: 'SYS_IDX_FK_TEST_M21_B_A_10123', columns: ('A_ID1', 'A_ID2')
23:58:14.150 [main] TRACE org.angnysa.autodb.metadata.jdbc.loader.JdbcMetadataLoader - Index loaded: PUBLIC.PUBLIC.TEST_M21_B :: JdbcUniqueIndex [unique] name: 'SYS_IDX_PK_TEST_M21_B_10118', columns: ('ID1', 'ID2')
23:58:14.150 [main] TRACE org.angnysa.autodb.metadata.jdbc.loader.JdbcMetadataLoader - Primary Key loaded: PUBLIC.PUBLIC.TEST_M21_B :: JdbcUniqueIndex [unique] name: 'PK_TEST_M21_B', columns: ('ID1', 'ID2')
23:58:14.151 [main] TRACE org.angnysa.autodb.metadata.jdbc.loader.JdbcMetadataLoader - Table loaded:
[!!!org.angnysa.autodb.metadata.jdbc.JdbcTable@440f55ad=>java.lang.NullPointerException:Cannot invoke "org.angnysa.autodb.metadata.jdbc.JdbcDatabase.getRelations(org.angnysa.autodb.metadata.jdbc.JdbcTable)" because "this.database" is null!!!]
23:58:14.151 [main] TRACE org.angnysa.autodb.metadata.jdbc.loader.JdbcMetadataLoader - Column loaded: PUBLIC.PUBLIC.TEST_M2M_A :: JdbcColumn ID1 INTEGER(mandatory, len < 32) 
23:58:14.151 [main] TRACE org.angnysa.autodb.metadata.jdbc.loader.JdbcMetadataLoader - Column loaded: PUBLIC.PUBLIC.TEST_M2M_A :: JdbcColumn ID2 INTEGER(mandatory, len < 32) 
23:58:14.151 [main] TRACE org.angnysa.autodb.metadata.jdbc.loader.JdbcMetadataLoader - Index loaded: PUBLIC.PUBLIC.TEST_M2M_A :: JdbcUniqueIndex [unique] name: 'SYS_IDX_PK_TEST_M2M_A_10127', columns: ('ID1', 'ID2')
23:58:14.151 [main] TRACE org.angnysa.autodb.metadata.jdbc.loader.JdbcMetadataLoader - Primary Key loaded: PUBLIC.PUBLIC.TEST_M2M_A :: JdbcUniqueIndex [unique] name: 'PK_TEST_M2M_A', columns: ('ID1', 'ID2')
23:58:14.151 [main] TRACE org.angnysa.autodb.metadata.jdbc.loader.JdbcMetadataLoader - Table loaded:
[!!!org.angnysa.autodb.metadata.jdbc.JdbcTable@43defae6=>java.lang.NullPointerException:Cannot invoke "org.angnysa.autodb.metadata.jdbc.JdbcDatabase.getRelations(org.angnysa.autodb.metadata.jdbc.JdbcTable)" because "this.database" is null!!!]
23:58:14.151 [main] TRACE org.angnysa.autodb.metadata.jdbc.loader.JdbcMetadataLoader - Column loaded: PUBLIC.PUBLIC.TEST_M2M_B :: JdbcColumn ID1 INTEGER(mandatory, len < 32) 
23:58:14.151 [main] TRACE org.angnysa.autodb.metadata.jdbc.loader.JdbcMetadataLoader - Column loaded: PUBLIC.PUBLIC.TEST_M2M_B :: JdbcColumn ID2 INTEGER(mandatory, len < 32) 
23:58:14.152 [main] TRACE org.angnysa.autodb.metadata.jdbc.loader.JdbcMetadataLoader - Index loaded: PUBLIC.PUBLIC.TEST_M2M_B :: JdbcUniqueIndex [unique] name: 'SYS_IDX_PK_TEST_M2M_B_10132', columns: ('ID1', 'ID2')
23:58:14.152 [main] TRACE org.angnysa.autodb.metadata.jdbc.loader.JdbcMetadataLoader - Primary Key loaded: PUBLIC.PUBLIC.TEST_M2M_B :: JdbcUniqueIndex [unique] name: 'PK_TEST_M2M_B', columns: ('ID1', 'ID2')
23:58:14.152 [main] TRACE org.angnysa.autodb.metadata.jdbc.loader.JdbcMetadataLoader - Table loaded:
[!!!org.angnysa.autodb.metadata.jdbc.JdbcTable@5a2d1e48=>java.lang.NullPointerException:Cannot invoke "org.angnysa.autodb.metadata.jdbc.JdbcDatabase.getRelations(org.angnysa.autodb.metadata.jdbc.JdbcTable)" because "this.database" is null!!!]
23:58:14.152 [main] TRACE org.angnysa.autodb.metadata.jdbc.loader.JdbcMetadataLoader - Column loaded: PUBLIC.PUBLIC.TEST_M2M_REL :: JdbcColumn AB_ID1 INTEGER(mandatory, len < 32) 
23:58:14.152 [main] TRACE org.angnysa.autodb.metadata.jdbc.loader.JdbcMetadataLoader - Column loaded: PUBLIC.PUBLIC.TEST_M2M_REL :: JdbcColumn A_ID2 INTEGER(mandatory, len < 32) 
23:58:14.152 [main] TRACE org.angnysa.autodb.metadata.jdbc.loader.JdbcMetadataLoader - Column loaded: PUBLIC.PUBLIC.TEST_M2M_REL :: JdbcColumn B_ID2 INTEGER(mandatory, len < 32) 
23:58:14.152 [main] TRACE org.angnysa.autodb.metadata.jdbc.loader.JdbcMetadataLoader - Index loaded: PUBLIC.PUBLIC.TEST_M2M_REL :: JdbcIndex [index] name: 'SYS_IDX_FK_TEST_M2M_REL_B_10144', columns: ('AB_ID1', 'B_ID2')
23:58:14.152 [main] TRACE org.angnysa.autodb.metadata.jdbc.loader.JdbcMetadataLoader - Index loaded: PUBLIC.PUBLIC.TEST_M2M_REL :: JdbcUniqueIndex [unique] name: 'SYS_IDX_PK_TEST_M2M_REL_10138', columns: ('AB_ID1', 'A_ID2', 'B_ID2')
23:58:14.152 [main] TRACE org.angnysa.autodb.metadata.jdbc.loader.JdbcMetadataLoader - Index loaded: PUBLIC.PUBLIC.TEST_M2M_REL :: JdbcIndex [index] name: 'SYS_IDX_FK_TEST_M2M_REL_A_10142', columns: ('AB_ID1', 'A_ID2')
23:58:14.152 [main] TRACE org.angnysa.autodb.metadata.jdbc.loader.JdbcMetadataLoader - Primary Key loaded: PUBLIC.PUBLIC.TEST_M2M_REL :: JdbcUniqueIndex [unique] name: 'PK_TEST_M2M_REL', columns: ('AB_ID1', 'A_ID2', 'B_ID2')
23:58:14.153 [main] TRACE org.angnysa.autodb.metadata.jdbc.loader.JdbcMetadataLoader - Table loaded:
[!!!org.angnysa.autodb.metadata.jdbc.JdbcTable@62b0a58b=>java.lang.NullPointerException:Cannot invoke "org.angnysa.autodb.metadata.jdbc.JdbcDatabase.getRelations(org.angnysa.autodb.metadata.jdbc.JdbcTable)" because "this.database" is null!!!]
]]></system-out>
  </testcase>
  <testcase name="testLoadForeignKeys" classname="org.angnysa.autodb.metadata.jdbc.loader.db.TestJdbcMetadataLoader_HSqlDb" time="0.02">
    <system-out><![CDATA[23:58:14.154 [main] DEBUG org.angnysa.autodb.metadata.jdbc.loader.AbstractJdbcMetadataLoaderTester - Target table: TEST_M2M_A
23:58:14.154 [main] DEBUG org.angnysa.autodb.metadata.jdbc.loader.AbstractJdbcMetadataLoaderTester - Expected Foreign Keys: []
23:58:14.167 [main] TRACE org.angnysa.autodb.metadata.jdbc.loader.JdbcMetadataLoader - Column loaded: PUBLIC.PUBLIC.TEST_121_A :: JdbcColumn ID1 INTEGER(mandatory, len < 32) 
23:58:14.167 [main] TRACE org.angnysa.autodb.metadata.jdbc.loader.JdbcMetadataLoader - Column loaded: PUBLIC.PUBLIC.TEST_121_A :: JdbcColumn ID2 INTEGER(mandatory, len < 32) 
23:58:14.168 [main] TRACE org.angnysa.autodb.metadata.jdbc.loader.JdbcMetadataLoader - Index loaded: PUBLIC.PUBLIC.TEST_121_A :: JdbcUniqueIndex [unique] name: 'SYS_IDX_PK_TEST_121_A_10094', columns: ('ID1', 'ID2')
23:58:14.168 [main] TRACE org.angnysa.autodb.metadata.jdbc.loader.JdbcMetadataLoader - Primary Key loaded: PUBLIC.PUBLIC.TEST_121_A :: JdbcUniqueIndex [unique] name: 'PK_TEST_121_A', columns: ('ID1', 'ID2')
23:58:14.168 [main] TRACE org.angnysa.autodb.metadata.jdbc.loader.JdbcMetadataLoader - Table loaded:
[!!!org.angnysa.autodb.metadata.jdbc.JdbcTable@74962e6b=>java.lang.NullPointerException:Cannot invoke "org.angnysa.autodb.metadata.jdbc.JdbcDatabase.getRelations(org.angnysa.autodb.metadata.jdbc.JdbcTable)" because "this.database" is null!!!]
23:58:14.169 [main] TRACE org.angnysa.autodb.metadata.jdbc.loader.JdbcMetadataLoader - Column loaded: PUBLIC.PUBLIC.TEST_121_B :: JdbcColumn ID1 INTEGER(mandatory, len < 32) 
23:58:14.169 [main] TRACE org.angnysa.autodb.metadata.jdbc.loader.JdbcMetadataLoader - Column loaded: PUBLIC.PUBLIC.TEST_121_B :: JdbcColumn ID2 INTEGER(mandatory, len < 32) 
23:58:14.169 [main] TRACE org.angnysa.autodb.metadata.jdbc.loader.JdbcMetadataLoader - Column loaded: PUBLIC.PUBLIC.TEST_121_B :: JdbcColumn A_ID1 INTEGER(mandatory, len < 32) 
23:58:14.169 [main] TRACE org.angnysa.autodb.metadata.jdbc.loader.JdbcMetadataLoader - Column loaded: PUBLIC.PUBLIC.TEST_121_B :: JdbcColumn A_ID2 INTEGER(mandatory, len < 32) 
23:58:14.169 [main] TRACE org.angnysa.autodb.metadata.jdbc.loader.JdbcMetadataLoader - Index loaded: PUBLIC.PUBLIC.TEST_121_B :: JdbcUniqueIndex [unique] name: 'SYS_IDX_UK_TEST_121_B_10106', columns: ('A_ID1', 'A_ID2')
23:58:14.169 [main] TRACE org.angnysa.autodb.metadata.jdbc.loader.JdbcMetadataLoader - Index loaded: PUBLIC.PUBLIC.TEST_121_B :: JdbcUniqueIndex [unique] name: 'SYS_IDX_PK_TEST_121_B_10101', columns: ('ID1', 'ID2')
23:58:14.169 [main] TRACE org.angnysa.autodb.metadata.jdbc.loader.JdbcMetadataLoader - Index loaded: PUBLIC.PUBLIC.TEST_121_B :: JdbcIndex [index] name: 'SYS_IDX_FK_TEST_121_B_A_10107', columns: ('A_ID1', 'A_ID2')
23:58:14.169 [main] TRACE org.angnysa.autodb.metadata.jdbc.loader.JdbcMetadataLoader - Primary Key loaded: PUBLIC.PUBLIC.TEST_121_B :: JdbcUniqueIndex [unique] name: 'PK_TEST_121_B', columns: ('ID1', 'ID2')
23:58:14.169 [main] TRACE org.angnysa.autodb.metadata.jdbc.loader.JdbcMetadataLoader - Table loaded:
[!!!org.angnysa.autodb.metadata.jdbc.JdbcTable@5e469999=>java.lang.NullPointerException:Cannot invoke "org.angnysa.autodb.metadata.jdbc.JdbcDatabase.getRelations(org.angnysa.autodb.metadata.jdbc.JdbcTable)" because "this.database" is null!!!]
23:58:14.169 [main] TRACE org.angnysa.autodb.metadata.jdbc.loader.JdbcMetadataLoader - Column loaded: PUBLIC.PUBLIC.TEST_M21_A :: JdbcColumn ID1 INTEGER(mandatory, len < 32) 
23:58:14.169 [main] TRACE org.angnysa.autodb.metadata.jdbc.loader.JdbcMetadataLoader - Column loaded: PUBLIC.PUBLIC.TEST_M21_A :: JdbcColumn ID2 INTEGER(mandatory, len < 32) 
23:58:14.170 [main] TRACE org.angnysa.autodb.metadata.jdbc.loader.JdbcMetadataLoader - Index loaded: PUBLIC.PUBLIC.TEST_M21_A :: JdbcUniqueIndex [unique] name: 'SYS_IDX_PK_TEST_M21_A_10111', columns: ('ID1', 'ID2')
23:58:14.170 [main] TRACE org.angnysa.autodb.metadata.jdbc.loader.JdbcMetadataLoader - Primary Key loaded: PUBLIC.PUBLIC.TEST_M21_A :: JdbcUniqueIndex [unique] name: 'PK_TEST_M21_A', columns: ('ID1', 'ID2')
23:58:14.170 [main] TRACE org.angnysa.autodb.metadata.jdbc.loader.JdbcMetadataLoader - Table loaded:
[!!!org.angnysa.autodb.metadata.jdbc.JdbcTable@67be1284=>java.lang.NullPointerException:Cannot invoke "org.angnysa.autodb.metadata.jdbc.JdbcDatabase.getRelations(org.angnysa.autodb.metadata.jdbc.JdbcTable)" because "this.database" is null!!!]
23:58:14.170 [main] TRACE org.angnysa.autodb.metadata.jdbc.loader.JdbcMetadataLoader - Column loaded: PUBLIC.PUBLIC.TEST_M21_B :: JdbcColumn ID1 INTEGER(mandatory, len < 32) 
23:58:14.170 [main] TRACE org.angnysa.autodb.metadata.jdbc.loader.JdbcMetadataLoader - Column loaded: PUBLIC.PUBLIC.TEST_M21_B :: JdbcColumn ID2 INTEGER(mandatory, len < 32) 
23:58:14.170 [main] TRACE org.angnysa.autodb.metadata.jdbc.loader.JdbcMetadataLoader - Column loaded: PUBLIC.PUBLIC.TEST_M21_B :: JdbcColumn A_ID1 INTEGER(mandatory, len < 32) 
23:58:14.170 [main] TRACE org.angnysa.autodb.metadata.jdbc.loader.JdbcMetadataLoader - Column loaded: PUBLIC.PUBLIC.TEST_M21_B :: JdbcColumn A_ID2 INTEGER(mandatory, len < 32) 
23:58:14.171 [main] TRACE org.angnysa.autodb.metadata.jdbc.loader.JdbcMetadataLoader - Index loaded: PUBLIC.PUBLIC.TEST_M21_B :: JdbcIndex [index] name: 'ID_TEST_M21_B_A', columns: ('A_ID1', 'A_ID2')
23:58:14.171 [main] TRACE org.angnysa.autodb.metadata.jdbc.loader.JdbcMetadataLoader - Index loaded: PUBLIC.PUBLIC.TEST_M21_B :: JdbcIndex [index] name: 'SYS_IDX_FK_TEST_M21_B_A_10123', columns: ('A_ID1', 'A_ID2')
23:58:14.171 [main] TRACE org.angnysa.autodb.metadata.jdbc.loader.JdbcMetadataLoader - Index loaded: PUBLIC.PUBLIC.TEST_M21_B :: JdbcUniqueIndex [unique] name: 'SYS_IDX_PK_TEST_M21_B_10118', columns: ('ID1', 'ID2')
23:58:14.171 [main] TRACE org.angnysa.autodb.metadata.jdbc.loader.JdbcMetadataLoader - Primary Key loaded: PUBLIC.PUBLIC.TEST_M21_B :: JdbcUniqueIndex [unique] name: 'PK_TEST_M21_B', columns: ('ID1', 'ID2')
23:58:14.171 [main] TRACE org.angnysa.autodb.metadata.jdbc.loader.JdbcMetadataLoader - Table loaded:
[!!!org.angnysa.autodb.metadata.jdbc.JdbcTable@492a7467=>java.lang.NullPointerException:Cannot invoke "org.angnysa.autodb.metadata.jdbc.JdbcDatabase.getRelations(org.angnysa.autodb.metadata.jdbc.JdbcTable)" because "this.database" is null!!!]
23:58:14.171 [main] TRACE org.angnysa.autodb.metadata.jdbc.loader.JdbcMetadataLoader - Column loaded: PUBLIC.PUBLIC.TEST_M2M_A :: JdbcColumn ID1 INTEGER(mandatory, len < 32) 
23:58:14.171 [main] TRACE org.angnysa.autodb.metadata.jdbc.loader.JdbcMetadataLoader - Column loaded: PUBLIC.PUBLIC.TEST_M2M_A :: JdbcColumn ID2 INTEGER(mandatory, len < 32) 
23:58:14.171 [main] TRACE org.angnysa.autodb.metadata.jdbc.loader.JdbcMetadataLoader - Index loaded: PUBLIC.PUBLIC.TEST_M2M_A :: JdbcUniqueIndex [unique] name: 'SYS_IDX_PK_TEST_M2M_A_10127', columns: ('ID1', 'ID2')
23:58:14.172 [main] TRACE org.angnysa.autodb.metadata.jdbc.loader.JdbcMetadataLoader - Primary Key loaded: PUBLIC.PUBLIC.TEST_M2M_A :: JdbcUniqueIndex [unique] name: 'PK_TEST_M2M_A', columns: ('ID1', 'ID2')
23:58:14.172 [main] TRACE org.angnysa.autodb.metadata.jdbc.loader.JdbcMetadataLoader - Table loaded:
[!!!org.angnysa.autodb.metadata.jdbc.JdbcTable@e94908c=>java.lang.NullPointerException:Cannot invoke "org.angnysa.autodb.metadata.jdbc.JdbcDatabase.getRelations(org.angnysa.autodb.metadata.jdbc.JdbcTable)" because "this.database" is null!!!]
23:58:14.172 [main] TRACE org.angnysa.autodb.metadata.jdbc.loader.JdbcMetadataLoader - Column loaded: PUBLIC.PUBLIC.TEST_M2M_B :: JdbcColumn ID1 INTEGER(mandatory, len < 32) 
23:58:14.172 [main] TRACE org.angnysa.autodb.metadata.jdbc.loader.JdbcMetadataLoader - Column loaded: PUBLIC.PUBLIC.TEST_M2M_B :: JdbcColumn ID2 INTEGER(mandatory, len < 32) 
23:58:14.172 [main] TRACE org.angnysa.autodb.metadata.jdbc.loader.JdbcMetadataLoader - Index loaded: PUBLIC.PUBLIC.TEST_M2M_B :: JdbcUniqueIndex [unique] name: 'SYS_IDX_PK_TEST_M2M_B_10132', columns: ('ID1', 'ID2')
23:58:14.172 [main] TRACE org.angnysa.autodb.metadata.jdbc.loader.JdbcMetadataLoader - Primary Key loaded: PUBLIC.PUBLIC.TEST_M2M_B :: JdbcUniqueIndex [unique] name: 'PK_TEST_M2M_B', columns: ('ID1', 'ID2')
23:58:14.172 [main] TRACE org.angnysa.autodb.metadata.jdbc.loader.JdbcMetadataLoader - Table loaded:
[!!!org.angnysa.autodb.metadata.jdbc.JdbcTable@4cfe2c78=>java.lang.NullPointerException:Cannot invoke "org.angnysa.autodb.metadata.jdbc.JdbcDatabase.getRelations(org.angnysa.autodb.metadata.jdbc.JdbcTable)" because "this.database" is null!!!]
23:58:14.173 [main] TRACE org.angnysa.autodb.metadata.jdbc.loader.JdbcMetadataLoader - Column loaded: PUBLIC.PUBLIC.TEST_M2M_REL :: JdbcColumn AB_ID1 INTEGER(mandatory, len < 32) 
23:58:14.173 [main] TRACE org.angnysa.autodb.metadata.jdbc.loader.JdbcMetadataLoader - Column loaded: PUBLIC.PUBLIC.TEST_M2M_REL :: JdbcColumn A_ID2 INTEGER(mandatory, len < 32) 
23:58:14.173 [main] TRACE org.angnysa.autodb.metadata.jdbc.loader.JdbcMetadataLoader - Column loaded: PUBLIC.PUBLIC.TEST_M2M_REL :: JdbcColumn B_ID2 INTEGER(mandatory, len < 32) 
23:58:14.173 [main] TRACE org.angnysa.autodb.metadata.jdbc.loader.JdbcMetadataLoader - Index loaded: PUBLIC.PUBLIC.TEST_M2M_REL :: JdbcIndex [index] name: 'SYS_IDX_FK_TEST_M2M_REL_B_10144', columns: ('AB_ID1', 'B_ID2')
23:58:14.173 [main] TRACE org.angnysa.autodb.metadata.jdbc.loader.JdbcMetadataLoader - Index loaded: PUBLIC.PUBLIC.TEST_M2M_REL :: JdbcUniqueIndex [unique] name: 'SYS_IDX_PK_TEST_M2M_REL_10138', columns: ('AB_ID1', 'A_ID2', 'B_ID2')
23:58:14.173 [main] TRACE org.angnysa.autodb.metadata.jdbc.loader.JdbcMetadataLoader - Index loaded: PUBLIC.PUBLIC.TEST_M2M_REL :: JdbcIndex [index] name: 'SYS_IDX_FK_TEST_M2M_REL_A_10142', columns: ('AB_ID1', 'A_ID2')
23:58:14.173 [main] TRACE org.angnysa.autodb.metadata.jdbc.loader.JdbcMetadataLoader - Primary Key loaded: PUBLIC.PUBLIC.TEST_M2M_REL :: JdbcUniqueIndex [unique] name: 'PK_TEST_M2M_REL', columns: ('AB_ID1', 'A_ID2', 'B_ID2')
23:58:14.174 [main] TRACE org.angnysa.autodb.metadata.jdbc.loader.JdbcMetadataLoader - Table loaded:
[!!!org.angnysa.autodb.metadata.jdbc.JdbcTable@540c96e2=>java.lang.NullPointerException:Cannot invoke "org.angnysa.autodb.metadata.jdbc.JdbcDatabase.getRelations(org.angnysa.autodb.metadata.jdbc.JdbcTable)" because "this.database" is null!!!]
]]></system-out>
  </testcase>
  <testcase name="testLoadForeignKeys" classname="org.angnysa.autodb.metadata.jdbc.loader.db.TestJdbcMetadataLoader_HSqlDb" time="0.021">
    <system-out><![CDATA[23:58:14.175 [main] DEBUG org.angnysa.autodb.metadata.jdbc.loader.AbstractJdbcMetadataLoaderTester - Target table: TEST_M2M_B
23:58:14.175 [main] DEBUG org.angnysa.autodb.metadata.jdbc.loader.AbstractJdbcMetadataLoaderTester - Expected Foreign Keys: []
23:58:14.188 [main] TRACE org.angnysa.autodb.metadata.jdbc.loader.JdbcMetadataLoader - Column loaded: PUBLIC.PUBLIC.TEST_121_A :: JdbcColumn ID1 INTEGER(mandatory, len < 32) 
23:58:14.188 [main] TRACE org.angnysa.autodb.metadata.jdbc.loader.JdbcMetadataLoader - Column loaded: PUBLIC.PUBLIC.TEST_121_A :: JdbcColumn ID2 INTEGER(mandatory, len < 32) 
23:58:14.188 [main] TRACE org.angnysa.autodb.metadata.jdbc.loader.JdbcMetadataLoader - Index loaded: PUBLIC.PUBLIC.TEST_121_A :: JdbcUniqueIndex [unique] name: 'SYS_IDX_PK_TEST_121_A_10094', columns: ('ID1', 'ID2')
23:58:14.189 [main] TRACE org.angnysa.autodb.metadata.jdbc.loader.JdbcMetadataLoader - Primary Key loaded: PUBLIC.PUBLIC.TEST_121_A :: JdbcUniqueIndex [unique] name: 'PK_TEST_121_A', columns: ('ID1', 'ID2')
23:58:14.189 [main] TRACE org.angnysa.autodb.metadata.jdbc.loader.JdbcMetadataLoader - Table loaded:
[!!!org.angnysa.autodb.metadata.jdbc.JdbcTable@2d3c799e=>java.lang.NullPointerException:Cannot invoke "org.angnysa.autodb.metadata.jdbc.JdbcDatabase.getRelations(org.angnysa.autodb.metadata.jdbc.JdbcTable)" because "this.database" is null!!!]
23:58:14.189 [main] TRACE org.angnysa.autodb.metadata.jdbc.loader.JdbcMetadataLoader - Column loaded: PUBLIC.PUBLIC.TEST_121_B :: JdbcColumn ID1 INTEGER(mandatory, len < 32) 
23:58:14.189 [main] TRACE org.angnysa.autodb.metadata.jdbc.loader.JdbcMetadataLoader - Column loaded: PUBLIC.PUBLIC.TEST_121_B :: JdbcColumn ID2 INTEGER(mandatory, len < 32) 
23:58:14.189 [main] TRACE org.angnysa.autodb.metadata.jdbc.loader.JdbcMetadataLoader - Column loaded: PUBLIC.PUBLIC.TEST_121_B :: JdbcColumn A_ID1 INTEGER(mandatory, len < 32) 
23:58:14.189 [main] TRACE org.angnysa.autodb.metadata.jdbc.loader.JdbcMetadataLoader - Column loaded: PUBLIC.PUBLIC.TEST_121_B :: JdbcColumn A_ID2 INTEGER(mandatory, len < 32) 
23:58:14.189 [main] TRACE org.angnysa.autodb.metadata.jdbc.loader.JdbcMetadataLoader - Index loaded: PUBLIC.PUBLIC.TEST_121_B :: JdbcUniqueIndex [unique] name: 'SYS_IDX_UK_TEST_121_B_10106', columns: ('A_ID1', 'A_ID2')
23:58:14.189 [main] TRACE org.angnysa.autodb.metadata.jdbc.loader.JdbcMetadataLoader - Index loaded: PUBLIC.PUBLIC.TEST_121_B :: JdbcUniqueIndex [unique] name: 'SYS_IDX_PK_TEST_121_B_10101', columns: ('ID1', 'ID2')
23:58:14.189 [main] TRACE org.angnysa.autodb.metadata.jdbc.loader.JdbcMetadataLoader - Index loaded: PUBLIC.PUBLIC.TEST_121_B :: JdbcIndex [index] name: 'SYS_IDX_FK_TEST_121_B_A_10107', columns: ('A_ID1', 'A_ID2')
23:58:14.190 [main] TRACE org.angnysa.autodb.metadata.jdbc.loader.JdbcMetadataLoader - Primary Key loaded: PUBLIC.PUBLIC.TEST_121_B :: JdbcUniqueIndex [unique] name: 'PK_TEST_121_B', columns: ('ID1', 'ID2')
23:58:14.190 [main] TRACE org.angnysa.autodb.metadata.jdbc.loader.JdbcMetadataLoader - Table loaded:
[!!!org.angnysa.autodb.metadata.jdbc.JdbcTable@e36bbb9=>java.lang.NullPointerException:Cannot invoke "org.angnysa.autodb.metadata.jdbc.JdbcDatabase.getRelations(org.angnysa.autodb.metadata.jdbc.JdbcTable)" because "this.database" is null!!!]
23:58:14.190 [main] TRACE org.angnysa.autodb.metadata.jdbc.loader.JdbcMetadataLoader - Column loaded: PUBLIC.PUBLIC.TEST_M21_A :: JdbcColumn ID1 INTEGER(mandatory, len < 32) 
23:58:14.190 [main] TRACE org.angnysa.autodb.metadata.jdbc.loader.JdbcMetadataLoader - Column loaded: PUBLIC.PUBLIC.TEST_M21_A :: JdbcColumn ID2 INTEGER(mandatory, len < 32) 
23:58:14.190 [main] TRACE org.angnysa.autodb.metadata.jdbc.loader.JdbcMetadataLoader - Index loaded: PUBLIC.PUBLIC.TEST_M21_A :: JdbcUniqueIndex [unique] name: 'SYS_IDX_PK_TEST_M21_A_10111', columns: ('ID1', 'ID2')
23:58:14.190 [main] TRACE org.angnysa.autodb.metadata.jdbc.loader.JdbcMetadataLoader - Primary Key loaded: PUBLIC.PUBLIC.TEST_M21_A :: JdbcUniqueIndex [unique] name: 'PK_TEST_M21_A', columns: ('ID1', 'ID2')
23:58:14.190 [main] TRACE org.angnysa.autodb.metadata.jdbc.loader.JdbcMetadataLoader - Table loaded:
[!!!org.angnysa.autodb.metadata.jdbc.JdbcTable@68801feb=>java.lang.NullPointerException:Cannot invoke "org.angnysa.autodb.metadata.jdbc.JdbcDatabase.getRelations(org.angnysa.autodb.metadata.jdbc.JdbcTable)" because "this.database" is null!!!]
23:58:14.191 [main] TRACE org.angnysa.autodb.metadata.jdbc.loader.JdbcMetadataLoader - Column loaded: PUBLIC.PUBLIC.TEST_M21_B :: JdbcColumn ID1 INTEGER(mandatory, len < 32) 
23:58:14.191 [main] TRACE org.angnysa.autodb.metadata.jdbc.loader.JdbcMetadataLoader - Column loaded: PUBLIC.PUBLIC.TEST_M21_B :: JdbcColumn ID2 INTEGER(mandatory, len < 32) 
23:58:14.191 [main] TRACE org.angnysa.autodb.metadata.jdbc.loader.JdbcMetadataLoader - Column loaded: PUBLIC.PUBLIC.TEST_M21_B :: JdbcColumn A_ID1 INTEGER(mandatory, len < 32) 
23:58:14.191 [main] TRACE org.angnysa.autodb.metadata.jdbc.loader.JdbcMetadataLoader - Column loaded: PUBLIC.PUBLIC.TEST_M21_B :: JdbcColumn A_ID2 INTEGER(mandatory, len < 32) 
23:58:14.191 [main] TRACE org.angnysa.autodb.metadata.jdbc.loader.JdbcMetadataLoader - Index loaded: PUBLIC.PUBLIC.TEST_M21_B :: JdbcIndex [index] name: 'ID_TEST_M21_B_A', columns: ('A_ID1', 'A_ID2')
23:58:14.191 [main] TRACE org.angnysa.autodb.metadata.jdbc.loader.JdbcMetadataLoader - Index loaded: PUBLIC.PUBLIC.TEST_M21_B :: JdbcIndex [index] name: 'SYS_IDX_FK_TEST_M21_B_A_10123', columns: ('A_ID1', 'A_ID2')
23:58:14.191 [main] TRACE org.angnysa.autodb.metadata.jdbc.loader.JdbcMetadataLoader - Index loaded: PUBLIC.PUBLIC.TEST_M21_B :: JdbcUniqueIndex [unique] name: 'SYS_IDX_PK_TEST_M21_B_10118', columns: ('ID1', 'ID2')
23:58:14.191 [main] TRACE org.angnysa.autodb.metadata.jdbc.loader.JdbcMetadataLoader - Primary Key loaded: PUBLIC.PUBLIC.TEST_M21_B :: JdbcUniqueIndex [unique] name: 'PK_TEST_M21_B', columns: ('ID1', 'ID2')
23:58:14.191 [main] TRACE org.angnysa.autodb.metadata.jdbc.loader.JdbcMetadataLoader - Table loaded:
[!!!org.angnysa.autodb.metadata.jdbc.JdbcTable@3e647b97=>java.lang.NullPointerException:Cannot invoke "org.angnysa.autodb.metadata.jdbc.JdbcDatabase.getRelations(org.angnysa.autodb.metadata.jdbc.JdbcTable)" because "this.database" is null!!!]
23:58:14.192 [main] TRACE org.angnysa.autodb.metadata.jdbc.loader.JdbcMetadataLoader - Column loaded: PUBLIC.PUBLIC.TEST_M2M_A :: JdbcColumn ID1 INTEGER(mandatory, len < 32) 
23:58:14.192 [main] TRACE org.angnysa.autodb.metadata.jdbc.loader.JdbcMetadataLoader - Column loaded: PUBLIC.PUBLIC.TEST_M2M_A :: JdbcColumn ID2 INTEGER(mandatory, len < 32) 
23:58:14.192 [main] TRACE org.angnysa.autodb.metadata.jdbc.loader.JdbcMetadataLoader - Index loaded: PUBLIC.PUBLIC.TEST_M2M_A :: JdbcUniqueIndex [unique] name: 'SYS_IDX_PK_TEST_M2M_A_10127', columns: ('ID1', 'ID2')
23:58:14.193 [main] TRACE org.angnysa.autodb.metadata.jdbc.loader.JdbcMetadataLoader - Primary Key loaded: PUBLIC.PUBLIC.TEST_M2M_A :: JdbcUniqueIndex [unique] name: 'PK_TEST_M2M_A', columns: ('ID1', 'ID2')
23:58:14.193 [main] TRACE org.angnysa.autodb.metadata.jdbc.loader.JdbcMetadataLoader - Table loaded:
[!!!org.angnysa.autodb.metadata.jdbc.JdbcTable@75078835=>java.lang.NullPointerException:Cannot invoke "org.angnysa.autodb.metadata.jdbc.JdbcDatabase.getRelations(org.angnysa.autodb.metadata.jdbc.JdbcTable)" because "this.database" is null!!!]
23:58:14.193 [main] TRACE org.angnysa.autodb.metadata.jdbc.loader.JdbcMetadataLoader - Column loaded: PUBLIC.PUBLIC.TEST_M2M_B :: JdbcColumn ID1 INTEGER(mandatory, len < 32) 
23:58:14.193 [main] TRACE org.angnysa.autodb.metadata.jdbc.loader.JdbcMetadataLoader - Column loaded: PUBLIC.PUBLIC.TEST_M2M_B :: JdbcColumn ID2 INTEGER(mandatory, len < 32) 
23:58:14.193 [main] TRACE org.angnysa.autodb.metadata.jdbc.loader.JdbcMetadataLoader - Index loaded: PUBLIC.PUBLIC.TEST_M2M_B :: JdbcUniqueIndex [unique] name: 'SYS_IDX_PK_TEST_M2M_B_10132', columns: ('ID1', 'ID2')
23:58:14.193 [main] TRACE org.angnysa.autodb.metadata.jdbc.loader.JdbcMetadataLoader - Primary Key loaded: PUBLIC.PUBLIC.TEST_M2M_B :: JdbcUniqueIndex [unique] name: 'PK_TEST_M2M_B', columns: ('ID1', 'ID2')
23:58:14.193 [main] TRACE org.angnysa.autodb.metadata.jdbc.loader.JdbcMetadataLoader - Table loaded:
[!!!org.angnysa.autodb.metadata.jdbc.JdbcTable@75c99797=>java.lang.NullPointerException:Cannot invoke "org.angnysa.autodb.metadata.jdbc.JdbcDatabase.getRelations(org.angnysa.autodb.metadata.jdbc.JdbcTable)" because "this.database" is null!!!]
23:58:14.194 [main] TRACE org.angnysa.autodb.metadata.jdbc.loader.JdbcMetadataLoader - Column loaded: PUBLIC.PUBLIC.TEST_M2M_REL :: JdbcColumn AB_ID1 INTEGER(mandatory, len < 32) 
23:58:14.194 [main] TRACE org.angnysa.autodb.metadata.jdbc.loader.JdbcMetadataLoader - Column loaded: PUBLIC.PUBLIC.TEST_M2M_REL :: JdbcColumn A_ID2 INTEGER(mandatory, len < 32) 
23:58:14.194 [main] TRACE org.angnysa.autodb.metadata.jdbc.loader.JdbcMetadataLoader - Column loaded: PUBLIC.PUBLIC.TEST_M2M_REL :: JdbcColumn B_ID2 INTEGER(mandatory, len < 32) 
23:58:14.194 [main] TRACE org.angnysa.autodb.metadata.jdbc.loader.JdbcMetadataLoader - Index loaded: PUBLIC.PUBLIC.TEST_M2M_REL :: JdbcIndex [index] name: 'SYS_IDX_FK_TEST_M2M_REL_B_10144', columns: ('AB_ID1', 'B_ID2')
23:58:14.194 [main] TRACE org.angnysa.autodb.metadata.jdbc.loader.JdbcMetadataLoader - Index loaded: PUBLIC.PUBLIC.TEST_M2M_REL :: JdbcUniqueIndex [unique] name: 'SYS_IDX_PK_TEST_M2M_REL_10138', columns: ('AB_ID1', 'A_ID2', 'B_ID2')
23:58:14.194 [main] TRACE org.angnysa.autodb.metadata.jdbc.loader.JdbcMetadataLoader - Index loaded: PUBLIC.PUBLIC.TEST_M2M_REL :: JdbcIndex [index] name: 'SYS_IDX_FK_TEST_M2M_REL_A_10142', columns: ('AB_ID1', 'A_ID2')
23:58:14.194 [main] TRACE org.angnysa.autodb.metadata.jdbc.loader.JdbcMetadataLoader - Primary Key loaded: PUBLIC.PUBLIC.TEST_M2M_REL :: JdbcUniqueIndex [unique] name: 'PK_TEST_M2M_REL', columns: ('AB_ID1', 'A_ID2', 'B_ID2')
23:58:14.194 [main] TRACE org.angnysa.autodb.metadata.jdbc.loader.JdbcMetadataLoader - Table loaded:
[!!!org.angnysa.autodb.metadata.jdbc.JdbcTable@36b3240f=>java.lang.NullPointerException:Cannot invoke "org.angnysa.autodb.metadata.jdbc.JdbcDatabase.getRelations(org.angnysa.autodb.metadata.jdbc.JdbcTable)" because "this.database" is null!!!]
]]></system-out>
  </testcase>
  <testcase name="testLoadForeignKeys" classname="org.angnysa.autodb.metadata.jdbc.loader.db.TestJdbcMetadataLoader_HSqlDb" time="0.019">
    <error type="java.lang.IllegalStateException"><![CDATA[java.lang.IllegalStateException: No table named 'PUBLIC.PUBLIC.TEST_M2M_REL'
]]></error>
    <system-out><![CDATA[23:58:14.195 [main] DEBUG org.angnysa.autodb.metadata.jdbc.loader.AbstractJdbcMetadataLoaderTester - Target table: TEST_M2M_REL
23:58:14.195 [main] DEBUG org.angnysa.autodb.metadata.jdbc.loader.AbstractJdbcMetadataLoaderTester - Expected Foreign Keys: [ExpectedForeignKey(name=FK_TEST_M2M_REL_A, mandatory=true, referencingColumns=[AB_ID1, A_ID2], referencedTable=TEST_M2M_A, referencedColumns=[ID1, ID2]), ExpectedForeignKey(name=FK_TEST_M2M_REL_B, mandatory=true, referencingColumns=[AB_ID1, B_ID2], referencedTable=TEST_M2M_B, referencedColumns=[ID1, ID2])]
23:58:14.208 [main] TRACE org.angnysa.autodb.metadata.jdbc.loader.JdbcMetadataLoader - Column loaded: PUBLIC.PUBLIC.TEST_121_A :: JdbcColumn ID1 INTEGER(mandatory, len < 32) 
23:58:14.209 [main] TRACE org.angnysa.autodb.metadata.jdbc.loader.JdbcMetadataLoader - Column loaded: PUBLIC.PUBLIC.TEST_121_A :: JdbcColumn ID2 INTEGER(mandatory, len < 32) 
23:58:14.209 [main] TRACE org.angnysa.autodb.metadata.jdbc.loader.JdbcMetadataLoader - Index loaded: PUBLIC.PUBLIC.TEST_121_A :: JdbcUniqueIndex [unique] name: 'SYS_IDX_PK_TEST_121_A_10094', columns: ('ID1', 'ID2')
23:58:14.209 [main] TRACE org.angnysa.autodb.metadata.jdbc.loader.JdbcMetadataLoader - Primary Key loaded: PUBLIC.PUBLIC.TEST_121_A :: JdbcUniqueIndex [unique] name: 'PK_TEST_121_A', columns: ('ID1', 'ID2')
23:58:14.209 [main] TRACE org.angnysa.autodb.metadata.jdbc.loader.JdbcMetadataLoader - Table loaded:
[!!!org.angnysa.autodb.metadata.jdbc.JdbcTable@54c04642=>java.lang.NullPointerException:Cannot invoke "org.angnysa.autodb.metadata.jdbc.JdbcDatabase.getRelations(org.angnysa.autodb.metadata.jdbc.JdbcTable)" because "this.database" is null!!!]
23:58:14.210 [main] TRACE org.angnysa.autodb.metadata.jdbc.loader.JdbcMetadataLoader - Column loaded: PUBLIC.PUBLIC.TEST_121_B :: JdbcColumn ID1 INTEGER(mandatory, len < 32) 
23:58:14.210 [main] TRACE org.angnysa.autodb.metadata.jdbc.loader.JdbcMetadataLoader - Column loaded: PUBLIC.PUBLIC.TEST_121_B :: JdbcColumn ID2 INTEGER(mandatory, len < 32) 
23:58:14.210 [main] TRACE org.angnysa.autodb.metadata.jdbc.loader.JdbcMetadataLoader - Column loaded: PUBLIC.PUBLIC.TEST_121_B :: JdbcColumn A_ID1 INTEGER(mandatory, len < 32) 
23:58:14.210 [main] TRACE org.angnysa.autodb.metadata.jdbc.loader.JdbcMetadataLoader - Column loaded: PUBLIC.PUBLIC.TEST_121_B :: JdbcColumn A_ID2 INTEGER(mandatory, len < 32) 
23:58:14.210 [main] TRACE org.angnysa.autodb.metadata.jdbc.loader.JdbcMetadataLoader - Index loaded: PUBLIC.PUBLIC.TEST_121_B :: JdbcUniqueIndex [unique] name: 'SYS_IDX_UK_TEST_121_B_10106', columns: ('A_ID1', 'A_ID2')
23:58:14.210 [main] TRACE org.angnysa.autodb.metadata.jdbc.loader.JdbcMetadataLoader - Index loaded: PUBLIC.PUBLIC.TEST_121_B :: JdbcUniqueIndex [unique] name: 'SYS_IDX_PK_TEST_121_B_10101', columns: ('ID1', 'ID2')
23:58:14.210 [main] TRACE org.angnysa.autodb.metadata.jdbc.loader.JdbcMetadataLoader - Index loaded: PUBLIC.PUBLIC.TEST_121_B :: JdbcIndex [index] name: 'SYS_IDX_FK_TEST_121_B_A_10107', columns: ('A_ID1', 'A_ID2')
23:58:14.210 [main] TRACE org.angnysa.autodb.metadata.jdbc.loader.JdbcMetadataLoader - Primary Key loaded: PUBLIC.PUBLIC.TEST_121_B :: JdbcUniqueIndex [unique] name: 'PK_TEST_121_B', columns: ('ID1', 'ID2')
23:58:14.210 [main] TRACE org.angnysa.autodb.metadata.jdbc.loader.JdbcMetadataLoader - Table loaded:
[!!!org.angnysa.autodb.metadata.jdbc.JdbcTable@168af28a=>java.lang.NullPointerException:Cannot invoke "org.angnysa.autodb.metadata.jdbc.JdbcDatabase.getRelations(org.angnysa.autodb.metadata.jdbc.JdbcTable)" because "this.database" is null!!!]
23:58:14.210 [main] TRACE org.angnysa.autodb.metadata.jdbc.loader.JdbcMetadataLoader - Column loaded: PUBLIC.PUBLIC.TEST_M21_A :: JdbcColumn ID1 INTEGER(mandatory, len < 32) 
23:58:14.210 [main] TRACE org.angnysa.autodb.metadata.jdbc.loader.JdbcMetadataLoader - Column loaded: PUBLIC.PUBLIC.TEST_M21_A :: JdbcColumn ID2 INTEGER(mandatory, len < 32) 
23:58:14.211 [main] TRACE org.angnysa.autodb.metadata.jdbc.loader.JdbcMetadataLoader - Index loaded: PUBLIC.PUBLIC.TEST_M21_A :: JdbcUniqueIndex [unique] name: 'SYS_IDX_PK_TEST_M21_A_10111', columns: ('ID1', 'ID2')
23:58:14.211 [main] TRACE org.angnysa.autodb.metadata.jdbc.loader.JdbcMetadataLoader - Primary Key loaded: PUBLIC.PUBLIC.TEST_M21_A :: JdbcUniqueIndex [unique] name: 'PK_TEST_M21_A', columns: ('ID1', 'ID2')
23:58:14.211 [main] TRACE org.angnysa.autodb.metadata.jdbc.loader.JdbcMetadataLoader - Table loaded:
[!!!org.angnysa.autodb.metadata.jdbc.JdbcTable@30f2e0e0=>java.lang.NullPointerException:Cannot invoke "org.angnysa.autodb.metadata.jdbc.JdbcDatabase.getRelations(org.angnysa.autodb.metadata.jdbc.JdbcTable)" because "this.database" is null!!!]
23:58:14.211 [main] TRACE org.angnysa.autodb.metadata.jdbc.loader.JdbcMetadataLoader - Column loaded: PUBLIC.PUBLIC.TEST_M21_B :: JdbcColumn ID1 INTEGER(mandatory, len < 32) 
23:58:14.211 [main] TRACE org.angnysa.autodb.metadata.jdbc.loader.JdbcMetadataLoader - Column loaded: PUBLIC.PUBLIC.TEST_M21_B :: JdbcColumn ID2 INTEGER(mandatory, len < 32) 
23:58:14.211 [main] TRACE org.angnysa.autodb.metadata.jdbc.loader.JdbcMetadataLoader - Column loaded: PUBLIC.PUBLIC.TEST_M21_B :: JdbcColumn A_ID1 INTEGER(mandatory, len < 32) 
23:58:14.211 [main] TRACE org.angnysa.autodb.metadata.jdbc.loader.JdbcMetadataLoader - Column loaded: PUBLIC.PUBLIC.TEST_M21_B :: JdbcColumn A_ID2 INTEGER(mandatory, len < 32) 
23:58:14.211 [main] TRACE org.angnysa.autodb.metadata.jdbc.loader.JdbcMetadataLoader - Index loaded: PUBLIC.PUBLIC.TEST_M21_B :: JdbcIndex [index] name: 'ID_TEST_M21_B_A', columns: ('A_ID1', 'A_ID2')
23:58:14.211 [main] TRACE org.angnysa.autodb.metadata.jdbc.loader.JdbcMetadataLoader - Index loaded: PUBLIC.PUBLIC.TEST_M21_B :: JdbcIndex [index] name: 'SYS_IDX_FK_TEST_M21_B_A_10123', columns: ('A_ID1', 'A_ID2')
23:58:14.211 [main] TRACE org.angnysa.autodb.metadata.jdbc.loader.JdbcMetadataLoader - Index loaded: PUBLIC.PUBLIC.TEST_M21_B :: JdbcUniqueIndex [unique] name: 'SYS_IDX_PK_TEST_M21_B_10118', columns: ('ID1', 'ID2')
23:58:14.211 [main] TRACE org.angnysa.autodb.metadata.jdbc.loader.JdbcMetadataLoader - Primary Key loaded: PUBLIC.PUBLIC.TEST_M21_B :: JdbcUniqueIndex [unique] name: 'PK_TEST_M21_B', columns: ('ID1', 'ID2')
23:58:14.211 [main] TRACE org.angnysa.autodb.metadata.jdbc.loader.JdbcMetadataLoader - Table loaded:
[!!!org.angnysa.autodb.metadata.jdbc.JdbcTable@3ab48325=>java.lang.NullPointerException:Cannot invoke "org.angnysa.autodb.metadata.jdbc.JdbcDatabase.getRelations(org.angnysa.autodb.metadata.jdbc.JdbcTable)" because "this.database" is null!!!]
23:58:14.212 [main] TRACE org.angnysa.autodb.metadata.jdbc.loader.JdbcMetadataLoader - Column loaded: PUBLIC.PUBLIC.TEST_M2M_A :: JdbcColumn ID1 INTEGER(mandatory, len < 32) 
23:58:14.212 [main] TRACE org.angnysa.autodb.metadata.jdbc.loader.JdbcMetadataLoader - Column loaded: PUBLIC.PUBLIC.TEST_M2M_A :: JdbcColumn ID2 INTEGER(mandatory, len < 32) 
23:58:14.212 [main] TRACE org.angnysa.autodb.metadata.jdbc.loader.JdbcMetadataLoader - Index loaded: PUBLIC.PUBLIC.TEST_M2M_A :: JdbcUniqueIndex [unique] name: 'SYS_IDX_PK_TEST_M2M_A_10127', columns: ('ID1', 'ID2')
23:58:14.212 [main] TRACE org.angnysa.autodb.metadata.jdbc.loader.JdbcMetadataLoader - Primary Key loaded: PUBLIC.PUBLIC.TEST_M2M_A :: JdbcUniqueIndex [unique] name: 'PK_TEST_M2M_A', columns: ('ID1', 'ID2')
23:58:14.212 [main] TRACE org.angnysa.autodb.metadata.jdbc.loader.JdbcMetadataLoader - Table loaded:
[!!!org.angnysa.autodb.metadata.jdbc.JdbcTable@1737d824=>java.lang.NullPointerException:Cannot invoke "org.angnysa.autodb.metadata.jdbc.JdbcDatabase.getRelations(org.angnysa.autodb.metadata.jdbc.JdbcTable)" because "this.database" is null!!!]
23:58:14.212 [main] TRACE org.angnysa.autodb.metadata.jdbc.loader.JdbcMetadataLoader - Column loaded: PUBLIC.PUBLIC.TEST_M2M_B :: JdbcColumn ID1 INTEGER(mandatory, len < 32) 
23:58:14.212 [main] TRACE org.angnysa.autodb.metadata.jdbc.loader.JdbcMetadataLoader - Column loaded: PUBLIC.PUBLIC.TEST_M2M_B :: JdbcColumn ID2 INTEGER(mandatory, len < 32) 
23:58:14.212 [main] TRACE org.angnysa.autodb.metadata.jdbc.loader.JdbcMetadataLoader - Index loaded: PUBLIC.PUBLIC.TEST_M2M_B :: JdbcUniqueIndex [unique] name: 'SYS_IDX_PK_TEST_M2M_B_10132', columns: ('ID1', 'ID2')
23:58:14.213 [main] TRACE org.angnysa.autodb.metadata.jdbc.loader.JdbcMetadataLoader - Primary Key loaded: PUBLIC.PUBLIC.TEST_M2M_B :: JdbcUniqueIndex [unique] name: 'PK_TEST_M2M_B', columns: ('ID1', 'ID2')
23:58:14.213 [main] TRACE org.angnysa.autodb.metadata.jdbc.loader.JdbcMetadataLoader - Table loaded:
[!!!org.angnysa.autodb.metadata.jdbc.JdbcTable@25b56ad5=>java.lang.NullPointerException:Cannot invoke "org.angnysa.autodb.metadata.jdbc.JdbcDatabase.getRelations(org.angnysa.autodb.metadata.jdbc.JdbcTable)" because "this.database" is null!!!]
23:58:14.213 [main] TRACE org.angnysa.autodb.metadata.jdbc.loader.JdbcMetadataLoader - Column loaded: PUBLIC.PUBLIC.TEST_M2M_REL :: JdbcColumn AB_ID1 INTEGER(mandatory, len < 32) 
23:58:14.213 [main] TRACE org.angnysa.autodb.metadata.jdbc.loader.JdbcMetadataLoader - Column loaded: PUBLIC.PUBLIC.TEST_M2M_REL :: JdbcColumn A_ID2 INTEGER(mandatory, len < 32) 
23:58:14.213 [main] TRACE org.angnysa.autodb.metadata.jdbc.loader.JdbcMetadataLoader - Column loaded: PUBLIC.PUBLIC.TEST_M2M_REL :: JdbcColumn B_ID2 INTEGER(mandatory, len < 32) 
23:58:14.213 [main] TRACE org.angnysa.autodb.metadata.jdbc.loader.JdbcMetadataLoader - Index loaded: PUBLIC.PUBLIC.TEST_M2M_REL :: JdbcIndex [index] name: 'SYS_IDX_FK_TEST_M2M_REL_B_10144', columns: ('AB_ID1', 'B_ID2')
23:58:14.213 [main] TRACE org.angnysa.autodb.metadata.jdbc.loader.JdbcMetadataLoader - Index loaded: PUBLIC.PUBLIC.TEST_M2M_REL :: JdbcUniqueIndex [unique] name: 'SYS_IDX_PK_TEST_M2M_REL_10138', columns: ('AB_ID1', 'A_ID2', 'B_ID2')
23:58:14.213 [main] TRACE org.angnysa.autodb.metadata.jdbc.loader.JdbcMetadataLoader - Index loaded: PUBLIC.PUBLIC.TEST_M2M_REL :: JdbcIndex [index] name: 'SYS_IDX_FK_TEST_M2M_REL_A_10142', columns: ('AB_ID1', 'A_ID2')
23:58:14.213 [main] TRACE org.angnysa.autodb.metadata.jdbc.loader.JdbcMetadataLoader - Primary Key loaded: PUBLIC.PUBLIC.TEST_M2M_REL :: JdbcUniqueIndex [unique] name: 'PK_TEST_M2M_REL', columns: ('AB_ID1', 'A_ID2', 'B_ID2')
23:58:14.213 [main] TRACE org.angnysa.autodb.metadata.jdbc.loader.JdbcMetadataLoader - Table loaded:
[!!!org.angnysa.autodb.metadata.jdbc.JdbcTable@104f223d=>java.lang.NullPointerException:Cannot invoke "org.angnysa.autodb.metadata.jdbc.JdbcDatabase.getRelations(org.angnysa.autodb.metadata.jdbc.JdbcTable)" because "this.database" is null!!!]
]]></system-out>
  </testcase>
</testsuite>